=== [Wed Apr 29 03:01:47 UTC 2026] Starting prefix1500 seed=1337 ===
W0429 03:01:48.254000 131018 torch/distributed/run.py:803] 
W0429 03:01:48.254000 131018 torch/distributed/run.py:803] *****************************************
W0429 03:01:48.254000 131018 torch/distributed/run.py:803] Setting OMP_NUM_THREADS environment variable for each process to be 1 in default, to avoid your system being overloaded, please further tune the variable for optimal performance in your application as needed. 
W0429 03:01:48.254000 131018 torch/distributed/run.py:803] *****************************************
Hyperparameters:
  adam_eps: 1e-08
  adam_wd: 0.02
  artifact_dir: 
  attn_clip_sigmas: 13.0
  beta1: 0.9
  beta2: 0.95
  compressor: brotli
  data_dir: data
  datasets_dir: data/datasets/fineweb10B_sp8192
  distributed: True
  ema_decay: 0.9965
  embed_bits: 7
  embed_clip_sigmas: 15.0
  embed_lr: 0.6
  embed_wd: 0.085
  enable_looping_at: 0.35
  eval_seq_len: 2048
  eval_stride: 64
  fused_ce_enabled: True
  global_ttt_batch_seqs: 32
  global_ttt_chunk_tokens: 32768
  global_ttt_epochs: 1
  global_ttt_grad_clip: 1.0
  global_ttt_lr: 0.001
  global_ttt_momentum: 0.9
  global_ttt_respect_doc_boundaries: True
  global_ttt_warmup_chunks: 0
  global_ttt_warmup_start_lr: 0.0
  gptq_calibration_batches: 16
  gptq_reserve_seconds: 0.5
  grad_accum_steps: 1
  grad_clip_norm: 0.3
  is_main_process: True
  iterations: 20000
  ln_scale: True
  local_rank: 0
  logfile: logs/e03993aa-c9b3-496b-98b4-dc817b714cb6.txt
  logit_softcap: 30.0
  loop_end: 5
  loop_start: 3
  matrix_bits: 6
  matrix_clip_sigmas: 12.85
  matrix_lr: 0.026
  max_wallclock_seconds: 600.0
  min_lr: 0.1
  mlp_clip_sigmas: 12.0
  mlp_mult: 4.0
  model_dim: 512
  model_path: final_model.pt
  muon_backend_steps: 5
  muon_momentum: 0.97
  muon_momentum_warmup_start: 0.92
  muon_momentum_warmup_steps: 1500
  muon_row_normalize: True
  muon_wd: 0.095
  num_heads: 8
  num_kv_heads: 4
  num_layers: 11
  num_loops: 2
  parallel_final_lane: mean
  parallel_start_layer: 8
  phased_ttt_enabled: True
  phased_ttt_num_phases: 3
  phased_ttt_prefix_docs: 1500
  qk_gain_init: 5.0
  quantized_model_path: final_model.int6.ptz
  rank: 0
  rope_base: 10000.0
  rope_dims: 16
  rope_train_seq_len: 2048
  rope_yarn: False
  run_id: e03993aa-c9b3-496b-98b4-dc817b714cb6
  scalar_lr: 0.02
  seed: 1337
  skip_gates_enabled: True
  sliding_window_enabled: False
  tie_embeddings: True
  tied_embed_init_std: 0.005
  tied_embed_lr: 0.03
  tokenizer_path: tokenizers/fineweb_8192_bpe.model
  train_batch_tokens: 786432
  train_files: datasets/fineweb10B_sp8192/fineweb_train_*.bin
  train_log_every: 500
  train_seq_len: 2048
  ttt_batch_size: 64
  ttt_beta1: 0.0
  ttt_beta2: 0.999
  ttt_chunk_size: 48
  ttt_enabled: True
  ttt_eval_batches: 
  ttt_eval_seq_len: 2048
  ttt_grad_steps: 1
  ttt_k_lora: True
  ttt_lora_lr: 0.0001
  ttt_lora_rank: 128
  ttt_mlp_lora: True
  ttt_o_lora: True
  ttt_optimizer: adam
  ttt_weight_decay: 2.0
  val_batch_tokens: 524288
  val_doc_fraction: 1.0
  val_files: datasets/fineweb10B_sp8192/fineweb_val_*.bin
  val_loss_every: 0
  vocab_size: 8192
  warmdown_frac: 0.75
  warmup_steps: 20
  world_size: 8
  xsa_last_n: 11
train_shards: 53
val_tokens: 40540160
model_params:35989658
gptq:reserving 0s, effective=599500ms
warmup_cu_buckets:64,128,192,256 iters_each:3
warmup_step: 1/20
warmup_step: 2/20
warmup_step: 3/20
warmup_step: 4/20
warmup_step: 5/20
warmup_step: 6/20
warmup_step: 10/20
warmup_step: 20/20
loop_warmup:enabled encoder:[0, 1, 2, 3, 4, 5, 3, 4] decoder:[5, 3, 4, 5, 6, 7, 8, 9, 10]
loop_warmup_step: 1/20
loop_warmup_step: 2/20
loop_warmup_step: 3/20
loop_warmup_step: 4/20
loop_warmup_step: 5/20
loop_warmup_step: 6/20
loop_warmup_step: 10/20
loop_warmup_step: 20/20
1/20000 train_loss: 9.0070 train_time: 0.0m tok/s: 13061905
2/20000 train_loss: 12.2674 train_time: 0.0m tok/s: 10740503
3/20000 train_loss: 11.1883 train_time: 0.0m tok/s: 9944891
4/20000 train_loss: 9.5379 train_time: 0.0m tok/s: 9494286
5/20000 train_loss: 8.1692 train_time: 0.0m tok/s: 9252423
500/20000 train_loss: 3.2591 train_time: 0.8m tok/s: 8155282
1000/20000 train_loss: 3.1030 train_time: 1.6m tok/s: 8110390
1500/20000 train_loss: 2.9702 train_time: 2.4m tok/s: 8096987
2000/20000 train_loss: 2.9525 train_time: 3.2m tok/s: 8093335
layer_loop:enabled step:2160 frac:0.351 encoder:[0, 1, 2, 3, 4, 5, 3, 4] decoder:[5, 3, 4, 5, 6, 7, 8, 9, 10]
2500/20000 train_loss: 2.9428 train_time: 4.3m tok/s: 7607405
3000/20000 train_loss: 2.9461 train_time: 5.5m tok/s: 7154629
3500/20000 train_loss: 2.9022 train_time: 6.7m tok/s: 6864092
4000/20000 train_loss: 2.8402 train_time: 7.9m tok/s: 6661796
4500/20000 train_loss: 2.8516 train_time: 9.1m tok/s: 6512984
4895/20000 val_loss: 2.7931 val_bpb: 1.0813
stopping_early: wallclock_cap train_time: 599610ms step: 4895/20000
peak memory allocated: 41574 MiB reserved: 46878 MiB
ema:applying EMA weights
diagnostic pre-quantization post-ema val_loss:2.76623472 val_bpb:1.07086115 eval_time:8240ms
Serialized model: 135592891 bytes
Code size (uncompressed): 132822 bytes
Code size (compressed): 29755 bytes
GPTQ:collecting Hessians from calibration data...
GPTQ:collected 67 Hessians in 3.5s
Quantized weights:
  gptq (int6): blocks.attn.c_k.weight, blocks.attn.c_q.weight, blocks.attn.c_v.weight, blocks.attn.proj.weight, blocks.mlp.fc.weight, blocks.mlp.proj.weight
  gptq (int7): tok_emb.weight
  int8_per_row: blocks.attn.attn_gate_w
  passthrough (float16): blocks.attn.q_gain, blocks.attn_scale, blocks.mlp_scale, blocks.resid_mix, parallel_post_lambdas, parallel_resid_lambdas, skip_gates, skip_weights
Serialized model quantized+brotli: 15945841 bytes
Total submission size quantized+brotli: 15975596 bytes
diagnostic quantized val_loss:2.79213362 val_bpb:1.08088710 eval_time:9263ms
ttt_lora:warming up compile (random tokens, no val data)
ttt_lora:compile warmup done (106.2s)

beginning TTT eval timer
ttt_phased: total_docs:50000 prefix_docs:1500 suffix_docs:48500 num_phases:3 boundaries:[500, 1000, 1500]
ttp: b781/782 bl:2.5581 bb:1.0561 rl:2.5581 rb:1.0561 dl:14510-25988 gd:0
ttpp: phase:1/3 pd:912 gd:500 t:198.4s
tttg: c1/77 lr:0.001000 t:0.3s
tttg: c2/77 lr:0.001000 t:0.4s
tttg: c3/77 lr:0.000998 t:0.5s
tttg: c4/77 lr:0.000996 t:0.6s
tttg: c5/77 lr:0.000993 t:0.7s
tttg: c6/77 lr:0.000989 t:0.7s
tttg: c7/77 lr:0.000985 t:0.8s
tttg: c8/77 lr:0.000979 t:0.9s
tttg: c9/77 lr:0.000973 t:1.0s
tttg: c10/77 lr:0.000966 t:1.0s
tttg: c11/77 lr:0.000958 t:1.1s
tttg: c12/77 lr:0.000949 t:1.2s
tttg: c13/77 lr:0.000940 t:1.3s
tttg: c14/77 lr:0.000930 t:1.3s
tttg: c15/77 lr:0.000919 t:1.4s
tttg: c16/77 lr:0.000907 t:1.5s
tttg: c17/77 lr:0.000895 t:1.6s
tttg: c18/77 lr:0.000882 t:1.7s
tttg: c19/77 lr:0.000868 t:1.8s
tttg: c20/77 lr:0.000854 t:1.8s
tttg: c21/77 lr:0.000839 t:1.9s
tttg: c22/77 lr:0.000823 t:2.0s
tttg: c23/77 lr:0.000807 t:2.0s
tttg: c24/77 lr:0.000791 t:2.1s
tttg: c25/77 lr:0.000773 t:2.2s
tttg: c26/77 lr:0.000756 t:2.3s
tttg: c27/77 lr:0.000738 t:2.4s
tttg: c28/77 lr:0.000720 t:2.4s
tttg: c29/77 lr:0.000701 t:2.5s
tttg: c30/77 lr:0.000682 t:2.6s
tttg: c31/77 lr:0.000662 t:2.6s
tttg: c32/77 lr:0.000643 t:2.7s
tttg: c33/77 lr:0.000623 t:2.8s
tttg: c34/77 lr:0.000603 t:2.9s
tttg: c35/77 lr:0.000582 t:3.0s
tttg: c36/77 lr:0.000562 t:3.0s
tttg: c37/77 lr:0.000541 t:3.1s
tttg: c38/77 lr:0.000521 t:3.2s
tttg: c39/77 lr:0.000500 t:3.3s
tttg: c40/77 lr:0.000479 t:3.3s
tttg: c41/77 lr:0.000459 t:3.4s
tttg: c42/77 lr:0.000438 t:3.5s
tttg: c43/77 lr:0.000418 t:3.6s
tttg: c44/77 lr:0.000397 t:3.6s
tttg: c45/77 lr:0.000377 t:3.7s
tttg: c46/77 lr:0.000357 t:3.8s
tttg: c47/77 lr:0.000338 t:3.9s
tttg: c48/77 lr:0.000318 t:3.9s
tttg: c49/77 lr:0.000299 t:4.0s
tttg: c50/77 lr:0.000280 t:4.1s
tttg: c51/77 lr:0.000262 t:4.2s
tttg: c52/77 lr:0.000244 t:4.2s
tttg: c53/77 lr:0.000227 t:4.3s
tttg: c54/77 lr:0.000209 t:4.4s
tttg: c55/77 lr:0.000193 t:4.5s
tttg: c56/77 lr:0.000177 t:4.5s
tttg: c57/77 lr:0.000161 t:4.6s
tttg: c58/77 lr:0.000146 t:4.7s
tttg: c59/77 lr:0.000132 t:4.8s
tttg: c60/77 lr:0.000118 t:4.8s
tttg: c61/77 lr:0.000105 t:4.9s
tttg: c62/77 lr:0.000093 t:5.0s
tttg: c63/77 lr:0.000081 t:5.1s
tttg: c64/77 lr:0.000070 t:5.1s
tttg: c65/77 lr:0.000060 t:5.2s
tttg: c66/77 lr:0.000051 t:5.3s
tttg: c67/77 lr:0.000042 t:5.4s
tttg: c68/77 lr:0.000034 t:5.5s
tttg: c69/77 lr:0.000027 t:5.5s
tttg: c70/77 lr:0.000021 t:5.6s
tttg: c71/77 lr:0.000015 t:5.7s
tttg: c72/77 lr:0.000011 t:5.7s
tttg: c73/77 lr:0.000007 t:5.8s
tttg: c74/77 lr:0.000004 t:5.9s
tttg: c75/77 lr:0.000002 t:6.0s
tttg: c76/77 lr:0.000000 t:6.0s
ttpr: phase:1/3 t:207.2s
ttp: b764/782 bl:2.7610 bb:1.0971 rl:2.5915 rb:1.0630 dl:3639-3742 gd:0
ttpp: phase:2/3 pd:1488 gd:1000 t:276.0s
tttg: c1/126 lr:0.001000 t:0.1s
tttg: c2/126 lr:0.001000 t:0.2s
tttg: c3/126 lr:0.000999 t:0.2s
tttg: c4/126 lr:0.000999 t:0.3s
tttg: c5/126 lr:0.000997 t:0.4s
tttg: c6/126 lr:0.000996 t:0.4s
tttg: c7/126 lr:0.000994 t:0.5s
tttg: c8/126 lr:0.000992 t:0.6s
tttg: c9/126 lr:0.000990 t:0.7s
tttg: c10/126 lr:0.000987 t:0.7s
tttg: c11/126 lr:0.000984 t:0.8s
tttg: c12/126 lr:0.000981 t:0.9s
tttg: c13/126 lr:0.000977 t:1.0s
tttg: c14/126 lr:0.000974 t:1.0s
tttg: c15/126 lr:0.000969 t:1.1s
tttg: c16/126 lr:0.000965 t:1.2s
tttg: c17/126 lr:0.000960 t:1.3s
tttg: c18/126 lr:0.000955 t:1.3s
tttg: c19/126 lr:0.000950 t:1.4s
tttg: c20/126 lr:0.000944 t:1.5s
tttg: c21/126 lr:0.000938 t:1.6s
tttg: c22/126 lr:0.000932 t:1.7s
tttg: c23/126 lr:0.000925 t:1.7s
tttg: c24/126 lr:0.000919 t:1.8s
tttg: c25/126 lr:0.000912 t:1.9s
tttg: c26/126 lr:0.000905 t:2.0s
tttg: c27/126 lr:0.000897 t:2.0s
tttg: c28/126 lr:0.000889 t:2.1s
tttg: c29/126 lr:0.000881 t:2.2s
tttg: c30/126 lr:0.000873 t:2.3s
tttg: c31/126 lr:0.000864 t:2.3s
tttg: c32/126 lr:0.000856 t:2.4s
tttg: c33/126 lr:0.000847 t:2.5s
tttg: c34/126 lr:0.000838 t:2.6s
tttg: c35/126 lr:0.000828 t:2.6s
tttg: c36/126 lr:0.000819 t:2.7s
tttg: c37/126 lr:0.000809 t:2.8s
tttg: c38/126 lr:0.000799 t:2.9s
tttg: c39/126 lr:0.000789 t:2.9s
tttg: c40/126 lr:0.000778 t:3.0s
tttg: c41/126 lr:0.000768 t:3.1s
tttg: c42/126 lr:0.000757 t:3.2s
tttg: c43/126 lr:0.000746 t:3.2s
tttg: c44/126 lr:0.000735 t:3.3s
tttg: c45/126 lr:0.000724 t:3.4s
tttg: c46/126 lr:0.000713 t:3.5s
tttg: c47/126 lr:0.000701 t:3.5s
tttg: c48/126 lr:0.000690 t:3.6s
tttg: c49/126 lr:0.000678 t:3.7s
tttg: c50/126 lr:0.000666 t:3.8s
tttg: c51/126 lr:0.000655 t:3.9s
tttg: c52/126 lr:0.000643 t:3.9s
tttg: c53/126 lr:0.000630 t:4.0s
tttg: c54/126 lr:0.000618 t:4.1s
tttg: c55/126 lr:0.000606 t:4.2s
tttg: c56/126 lr:0.000594 t:4.2s
tttg: c57/126 lr:0.000581 t:4.3s
tttg: c58/126 lr:0.000569 t:4.4s
tttg: c59/126 lr:0.000556 t:4.5s
tttg: c60/126 lr:0.000544 t:4.5s
tttg: c61/126 lr:0.000531 t:4.6s
tttg: c62/126 lr:0.000519 t:4.7s
tttg: c63/126 lr:0.000506 t:4.8s
tttg: c64/126 lr:0.000494 t:4.8s
tttg: c65/126 lr:0.000481 t:4.9s
tttg: c66/126 lr:0.000469 t:5.0s
tttg: c67/126 lr:0.000456 t:5.1s
tttg: c68/126 lr:0.000444 t:5.1s
tttg: c69/126 lr:0.000431 t:5.2s
tttg: c70/126 lr:0.000419 t:5.3s
tttg: c71/126 lr:0.000406 t:5.4s
tttg: c72/126 lr:0.000394 t:5.5s
tttg: c73/126 lr:0.000382 t:5.5s
tttg: c74/126 lr:0.000370 t:5.6s
tttg: c75/126 lr:0.000357 t:5.7s
tttg: c76/126 lr:0.000345 t:5.8s
tttg: c77/126 lr:0.000334 t:5.8s
tttg: c78/126 lr:0.000322 t:5.9s
tttg: c79/126 lr:0.000310 t:6.0s
tttg: c80/126 lr:0.000299 t:6.1s
tttg: c81/126 lr:0.000287 t:6.1s
tttg: c82/126 lr:0.000276 t:6.2s
tttg: c83/126 lr:0.000265 t:6.3s
tttg: c84/126 lr:0.000254 t:6.4s
tttg: c85/126 lr:0.000243 t:6.5s
tttg: c86/126 lr:0.000232 t:6.5s
tttg: c87/126 lr:0.000222 t:6.6s
tttg: c88/126 lr:0.000211 t:6.7s
tttg: c89/126 lr:0.000201 t:6.8s
tttg: c90/126 lr:0.000191 t:6.9s
tttg: c91/126 lr:0.000181 t:6.9s
tttg: c92/126 lr:0.000172 t:7.0s
tttg: c93/126 lr:0.000162 t:7.1s
tttg: c94/126 lr:0.000153 t:7.2s
tttg: c95/126 lr:0.000144 t:7.2s
tttg: c96/126 lr:0.000136 t:7.3s
tttg: c97/126 lr:0.000127 t:7.4s
tttg: c98/126 lr:0.000119 t:7.5s
tttg: c99/126 lr:0.000111 t:7.5s
tttg: c100/126 lr:0.000103 t:7.6s
tttg: c101/126 lr:0.000095 t:7.7s
tttg: c102/126 lr:0.000088 t:7.8s
tttg: c103/126 lr:0.000081 t:7.8s
tttg: c104/126 lr:0.000075 t:7.9s
tttg: c105/126 lr:0.000068 t:8.0s
tttg: c106/126 lr:0.000062 t:8.1s
tttg: c107/126 lr:0.000056 t:8.1s
tttg: c108/126 lr:0.000050 t:8.2s
tttg: c109/126 lr:0.000045 t:8.3s
tttg: c110/126 lr:0.000040 t:8.4s
tttg: c111/126 lr:0.000035 t:8.5s
tttg: c112/126 lr:0.000031 t:8.5s
tttg: c113/126 lr:0.000026 t:8.6s
tttg: c114/126 lr:0.000023 t:8.7s
tttg: c115/126 lr:0.000019 t:8.8s
tttg: c116/126 lr:0.000016 t:8.9s
tttg: c117/126 lr:0.000013 t:8.9s
tttg: c118/126 lr:0.000010 t:9.0s
tttg: c119/126 lr:0.000008 t:9.1s
tttg: c120/126 lr:0.000006 t:9.1s
tttg: c121/126 lr:0.000004 t:9.2s
tttg: c122/126 lr:0.000003 t:9.3s
tttg: c123/126 lr:0.000001 t:9.4s
tttg: c124/126 lr:0.000001 t:9.4s
tttg: c125/126 lr:0.000000 t:9.5s
ttpr: phase:2/3 t:288.4s
ttp: b755/782 bl:2.6867 bb:1.0410 rl:2.6025 rb:1.0603 dl:2899-2972 gd:0
ttpp: phase:3/3 pd:2000 gd:1500 t:298.5s
tttg: c1/170 lr:0.001000 t:0.1s
tttg: c2/170 lr:0.001000 t:0.1s
tttg: c3/170 lr:0.001000 t:0.2s
tttg: c4/170 lr:0.000999 t:0.3s
tttg: c5/170 lr:0.000999 t:0.4s
tttg: c6/170 lr:0.000998 t:1.9s
tttg: c7/170 lr:0.000997 t:2.0s
tttg: c8/170 lr:0.000996 t:2.1s
tttg: c9/170 lr:0.000994 t:2.2s
tttg: c10/170 lr:0.000993 t:2.2s
tttg: c11/170 lr:0.000991 t:2.3s
tttg: c12/170 lr:0.000990 t:2.4s
tttg: c13/170 lr:0.000988 t:2.5s
tttg: c14/170 lr:0.000985 t:2.5s
tttg: c15/170 lr:0.000983 t:2.6s
tttg: c16/170 lr:0.000981 t:2.7s
tttg: c17/170 lr:0.000978 t:2.8s
tttg: c18/170 lr:0.000975 t:2.8s
tttg: c19/170 lr:0.000972 t:2.9s
tttg: c20/170 lr:0.000969 t:3.0s
tttg: c21/170 lr:0.000966 t:3.1s
tttg: c22/170 lr:0.000962 t:3.1s
tttg: c23/170 lr:0.000959 t:3.2s
tttg: c24/170 lr:0.000955 t:3.3s
tttg: c25/170 lr:0.000951 t:3.4s
tttg: c26/170 lr:0.000947 t:3.4s
tttg: c27/170 lr:0.000943 t:3.5s
tttg: c28/170 lr:0.000938 t:3.6s
tttg: c29/170 lr:0.000934 t:3.7s
tttg: c30/170 lr:0.000929 t:3.7s
tttg: c31/170 lr:0.000924 t:3.8s
tttg: c32/170 lr:0.000919 t:3.9s
tttg: c33/170 lr:0.000914 t:4.0s
tttg: c34/170 lr:0.000909 t:4.0s
tttg: c35/170 lr:0.000903 t:4.1s
tttg: c36/170 lr:0.000898 t:4.2s
tttg: c37/170 lr:0.000892 t:4.3s
tttg: c38/170 lr:0.000886 t:4.3s
tttg: c39/170 lr:0.000880 t:4.4s
tttg: c40/170 lr:0.000874 t:4.5s
tttg: c41/170 lr:0.000868 t:4.6s
tttg: c42/170 lr:0.000862 t:4.6s
tttg: c43/170 lr:0.000855 t:4.7s
tttg: c44/170 lr:0.000849 t:4.8s
tttg: c45/170 lr:0.000842 t:4.9s
tttg: c46/170 lr:0.000835 t:5.0s
tttg: c47/170 lr:0.000828 t:5.0s
tttg: c48/170 lr:0.000821 t:5.1s
tttg: c49/170 lr:0.000814 t:5.2s
tttg: c50/170 lr:0.000807 t:5.2s
tttg: c51/170 lr:0.000799 t:5.3s
tttg: c52/170 lr:0.000792 t:5.4s
tttg: c53/170 lr:0.000784 t:5.5s
tttg: c54/170 lr:0.000776 t:5.6s
tttg: c55/170 lr:0.000769 t:5.6s
tttg: c56/170 lr:0.000761 t:5.7s
tttg: c57/170 lr:0.000753 t:5.8s
tttg: c58/170 lr:0.000745 t:5.9s
tttg: c59/170 lr:0.000736 t:5.9s
tttg: c60/170 lr:0.000728 t:6.0s
tttg: c61/170 lr:0.000720 t:6.1s
tttg: c62/170 lr:0.000712 t:6.2s
tttg: c63/170 lr:0.000703 t:6.2s
tttg: c64/170 lr:0.000695 t:6.3s
tttg: c65/170 lr:0.000686 t:6.4s
tttg: c66/170 lr:0.000677 t:6.5s
tttg: c67/170 lr:0.000669 t:6.5s
tttg: c68/170 lr:0.000660 t:6.6s
tttg: c69/170 lr:0.000651 t:6.7s
tttg: c70/170 lr:0.000642 t:6.8s
tttg: c71/170 lr:0.000633 t:6.8s
tttg: c72/170 lr:0.000624 t:6.9s
tttg: c73/170 lr:0.000615 t:7.0s
tttg: c74/170 lr:0.000606 t:7.1s
tttg: c75/170 lr:0.000597 t:7.1s
tttg: c76/170 lr:0.000588 t:7.2s
tttg: c77/170 lr:0.000579 t:7.3s
tttg: c78/170 lr:0.000569 t:7.4s
tttg: c79/170 lr:0.000560 t:7.4s
tttg: c80/170 lr:0.000551 t:7.5s
tttg: c81/170 lr:0.000542 t:7.6s
tttg: c82/170 lr:0.000533 t:7.7s
tttg: c83/170 lr:0.000523 t:9.2s
tttg: c84/170 lr:0.000514 t:9.3s
tttg: c85/170 lr:0.000505 t:9.4s
tttg: c86/170 lr:0.000495 t:9.5s
tttg: c87/170 lr:0.000486 t:9.6s
tttg: c88/170 lr:0.000477 t:9.6s
tttg: c89/170 lr:0.000467 t:9.7s
tttg: c90/170 lr:0.000458 t:9.8s
tttg: c91/170 lr:0.000449 t:9.8s
tttg: c92/170 lr:0.000440 t:9.9s
tttg: c93/170 lr:0.000431 t:10.0s
tttg: c94/170 lr:0.000421 t:10.1s
tttg: c95/170 lr:0.000412 t:10.2s
tttg: c96/170 lr:0.000403 t:10.2s
tttg: c97/170 lr:0.000394 t:10.3s
tttg: c98/170 lr:0.000385 t:10.4s
tttg: c99/170 lr:0.000376 t:10.4s
tttg: c100/170 lr:0.000367 t:10.5s
tttg: c101/170 lr:0.000358 t:10.6s
tttg: c102/170 lr:0.000349 t:10.7s
tttg: c103/170 lr:0.000340 t:10.7s
tttg: c104/170 lr:0.000331 t:10.8s
tttg: c105/170 lr:0.000323 t:10.9s
tttg: c106/170 lr:0.000314 t:11.0s
tttg: c107/170 lr:0.000305 t:11.1s
tttg: c108/170 lr:0.000297 t:11.1s
tttg: c109/170 lr:0.000288 t:11.2s
tttg: c110/170 lr:0.000280 t:11.3s
tttg: c111/170 lr:0.000272 t:11.3s
tttg: c112/170 lr:0.000264 t:11.4s
tttg: c113/170 lr:0.000255 t:11.5s
tttg: c114/170 lr:0.000247 t:11.6s
tttg: c115/170 lr:0.000239 t:11.6s
tttg: c116/170 lr:0.000231 t:11.7s
tttg: c117/170 lr:0.000224 t:11.8s
tttg: c118/170 lr:0.000216 t:11.9s
tttg: c119/170 lr:0.000208 t:11.9s
tttg: c120/170 lr:0.000201 t:12.0s
tttg: c121/170 lr:0.000193 t:12.1s
tttg: c122/170 lr:0.000186 t:12.2s
tttg: c123/170 lr:0.000179 t:12.2s
tttg: c124/170 lr:0.000172 t:12.3s
tttg: c125/170 lr:0.000165 t:12.4s
tttg: c126/170 lr:0.000158 t:12.5s
tttg: c127/170 lr:0.000151 t:12.6s
tttg: c128/170 lr:0.000145 t:12.6s
tttg: c129/170 lr:0.000138 t:12.7s
tttg: c130/170 lr:0.000132 t:12.8s
tttg: c131/170 lr:0.000126 t:12.9s
tttg: c132/170 lr:0.000120 t:12.9s
tttg: c133/170 lr:0.000114 t:13.0s
tttg: c134/170 lr:0.000108 t:13.1s
tttg: c135/170 lr:0.000102 t:13.1s
tttg: c136/170 lr:0.000097 t:13.2s
tttg: c137/170 lr:0.000091 t:13.3s
tttg: c138/170 lr:0.000086 t:13.4s
tttg: c139/170 lr:0.000081 t:13.4s
tttg: c140/170 lr:0.000076 t:13.5s
tttg: c141/170 lr:0.000071 t:13.6s
tttg: c142/170 lr:0.000066 t:13.7s
tttg: c143/170 lr:0.000062 t:13.7s
tttg: c144/170 lr:0.000057 t:13.8s
tttg: c145/170 lr:0.000053 t:13.9s
tttg: c146/170 lr:0.000049 t:14.0s
tttg: c147/170 lr:0.000045 t:14.0s
tttg: c148/170 lr:0.000041 t:14.1s
tttg: c149/170 lr:0.000038 t:14.2s
tttg: c150/170 lr:0.000034 t:14.3s
tttg: c151/170 lr:0.000031 t:14.3s
tttg: c152/170 lr:0.000028 t:14.4s
tttg: c153/170 lr:0.000025 t:14.5s
tttg: c154/170 lr:0.000022 t:14.6s
tttg: c155/170 lr:0.000019 t:14.6s
tttg: c156/170 lr:0.000017 t:14.7s
tttg: c157/170 lr:0.000015 t:14.8s
tttg: c158/170 lr:0.000012 t:14.9s
tttg: c159/170 lr:0.000010 t:14.9s
tttg: c160/170 lr:0.000009 t:15.0s
tttg: c161/170 lr:0.000007 t:15.1s
tttg: c162/170 lr:0.000006 t:15.2s
tttg: c163/170 lr:0.000004 t:15.2s
tttg: c164/170 lr:0.000003 t:15.3s
tttg: c165/170 lr:0.000002 t:15.4s
tttg: c166/170 lr:0.000001 t:15.5s
tttg: c167/170 lr:0.000001 t:15.5s
tttg: c168/170 lr:0.000000 t:15.6s
tttg: c169/170 lr:0.000000 t:15.7s
ttpr: phase:3/3 t:317.0s
ttp: b747/782 bl:2.7732 bb:1.0547 rl:2.6179 rb:1.0598 dl:2501-2538 gd:1
ttp: b738/782 bl:2.7391 bb:1.0509 rl:2.6268 rb:1.0591 dl:2194-2227 gd:1
ttp: b730/782 bl:2.7539 bb:1.0841 rl:2.6347 rb:1.0607 dl:1995-2016 gd:1
ttp: b725/782 bl:2.7511 bb:1.0663 rl:2.6412 rb:1.0610 dl:1900-1915 gd:1
ttp: b716/782 bl:2.7997 bb:1.0331 rl:2.6489 rb:1.0596 dl:1739-1754 gd:1
ttp: b706/782 bl:2.7080 bb:1.0410 rl:2.6515 rb:1.0587 dl:1617-1627 gd:1
ttp: b700/782 bl:2.6659 bb:1.0405 rl:2.6521 rb:1.0580 dl:1552-1562 gd:1
ttp: b689/782 bl:2.7713 bb:1.0603 rl:2.6564 rb:1.0581 dl:1450-1458 gd:1
ttp: b683/782 bl:2.7594 bb:1.0624 rl:2.6598 rb:1.0582 dl:1400-1406 gd:1
ttp: b673/782 bl:2.8070 bb:1.0541 rl:2.6644 rb:1.0581 dl:1327-1334 gd:1
ttp: b669/782 bl:2.7683 bb:1.0498 rl:2.6674 rb:1.0578 dl:1301-1308 gd:1
ttp: b657/782 bl:2.7698 bb:1.0401 rl:2.6702 rb:1.0573 dl:1227-1234 gd:1
ttp: b652/782 bl:2.7859 bb:1.0674 rl:2.6731 rb:1.0576 dl:1198-1203 gd:1
ttp: b641/782 bl:2.7528 bb:1.0365 rl:2.6750 rb:1.0571 dl:1140-1144 gd:1
ttp: b638/782 bl:2.8354 bb:1.0458 rl:2.6787 rb:1.0568 dl:1123-1129 gd:1
ttp: b629/782 bl:2.7175 bb:1.0411 rl:2.6795 rb:1.0564 dl:1082-1086 gd:1
ttp: b621/782 bl:2.8251 bb:1.0820 rl:2.6825 rb:1.0570 dl:1046-1050 gd:1
ttp: b613/782 bl:2.8114 bb:1.0582 rl:2.6850 rb:1.0570 dl:1012-1016 gd:1
ttp: b603/782 bl:2.8210 bb:1.0806 rl:2.6875 rb:1.0574 dl:971-974 gd:1
ttp: b595/782 bl:2.7223 bb:1.0525 rl:2.6881 rb:1.0574 dl:940-943 gd:1
ttp: b587/782 bl:2.7733 bb:1.0590 rl:2.6895 rb:1.0574 dl:914-917 gd:1
ttp: b579/782 bl:2.6290 bb:1.0019 rl:2.6885 rb:1.0565 dl:888-891 gd:1
ttp: b573/782 bl:2.9145 bb:1.0667 rl:2.6920 rb:1.0566 dl:868-871 gd:1
ttp: b566/782 bl:2.7005 bb:1.0263 rl:2.6921 rb:1.0562 dl:846-849 gd:1
ttp: b558/782 bl:2.6803 bb:1.0151 rl:2.6919 rb:1.0556 dl:821-824 gd:1
ttp: b550/782 bl:2.7983 bb:1.0737 rl:2.6934 rb:1.0558 dl:798-801 gd:1
ttp: b542/782 bl:2.8194 bb:1.0680 rl:2.6950 rb:1.0560 dl:777-779 gd:1
ttp: b534/782 bl:2.8038 bb:1.0665 rl:2.6964 rb:1.0561 dl:757-759 gd:1
ttp: b526/782 bl:2.7605 bb:1.0541 rl:2.6971 rb:1.0561 dl:737-739 gd:1
ttp: b518/782 bl:2.7197 bb:1.0476 rl:2.6974 rb:1.0560 dl:717-720 gd:1
ttp: b513/782 bl:2.7184 bb:1.0062 rl:2.6976 rb:1.0554 dl:705-707 gd:1
ttp: b505/782 bl:2.7618 bb:1.0553 rl:2.6983 rb:1.0554 dl:686-688 gd:1
ttp: b497/782 bl:2.8227 bb:1.0762 rl:2.6996 rb:1.0556 dl:668-671 gd:1
ttp: b488/782 bl:2.8051 bb:1.0454 rl:2.7007 rb:1.0555 dl:649-651 gd:1
ttp: b480/782 bl:2.7866 bb:1.0520 rl:2.7015 rb:1.0555 dl:632-635 gd:1
ttp: b472/782 bl:2.7954 bb:1.0686 rl:2.7024 rb:1.0556 dl:616-618 gd:1
ttp: b464/782 bl:2.7068 bb:1.0727 rl:2.7024 rb:1.0558 dl:600-602 gd:1
ttp: b456/782 bl:2.8049 bb:1.0652 rl:2.7033 rb:1.0559 dl:586-587 gd:1
ttp: b448/782 bl:2.7139 bb:1.0310 rl:2.7034 rb:1.0556 dl:571-573 gd:1
ttp: b440/782 bl:2.8573 bb:1.0909 rl:2.7046 rb:1.0559 dl:556-559 gd:1
ttp: b432/782 bl:2.7498 bb:1.0462 rl:2.7050 rb:1.0559 dl:542-544 gd:1
ttp: b424/782 bl:2.7928 bb:1.0794 rl:2.7056 rb:1.0560 dl:528-530 gd:1
ttp: b414/782 bl:2.8097 bb:1.0832 rl:2.7064 rb:1.0562 dl:511-513 gd:1
ttp: b406/782 bl:2.8187 bb:1.0975 rl:2.7072 rb:1.0565 dl:498-500 gd:1
ttp: b398/782 bl:2.8696 bb:1.0899 rl:2.7083 rb:1.0568 dl:486-487 gd:1
ttp: b390/782 bl:2.8054 bb:1.0882 rl:2.7089 rb:1.0570 dl:473-475 gd:1
ttp: b382/782 bl:2.8992 bb:1.1286 rl:2.7102 rb:1.0574 dl:461-463 gd:1
ttp: b374/782 bl:2.7426 bb:1.0657 rl:2.7104 rb:1.0575 dl:450-452 gd:1
ttp: b366/782 bl:2.8721 bb:1.1244 rl:2.7113 rb:1.0579 dl:439-440 gd:1
ttp: b358/782 bl:2.8140 bb:1.0877 rl:2.7119 rb:1.0581 dl:427-429 gd:1
ttp: b333/782 bl:2.8914 bb:1.1260 rl:2.7129 rb:1.0584 dl:394-395 gd:1
ttp: b325/782 bl:2.8345 bb:1.0888 rl:2.7135 rb:1.0586 dl:384-385 gd:1
ttp: b319/782 bl:2.8153 bb:1.1045 rl:2.7140 rb:1.0588 dl:376-377 gd:1
ttp: b311/782 bl:2.8449 bb:1.0898 rl:2.7147 rb:1.0590 dl:365-367 gd:1
ttp: b303/782 bl:2.7951 bb:1.0829 rl:2.7150 rb:1.0591 dl:355-357 gd:1
ttp: b295/782 bl:2.8340 bb:1.1174 rl:2.7156 rb:1.0593 dl:345-347 gd:1
ttp: b287/782 bl:2.8479 bb:1.1109 rl:2.7162 rb:1.0596 dl:336-337 gd:1
ttp: b280/782 bl:2.8182 bb:1.0938 rl:2.7166 rb:1.0597 dl:329-329 gd:1
ttp: b271/782 bl:2.7705 bb:1.0677 rl:2.7168 rb:1.0598 dl:319-320 gd:1
ttp: b262/782 bl:2.8590 bb:1.1164 rl:2.7174 rb:1.0600 dl:309-310 gd:1
ttp: b254/782 bl:2.8912 bb:1.1388 rl:2.7181 rb:1.0603 dl:299-300 gd:1
ttp: b246/782 bl:2.8949 bb:1.1339 rl:2.7187 rb:1.0606 dl:291-292 gd:1
ttp: b238/782 bl:2.8901 bb:1.1465 rl:2.7194 rb:1.0609 dl:283-284 gd:1
ttp: b230/782 bl:2.8932 bb:1.1071 rl:2.7200 rb:1.0610 dl:275-276 gd:1
ttp: b222/782 bl:2.8562 bb:1.1096 rl:2.7204 rb:1.0612 dl:267-268 gd:1
ttp: b214/782 bl:2.9242 bb:1.1250 rl:2.7211 rb:1.0614 dl:259-260 gd:1
ttp: b206/782 bl:2.8712 bb:1.1114 rl:2.7216 rb:1.0616 dl:252-253 gd:1
ttp: b198/782 bl:2.9685 bb:1.1481 rl:2.7223 rb:1.0618 dl:245-246 gd:1
ttp: b190/782 bl:2.8613 bb:1.0877 rl:2.7228 rb:1.0619 dl:237-238 gd:1
ttp: b182/782 bl:2.8534 bb:1.1351 rl:2.7231 rb:1.0621 dl:230-231 gd:1
ttp: b173/782 bl:2.9490 bb:1.1465 rl:2.7238 rb:1.0624 dl:223-224 gd:1
ttp: b167/782 bl:2.9554 bb:1.1814 rl:2.7244 rb:1.0627 dl:218-218 gd:1
ttp: b158/782 bl:2.8866 bb:1.1427 rl:2.7248 rb:1.0629 dl:210-211 gd:1
ttp: b150/782 bl:2.9333 bb:1.1531 rl:2.7253 rb:1.0631 dl:204-204 gd:1
ttp: b142/782 bl:2.9551 bb:1.1585 rl:2.7259 rb:1.0633 dl:197-198 gd:1
ttp: b133/782 bl:3.0193 bb:1.1927 rl:2.7266 rb:1.0636 dl:189-190 gd:1
ttp: b126/782 bl:2.9154 bb:1.1846 rl:2.7270 rb:1.0639 dl:185-185 gd:1
ttp: b116/782 bl:3.0007 bb:1.1866 rl:2.7276 rb:1.0642 dl:177-178 gd:1
ttp: b110/782 bl:3.0096 bb:1.1685 rl:2.7282 rb:1.0644 dl:173-173 gd:1
ttp: b103/782 bl:2.8801 bb:1.1147 rl:2.7285 rb:1.0645 dl:168-168 gd:1
ttp: b92/782 bl:2.8754 bb:1.1630 rl:2.7288 rb:1.0647 dl:159-160 gd:1
ttp: b84/782 bl:3.0253 bb:1.2189 rl:2.7294 rb:1.0650 dl:153-154 gd:1
ttp: b78/782 bl:2.8973 bb:1.1241 rl:2.7297 rb:1.0651 dl:148-149 gd:1
ttp: b70/782 bl:3.0542 bb:1.1606 rl:2.7302 rb:1.0652 dl:142-143 gd:1
ttp: b62/782 bl:2.9656 bb:1.1996 rl:2.7306 rb:1.0654 dl:136-137 gd:1
ttp: b53/782 bl:3.1069 bb:1.2249 rl:2.7312 rb:1.0657 dl:129-130 gd:1
ttp: b47/782 bl:2.9281 bb:1.1702 rl:2.7315 rb:1.0658 dl:124-125 gd:1
ttp: b40/782 bl:2.9877 bb:1.2017 rl:2.7319 rb:1.0660 dl:119-119 gd:1
ttp: b31/782 bl:3.1802 bb:1.2603 rl:2.7325 rb:1.0663 dl:111-112 gd:1
ttp: b24/782 bl:3.0422 bb:1.2036 rl:2.7328 rb:1.0665 dl:105-106 gd:1
ttp: b17/782 bl:3.1305 bb:1.2409 rl:2.7333 rb:1.0667 dl:98-99 gd:1
ttp: b10/782 bl:3.1238 bb:1.2343 rl:2.7337 rb:1.0668 dl:89-90 gd:1
ttp: b4/782 bl:3.1861 bb:1.2216 rl:2.7342 rb:1.0670 dl:78-80 gd:1
quantized_ttt_phased val_loss:2.76317509 val_bpb:1.06971119 eval_time:409686ms
total_eval_time:409.7s
=== [Wed Apr 29 03:24:43 UTC 2026] Finished prefix1500 seed=1337 ===
