=== [Wed Apr 29 04:49:07 UTC 2026] Starting p1500s314 seed=314 ===
W0429 04:49:08.793000 216392 torch/distributed/run.py:803] 
W0429 04:49:08.793000 216392 torch/distributed/run.py:803] *****************************************
W0429 04:49:08.793000 216392 torch/distributed/run.py:803] Setting OMP_NUM_THREADS environment variable for each process to be 1 in default, to avoid your system being overloaded, please further tune the variable for optimal performance in your application as needed. 
W0429 04:49:08.793000 216392 torch/distributed/run.py:803] *****************************************
Hyperparameters:
  adam_eps: 1e-08
  adam_wd: 0.02
  artifact_dir: 
  attn_clip_sigmas: 13.0
  beta1: 0.9
  beta2: 0.95
  compressor: brotli
  data_dir: data
  datasets_dir: data/datasets/fineweb10B_sp8192
  distributed: True
  ema_decay: 0.9965
  embed_bits: 7
  embed_clip_sigmas: 15.0
  embed_lr: 0.6
  embed_wd: 0.085
  enable_looping_at: 0.35
  eval_seq_len: 2048
  eval_stride: 64
  fused_ce_enabled: True
  global_ttt_batch_seqs: 32
  global_ttt_chunk_tokens: 32768
  global_ttt_epochs: 1
  global_ttt_grad_clip: 1.0
  global_ttt_lr: 0.001
  global_ttt_momentum: 0.9
  global_ttt_respect_doc_boundaries: True
  global_ttt_warmup_chunks: 0
  global_ttt_warmup_start_lr: 0.0
  gptq_calibration_batches: 16
  gptq_reserve_seconds: 0.5
  grad_accum_steps: 1
  grad_clip_norm: 0.3
  is_main_process: True
  iterations: 20000
  ln_scale: True
  local_rank: 0
  logfile: logs/1eb2493d-7457-48eb-bea4-a7b54babe708.txt
  logit_softcap: 30.0
  loop_end: 5
  loop_start: 3
  matrix_bits: 6
  matrix_clip_sigmas: 12.85
  matrix_lr: 0.026
  max_wallclock_seconds: 600.0
  min_lr: 0.1
  mlp_clip_sigmas: 12.0
  mlp_mult: 4.0
  model_dim: 512
  model_path: final_model.pt
  muon_backend_steps: 5
  muon_momentum: 0.97
  muon_momentum_warmup_start: 0.92
  muon_momentum_warmup_steps: 1500
  muon_row_normalize: True
  muon_wd: 0.095
  num_heads: 8
  num_kv_heads: 4
  num_layers: 11
  num_loops: 2
  parallel_final_lane: mean
  parallel_start_layer: 8
  phased_ttt_enabled: True
  phased_ttt_num_phases: 3
  phased_ttt_prefix_docs: 1500
  qk_gain_init: 5.0
  quantized_model_path: final_model.int6.ptz
  rank: 0
  rope_base: 10000.0
  rope_dims: 16
  rope_train_seq_len: 2048
  rope_yarn: False
  run_id: 1eb2493d-7457-48eb-bea4-a7b54babe708
  scalar_lr: 0.02
  seed: 314
  skip_gates_enabled: True
  sliding_window_enabled: False
  tie_embeddings: True
  tied_embed_init_std: 0.005
  tied_embed_lr: 0.03
  tokenizer_path: tokenizers/fineweb_8192_bpe.model
  train_batch_tokens: 786432
  train_files: datasets/fineweb10B_sp8192/fineweb_train_*.bin
  train_log_every: 500
  train_seq_len: 2048
  ttt_batch_size: 64
  ttt_beta1: 0.0
  ttt_beta2: 0.999
  ttt_chunk_size: 48
  ttt_enabled: True
  ttt_eval_batches: 
  ttt_eval_seq_len: 2048
  ttt_grad_steps: 1
  ttt_k_lora: True
  ttt_lora_lr: 0.0001
  ttt_lora_rank: 128
  ttt_mlp_lora: True
  ttt_o_lora: True
  ttt_optimizer: adam
  ttt_weight_decay: 2.0
  val_batch_tokens: 524288
  val_doc_fraction: 1.0
  val_files: datasets/fineweb10B_sp8192/fineweb_val_*.bin
  val_loss_every: 0
  vocab_size: 8192
  warmdown_frac: 0.75
  warmup_steps: 20
  world_size: 8
  xsa_last_n: 11
train_shards: 93
val_tokens: 40540160
model_params:35989658
gptq:reserving 0s, effective=599500ms
warmup_cu_buckets:64,128,192,256 iters_each:3
warmup_step: 1/20
warmup_step: 2/20
warmup_step: 3/20
warmup_step: 4/20
warmup_step: 5/20
warmup_step: 6/20
warmup_step: 10/20
warmup_step: 20/20
loop_warmup:enabled encoder:[0, 1, 2, 3, 4, 5, 3, 4] decoder:[5, 3, 4, 5, 6, 7, 8, 9, 10]
loop_warmup_step: 1/20
loop_warmup_step: 2/20
loop_warmup_step: 3/20
loop_warmup_step: 4/20
loop_warmup_step: 5/20
loop_warmup_step: 6/20
loop_warmup_step: 10/20
loop_warmup_step: 20/20
1/20000 train_loss: 9.0068 train_time: 0.0m tok/s: 13159074
2/20000 train_loss: 12.4245 train_time: 0.0m tok/s: 7564063
3/20000 train_loss: 11.3103 train_time: 0.0m tok/s: 7908694
4/20000 train_loss: 9.5649 train_time: 0.0m tok/s: 8000576
5/20000 train_loss: 8.1539 train_time: 0.0m tok/s: 8077644
500/20000 train_loss: 3.2607 train_time: 0.8m tok/s: 8138973
1000/20000 train_loss: 3.1078 train_time: 1.6m tok/s: 8098504
1500/20000 train_loss: 2.9738 train_time: 2.4m tok/s: 8086105
2000/20000 train_loss: 2.9568 train_time: 3.2m tok/s: 8081855
layer_loop:enabled step:2157 frac:0.350 encoder:[0, 1, 2, 3, 4, 5, 3, 4] decoder:[5, 3, 4, 5, 6, 7, 8, 9, 10]
2500/20000 train_loss: 2.9383 train_time: 4.3m tok/s: 7594521
3000/20000 train_loss: 2.9436 train_time: 5.5m tok/s: 7144543
3500/20000 train_loss: 2.9037 train_time: 6.7m tok/s: 6856991
4000/20000 train_loss: 2.8417 train_time: 7.9m tok/s: 6655258
4500/20000 train_loss: 2.8552 train_time: 9.1m tok/s: 6506055
4891/20000 val_loss: 2.7919 val_bpb: 1.0808
stopping_early: wallclock_cap train_time: 599586ms step: 4891/20000
peak memory allocated: 41574 MiB reserved: 46878 MiB
ema:applying EMA weights
diagnostic pre-quantization post-ema val_loss:2.76507283 val_bpb:1.07041136 eval_time:8187ms
Serialized model: 135592891 bytes
Code size (uncompressed): 132822 bytes
Code size (compressed): 29755 bytes
GPTQ:collecting Hessians from calibration data...
GPTQ:collected 67 Hessians in 3.5s
Quantized weights:
  gptq (int6): blocks.attn.c_k.weight, blocks.attn.c_q.weight, blocks.attn.c_v.weight, blocks.attn.proj.weight, blocks.mlp.fc.weight, blocks.mlp.proj.weight
  gptq (int7): tok_emb.weight
  int8_per_row: blocks.attn.attn_gate_w
  passthrough (float16): blocks.attn.q_gain, blocks.attn_scale, blocks.mlp_scale, blocks.resid_mix, parallel_post_lambdas, parallel_resid_lambdas, skip_gates, skip_weights
Serialized model quantized+brotli: 15942141 bytes
Total submission size quantized+brotli: 15971896 bytes
diagnostic quantized val_loss:2.79107884 val_bpb:1.08047877 eval_time:9221ms
ttt_lora:warming up compile (random tokens, no val data)
ttt_lora:compile warmup done (106.4s)

beginning TTT eval timer
ttt_phased: total_docs:50000 prefix_docs:1500 suffix_docs:48500 num_phases:3 boundaries:[500, 1000, 1500]
ttp: b780/782 bl:2.6132 bb:1.0722 rl:2.6132 rb:1.0722 dl:11071-14414 gd:0
ttpp: phase:1/3 pd:912 gd:500 t:160.8s
tttg: c1/77 lr:0.001000 t:0.3s
tttg: c2/77 lr:0.001000 t:0.4s
tttg: c3/77 lr:0.000998 t:0.5s
tttg: c4/77 lr:0.000996 t:0.6s
tttg: c5/77 lr:0.000993 t:0.6s
tttg: c6/77 lr:0.000989 t:0.7s
tttg: c7/77 lr:0.000985 t:0.8s
tttg: c8/77 lr:0.000979 t:0.9s
tttg: c9/77 lr:0.000973 t:0.9s
tttg: c10/77 lr:0.000966 t:1.0s
tttg: c11/77 lr:0.000958 t:1.1s
tttg: c12/77 lr:0.000949 t:1.2s
tttg: c13/77 lr:0.000940 t:1.2s
tttg: c14/77 lr:0.000930 t:1.3s
tttg: c15/77 lr:0.000919 t:1.4s
tttg: c16/77 lr:0.000907 t:1.5s
tttg: c17/77 lr:0.000895 t:1.5s
tttg: c18/77 lr:0.000882 t:1.6s
tttg: c19/77 lr:0.000868 t:1.7s
tttg: c20/77 lr:0.000854 t:1.8s
tttg: c21/77 lr:0.000839 t:1.9s
tttg: c22/77 lr:0.000823 t:1.9s
tttg: c23/77 lr:0.000807 t:2.0s
tttg: c24/77 lr:0.000791 t:2.1s
tttg: c25/77 lr:0.000773 t:2.2s
tttg: c26/77 lr:0.000756 t:2.2s
tttg: c27/77 lr:0.000738 t:2.3s
tttg: c28/77 lr:0.000720 t:2.4s
tttg: c29/77 lr:0.000701 t:2.5s
tttg: c30/77 lr:0.000682 t:2.5s
tttg: c31/77 lr:0.000662 t:2.6s
tttg: c32/77 lr:0.000643 t:2.7s
tttg: c33/77 lr:0.000623 t:2.8s
tttg: c34/77 lr:0.000603 t:2.8s
tttg: c35/77 lr:0.000582 t:2.9s
tttg: c36/77 lr:0.000562 t:3.0s
tttg: c37/77 lr:0.000541 t:3.1s
tttg: c38/77 lr:0.000521 t:3.1s
tttg: c39/77 lr:0.000500 t:3.2s
tttg: c40/77 lr:0.000479 t:3.3s
tttg: c41/77 lr:0.000459 t:3.4s
tttg: c42/77 lr:0.000438 t:3.4s
tttg: c43/77 lr:0.000418 t:3.5s
tttg: c44/77 lr:0.000397 t:3.6s
tttg: c45/77 lr:0.000377 t:3.7s
tttg: c46/77 lr:0.000357 t:3.7s
tttg: c47/77 lr:0.000338 t:3.8s
tttg: c48/77 lr:0.000318 t:3.9s
tttg: c49/77 lr:0.000299 t:4.0s
tttg: c50/77 lr:0.000280 t:4.0s
tttg: c51/77 lr:0.000262 t:4.1s
tttg: c52/77 lr:0.000244 t:4.2s
tttg: c53/77 lr:0.000227 t:4.3s
tttg: c54/77 lr:0.000209 t:4.3s
tttg: c55/77 lr:0.000193 t:4.4s
tttg: c56/77 lr:0.000177 t:4.5s
tttg: c57/77 lr:0.000161 t:4.6s
tttg: c58/77 lr:0.000146 t:4.6s
tttg: c59/77 lr:0.000132 t:4.7s
tttg: c60/77 lr:0.000118 t:4.8s
tttg: c61/77 lr:0.000105 t:4.9s
tttg: c62/77 lr:0.000093 t:5.0s
tttg: c63/77 lr:0.000081 t:5.0s
tttg: c64/77 lr:0.000070 t:5.1s
tttg: c65/77 lr:0.000060 t:5.2s
tttg: c66/77 lr:0.000051 t:5.3s
tttg: c67/77 lr:0.000042 t:5.3s
tttg: c68/77 lr:0.000034 t:5.4s
tttg: c69/77 lr:0.000027 t:5.5s
tttg: c70/77 lr:0.000021 t:5.6s
tttg: c71/77 lr:0.000015 t:5.6s
tttg: c72/77 lr:0.000011 t:5.7s
tttg: c73/77 lr:0.000007 t:5.8s
tttg: c74/77 lr:0.000004 t:5.9s
tttg: c75/77 lr:0.000002 t:5.9s
tttg: c76/77 lr:0.000000 t:6.0s
ttpr: phase:1/3 t:169.6s
ttp: b762/782 bl:2.8180 bb:1.0726 rl:2.6578 rb:1.0723 dl:3431-3533 gd:0
ttpp: phase:2/3 pd:1488 gd:1000 t:238.1s
tttg: c1/126 lr:0.001000 t:0.1s
tttg: c2/126 lr:0.001000 t:0.2s
tttg: c3/126 lr:0.000999 t:0.3s
tttg: c4/126 lr:0.000999 t:0.3s
tttg: c5/126 lr:0.000997 t:0.4s
tttg: c6/126 lr:0.000996 t:0.5s
tttg: c7/126 lr:0.000994 t:0.6s
tttg: c8/126 lr:0.000992 t:0.6s
tttg: c9/126 lr:0.000990 t:0.7s
tttg: c10/126 lr:0.000987 t:0.8s
tttg: c11/126 lr:0.000984 t:0.9s
tttg: c12/126 lr:0.000981 t:0.9s
tttg: c13/126 lr:0.000977 t:1.0s
tttg: c14/126 lr:0.000974 t:1.1s
tttg: c15/126 lr:0.000969 t:1.2s
tttg: c16/126 lr:0.000965 t:1.2s
tttg: c17/126 lr:0.000960 t:1.3s
tttg: c18/126 lr:0.000955 t:1.4s
tttg: c19/126 lr:0.000950 t:1.5s
tttg: c20/126 lr:0.000944 t:1.5s
tttg: c21/126 lr:0.000938 t:1.6s
tttg: c22/126 lr:0.000932 t:1.7s
tttg: c23/126 lr:0.000925 t:1.8s
tttg: c24/126 lr:0.000919 t:1.9s
tttg: c25/126 lr:0.000912 t:1.9s
tttg: c26/126 lr:0.000905 t:2.0s
tttg: c27/126 lr:0.000897 t:2.1s
tttg: c28/126 lr:0.000889 t:2.2s
tttg: c29/126 lr:0.000881 t:2.2s
tttg: c30/126 lr:0.000873 t:2.3s
tttg: c31/126 lr:0.000864 t:2.4s
tttg: c32/126 lr:0.000856 t:2.5s
tttg: c33/126 lr:0.000847 t:2.5s
tttg: c34/126 lr:0.000838 t:2.6s
tttg: c35/126 lr:0.000828 t:2.7s
tttg: c36/126 lr:0.000819 t:2.8s
tttg: c37/126 lr:0.000809 t:2.9s
tttg: c38/126 lr:0.000799 t:2.9s
tttg: c39/126 lr:0.000789 t:3.0s
tttg: c40/126 lr:0.000778 t:3.1s
tttg: c41/126 lr:0.000768 t:3.2s
tttg: c42/126 lr:0.000757 t:3.3s
tttg: c43/126 lr:0.000746 t:3.3s
tttg: c44/126 lr:0.000735 t:3.4s
tttg: c45/126 lr:0.000724 t:3.5s
tttg: c46/126 lr:0.000713 t:3.6s
tttg: c47/126 lr:0.000701 t:3.6s
tttg: c48/126 lr:0.000690 t:3.7s
tttg: c49/126 lr:0.000678 t:3.8s
tttg: c50/126 lr:0.000666 t:3.9s
tttg: c51/126 lr:0.000655 t:4.0s
tttg: c52/126 lr:0.000643 t:4.0s
tttg: c53/126 lr:0.000630 t:4.1s
tttg: c54/126 lr:0.000618 t:4.2s
tttg: c55/126 lr:0.000606 t:4.3s
tttg: c56/126 lr:0.000594 t:4.3s
tttg: c57/126 lr:0.000581 t:4.4s
tttg: c58/126 lr:0.000569 t:4.5s
tttg: c59/126 lr:0.000556 t:4.6s
tttg: c60/126 lr:0.000544 t:4.6s
tttg: c61/126 lr:0.000531 t:4.7s
tttg: c62/126 lr:0.000519 t:4.8s
tttg: c63/126 lr:0.000506 t:4.9s
tttg: c64/126 lr:0.000494 t:4.9s
tttg: c65/126 lr:0.000481 t:5.0s
tttg: c66/126 lr:0.000469 t:5.1s
tttg: c67/126 lr:0.000456 t:5.2s
tttg: c68/126 lr:0.000444 t:5.3s
tttg: c69/126 lr:0.000431 t:5.3s
tttg: c70/126 lr:0.000419 t:5.4s
tttg: c71/126 lr:0.000406 t:5.5s
tttg: c72/126 lr:0.000394 t:5.6s
tttg: c73/126 lr:0.000382 t:5.6s
tttg: c74/126 lr:0.000370 t:5.7s
tttg: c75/126 lr:0.000357 t:5.8s
tttg: c76/126 lr:0.000345 t:5.9s
tttg: c77/126 lr:0.000334 t:5.9s
tttg: c78/126 lr:0.000322 t:6.0s
tttg: c79/126 lr:0.000310 t:6.1s
tttg: c80/126 lr:0.000299 t:6.2s
tttg: c81/126 lr:0.000287 t:6.2s
tttg: c82/126 lr:0.000276 t:6.3s
tttg: c83/126 lr:0.000265 t:6.4s
tttg: c84/126 lr:0.000254 t:6.5s
tttg: c85/126 lr:0.000243 t:6.6s
tttg: c86/126 lr:0.000232 t:6.7s
tttg: c87/126 lr:0.000222 t:6.7s
tttg: c88/126 lr:0.000211 t:6.8s
tttg: c89/126 lr:0.000201 t:6.9s
tttg: c90/126 lr:0.000191 t:7.0s
tttg: c91/126 lr:0.000181 t:7.0s
tttg: c92/126 lr:0.000172 t:7.1s
tttg: c93/126 lr:0.000162 t:7.2s
tttg: c94/126 lr:0.000153 t:7.3s
tttg: c95/126 lr:0.000144 t:7.4s
tttg: c96/126 lr:0.000136 t:7.4s
tttg: c97/126 lr:0.000127 t:7.5s
tttg: c98/126 lr:0.000119 t:7.6s
tttg: c99/126 lr:0.000111 t:7.7s
tttg: c100/126 lr:0.000103 t:7.7s
tttg: c101/126 lr:0.000095 t:7.8s
tttg: c102/126 lr:0.000088 t:7.9s
tttg: c103/126 lr:0.000081 t:8.0s
tttg: c104/126 lr:0.000075 t:8.0s
tttg: c105/126 lr:0.000068 t:8.1s
tttg: c106/126 lr:0.000062 t:8.2s
tttg: c107/126 lr:0.000056 t:8.3s
tttg: c108/126 lr:0.000050 t:8.3s
tttg: c109/126 lr:0.000045 t:8.4s
tttg: c110/126 lr:0.000040 t:8.5s
tttg: c111/126 lr:0.000035 t:8.6s
tttg: c112/126 lr:0.000031 t:8.6s
tttg: c113/126 lr:0.000026 t:8.7s
tttg: c114/126 lr:0.000023 t:8.8s
tttg: c115/126 lr:0.000019 t:8.9s
tttg: c116/126 lr:0.000016 t:8.9s
tttg: c117/126 lr:0.000013 t:9.0s
tttg: c118/126 lr:0.000010 t:9.1s
tttg: c119/126 lr:0.000008 t:9.2s
tttg: c120/126 lr:0.000006 t:9.3s
tttg: c121/126 lr:0.000004 t:9.3s
tttg: c122/126 lr:0.000003 t:9.4s
tttg: c123/126 lr:0.000001 t:9.5s
tttg: c124/126 lr:0.000001 t:9.6s
tttg: c125/126 lr:0.000000 t:9.6s
ttpr: phase:2/3 t:250.6s
ttp: b752/782 bl:2.7598 bb:1.0588 rl:2.6728 rb:1.0702 dl:2740-2793 gd:0
ttpp: phase:3/3 pd:2000 gd:1500 t:260.7s
tttg: c1/170 lr:0.001000 t:0.1s
tttg: c2/170 lr:0.001000 t:0.1s
tttg: c3/170 lr:0.001000 t:0.2s
tttg: c4/170 lr:0.000999 t:0.3s
tttg: c5/170 lr:0.000999 t:0.4s
tttg: c6/170 lr:0.000998 t:0.5s
tttg: c7/170 lr:0.000997 t:0.5s
tttg: c8/170 lr:0.000996 t:0.6s
tttg: c9/170 lr:0.000994 t:0.7s
tttg: c10/170 lr:0.000993 t:0.8s
tttg: c11/170 lr:0.000991 t:0.8s
tttg: c12/170 lr:0.000990 t:0.9s
tttg: c13/170 lr:0.000988 t:1.0s
tttg: c14/170 lr:0.000985 t:1.1s
tttg: c15/170 lr:0.000983 t:1.2s
tttg: c16/170 lr:0.000981 t:1.2s
tttg: c17/170 lr:0.000978 t:1.3s
tttg: c18/170 lr:0.000975 t:1.4s
tttg: c19/170 lr:0.000972 t:1.5s
tttg: c20/170 lr:0.000969 t:1.5s
tttg: c21/170 lr:0.000966 t:1.6s
tttg: c22/170 lr:0.000962 t:1.7s
tttg: c23/170 lr:0.000959 t:1.8s
tttg: c24/170 lr:0.000955 t:1.8s
tttg: c25/170 lr:0.000951 t:1.9s
tttg: c26/170 lr:0.000947 t:2.0s
tttg: c27/170 lr:0.000943 t:2.1s
tttg: c28/170 lr:0.000938 t:2.1s
tttg: c29/170 lr:0.000934 t:2.2s
tttg: c30/170 lr:0.000929 t:2.3s
tttg: c31/170 lr:0.000924 t:2.4s
tttg: c32/170 lr:0.000919 t:2.5s
tttg: c33/170 lr:0.000914 t:2.5s
tttg: c34/170 lr:0.000909 t:2.6s
tttg: c35/170 lr:0.000903 t:2.7s
tttg: c36/170 lr:0.000898 t:2.8s
tttg: c37/170 lr:0.000892 t:2.8s
tttg: c38/170 lr:0.000886 t:2.9s
tttg: c39/170 lr:0.000880 t:3.0s
tttg: c40/170 lr:0.000874 t:3.1s
tttg: c41/170 lr:0.000868 t:3.1s
tttg: c42/170 lr:0.000862 t:3.2s
tttg: c43/170 lr:0.000855 t:3.3s
tttg: c44/170 lr:0.000849 t:3.4s
tttg: c45/170 lr:0.000842 t:3.4s
tttg: c46/170 lr:0.000835 t:3.5s
tttg: c47/170 lr:0.000828 t:3.6s
tttg: c48/170 lr:0.000821 t:3.7s
tttg: c49/170 lr:0.000814 t:3.7s
tttg: c50/170 lr:0.000807 t:3.8s
tttg: c51/170 lr:0.000799 t:3.9s
tttg: c52/170 lr:0.000792 t:4.0s
tttg: c53/170 lr:0.000784 t:4.1s
tttg: c54/170 lr:0.000776 t:4.1s
tttg: c55/170 lr:0.000769 t:4.2s
tttg: c56/170 lr:0.000761 t:4.3s
tttg: c57/170 lr:0.000753 t:4.4s
tttg: c58/170 lr:0.000745 t:4.4s
tttg: c59/170 lr:0.000736 t:4.5s
tttg: c60/170 lr:0.000728 t:4.6s
tttg: c61/170 lr:0.000720 t:4.7s
tttg: c62/170 lr:0.000712 t:4.8s
tttg: c63/170 lr:0.000703 t:4.8s
tttg: c64/170 lr:0.000695 t:4.9s
tttg: c65/170 lr:0.000686 t:5.0s
tttg: c66/170 lr:0.000677 t:5.1s
tttg: c67/170 lr:0.000669 t:5.1s
tttg: c68/170 lr:0.000660 t:5.2s
tttg: c69/170 lr:0.000651 t:5.3s
tttg: c70/170 lr:0.000642 t:5.4s
tttg: c71/170 lr:0.000633 t:5.5s
tttg: c72/170 lr:0.000624 t:5.5s
tttg: c73/170 lr:0.000615 t:5.6s
tttg: c74/170 lr:0.000606 t:5.7s
tttg: c75/170 lr:0.000597 t:5.8s
tttg: c76/170 lr:0.000588 t:5.8s
tttg: c77/170 lr:0.000579 t:5.9s
tttg: c78/170 lr:0.000569 t:6.0s
tttg: c79/170 lr:0.000560 t:6.1s
tttg: c80/170 lr:0.000551 t:6.1s
tttg: c81/170 lr:0.000542 t:6.2s
tttg: c82/170 lr:0.000533 t:6.3s
tttg: c83/170 lr:0.000523 t:6.4s
tttg: c84/170 lr:0.000514 t:6.5s
tttg: c85/170 lr:0.000505 t:6.5s
tttg: c86/170 lr:0.000495 t:6.6s
tttg: c87/170 lr:0.000486 t:6.7s
tttg: c88/170 lr:0.000477 t:6.8s
tttg: c89/170 lr:0.000467 t:6.8s
tttg: c90/170 lr:0.000458 t:6.9s
tttg: c91/170 lr:0.000449 t:7.0s
tttg: c92/170 lr:0.000440 t:7.1s
tttg: c93/170 lr:0.000431 t:7.1s
tttg: c94/170 lr:0.000421 t:7.2s
tttg: c95/170 lr:0.000412 t:7.3s
tttg: c96/170 lr:0.000403 t:7.4s
tttg: c97/170 lr:0.000394 t:7.4s
tttg: c98/170 lr:0.000385 t:7.5s
tttg: c99/170 lr:0.000376 t:7.6s
tttg: c100/170 lr:0.000367 t:7.7s
tttg: c101/170 lr:0.000358 t:7.8s
tttg: c102/170 lr:0.000349 t:7.8s
tttg: c103/170 lr:0.000340 t:7.9s
tttg: c104/170 lr:0.000331 t:8.0s
tttg: c105/170 lr:0.000323 t:8.1s
tttg: c106/170 lr:0.000314 t:8.2s
tttg: c107/170 lr:0.000305 t:8.2s
tttg: c108/170 lr:0.000297 t:8.3s
tttg: c109/170 lr:0.000288 t:8.4s
tttg: c110/170 lr:0.000280 t:8.5s
tttg: c111/170 lr:0.000272 t:8.5s
tttg: c112/170 lr:0.000264 t:8.6s
tttg: c113/170 lr:0.000255 t:8.7s
tttg: c114/170 lr:0.000247 t:8.8s
tttg: c115/170 lr:0.000239 t:8.8s
tttg: c116/170 lr:0.000231 t:8.9s
tttg: c117/170 lr:0.000224 t:9.0s
tttg: c118/170 lr:0.000216 t:9.1s
tttg: c119/170 lr:0.000208 t:9.1s
tttg: c120/170 lr:0.000201 t:9.2s
tttg: c121/170 lr:0.000193 t:9.3s
tttg: c122/170 lr:0.000186 t:9.4s
tttg: c123/170 lr:0.000179 t:9.5s
tttg: c124/170 lr:0.000172 t:9.5s
tttg: c125/170 lr:0.000165 t:9.6s
tttg: c126/170 lr:0.000158 t:9.7s
tttg: c127/170 lr:0.000151 t:9.8s
tttg: c128/170 lr:0.000145 t:9.8s
tttg: c129/170 lr:0.000138 t:9.9s
tttg: c130/170 lr:0.000132 t:10.0s
tttg: c131/170 lr:0.000126 t:10.1s
tttg: c132/170 lr:0.000120 t:10.2s
tttg: c133/170 lr:0.000114 t:10.2s
tttg: c134/170 lr:0.000108 t:10.3s
tttg: c135/170 lr:0.000102 t:10.4s
tttg: c136/170 lr:0.000097 t:10.5s
tttg: c137/170 lr:0.000091 t:10.5s
tttg: c138/170 lr:0.000086 t:10.6s
tttg: c139/170 lr:0.000081 t:10.7s
tttg: c140/170 lr:0.000076 t:10.8s
tttg: c141/170 lr:0.000071 t:10.8s
tttg: c142/170 lr:0.000066 t:10.9s
tttg: c143/170 lr:0.000062 t:11.0s
tttg: c144/170 lr:0.000057 t:11.1s
tttg: c145/170 lr:0.000053 t:11.2s
tttg: c146/170 lr:0.000049 t:11.2s
tttg: c147/170 lr:0.000045 t:11.3s
tttg: c148/170 lr:0.000041 t:11.4s
tttg: c149/170 lr:0.000038 t:11.5s
tttg: c150/170 lr:0.000034 t:11.5s
tttg: c151/170 lr:0.000031 t:11.6s
tttg: c152/170 lr:0.000028 t:11.7s
tttg: c153/170 lr:0.000025 t:11.8s
tttg: c154/170 lr:0.000022 t:11.8s
tttg: c155/170 lr:0.000019 t:11.9s
tttg: c156/170 lr:0.000017 t:12.0s
tttg: c157/170 lr:0.000015 t:12.1s
tttg: c158/170 lr:0.000012 t:12.1s
tttg: c159/170 lr:0.000010 t:12.2s
tttg: c160/170 lr:0.000009 t:12.3s
tttg: c161/170 lr:0.000007 t:12.4s
tttg: c162/170 lr:0.000006 t:12.4s
tttg: c163/170 lr:0.000004 t:12.5s
tttg: c164/170 lr:0.000003 t:12.6s
tttg: c165/170 lr:0.000002 t:12.7s
tttg: c166/170 lr:0.000001 t:12.8s
tttg: c167/170 lr:0.000001 t:12.8s
tttg: c168/170 lr:0.000000 t:12.9s
tttg: c169/170 lr:0.000000 t:13.0s
ttpr: phase:3/3 t:276.5s
ttp: b747/782 bl:2.7751 bb:1.0555 rl:2.6849 rb:1.0684 dl:2501-2538 gd:1
ttp: b739/782 bl:2.8156 bb:1.0691 rl:2.6974 rb:1.0685 dl:2227-2253 gd:1
ttp: b730/782 bl:2.7543 bb:1.0843 rl:2.7018 rb:1.0697 dl:1995-2016 gd:1
ttp: b726/782 bl:2.7874 bb:1.0608 rl:2.7078 rb:1.0691 dl:1915-1936 gd:1
ttp: b713/782 bl:2.8272 bb:1.0431 rl:2.7148 rb:1.0674 dl:1697-1711 gd:1
ttp: b710/782 bl:2.7478 bb:1.0653 rl:2.7166 rb:1.0673 dl:1661-1673 gd:1
ttp: b700/782 bl:2.6637 bb:1.0396 rl:2.7141 rb:1.0660 dl:1552-1562 gd:1
ttp: b687/782 bl:2.7068 bb:1.0453 rl:2.7137 rb:1.0651 dl:1432-1441 gd:1
ttp: b679/782 bl:2.8405 bb:1.0822 rl:2.7187 rb:1.0658 dl:1368-1374 gd:1
ttp: b671/782 bl:2.8658 bb:1.1107 rl:2.7240 rb:1.0674 dl:1316-1321 gd:1
ttp: b663/782 bl:2.7867 bb:1.0577 rl:2.7261 rb:1.0671 dl:1264-1269 gd:1
ttp: b655/782 bl:2.6726 bb:1.0166 rl:2.7244 rb:1.0655 dl:1215-1220 gd:1
ttp: b647/782 bl:2.7405 bb:1.0433 rl:2.7249 rb:1.0648 dl:1171-1177 gd:1
ttp: b641/782 bl:2.7529 bb:1.0365 rl:2.7257 rb:1.0640 dl:1140-1144 gd:1
ttp: b633/782 bl:2.8130 bb:1.0976 rl:2.7279 rb:1.0649 dl:1101-1105 gd:1
ttp: b626/782 bl:2.7996 bb:1.0403 rl:2.7297 rb:1.0642 dl:1068-1073 gd:1
ttp: b618/782 bl:2.7279 bb:1.0458 rl:2.7297 rb:1.0638 dl:1031-1037 gd:1
ttp: b610/782 bl:2.8185 bb:1.0582 rl:2.7316 rb:1.0637 dl:999-1004 gd:1
ttp: b602/782 bl:2.7689 bb:1.0357 rl:2.7324 rb:1.0630 dl:966-971 gd:1
ttp: b594/782 bl:2.8867 bb:1.0963 rl:2.7354 rb:1.0637 dl:937-940 gd:1
ttp: b587/782 bl:2.7695 bb:1.0575 rl:2.7361 rb:1.0636 dl:914-917 gd:1
ttp: b579/782 bl:2.6246 bb:1.0003 rl:2.7341 rb:1.0624 dl:888-891 gd:1
ttp: b571/782 bl:2.6973 bb:1.0289 rl:2.7334 rb:1.0618 dl:862-865 gd:1
ttp: b563/782 bl:2.7873 bb:1.0574 rl:2.7343 rb:1.0618 dl:837-840 gd:1
ttp: b555/782 bl:2.7526 bb:1.0505 rl:2.7346 rb:1.0616 dl:812-815 gd:1
ttp: b547/782 bl:2.7192 bb:1.0269 rl:2.7344 rb:1.0611 dl:790-793 gd:1
ttp: b539/782 bl:2.7116 bb:1.0382 rl:2.7340 rb:1.0607 dl:769-771 gd:1
ttp: b531/782 bl:2.7579 bb:1.0460 rl:2.7344 rb:1.0605 dl:750-752 gd:1
ttp: b523/782 bl:2.7968 bb:1.0503 rl:2.7352 rb:1.0604 dl:730-732 gd:1
ttp: b515/782 bl:2.7703 bb:1.0678 rl:2.7357 rb:1.0605 dl:710-713 gd:1
ttp: b507/782 bl:2.7466 bb:1.0369 rl:2.7358 rb:1.0602 dl:690-693 gd:1
ttp: b499/782 bl:2.7735 bb:1.0467 rl:2.7362 rb:1.0600 dl:673-675 gd:1
ttp: b491/782 bl:2.7282 bb:1.0279 rl:2.7361 rb:1.0596 dl:655-657 gd:1
ttp: b483/782 bl:2.7335 bb:1.0453 rl:2.7361 rb:1.0595 dl:639-641 gd:1
ttp: b476/782 bl:2.7413 bb:1.0469 rl:2.7362 rb:1.0593 dl:624-626 gd:1
ttp: b469/782 bl:2.7825 bb:1.1064 rl:2.7367 rb:1.0598 dl:610-611 gd:1
ttp: b461/782 bl:2.7579 bb:1.0517 rl:2.7369 rb:1.0597 dl:595-597 gd:1
ttp: b454/782 bl:2.8153 bb:1.0660 rl:2.7376 rb:1.0598 dl:582-584 gd:1
ttp: b446/782 bl:2.8130 bb:1.0857 rl:2.7383 rb:1.0600 dl:568-569 gd:1
ttp: b438/782 bl:2.7057 bb:1.0527 rl:2.7380 rb:1.0600 dl:553-555 gd:1
ttp: b430/782 bl:2.7526 bb:1.0450 rl:2.7381 rb:1.0598 dl:539-540 gd:1
ttp: b422/782 bl:2.7282 bb:1.0403 rl:2.7381 rb:1.0597 dl:524-526 gd:1
ttp: b414/782 bl:2.8058 bb:1.0816 rl:2.7386 rb:1.0598 dl:511-513 gd:1
ttp: b406/782 bl:2.8240 bb:1.0995 rl:2.7393 rb:1.0602 dl:498-500 gd:1
ttp: b398/782 bl:2.8675 bb:1.0891 rl:2.7403 rb:1.0604 dl:486-487 gd:1
ttp: b390/782 bl:2.7983 bb:1.0854 rl:2.7407 rb:1.0606 dl:473-475 gd:1
ttp: b382/782 bl:2.8986 bb:1.1284 rl:2.7418 rb:1.0610 dl:461-463 gd:1
ttp: b374/782 bl:2.7477 bb:1.0677 rl:2.7418 rb:1.0611 dl:450-452 gd:1
ttp: b366/782 bl:2.8691 bb:1.1232 rl:2.7427 rb:1.0615 dl:439-440 gd:1
ttp: b358/782 bl:2.8036 bb:1.0837 rl:2.7431 rb:1.0616 dl:427-429 gd:1
ttp: b350/782 bl:2.7189 bb:1.0546 rl:2.7429 rb:1.0616 dl:417-418 gd:1
ttp: b342/782 bl:2.8575 bb:1.0994 rl:2.7436 rb:1.0618 dl:406-407 gd:1
ttp: b334/782 bl:2.8592 bb:1.1002 rl:2.7443 rb:1.0620 dl:395-396 gd:1
ttp: b326/782 bl:2.8505 bb:1.1266 rl:2.7449 rb:1.0624 dl:385-387 gd:1
ttp: b318/782 bl:2.8087 bb:1.0654 rl:2.7452 rb:1.0624 dl:374-376 gd:1
ttp: b310/782 bl:2.7808 bb:1.0773 rl:2.7454 rb:1.0625 dl:364-365 gd:1
ttp: b302/782 bl:2.8220 bb:1.0945 rl:2.7458 rb:1.0627 dl:354-355 gd:1
ttp: b293/782 bl:2.7530 bb:1.0635 rl:2.7458 rb:1.0627 dl:343-345 gd:1
ttp: b286/782 bl:2.8702 bb:1.0903 rl:2.7464 rb:1.0628 dl:335-336 gd:1
ttp: b278/782 bl:2.8769 bb:1.1343 rl:2.7470 rb:1.0631 dl:326-327 gd:1
ttp: b270/782 bl:2.7666 bb:1.0857 rl:2.7471 rb:1.0632 dl:318-319 gd:1
ttp: b262/782 bl:2.8428 bb:1.1100 rl:2.7476 rb:1.0634 dl:309-310 gd:1
ttp: b254/782 bl:2.8932 bb:1.1396 rl:2.7482 rb:1.0637 dl:299-300 gd:1
ttp: b246/782 bl:2.8815 bb:1.1286 rl:2.7487 rb:1.0640 dl:291-292 gd:1
ttp: b238/782 bl:2.8774 bb:1.1414 rl:2.7492 rb:1.0643 dl:283-284 gd:1
ttp: b230/782 bl:2.9029 bb:1.1108 rl:2.7498 rb:1.0645 dl:275-276 gd:1
ttp: b222/782 bl:2.8608 bb:1.1114 rl:2.7502 rb:1.0647 dl:267-268 gd:1
ttp: b215/782 bl:2.8370 bb:1.1384 rl:2.7505 rb:1.0649 dl:260-261 gd:1
ttp: b208/782 bl:2.8072 bb:1.1084 rl:2.7507 rb:1.0651 dl:254-254 gd:1
ttp: b200/782 bl:2.8430 bb:1.0927 rl:2.7510 rb:1.0651 dl:247-247 gd:1
ttp: b191/782 bl:2.9232 bb:1.1415 rl:2.7516 rb:1.0654 dl:238-239 gd:1
ttp: b183/782 bl:2.8550 bb:1.1396 rl:2.7519 rb:1.0656 dl:231-232 gd:1
ttp: b175/782 bl:2.8365 bb:1.1119 rl:2.7522 rb:1.0658 dl:225-225 gd:1
ttp: b166/782 bl:2.9654 bb:1.1433 rl:2.7528 rb:1.0660 dl:217-218 gd:1
ttp: b160/782 bl:2.8530 bb:1.1213 rl:2.7531 rb:1.0661 dl:212-212 gd:1
ttp: b151/782 bl:2.7927 bb:1.1006 rl:2.7532 rb:1.0662 dl:204-205 gd:1
ttp: b143/782 bl:3.0067 bb:1.1910 rl:2.7539 rb:1.0666 dl:198-199 gd:1
ttp: b135/782 bl:2.9218 bb:1.1383 rl:2.7543 rb:1.0667 dl:191-192 gd:1
ttp: b127/782 bl:2.8956 bb:1.1446 rl:2.7546 rb:1.0669 dl:185-186 gd:1
ttp: b119/782 bl:2.7959 bb:1.0827 rl:2.7547 rb:1.0670 dl:179-180 gd:1
ttp: b112/782 bl:2.9844 bb:1.1543 rl:2.7553 rb:1.0672 dl:174-175 gd:1
ttp: b104/782 bl:2.9849 bb:1.1615 rl:2.7558 rb:1.0674 dl:168-169 gd:1
ttp: b96/782 bl:2.9291 bb:1.1448 rl:2.7562 rb:1.0675 dl:162-163 gd:1
ttp: b90/782 bl:3.0057 bb:1.1856 rl:2.7567 rb:1.0678 dl:158-158 gd:1
ttp: b80/782 bl:2.9010 bb:1.1883 rl:2.7570 rb:1.0680 dl:150-151 gd:1
ttp: b73/782 bl:3.0284 bb:1.1980 rl:2.7575 rb:1.0682 dl:144-145 gd:1
ttp: b69/782 bl:3.0861 bb:1.2244 rl:2.7581 rb:1.0685 dl:142-142 gd:1
ttp: b59/782 bl:3.0391 bb:1.1871 rl:2.7586 rb:1.0687 dl:134-134 gd:1
ttp: b50/782 bl:2.9582 bb:1.2143 rl:2.7589 rb:1.0690 dl:126-127 gd:1
ttp: b42/782 bl:3.1010 bb:1.2414 rl:2.7594 rb:1.0692 dl:120-121 gd:1
ttp: b37/782 bl:3.0720 bb:1.2060 rl:2.7599 rb:1.0694 dl:116-117 gd:1
ttp: b29/782 bl:3.0524 bb:1.2440 rl:2.7603 rb:1.0697 dl:109-110 gd:1
ttp: b21/782 bl:3.1911 bb:1.2408 rl:2.7609 rb:1.0699 dl:102-103 gd:1
ttp: b13/782 bl:3.1196 bb:1.2556 rl:2.7613 rb:1.0701 dl:93-94 gd:1
ttp: b6/782 bl:3.2675 bb:1.2748 rl:2.7619 rb:1.0703 dl:82-84 gd:1
quantized_ttt_phased val_loss:2.76204584 val_bpb:1.06927402 eval_time:367745ms
total_eval_time:367.7s
=== [Wed Apr 29 05:11:22 UTC 2026] Finished p1500s314 seed=314 ===
