=== [Wed Apr 29 04:26:13 UTC 2026] Starting p1500s42 seed=42 ===
W0429 04:26:14.779000 196013 torch/distributed/run.py:803] 
W0429 04:26:14.779000 196013 torch/distributed/run.py:803] *****************************************
W0429 04:26:14.779000 196013 torch/distributed/run.py:803] Setting OMP_NUM_THREADS environment variable for each process to be 1 in default, to avoid your system being overloaded, please further tune the variable for optimal performance in your application as needed. 
W0429 04:26:14.779000 196013 torch/distributed/run.py:803] *****************************************
Hyperparameters:
  adam_eps: 1e-08
  adam_wd: 0.02
  artifact_dir: 
  attn_clip_sigmas: 13.0
  beta1: 0.9
  beta2: 0.95
  compressor: brotli
  data_dir: data
  datasets_dir: data/datasets/fineweb10B_sp8192
  distributed: True
  ema_decay: 0.9965
  embed_bits: 7
  embed_clip_sigmas: 15.0
  embed_lr: 0.6
  embed_wd: 0.085
  enable_looping_at: 0.35
  eval_seq_len: 2048
  eval_stride: 64
  fused_ce_enabled: True
  global_ttt_batch_seqs: 32
  global_ttt_chunk_tokens: 32768
  global_ttt_epochs: 1
  global_ttt_grad_clip: 1.0
  global_ttt_lr: 0.001
  global_ttt_momentum: 0.9
  global_ttt_respect_doc_boundaries: True
  global_ttt_warmup_chunks: 0
  global_ttt_warmup_start_lr: 0.0
  gptq_calibration_batches: 16
  gptq_reserve_seconds: 0.5
  grad_accum_steps: 1
  grad_clip_norm: 0.3
  is_main_process: True
  iterations: 20000
  ln_scale: True
  local_rank: 0
  logfile: logs/739d82ad-4fe9-40de-b7ea-18cb5ce9242f.txt
  logit_softcap: 30.0
  loop_end: 5
  loop_start: 3
  matrix_bits: 6
  matrix_clip_sigmas: 12.85
  matrix_lr: 0.026
  max_wallclock_seconds: 600.0
  min_lr: 0.1
  mlp_clip_sigmas: 12.0
  mlp_mult: 4.0
  model_dim: 512
  model_path: final_model.pt
  muon_backend_steps: 5
  muon_momentum: 0.97
  muon_momentum_warmup_start: 0.92
  muon_momentum_warmup_steps: 1500
  muon_row_normalize: True
  muon_wd: 0.095
  num_heads: 8
  num_kv_heads: 4
  num_layers: 11
  num_loops: 2
  parallel_final_lane: mean
  parallel_start_layer: 8
  phased_ttt_enabled: True
  phased_ttt_num_phases: 3
  phased_ttt_prefix_docs: 1500
  qk_gain_init: 5.0
  quantized_model_path: final_model.int6.ptz
  rank: 0
  rope_base: 10000.0
  rope_dims: 16
  rope_train_seq_len: 2048
  rope_yarn: False
  run_id: 739d82ad-4fe9-40de-b7ea-18cb5ce9242f
  scalar_lr: 0.02
  seed: 42
  skip_gates_enabled: True
  sliding_window_enabled: False
  tie_embeddings: True
  tied_embed_init_std: 0.005
  tied_embed_lr: 0.03
  tokenizer_path: tokenizers/fineweb_8192_bpe.model
  train_batch_tokens: 786432
  train_files: datasets/fineweb10B_sp8192/fineweb_train_*.bin
  train_log_every: 500
  train_seq_len: 2048
  ttt_batch_size: 64
  ttt_beta1: 0.0
  ttt_beta2: 0.999
  ttt_chunk_size: 48
  ttt_enabled: True
  ttt_eval_batches: 
  ttt_eval_seq_len: 2048
  ttt_grad_steps: 1
  ttt_k_lora: True
  ttt_lora_lr: 0.0001
  ttt_lora_rank: 128
  ttt_mlp_lora: True
  ttt_o_lora: True
  ttt_optimizer: adam
  ttt_weight_decay: 2.0
  val_batch_tokens: 524288
  val_doc_fraction: 1.0
  val_files: datasets/fineweb10B_sp8192/fineweb_val_*.bin
  val_loss_every: 0
  vocab_size: 8192
  warmdown_frac: 0.75
  warmup_steps: 20
  world_size: 8
  xsa_last_n: 11
train_shards: 84
val_tokens: 40540160
model_params:35989658
gptq:reserving 0s, effective=599500ms
warmup_cu_buckets:64,128,192,256 iters_each:3
warmup_step: 1/20
warmup_step: 2/20
warmup_step: 3/20
warmup_step: 4/20
warmup_step: 5/20
warmup_step: 6/20
warmup_step: 10/20
warmup_step: 20/20
loop_warmup:enabled encoder:[0, 1, 2, 3, 4, 5, 3, 4] decoder:[5, 3, 4, 5, 6, 7, 8, 9, 10]
loop_warmup_step: 1/20
loop_warmup_step: 2/20
loop_warmup_step: 3/20
loop_warmup_step: 4/20
loop_warmup_step: 5/20
loop_warmup_step: 6/20
loop_warmup_step: 10/20
loop_warmup_step: 20/20
1/20000 train_loss: 9.0071 train_time: 0.0m tok/s: 12924215
2/20000 train_loss: 12.3064 train_time: 0.0m tok/s: 8516737
3/20000 train_loss: 11.2158 train_time: 0.0m tok/s: 8575897
4/20000 train_loss: 9.5469 train_time: 0.0m tok/s: 8525841
5/20000 train_loss: 8.1694 train_time: 0.0m tok/s: 8512838
500/20000 train_loss: 3.2596 train_time: 0.8m tok/s: 8156461
1000/20000 train_loss: 3.1064 train_time: 1.6m tok/s: 8093330
1500/20000 train_loss: 2.9757 train_time: 2.4m tok/s: 8084286
2000/20000 train_loss: 2.9505 train_time: 3.2m tok/s: 8082648
layer_loop:enabled step:2157 frac:0.350 encoder:[0, 1, 2, 3, 4, 5, 3, 4] decoder:[5, 3, 4, 5, 6, 7, 8, 9, 10]
2500/20000 train_loss: 2.9354 train_time: 4.3m tok/s: 7594948
3000/20000 train_loss: 2.9468 train_time: 5.5m tok/s: 7148119
3500/20000 train_loss: 2.9042 train_time: 6.7m tok/s: 6860185
4000/20000 train_loss: 2.8384 train_time: 7.9m tok/s: 6658862
4500/20000 train_loss: 2.8521 train_time: 9.1m tok/s: 6510542
4893/20000 val_loss: 2.7912 val_bpb: 1.0805
stopping_early: wallclock_cap train_time: 599478ms step: 4893/20000
peak memory allocated: 41574 MiB reserved: 46878 MiB
ema:applying EMA weights
diagnostic pre-quantization post-ema val_loss:2.76453129 val_bpb:1.07020172 eval_time:8253ms
Serialized model: 135592891 bytes
Code size (uncompressed): 132822 bytes
Code size (compressed): 29755 bytes
GPTQ:collecting Hessians from calibration data...
GPTQ:collected 67 Hessians in 3.5s
Quantized weights:
  gptq (int6): blocks.attn.c_k.weight, blocks.attn.c_q.weight, blocks.attn.c_v.weight, blocks.attn.proj.weight, blocks.mlp.fc.weight, blocks.mlp.proj.weight
  gptq (int7): tok_emb.weight
  int8_per_row: blocks.attn.attn_gate_w
  passthrough (float16): blocks.attn.q_gain, blocks.attn_scale, blocks.mlp_scale, blocks.resid_mix, parallel_post_lambdas, parallel_resid_lambdas, skip_gates, skip_weights
Serialized model quantized+brotli: 15948832 bytes
Total submission size quantized+brotli: 15978587 bytes
diagnostic quantized val_loss:2.79064443 val_bpb:1.08031061 eval_time:9065ms
ttt_lora:warming up compile (random tokens, no val data)
ttt_lora:compile warmup done (103.8s)

beginning TTT eval timer
ttt_phased: total_docs:50000 prefix_docs:1500 suffix_docs:48500 num_phases:3 boundaries:[500, 1000, 1500]
ttp: b780/782 bl:2.6102 bb:1.0709 rl:2.6102 rb:1.0709 dl:11071-14414 gd:0
ttpp: phase:1/3 pd:912 gd:500 t:198.5s
tttg: c1/77 lr:0.001000 t:0.3s
tttg: c2/77 lr:0.001000 t:0.4s
tttg: c3/77 lr:0.000998 t:0.5s
tttg: c4/77 lr:0.000996 t:0.6s
tttg: c5/77 lr:0.000993 t:0.7s
tttg: c6/77 lr:0.000989 t:0.7s
tttg: c7/77 lr:0.000985 t:0.8s
tttg: c8/77 lr:0.000979 t:0.9s
tttg: c9/77 lr:0.000973 t:1.0s
tttg: c10/77 lr:0.000966 t:1.1s
tttg: c11/77 lr:0.000958 t:1.1s
tttg: c12/77 lr:0.000949 t:1.2s
tttg: c13/77 lr:0.000940 t:1.3s
tttg: c14/77 lr:0.000930 t:1.4s
tttg: c15/77 lr:0.000919 t:1.4s
tttg: c16/77 lr:0.000907 t:1.5s
tttg: c17/77 lr:0.000895 t:1.6s
tttg: c18/77 lr:0.000882 t:1.7s
tttg: c19/77 lr:0.000868 t:1.7s
tttg: c20/77 lr:0.000854 t:1.8s
tttg: c21/77 lr:0.000839 t:1.9s
tttg: c22/77 lr:0.000823 t:2.0s
tttg: c23/77 lr:0.000807 t:2.0s
tttg: c24/77 lr:0.000791 t:2.1s
tttg: c25/77 lr:0.000773 t:2.2s
tttg: c26/77 lr:0.000756 t:2.3s
tttg: c27/77 lr:0.000738 t:2.3s
tttg: c28/77 lr:0.000720 t:2.4s
tttg: c29/77 lr:0.000701 t:2.5s
tttg: c30/77 lr:0.000682 t:2.6s
tttg: c31/77 lr:0.000662 t:2.6s
tttg: c32/77 lr:0.000643 t:2.7s
tttg: c33/77 lr:0.000623 t:2.8s
tttg: c34/77 lr:0.000603 t:2.9s
tttg: c35/77 lr:0.000582 t:2.9s
tttg: c36/77 lr:0.000562 t:3.0s
tttg: c37/77 lr:0.000541 t:3.1s
tttg: c38/77 lr:0.000521 t:3.2s
tttg: c39/77 lr:0.000500 t:3.2s
tttg: c40/77 lr:0.000479 t:3.3s
tttg: c41/77 lr:0.000459 t:3.4s
tttg: c42/77 lr:0.000438 t:3.5s
tttg: c43/77 lr:0.000418 t:3.5s
tttg: c44/77 lr:0.000397 t:3.6s
tttg: c45/77 lr:0.000377 t:3.7s
tttg: c46/77 lr:0.000357 t:3.8s
tttg: c47/77 lr:0.000338 t:3.8s
tttg: c48/77 lr:0.000318 t:3.9s
tttg: c49/77 lr:0.000299 t:4.0s
tttg: c50/77 lr:0.000280 t:4.1s
tttg: c51/77 lr:0.000262 t:4.1s
tttg: c52/77 lr:0.000244 t:4.2s
tttg: c53/77 lr:0.000227 t:4.3s
tttg: c54/77 lr:0.000209 t:4.4s
tttg: c55/77 lr:0.000193 t:4.4s
tttg: c56/77 lr:0.000177 t:4.5s
tttg: c57/77 lr:0.000161 t:4.6s
tttg: c58/77 lr:0.000146 t:4.7s
tttg: c59/77 lr:0.000132 t:4.7s
tttg: c60/77 lr:0.000118 t:4.8s
tttg: c61/77 lr:0.000105 t:4.9s
tttg: c62/77 lr:0.000093 t:5.0s
tttg: c63/77 lr:0.000081 t:5.0s
tttg: c64/77 lr:0.000070 t:5.1s
tttg: c65/77 lr:0.000060 t:5.2s
tttg: c66/77 lr:0.000051 t:5.3s
tttg: c67/77 lr:0.000042 t:5.3s
tttg: c68/77 lr:0.000034 t:5.4s
tttg: c69/77 lr:0.000027 t:5.5s
tttg: c70/77 lr:0.000021 t:5.6s
tttg: c71/77 lr:0.000015 t:5.6s
tttg: c72/77 lr:0.000011 t:5.7s
tttg: c73/77 lr:0.000007 t:5.8s
tttg: c74/77 lr:0.000004 t:5.9s
tttg: c75/77 lr:0.000002 t:5.9s
tttg: c76/77 lr:0.000000 t:6.0s
ttpr: phase:1/3 t:207.4s
ttp: b762/782 bl:2.8196 bb:1.0732 rl:2.6558 rb:1.0715 dl:3431-3533 gd:0
ttpp: phase:2/3 pd:1488 gd:1000 t:276.0s
tttg: c1/126 lr:0.001000 t:0.1s
tttg: c2/126 lr:0.001000 t:0.2s
tttg: c3/126 lr:0.000999 t:0.2s
tttg: c4/126 lr:0.000999 t:0.3s
tttg: c5/126 lr:0.000997 t:0.4s
tttg: c6/126 lr:0.000996 t:0.5s
tttg: c7/126 lr:0.000994 t:0.5s
tttg: c8/126 lr:0.000992 t:0.6s
tttg: c9/126 lr:0.000990 t:0.7s
tttg: c10/126 lr:0.000987 t:0.8s
tttg: c11/126 lr:0.000984 t:0.8s
tttg: c12/126 lr:0.000981 t:0.9s
tttg: c13/126 lr:0.000977 t:1.0s
tttg: c14/126 lr:0.000974 t:1.1s
tttg: c15/126 lr:0.000969 t:1.1s
tttg: c16/126 lr:0.000965 t:1.2s
tttg: c17/126 lr:0.000960 t:1.3s
tttg: c18/126 lr:0.000955 t:1.4s
tttg: c19/126 lr:0.000950 t:1.4s
tttg: c20/126 lr:0.000944 t:1.5s
tttg: c21/126 lr:0.000938 t:1.6s
tttg: c22/126 lr:0.000932 t:1.7s
tttg: c23/126 lr:0.000925 t:1.7s
tttg: c24/126 lr:0.000919 t:1.8s
tttg: c25/126 lr:0.000912 t:1.9s
tttg: c26/126 lr:0.000905 t:2.0s
tttg: c27/126 lr:0.000897 t:2.0s
tttg: c28/126 lr:0.000889 t:2.1s
tttg: c29/126 lr:0.000881 t:2.2s
tttg: c30/126 lr:0.000873 t:2.2s
tttg: c31/126 lr:0.000864 t:2.3s
tttg: c32/126 lr:0.000856 t:2.4s
tttg: c33/126 lr:0.000847 t:2.5s
tttg: c34/126 lr:0.000838 t:2.5s
tttg: c35/126 lr:0.000828 t:2.6s
tttg: c36/126 lr:0.000819 t:2.7s
tttg: c37/126 lr:0.000809 t:2.8s
tttg: c38/126 lr:0.000799 t:2.8s
tttg: c39/126 lr:0.000789 t:2.9s
tttg: c40/126 lr:0.000778 t:3.0s
tttg: c41/126 lr:0.000768 t:3.1s
tttg: c42/126 lr:0.000757 t:3.1s
tttg: c43/126 lr:0.000746 t:3.2s
tttg: c44/126 lr:0.000735 t:3.3s
tttg: c45/126 lr:0.000724 t:3.4s
tttg: c46/126 lr:0.000713 t:3.5s
tttg: c47/126 lr:0.000701 t:3.5s
tttg: c48/126 lr:0.000690 t:3.6s
tttg: c49/126 lr:0.000678 t:3.7s
tttg: c50/126 lr:0.000666 t:3.8s
tttg: c51/126 lr:0.000655 t:3.8s
tttg: c52/126 lr:0.000643 t:3.9s
tttg: c53/126 lr:0.000630 t:4.0s
tttg: c54/126 lr:0.000618 t:4.0s
tttg: c55/126 lr:0.000606 t:4.1s
tttg: c56/126 lr:0.000594 t:4.2s
tttg: c57/126 lr:0.000581 t:4.3s
tttg: c58/126 lr:0.000569 t:4.4s
tttg: c59/126 lr:0.000556 t:4.4s
tttg: c60/126 lr:0.000544 t:4.5s
tttg: c61/126 lr:0.000531 t:4.6s
tttg: c62/126 lr:0.000519 t:4.7s
tttg: c63/126 lr:0.000506 t:4.7s
tttg: c64/126 lr:0.000494 t:4.8s
tttg: c65/126 lr:0.000481 t:4.9s
tttg: c66/126 lr:0.000469 t:5.0s
tttg: c67/126 lr:0.000456 t:5.0s
tttg: c68/126 lr:0.000444 t:5.1s
tttg: c69/126 lr:0.000431 t:5.2s
tttg: c70/126 lr:0.000419 t:5.3s
tttg: c71/126 lr:0.000406 t:5.3s
tttg: c72/126 lr:0.000394 t:5.4s
tttg: c73/126 lr:0.000382 t:5.5s
tttg: c74/126 lr:0.000370 t:5.6s
tttg: c75/126 lr:0.000357 t:5.6s
tttg: c76/126 lr:0.000345 t:5.7s
tttg: c77/126 lr:0.000334 t:5.8s
tttg: c78/126 lr:0.000322 t:5.9s
tttg: c79/126 lr:0.000310 t:5.9s
tttg: c80/126 lr:0.000299 t:6.0s
tttg: c81/126 lr:0.000287 t:6.1s
tttg: c82/126 lr:0.000276 t:6.2s
tttg: c83/126 lr:0.000265 t:6.2s
tttg: c84/126 lr:0.000254 t:6.3s
tttg: c85/126 lr:0.000243 t:6.4s
tttg: c86/126 lr:0.000232 t:6.5s
tttg: c87/126 lr:0.000222 t:6.5s
tttg: c88/126 lr:0.000211 t:6.6s
tttg: c89/126 lr:0.000201 t:6.7s
tttg: c90/126 lr:0.000191 t:6.8s
tttg: c91/126 lr:0.000181 t:6.8s
tttg: c92/126 lr:0.000172 t:6.9s
tttg: c93/126 lr:0.000162 t:7.0s
tttg: c94/126 lr:0.000153 t:7.1s
tttg: c95/126 lr:0.000144 t:7.1s
tttg: c96/126 lr:0.000136 t:7.2s
tttg: c97/126 lr:0.000127 t:7.3s
tttg: c98/126 lr:0.000119 t:7.4s
tttg: c99/126 lr:0.000111 t:7.4s
tttg: c100/126 lr:0.000103 t:7.5s
tttg: c101/126 lr:0.000095 t:7.6s
tttg: c102/126 lr:0.000088 t:7.7s
tttg: c103/126 lr:0.000081 t:7.7s
tttg: c104/126 lr:0.000075 t:7.8s
tttg: c105/126 lr:0.000068 t:7.9s
tttg: c106/126 lr:0.000062 t:8.0s
tttg: c107/126 lr:0.000056 t:8.0s
tttg: c108/126 lr:0.000050 t:8.1s
tttg: c109/126 lr:0.000045 t:8.2s
tttg: c110/126 lr:0.000040 t:8.3s
tttg: c111/126 lr:0.000035 t:8.3s
tttg: c112/126 lr:0.000031 t:8.4s
tttg: c113/126 lr:0.000026 t:8.5s
tttg: c114/126 lr:0.000023 t:8.6s
tttg: c115/126 lr:0.000019 t:8.7s
tttg: c116/126 lr:0.000016 t:8.7s
tttg: c117/126 lr:0.000013 t:8.8s
tttg: c118/126 lr:0.000010 t:8.9s
tttg: c119/126 lr:0.000008 t:9.0s
tttg: c120/126 lr:0.000006 t:9.0s
tttg: c121/126 lr:0.000004 t:9.1s
tttg: c122/126 lr:0.000003 t:9.2s
tttg: c123/126 lr:0.000001 t:9.3s
tttg: c124/126 lr:0.000001 t:9.3s
tttg: c125/126 lr:0.000000 t:9.4s
ttpr: phase:2/3 t:288.3s
ttp: b757/782 bl:2.6318 bb:1.0171 rl:2.6519 rb:1.0624 dl:3033-3108 gd:0
ttpp: phase:3/3 pd:2000 gd:1500 t:298.5s
tttg: c1/170 lr:0.001000 t:0.1s
tttg: c2/170 lr:0.001000 t:0.1s
tttg: c3/170 lr:0.001000 t:0.2s
tttg: c4/170 lr:0.000999 t:0.3s
tttg: c5/170 lr:0.000999 t:0.4s
tttg: c6/170 lr:0.000998 t:0.4s
tttg: c7/170 lr:0.000997 t:0.5s
tttg: c8/170 lr:0.000996 t:0.6s
tttg: c9/170 lr:0.000994 t:0.7s
tttg: c10/170 lr:0.000993 t:0.7s
tttg: c11/170 lr:0.000991 t:0.8s
tttg: c12/170 lr:0.000990 t:0.9s
tttg: c13/170 lr:0.000988 t:1.0s
tttg: c14/170 lr:0.000985 t:1.0s
tttg: c15/170 lr:0.000983 t:1.1s
tttg: c16/170 lr:0.000981 t:1.2s
tttg: c17/170 lr:0.000978 t:1.3s
tttg: c18/170 lr:0.000975 t:1.3s
tttg: c19/170 lr:0.000972 t:1.4s
tttg: c20/170 lr:0.000969 t:1.5s
tttg: c21/170 lr:0.000966 t:1.6s
tttg: c22/170 lr:0.000962 t:1.6s
tttg: c23/170 lr:0.000959 t:1.7s
tttg: c24/170 lr:0.000955 t:1.8s
tttg: c25/170 lr:0.000951 t:1.9s
tttg: c26/170 lr:0.000947 t:3.5s
tttg: c27/170 lr:0.000943 t:3.6s
tttg: c28/170 lr:0.000938 t:3.7s
tttg: c29/170 lr:0.000934 t:3.8s
tttg: c30/170 lr:0.000929 t:3.8s
tttg: c31/170 lr:0.000924 t:3.9s
tttg: c32/170 lr:0.000919 t:4.0s
tttg: c33/170 lr:0.000914 t:4.1s
tttg: c34/170 lr:0.000909 t:4.1s
tttg: c35/170 lr:0.000903 t:4.2s
tttg: c36/170 lr:0.000898 t:4.3s
tttg: c37/170 lr:0.000892 t:4.4s
tttg: c38/170 lr:0.000886 t:4.4s
tttg: c39/170 lr:0.000880 t:4.5s
tttg: c40/170 lr:0.000874 t:4.6s
tttg: c41/170 lr:0.000868 t:4.7s
tttg: c42/170 lr:0.000862 t:4.7s
tttg: c43/170 lr:0.000855 t:4.8s
tttg: c44/170 lr:0.000849 t:4.9s
tttg: c45/170 lr:0.000842 t:5.0s
tttg: c46/170 lr:0.000835 t:5.0s
tttg: c47/170 lr:0.000828 t:5.1s
tttg: c48/170 lr:0.000821 t:5.2s
tttg: c49/170 lr:0.000814 t:5.2s
tttg: c50/170 lr:0.000807 t:5.3s
tttg: c51/170 lr:0.000799 t:5.4s
tttg: c52/170 lr:0.000792 t:5.5s
tttg: c53/170 lr:0.000784 t:5.5s
tttg: c54/170 lr:0.000776 t:5.6s
tttg: c55/170 lr:0.000769 t:5.7s
tttg: c56/170 lr:0.000761 t:5.8s
tttg: c57/170 lr:0.000753 t:5.8s
tttg: c58/170 lr:0.000745 t:5.9s
tttg: c59/170 lr:0.000736 t:6.0s
tttg: c60/170 lr:0.000728 t:6.1s
tttg: c61/170 lr:0.000720 t:6.1s
tttg: c62/170 lr:0.000712 t:6.2s
tttg: c63/170 lr:0.000703 t:6.3s
tttg: c64/170 lr:0.000695 t:6.4s
tttg: c65/170 lr:0.000686 t:6.4s
tttg: c66/170 lr:0.000677 t:6.5s
tttg: c67/170 lr:0.000669 t:6.6s
tttg: c68/170 lr:0.000660 t:6.7s
tttg: c69/170 lr:0.000651 t:6.7s
tttg: c70/170 lr:0.000642 t:6.8s
tttg: c71/170 lr:0.000633 t:6.9s
tttg: c72/170 lr:0.000624 t:7.0s
tttg: c73/170 lr:0.000615 t:7.1s
tttg: c74/170 lr:0.000606 t:7.1s
tttg: c75/170 lr:0.000597 t:7.2s
tttg: c76/170 lr:0.000588 t:7.3s
tttg: c77/170 lr:0.000579 t:7.4s
tttg: c78/170 lr:0.000569 t:7.4s
tttg: c79/170 lr:0.000560 t:7.5s
tttg: c80/170 lr:0.000551 t:7.6s
tttg: c81/170 lr:0.000542 t:7.7s
tttg: c82/170 lr:0.000533 t:7.7s
tttg: c83/170 lr:0.000523 t:7.8s
tttg: c84/170 lr:0.000514 t:7.9s
tttg: c85/170 lr:0.000505 t:7.9s
tttg: c86/170 lr:0.000495 t:8.0s
tttg: c87/170 lr:0.000486 t:8.1s
tttg: c88/170 lr:0.000477 t:8.2s
tttg: c89/170 lr:0.000467 t:8.2s
tttg: c90/170 lr:0.000458 t:8.3s
tttg: c91/170 lr:0.000449 t:8.4s
tttg: c92/170 lr:0.000440 t:8.5s
tttg: c93/170 lr:0.000431 t:8.5s
tttg: c94/170 lr:0.000421 t:8.6s
tttg: c95/170 lr:0.000412 t:8.7s
tttg: c96/170 lr:0.000403 t:8.8s
tttg: c97/170 lr:0.000394 t:8.8s
tttg: c98/170 lr:0.000385 t:8.9s
tttg: c99/170 lr:0.000376 t:9.0s
tttg: c100/170 lr:0.000367 t:9.1s
tttg: c101/170 lr:0.000358 t:9.1s
tttg: c102/170 lr:0.000349 t:9.2s
tttg: c103/170 lr:0.000340 t:9.3s
tttg: c104/170 lr:0.000331 t:9.4s
tttg: c105/170 lr:0.000323 t:9.4s
tttg: c106/170 lr:0.000314 t:9.5s
tttg: c107/170 lr:0.000305 t:9.6s
tttg: c108/170 lr:0.000297 t:9.7s
tttg: c109/170 lr:0.000288 t:9.7s
tttg: c110/170 lr:0.000280 t:9.8s
tttg: c111/170 lr:0.000272 t:9.9s
tttg: c112/170 lr:0.000264 t:10.0s
tttg: c113/170 lr:0.000255 t:10.0s
tttg: c114/170 lr:0.000247 t:10.1s
tttg: c115/170 lr:0.000239 t:10.2s
tttg: c116/170 lr:0.000231 t:10.3s
tttg: c117/170 lr:0.000224 t:10.4s
tttg: c118/170 lr:0.000216 t:10.4s
tttg: c119/170 lr:0.000208 t:10.5s
tttg: c120/170 lr:0.000201 t:10.6s
tttg: c121/170 lr:0.000193 t:10.7s
tttg: c122/170 lr:0.000186 t:10.7s
tttg: c123/170 lr:0.000179 t:10.8s
tttg: c124/170 lr:0.000172 t:10.9s
tttg: c125/170 lr:0.000165 t:10.9s
tttg: c126/170 lr:0.000158 t:11.0s
tttg: c127/170 lr:0.000151 t:11.1s
tttg: c128/170 lr:0.000145 t:11.2s
tttg: c129/170 lr:0.000138 t:11.3s
tttg: c130/170 lr:0.000132 t:11.3s
tttg: c131/170 lr:0.000126 t:11.4s
tttg: c132/170 lr:0.000120 t:11.5s
tttg: c133/170 lr:0.000114 t:11.5s
tttg: c134/170 lr:0.000108 t:11.6s
tttg: c135/170 lr:0.000102 t:11.7s
tttg: c136/170 lr:0.000097 t:11.8s
tttg: c137/170 lr:0.000091 t:11.8s
tttg: c138/170 lr:0.000086 t:11.9s
tttg: c139/170 lr:0.000081 t:12.0s
tttg: c140/170 lr:0.000076 t:12.1s
tttg: c141/170 lr:0.000071 t:12.1s
tttg: c142/170 lr:0.000066 t:12.2s
tttg: c143/170 lr:0.000062 t:12.3s
tttg: c144/170 lr:0.000057 t:12.4s
tttg: c145/170 lr:0.000053 t:12.4s
tttg: c146/170 lr:0.000049 t:12.5s
tttg: c147/170 lr:0.000045 t:12.6s
tttg: c148/170 lr:0.000041 t:12.7s
tttg: c149/170 lr:0.000038 t:12.8s
tttg: c150/170 lr:0.000034 t:12.8s
tttg: c151/170 lr:0.000031 t:12.9s
tttg: c152/170 lr:0.000028 t:13.0s
tttg: c153/170 lr:0.000025 t:13.1s
tttg: c154/170 lr:0.000022 t:13.1s
tttg: c155/170 lr:0.000019 t:13.2s
tttg: c156/170 lr:0.000017 t:13.3s
tttg: c157/170 lr:0.000015 t:13.4s
tttg: c158/170 lr:0.000012 t:13.4s
tttg: c159/170 lr:0.000010 t:13.5s
tttg: c160/170 lr:0.000009 t:13.6s
tttg: c161/170 lr:0.000007 t:13.7s
tttg: c162/170 lr:0.000006 t:13.7s
tttg: c163/170 lr:0.000004 t:13.8s
tttg: c164/170 lr:0.000003 t:13.9s
tttg: c165/170 lr:0.000002 t:14.0s
tttg: c166/170 lr:0.000001 t:14.0s
tttg: c167/170 lr:0.000001 t:14.1s
tttg: c168/170 lr:0.000000 t:14.2s
tttg: c169/170 lr:0.000000 t:14.3s
ttpr: phase:3/3 t:315.7s
ttp: b744/782 bl:2.6470 bb:1.0546 rl:2.6514 rb:1.0615 dl:2388-2419 gd:1
ttp: b741/782 bl:2.7933 bb:1.0996 rl:2.6651 rb:1.0653 dl:2286-2319 gd:1
ttp: b730/782 bl:2.7536 bb:1.0840 rl:2.6720 rb:1.0667 dl:1995-2016 gd:1
ttp: b725/782 bl:2.7482 bb:1.0652 rl:2.6772 rb:1.0666 dl:1900-1915 gd:1
ttp: b714/782 bl:2.7936 bb:1.0633 rl:2.6840 rb:1.0664 dl:1711-1725 gd:1
ttp: b710/782 bl:2.7451 bb:1.0643 rl:2.6873 rb:1.0663 dl:1661-1673 gd:1
ttp: b695/782 bl:2.7704 bb:1.0741 rl:2.6912 rb:1.0667 dl:1504-1513 gd:1
ttp: b687/782 bl:2.7059 bb:1.0450 rl:2.6918 rb:1.0657 dl:1432-1441 gd:1
ttp: b679/782 bl:2.8420 bb:1.0827 rl:2.6976 rb:1.0664 dl:1368-1374 gd:1
ttp: b671/782 bl:2.8692 bb:1.1120 rl:2.7038 rb:1.0681 dl:1316-1321 gd:1
ttp: b663/782 bl:2.7825 bb:1.0561 rl:2.7064 rb:1.0677 dl:1264-1269 gd:1
ttp: b655/782 bl:2.6692 bb:1.0153 rl:2.7052 rb:1.0660 dl:1215-1220 gd:1
ttp: b647/782 bl:2.7421 bb:1.0439 rl:2.7063 rb:1.0653 dl:1171-1177 gd:1
ttp: b640/782 bl:2.7740 bb:1.0796 rl:2.7081 rb:1.0657 dl:1134-1140 gd:1
ttp: b632/782 bl:2.7288 bb:1.0250 rl:2.7087 rb:1.0646 dl:1096-1101 gd:1
ttp: b625/782 bl:2.6609 bb:0.9997 rl:2.7075 rb:1.0630 dl:1064-1068 gd:1
ttp: b617/782 bl:2.7314 bb:1.0338 rl:2.7081 rb:1.0623 dl:1027-1031 gd:1
ttp: b609/782 bl:2.7748 bb:1.0533 rl:2.7095 rb:1.0621 dl:994-999 gd:1
ttp: b602/782 bl:2.7668 bb:1.0349 rl:2.7107 rb:1.0615 dl:966-971 gd:1
ttp: b594/782 bl:2.8885 bb:1.0970 rl:2.7142 rb:1.0622 dl:937-940 gd:1
ttp: b586/782 bl:2.7088 bb:1.0079 rl:2.7141 rb:1.0611 dl:911-914 gd:1
ttp: b578/782 bl:2.7875 bb:1.0620 rl:2.7154 rb:1.0611 dl:884-887 gd:1
ttp: b570/782 bl:2.7693 bb:1.0778 rl:2.7163 rb:1.0614 dl:858-862 gd:1
ttp: b563/782 bl:2.7891 bb:1.0581 rl:2.7175 rb:1.0614 dl:837-840 gd:1
ttp: b555/782 bl:2.7520 bb:1.0502 rl:2.7181 rb:1.0612 dl:812-815 gd:1
ttp: b547/782 bl:2.7221 bb:1.0280 rl:2.7181 rb:1.0607 dl:790-793 gd:1
ttp: b539/782 bl:2.7127 bb:1.0386 rl:2.7181 rb:1.0604 dl:769-771 gd:1
ttp: b531/782 bl:2.7588 bb:1.0464 rl:2.7186 rb:1.0602 dl:750-752 gd:1
ttp: b523/782 bl:2.8031 bb:1.0527 rl:2.7197 rb:1.0601 dl:730-732 gd:1
ttp: b515/782 bl:2.7717 bb:1.0683 rl:2.7204 rb:1.0602 dl:710-713 gd:1
ttp: b507/782 bl:2.7466 bb:1.0369 rl:2.7207 rb:1.0599 dl:690-693 gd:1
ttp: b499/782 bl:2.7706 bb:1.0456 rl:2.7213 rb:1.0597 dl:673-675 gd:1
ttp: b491/782 bl:2.7271 bb:1.0275 rl:2.7214 rb:1.0593 dl:655-657 gd:1
ttp: b483/782 bl:2.7282 bb:1.0433 rl:2.7215 rb:1.0591 dl:639-641 gd:1
ttp: b475/782 bl:2.7205 bb:1.0200 rl:2.7214 rb:1.0587 dl:622-623 gd:1
ttp: b467/782 bl:2.7792 bb:1.0499 rl:2.7220 rb:1.0586 dl:606-608 gd:1
ttp: b459/782 bl:2.7248 bb:1.0340 rl:2.7221 rb:1.0584 dl:591-593 gd:1
ttp: b451/782 bl:2.7635 bb:1.0586 rl:2.7225 rb:1.0584 dl:576-579 gd:1
ttp: b441/782 bl:2.6980 bb:1.0386 rl:2.7222 rb:1.0582 dl:559-560 gd:1
ttp: b432/782 bl:2.7559 bb:1.0485 rl:2.7225 rb:1.0581 dl:542-544 gd:1
ttp: b424/782 bl:2.7865 bb:1.0770 rl:2.7231 rb:1.0583 dl:528-530 gd:1
ttp: b413/782 bl:2.6337 bb:0.9930 rl:2.7223 rb:1.0577 dl:510-511 gd:1
ttp: b405/782 bl:2.8064 bb:1.0607 rl:2.7230 rb:1.0577 dl:497-498 gd:1
ttp: b397/782 bl:2.8713 bb:1.0908 rl:2.7241 rb:1.0580 dl:484-486 gd:1
ttp: b389/782 bl:2.7782 bb:1.0582 rl:2.7245 rb:1.0580 dl:471-473 gd:1
ttp: b381/782 bl:2.8900 bb:1.0852 rl:2.7257 rb:1.0582 dl:460-461 gd:1
ttp: b373/782 bl:2.7481 bb:1.0727 rl:2.7259 rb:1.0583 dl:449-450 gd:1
ttp: b365/782 bl:2.7742 bb:1.0812 rl:2.7262 rb:1.0584 dl:437-439 gd:1
ttp: b358/782 bl:2.8067 bb:1.0849 rl:2.7267 rb:1.0586 dl:427-429 gd:1
ttp: b351/782 bl:2.8243 bb:1.0870 rl:2.7273 rb:1.0588 dl:418-419 gd:1
ttp: b344/782 bl:2.8725 bb:1.1011 rl:2.7282 rb:1.0591 dl:408-410 gd:1
ttp: b336/782 bl:2.9394 bb:1.1616 rl:2.7294 rb:1.0597 dl:398-399 gd:1
ttp: b328/782 bl:2.7750 bb:1.0760 rl:2.7297 rb:1.0597 dl:388-389 gd:1
ttp: b320/782 bl:2.7530 bb:1.0740 rl:2.7298 rb:1.0598 dl:377-378 gd:1
ttp: b313/782 bl:2.8156 bb:1.0844 rl:2.7303 rb:1.0600 dl:368-369 gd:1
ttp: b306/782 bl:2.8605 bb:1.1317 rl:2.7310 rb:1.0603 dl:359-361 gd:1
ttp: b299/782 bl:2.8918 bb:1.1214 rl:2.7318 rb:1.0606 dl:351-352 gd:1
ttp: b292/782 bl:2.7717 bb:1.0740 rl:2.7320 rb:1.0607 dl:342-343 gd:1
ttp: b284/782 bl:2.8673 bb:1.0809 rl:2.7326 rb:1.0608 dl:333-334 gd:1
ttp: b276/782 bl:2.8331 bb:1.0980 rl:2.7331 rb:1.0610 dl:324-325 gd:1
ttp: b268/782 bl:2.8538 bb:1.0972 rl:2.7336 rb:1.0611 dl:315-316 gd:1
ttp: b260/782 bl:2.8125 bb:1.0971 rl:2.7340 rb:1.0613 dl:306-307 gd:1
ttp: b252/782 bl:2.8874 bb:1.1251 rl:2.7346 rb:1.0616 dl:297-298 gd:1
ttp: b244/782 bl:2.9290 bb:1.1488 rl:2.7354 rb:1.0619 dl:289-290 gd:1
ttp: b235/782 bl:2.9107 bb:1.1064 rl:2.7361 rb:1.0621 dl:280-281 gd:1
ttp: b227/782 bl:2.7961 bb:1.0843 rl:2.7363 rb:1.0622 dl:272-273 gd:1
ttp: b219/782 bl:2.8909 bb:1.1279 rl:2.7369 rb:1.0624 dl:264-265 gd:1
ttp: b211/782 bl:2.8709 bb:1.1437 rl:2.7374 rb:1.0627 dl:256-257 gd:1
ttp: b203/782 bl:2.7660 bb:1.0866 rl:2.7374 rb:1.0628 dl:249-250 gd:1
ttp: b195/782 bl:2.8274 bb:1.1067 rl:2.7377 rb:1.0629 dl:242-243 gd:1
ttp: b187/782 bl:2.8918 bb:1.1150 rl:2.7382 rb:1.0631 dl:235-236 gd:1
ttp: b178/782 bl:2.8513 bb:1.1372 rl:2.7386 rb:1.0633 dl:227-228 gd:1
ttp: b170/782 bl:2.9921 bb:1.1700 rl:2.7393 rb:1.0636 dl:220-221 gd:1
ttp: b162/782 bl:2.9511 bb:1.1450 rl:2.7400 rb:1.0639 dl:213-214 gd:1
ttp: b153/782 bl:3.0140 bb:1.1627 rl:2.7407 rb:1.0641 dl:206-207 gd:1
ttp: b146/782 bl:2.8849 bb:1.1452 rl:2.7411 rb:1.0643 dl:200-201 gd:1
ttp: b139/782 bl:2.9789 bb:1.1529 rl:2.7417 rb:1.0646 dl:195-195 gd:1
ttp: b130/782 bl:3.1224 bb:1.2273 rl:2.7427 rb:1.0650 dl:187-188 gd:1
ttp: b120/782 bl:2.9707 bb:1.1673 rl:2.7432 rb:1.0652 dl:180-181 gd:1
ttp: b114/782 bl:2.9813 bb:1.1803 rl:2.7438 rb:1.0655 dl:176-176 gd:1
ttp: b105/782 bl:3.0523 bb:1.2227 rl:2.7445 rb:1.0658 dl:169-170 gd:1
ttp: b97/782 bl:2.9978 bb:1.1711 rl:2.7450 rb:1.0661 dl:163-164 gd:1
ttp: b91/782 bl:3.0140 bb:1.2063 rl:2.7456 rb:1.0663 dl:158-159 gd:1
ttp: b85/782 bl:2.9892 bb:1.2001 rl:2.7461 rb:1.0666 dl:154-154 gd:1
ttp: b76/782 bl:3.0359 bb:1.2180 rl:2.7466 rb:1.0669 dl:147-148 gd:1
ttp: b68/782 bl:3.0896 bb:1.2003 rl:2.7473 rb:1.0671 dl:141-142 gd:1
ttp: b62/782 bl:2.9738 bb:1.2029 rl:2.7477 rb:1.0674 dl:136-137 gd:1
ttp: b55/782 bl:3.0771 bb:1.2358 rl:2.7482 rb:1.0676 dl:130-131 gd:1
ttp: b47/782 bl:2.9314 bb:1.1715 rl:2.7485 rb:1.0678 dl:124-125 gd:1
ttp: b40/782 bl:2.9647 bb:1.1925 rl:2.7489 rb:1.0680 dl:119-119 gd:1
ttp: b31/782 bl:3.1771 bb:1.2591 rl:2.7495 rb:1.0683 dl:111-112 gd:1
ttp: b22/782 bl:3.1592 bb:1.2315 rl:2.7500 rb:1.0685 dl:103-104 gd:1
ttp: b14/782 bl:3.1217 bb:1.2277 rl:2.7505 rb:1.0687 dl:94-95 gd:1
ttp: b7/782 bl:3.2100 bb:1.2317 rl:2.7510 rb:1.0689 dl:84-86 gd:1
quantized_ttt_phased val_loss:2.76141007 val_bpb:1.06902789 eval_time:409328ms
total_eval_time:409.3s
=== [Wed Apr 29 04:49:07 UTC 2026] Finished p1500s42 seed=42 ===
