[Thu Apr 23 01:51:52 UTC 2026] Starting SP8192 dexhunter experiment: pure_ttt_sp8192_dxgat_seed1337_8gpu
Extra args: SEED=1337 PHASED_TTT_ENABLED=1 PHASED_TTT_PREFIX_DOCS=2000 PHASED_TTT_NUM_PHASES=3 MLP_CLIP_SIGMAS=12.0 ATTN_CLIP_SIGMAS=13.0 EMBED_BITS=7 EMBED_CLIP_SIGMAS=15.0 MATRIX_LR=0.026 GPTQ_RESERVE_SECONDS=4 GPTQ_CALIBRATION_BATCHES=16 TTT_LORA_RANK=128 TTT_LORA_ALPHA=144 TTT_WARM_START_A=1 TTT_WEIGHT_DECAY=1.0 GATED_ATTN_ENABLED=1 GATED_ATTN_INIT_STD=0.005
torch: 2.9.1+cu128
FA3 interface: OK
[Thu Apr 23 01:51:56 UTC 2026] GPU check:
0, 1 MiB, 0 %
1, 1 MiB, 0 %
2, 1 MiB, 0 %
3, 1 MiB, 0 %
4, 1 MiB, 0 %
5, 1 MiB, 0 %
6, 1 MiB, 0 %
7, 1 MiB, 0 %
W0423 01:51:57.623000 112 torch/distributed/run.py:803] 
W0423 01:51:57.623000 112 torch/distributed/run.py:803] *****************************************
W0423 01:51:57.623000 112 torch/distributed/run.py:803] Setting OMP_NUM_THREADS environment variable for each process to be 1 in default, to avoid your system being overloaded, please further tune the variable for optimal performance in your application as needed. 
W0423 01:51:57.623000 112 torch/distributed/run.py:803] *****************************************
Hyperparameters:
  adam_eps: 1e-08
  adam_wd: 0.02
  artifact_dir: 
  attn_clip_sigmas: 13.0
  beta1: 0.9
  beta2: 0.95
  compressor: brotli
  data_dir: DATA_DIR
  datasets_dir: DATA_DIR/datasets/fineweb10B_sp8192
  distributed: True
  ema_decay: 0.9965
  embed_bits: 7
  embed_clip_sigmas: 15.0
  embed_lr: 0.6
  embed_wd: 0.085
  enable_looping_at: 0.35
  eval_seq_len: 2048
  eval_stride: 64
  global_ttt_batch_seqs: 32
  global_ttt_chunk_tokens: 32768
  global_ttt_epochs: 1
  global_ttt_grad_clip: 1.0
  global_ttt_lr: 0.001
  global_ttt_momentum: 0.9
  global_ttt_respect_doc_boundaries: True
  global_ttt_warmup_chunks: 0
  global_ttt_warmup_start_lr: 0.0
  gptq_calibration_batches: 16
  gptq_reserve_seconds: 4.0
  grad_accum_steps: 1
  grad_clip_norm: 0.3
  is_main_process: True
  iterations: 20000
  ln_scale: True
  local_rank: 0
  logfile: logs/0e93f542-9dcb-446f-bb67-4e0de69b1856.txt
  logit_softcap: 30.0
  loop_end: 5
  loop_start: 3
  matrix_bits: 6
  matrix_clip_sigmas: 12.85
  matrix_lr: 0.026
  max_wallclock_seconds: 600.0
  min_lr: 0.0
  mlp_clip_sigmas: 12.0
  mlp_mult: 4.0
  model_dim: 512
  model_path: final_model.pt
  muon_backend_steps: 5
  muon_momentum: 0.97
  muon_momentum_warmup_start: 0.92
  muon_momentum_warmup_steps: 1500
  muon_row_normalize: True
  muon_wd: 0.095
  num_heads: 8
  num_kv_heads: 4
  num_layers: 11
  num_loops: 2
  parallel_final_lane: mean
  parallel_start_layer: 8
  phased_ttt_enabled: True
  phased_ttt_num_phases: 3
  phased_ttt_prefix_docs: 2000
  qk_gain_init: 5.0
  quantized_model_path: final_model.int6.ptz
  rank: 0
  rope_base: 10000.0
  rope_dims: 16
  rope_train_seq_len: 2048
  rope_yarn: False
  run_id: 0e93f542-9dcb-446f-bb67-4e0de69b1856
  scalar_lr: 0.02
  seed: 1337
  skip_gates_enabled: True
  sliding_window_enabled: False
  tie_embeddings: True
  tied_embed_init_std: 0.005
  tied_embed_lr: 0.03
  tokenizer_path: DATA_DIR/tokenizers/fineweb_8192_bpe.model
  train_batch_tokens: 786432
  train_files: DATA_DIR/datasets/fineweb10B_sp8192/fineweb_train_*.bin
  train_log_every: 500
  train_seq_len: 2048
  ttt_batch_size: 64
  ttt_beta1: 0.0
  ttt_beta2: 0.999
  ttt_chunk_size: 48
  ttt_enabled: True
  ttt_eval_batches: 
  ttt_eval_seq_len: 2048
  ttt_grad_steps: 1
  ttt_k_lora: True
  ttt_lora_lr: 0.0001
  ttt_lora_rank: 128
  ttt_mlp_lora: True
  ttt_o_lora: True
  ttt_optimizer: adam
  ttt_weight_decay: 1.0
  val_batch_tokens: 524288
  val_doc_fraction: 1.0
  val_files: DATA_DIR/datasets/fineweb10B_sp8192/fineweb_val_*.bin
  val_loss_every: 4000
  vocab_size: 8192
  warmdown_frac: 0.75
  warmup_steps: 20
  world_size: 8
  xsa_last_n: 11
train_shards: 80
val_tokens: 40540160
model_params:35989658
gptq:reserving 4s, effective=596000ms
warmup_cu_buckets:64,128,192,256 iters_each:3
warmup_step: 1/20
warmup_step: 2/20
warmup_step: 3/20
warmup_step: 4/20
warmup_step: 5/20
warmup_step: 6/20
warmup_step: 10/20
warmup_step: 20/20
loop_warmup:enabled encoder:[0, 1, 2, 3, 4, 5, 3, 4] decoder:[5, 3, 4, 5, 6, 7, 8, 9, 10]
loop_warmup_step: 1/20
loop_warmup_step: 2/20
loop_warmup_step: 3/20
loop_warmup_step: 4/20
loop_warmup_step: 5/20
loop_warmup_step: 6/20
loop_warmup_step: 10/20
loop_warmup_step: 20/20
0/20000 val_loss: 9.0072 val_bpb: 3.4869
1/20000 train_loss: 9.0070 train_time: 0.0m tok/s: 12830946
2/20000 train_loss: 12.2711 train_time: 0.0m tok/s: 11482742
3/20000 train_loss: 11.1887 train_time: 0.0m tok/s: 10232466
4/20000 train_loss: 9.5386 train_time: 0.0m tok/s: 9601160
5/20000 train_loss: 8.1687 train_time: 0.0m tok/s: 9289429
500/20000 train_loss: 3.2646 train_time: 0.8m tok/s: 8078816
1000/20000 train_loss: 3.0211 train_time: 1.6m tok/s: 8022943
1500/20000 train_loss: 3.0256 train_time: 2.5m tok/s: 7837046
2000/20000 train_loss: 2.9793 train_time: 3.3m tok/s: 7886513
layer_loop:enabled step:2093 frac:0.350 encoder:[0, 1, 2, 3, 4, 5, 3, 4] decoder:[5, 3, 4, 5, 6, 7, 8, 9, 10]
2500/20000 train_loss: 3.0619 train_time: 4.4m tok/s: 7369065
3000/20000 train_loss: 2.9018 train_time: 5.6m tok/s: 6974980
3500/20000 train_loss: 2.9699 train_time: 6.8m tok/s: 6722995
4000/20000 train_loss: 2.8993 train_time: 8.0m tok/s: 6542495
4000/20000 val_loss: 2.8726 val_bpb: 1.1120
4500/20000 train_loss: 2.8434 train_time: 9.2m tok/s: 6410147
4809/20000 val_loss: 2.7707 val_bpb: 1.0726
stopping_early: wallclock_cap train_time: 596043ms step: 4809/20000
peak memory allocated: 40055 MiB reserved: 44064 MiB
ema:applying EMA weights
diagnostic pre-quantization post-ema val_loss:2.76963480 val_bpb:1.07217739 eval_time:6855ms
Serialized model: 135592891 bytes
Code size (uncompressed): 124694 bytes
Code size (compressed): 27960 bytes
GPTQ:collecting Hessians from calibration data...
GPTQ:collected 67 Hessians in 3.6s
Quantized weights:
  gptq (int6): blocks.attn.c_k.weight, blocks.attn.c_q.weight, blocks.attn.c_v.weight, blocks.attn.proj.weight, blocks.mlp.fc.weight, blocks.mlp.proj.weight
  gptq (int7): tok_emb.weight
  int8_per_row: blocks.attn.attn_gate_w
  passthrough (float16): blocks.attn.q_gain, blocks.attn_scale, blocks.mlp_scale, blocks.resid_mix, parallel_post_lambdas, parallel_resid_lambdas, skip_gates, skip_weights
Serialized model quantized+brotli: 15948847 bytes
Total submission size quantized+brotli: 15976807 bytes
diagnostic quantized val_loss:2.79648429 val_bpb:1.08257133 eval_time:58641ms
ttt_lora:warming up compile (random tokens, no val data)
ttt_lora:compile warmup done (159.7s)

beginning TTT eval timer
ttt_phased: total_docs:50000 prefix_docs:2000 suffix_docs:48000 num_phases:3 boundaries:[666, 1333, 2000]
ttp: b776/782 bl:2.7166 bb:1.0869 rl:2.7166 rb:1.0869 dl:6364-7180 gd:0
ttp: b773/782 bl:2.6496 bb:1.0751 rl:2.6870 rb:1.0817 dl:5203-5550 gd:0
ttp: b768/782 bl:2.7015 bb:1.0841 rl:2.6907 rb:1.0824 dl:4128-4306 gd:0
ttpp: phase:1/3 pd:1104 gd:666 t:209.0s
tttg: c1/95 lr:0.001000 t:1.7s
tttg: c2/95 lr:0.001000 t:1.8s
tttg: c3/95 lr:0.000999 t:1.9s
tttg: c4/95 lr:0.000997 t:1.9s
tttg: c5/95 lr:0.000996 t:2.0s
tttg: c6/95 lr:0.000993 t:2.1s
tttg: c7/95 lr:0.000990 t:2.2s
tttg: c8/95 lr:0.000986 t:2.3s
tttg: c9/95 lr:0.000982 t:2.3s
tttg: c10/95 lr:0.000978 t:2.4s
tttg: c11/95 lr:0.000972 t:2.5s
tttg: c12/95 lr:0.000967 t:2.6s
tttg: c13/95 lr:0.000960 t:2.7s
tttg: c14/95 lr:0.000954 t:2.7s
tttg: c15/95 lr:0.000946 t:2.8s
tttg: c16/95 lr:0.000938 t:2.9s
tttg: c17/95 lr:0.000930 t:3.0s
tttg: c18/95 lr:0.000921 t:3.0s
tttg: c19/95 lr:0.000912 t:3.1s
tttg: c20/95 lr:0.000903 t:3.2s
tttg: c21/95 lr:0.000892 t:3.3s
tttg: c22/95 lr:0.000882 t:3.3s
tttg: c23/95 lr:0.000871 t:3.4s
tttg: c24/95 lr:0.000859 t:3.5s
tttg: c25/95 lr:0.000848 t:3.6s
tttg: c26/95 lr:0.000835 t:3.6s
tttg: c27/95 lr:0.000823 t:3.7s
tttg: c28/95 lr:0.000810 t:3.8s
tttg: c29/95 lr:0.000797 t:3.9s
tttg: c30/95 lr:0.000783 t:3.9s
tttg: c31/95 lr:0.000769 t:4.0s
tttg: c32/95 lr:0.000755 t:4.1s
tttg: c33/95 lr:0.000740 t:4.2s
tttg: c34/95 lr:0.000726 t:4.2s
tttg: c35/95 lr:0.000710 t:4.3s
tttg: c36/95 lr:0.000695 t:4.4s
tttg: c37/95 lr:0.000680 t:4.5s
tttg: c38/95 lr:0.000664 t:4.5s
tttg: c39/95 lr:0.000648 t:4.6s
tttg: c40/95 lr:0.000632 t:4.7s
tttg: c41/95 lr:0.000616 t:4.8s
tttg: c42/95 lr:0.000600 t:4.8s
tttg: c43/95 lr:0.000583 t:4.9s
tttg: c44/95 lr:0.000567 t:5.0s
tttg: c45/95 lr:0.000550 t:5.1s
tttg: c46/95 lr:0.000533 t:5.1s
tttg: c47/95 lr:0.000517 t:5.2s
tttg: c48/95 lr:0.000500 t:5.3s
tttg: c49/95 lr:0.000483 t:5.4s
tttg: c50/95 lr:0.000467 t:5.4s
tttg: c51/95 lr:0.000450 t:5.5s
tttg: c52/95 lr:0.000433 t:5.6s
tttg: c53/95 lr:0.000417 t:5.7s
tttg: c54/95 lr:0.000400 t:5.7s
tttg: c55/95 lr:0.000384 t:5.8s
tttg: c56/95 lr:0.000368 t:5.9s
tttg: c57/95 lr:0.000352 t:6.0s
tttg: c58/95 lr:0.000336 t:6.0s
tttg: c59/95 lr:0.000320 t:6.1s
tttg: c60/95 lr:0.000305 t:6.2s
tttg: c61/95 lr:0.000290 t:6.3s
tttg: c62/95 lr:0.000274 t:6.4s
tttg: c63/95 lr:0.000260 t:6.4s
tttg: c64/95 lr:0.000245 t:6.5s
tttg: c65/95 lr:0.000231 t:6.6s
tttg: c66/95 lr:0.000217 t:6.7s
tttg: c67/95 lr:0.000203 t:6.7s
tttg: c68/95 lr:0.000190 t:6.8s
tttg: c69/95 lr:0.000177 t:6.9s
tttg: c70/95 lr:0.000165 t:7.0s
tttg: c71/95 lr:0.000152 t:7.1s
tttg: c72/95 lr:0.000141 t:7.2s
tttg: c73/95 lr:0.000129 t:7.2s
tttg: c74/95 lr:0.000118 t:7.3s
tttg: c75/95 lr:0.000108 t:7.4s
tttg: c76/95 lr:0.000097 t:7.5s
tttg: c77/95 lr:0.000088 t:7.5s
tttg: c78/95 lr:0.000079 t:7.6s
tttg: c79/95 lr:0.000070 t:7.7s
tttg: c80/95 lr:0.000062 t:7.8s
tttg: c81/95 lr:0.000054 t:7.9s
tttg: c82/95 lr:0.000046 t:8.0s
tttg: c83/95 lr:0.000040 t:8.1s
tttg: c84/95 lr:0.000033 t:8.1s
tttg: c85/95 lr:0.000028 t:8.2s
tttg: c86/95 lr:0.000022 t:8.3s
tttg: c87/95 lr:0.000018 t:8.4s
tttg: c88/95 lr:0.000014 t:8.4s
tttg: c89/95 lr:0.000010 t:8.5s
tttg: c90/95 lr:0.000007 t:8.6s
tttg: c91/95 lr:0.000004 t:8.7s
tttg: c92/95 lr:0.000003 t:8.7s
tttg: c93/95 lr:0.000001 t:8.8s
tttg: c94/95 lr:0.000000 t:8.9s
ttpr: phase:1/3 t:220.4s
ttp: b757/782 bl:2.6341 bb:1.0180 rl:2.6817 rb:1.0718 dl:3033-3108 gd:0
ttp: b756/782 bl:2.7785 bb:1.0769 rl:2.6947 rb:1.0725 dl:2973-3032 gd:0
ttpp: phase:2/3 pd:1808 gd:1333 t:334.4s
tttg: c1/158 lr:0.001000 t:0.1s
tttg: c2/158 lr:0.001000 t:0.2s
tttg: c3/158 lr:0.001000 t:0.2s
tttg: c4/158 lr:0.000999 t:0.3s
tttg: c5/158 lr:0.000998 t:0.4s
tttg: c6/158 lr:0.000997 t:0.5s
tttg: c7/158 lr:0.000996 t:0.5s
tttg: c8/158 lr:0.000995 t:0.6s
tttg: c9/158 lr:0.000994 t:0.7s
tttg: c10/158 lr:0.000992 t:0.8s
tttg: c11/158 lr:0.000990 t:0.9s
tttg: c12/158 lr:0.000988 t:0.9s
tttg: c13/158 lr:0.000986 t:1.0s
tttg: c14/158 lr:0.000983 t:1.1s
tttg: c15/158 lr:0.000981 t:1.2s
tttg: c16/158 lr:0.000978 t:1.2s
tttg: c17/158 lr:0.000975 t:1.3s
tttg: c18/158 lr:0.000971 t:1.4s
tttg: c19/158 lr:0.000968 t:1.5s
tttg: c20/158 lr:0.000964 t:1.5s
tttg: c21/158 lr:0.000960 t:1.6s
tttg: c22/158 lr:0.000957 t:1.7s
tttg: c23/158 lr:0.000952 t:1.8s
tttg: c24/158 lr:0.000948 t:1.8s
tttg: c25/158 lr:0.000943 t:1.9s
tttg: c26/158 lr:0.000939 t:2.0s
tttg: c27/158 lr:0.000934 t:2.1s
tttg: c28/158 lr:0.000929 t:2.1s
tttg: c29/158 lr:0.000924 t:2.2s
tttg: c30/158 lr:0.000918 t:2.3s
tttg: c31/158 lr:0.000913 t:2.4s
tttg: c32/158 lr:0.000907 t:2.4s
tttg: c33/158 lr:0.000901 t:2.5s
tttg: c34/158 lr:0.000895 t:2.6s
tttg: c35/158 lr:0.000889 t:2.7s
tttg: c36/158 lr:0.000882 t:2.7s
tttg: c37/158 lr:0.000876 t:2.8s
tttg: c38/158 lr:0.000869 t:2.9s
tttg: c39/158 lr:0.000862 t:3.0s
tttg: c40/158 lr:0.000855 t:3.0s
tttg: c41/158 lr:0.000848 t:3.1s
tttg: c42/158 lr:0.000841 t:3.2s
tttg: c43/158 lr:0.000834 t:3.3s
tttg: c44/158 lr:0.000826 t:3.3s
tttg: c45/158 lr:0.000818 t:3.4s
tttg: c46/158 lr:0.000811 t:3.5s
tttg: c47/158 lr:0.000803 t:3.6s
tttg: c48/158 lr:0.000795 t:3.6s
tttg: c49/158 lr:0.000787 t:3.7s
tttg: c50/158 lr:0.000778 t:3.8s
tttg: c51/158 lr:0.000770 t:3.9s
tttg: c52/158 lr:0.000761 t:3.9s
tttg: c53/158 lr:0.000753 t:4.0s
tttg: c54/158 lr:0.000744 t:4.1s
tttg: c55/158 lr:0.000735 t:4.2s
tttg: c56/158 lr:0.000727 t:4.2s
tttg: c57/158 lr:0.000718 t:4.3s
tttg: c58/158 lr:0.000709 t:4.4s
tttg: c59/158 lr:0.000699 t:4.5s
tttg: c60/158 lr:0.000690 t:4.5s
tttg: c61/158 lr:0.000681 t:4.6s
tttg: c62/158 lr:0.000672 t:4.7s
tttg: c63/158 lr:0.000662 t:4.8s
tttg: c64/158 lr:0.000653 t:4.8s
tttg: c65/158 lr:0.000643 t:4.9s
tttg: c66/158 lr:0.000633 t:5.0s
tttg: c67/158 lr:0.000624 t:5.1s
tttg: c68/158 lr:0.000614 t:5.1s
tttg: c69/158 lr:0.000604 t:5.2s
tttg: c70/158 lr:0.000594 t:5.3s
tttg: c71/158 lr:0.000585 t:5.4s
tttg: c72/158 lr:0.000575 t:5.5s
tttg: c73/158 lr:0.000565 t:5.5s
tttg: c74/158 lr:0.000555 t:5.6s
tttg: c75/158 lr:0.000545 t:5.7s
tttg: c76/158 lr:0.000535 t:5.8s
tttg: c77/158 lr:0.000525 t:5.8s
tttg: c78/158 lr:0.000515 t:5.9s
tttg: c79/158 lr:0.000505 t:6.0s
tttg: c80/158 lr:0.000495 t:6.1s
tttg: c81/158 lr:0.000485 t:6.1s
tttg: c82/158 lr:0.000475 t:6.2s
tttg: c83/158 lr:0.000465 t:6.3s
tttg: c84/158 lr:0.000455 t:6.4s
tttg: c85/158 lr:0.000445 t:6.5s
tttg: c86/158 lr:0.000435 t:6.5s
tttg: c87/158 lr:0.000425 t:6.6s
tttg: c88/158 lr:0.000415 t:6.7s
tttg: c89/158 lr:0.000406 t:6.8s
tttg: c90/158 lr:0.000396 t:6.8s
tttg: c91/158 lr:0.000386 t:6.9s
tttg: c92/158 lr:0.000376 t:7.0s
tttg: c93/158 lr:0.000367 t:7.1s
tttg: c94/158 lr:0.000357 t:7.1s
tttg: c95/158 lr:0.000347 t:7.2s
tttg: c96/158 lr:0.000338 t:7.3s
tttg: c97/158 lr:0.000328 t:7.3s
tttg: c98/158 lr:0.000319 t:7.4s
tttg: c99/158 lr:0.000310 t:7.5s
tttg: c100/158 lr:0.000301 t:7.6s
tttg: c101/158 lr:0.000291 t:7.6s
tttg: c102/158 lr:0.000282 t:7.7s
tttg: c103/158 lr:0.000273 t:7.8s
tttg: c104/158 lr:0.000265 t:7.9s
tttg: c105/158 lr:0.000256 t:7.9s
tttg: c106/158 lr:0.000247 t:8.0s
tttg: c107/158 lr:0.000239 t:8.1s
tttg: c108/158 lr:0.000230 t:8.2s
tttg: c109/158 lr:0.000222 t:8.2s
tttg: c110/158 lr:0.000213 t:8.3s
tttg: c111/158 lr:0.000205 t:8.4s
tttg: c112/158 lr:0.000197 t:8.5s
tttg: c113/158 lr:0.000189 t:8.6s
tttg: c114/158 lr:0.000182 t:8.6s
tttg: c115/158 lr:0.000174 t:8.7s
tttg: c116/158 lr:0.000166 t:8.8s
tttg: c117/158 lr:0.000159 t:8.8s
tttg: c118/158 lr:0.000152 t:8.9s
tttg: c119/158 lr:0.000145 t:9.0s
tttg: c120/158 lr:0.000138 t:9.1s
tttg: c121/158 lr:0.000131 t:9.1s
tttg: c122/158 lr:0.000124 t:9.2s
tttg: c123/158 lr:0.000118 t:9.3s
tttg: c124/158 lr:0.000111 t:9.4s
tttg: c125/158 lr:0.000105 t:9.5s
tttg: c126/158 lr:0.000099 t:9.5s
tttg: c127/158 lr:0.000093 t:9.6s
tttg: c128/158 lr:0.000087 t:9.7s
tttg: c129/158 lr:0.000082 t:9.8s
tttg: c130/158 lr:0.000076 t:9.9s
tttg: c131/158 lr:0.000071 t:9.9s
tttg: c132/158 lr:0.000066 t:10.0s
tttg: c133/158 lr:0.000061 t:10.1s
tttg: c134/158 lr:0.000057 t:10.2s
tttg: c135/158 lr:0.000052 t:10.2s
tttg: c136/158 lr:0.000048 t:10.3s
tttg: c137/158 lr:0.000043 t:10.4s
tttg: c138/158 lr:0.000040 t:10.5s
tttg: c139/158 lr:0.000036 t:10.6s
tttg: c140/158 lr:0.000032 t:10.6s
tttg: c141/158 lr:0.000029 t:10.7s
tttg: c142/158 lr:0.000025 t:10.8s
tttg: c143/158 lr:0.000022 t:10.9s
tttg: c144/158 lr:0.000019 t:10.9s
tttg: c145/158 lr:0.000017 t:11.0s
tttg: c146/158 lr:0.000014 t:11.1s
tttg: c147/158 lr:0.000012 t:11.2s
tttg: c148/158 lr:0.000010 t:11.2s
tttg: c149/158 lr:0.000008 t:11.3s
tttg: c150/158 lr:0.000006 t:11.4s
tttg: c151/158 lr:0.000005 t:11.5s
tttg: c152/158 lr:0.000004 t:11.5s
tttg: c153/158 lr:0.000003 t:11.6s
tttg: c154/158 lr:0.000002 t:11.7s
tttg: c155/158 lr:0.000001 t:11.8s
tttg: c156/158 lr:0.000000 t:11.8s
tttg: c157/158 lr:0.000000 t:11.9s
ttpr: phase:2/3 t:348.9s
ttp: b746/782 bl:2.6792 bb:1.0549 rl:2.6932 rb:1.0707 dl:2459-2501 gd:0
ttp: b744/782 bl:2.6497 bb:1.0556 rl:2.6893 rb:1.0694 dl:2388-2419 gd:0
ttpp: phase:3/3 pd:2448 gd:2000 t:362.9s
tttg: c1/213 lr:0.001000 t:0.1s
tttg: c2/213 lr:0.001000 t:0.2s
tttg: c3/213 lr:0.001000 t:0.2s
tttg: c4/213 lr:0.001000 t:0.3s
tttg: c5/213 lr:0.000999 t:0.4s
tttg: c6/213 lr:0.000999 t:0.5s
tttg: c7/213 lr:0.000998 t:0.6s
tttg: c8/213 lr:0.000997 t:0.6s
tttg: c9/213 lr:0.000996 t:0.7s
tttg: c10/213 lr:0.000996 t:0.8s
tttg: c11/213 lr:0.000995 t:0.9s
tttg: c12/213 lr:0.000993 t:0.9s
tttg: c13/213 lr:0.000992 t:1.0s
tttg: c14/213 lr:0.000991 t:1.1s
tttg: c15/213 lr:0.000989 t:1.2s
tttg: c16/213 lr:0.000988 t:1.2s
tttg: c17/213 lr:0.000986 t:1.3s
tttg: c18/213 lr:0.000984 t:1.4s
tttg: c19/213 lr:0.000982 t:1.5s
tttg: c20/213 lr:0.000980 t:1.5s
tttg: c21/213 lr:0.000978 t:1.6s
tttg: c22/213 lr:0.000976 t:1.7s
tttg: c23/213 lr:0.000974 t:1.8s
tttg: c24/213 lr:0.000971 t:1.8s
tttg: c25/213 lr:0.000969 t:1.9s
tttg: c26/213 lr:0.000966 t:2.0s
tttg: c27/213 lr:0.000963 t:2.1s
tttg: c28/213 lr:0.000961 t:2.1s
tttg: c29/213 lr:0.000958 t:2.2s
tttg: c30/213 lr:0.000955 t:2.3s
tttg: c31/213 lr:0.000951 t:2.4s
tttg: c32/213 lr:0.000948 t:2.4s
tttg: c33/213 lr:0.000945 t:2.5s
tttg: c34/213 lr:0.000941 t:2.6s
tttg: c35/213 lr:0.000938 t:2.7s
tttg: c36/213 lr:0.000934 t:2.7s
tttg: c37/213 lr:0.000931 t:2.8s
tttg: c38/213 lr:0.000927 t:2.9s
tttg: c39/213 lr:0.000923 t:3.0s
tttg: c40/213 lr:0.000919 t:3.0s
tttg: c41/213 lr:0.000915 t:3.1s
tttg: c42/213 lr:0.000911 t:3.2s
tttg: c43/213 lr:0.000906 t:3.3s
tttg: c44/213 lr:0.000902 t:3.3s
tttg: c45/213 lr:0.000897 t:3.4s
tttg: c46/213 lr:0.000893 t:3.5s
tttg: c47/213 lr:0.000888 t:3.6s
tttg: c48/213 lr:0.000884 t:3.6s
tttg: c49/213 lr:0.000879 t:3.7s
tttg: c50/213 lr:0.000874 t:3.8s
tttg: c51/213 lr:0.000869 t:3.9s
tttg: c52/213 lr:0.000864 t:3.9s
tttg: c53/213 lr:0.000859 t:4.0s
tttg: c54/213 lr:0.000854 t:4.1s
tttg: c55/213 lr:0.000848 t:4.2s
tttg: c56/213 lr:0.000843 t:4.2s
tttg: c57/213 lr:0.000837 t:4.3s
tttg: c58/213 lr:0.000832 t:4.4s
tttg: c59/213 lr:0.000826 t:4.5s
tttg: c60/213 lr:0.000821 t:4.5s
tttg: c61/213 lr:0.000815 t:4.6s
tttg: c62/213 lr:0.000809 t:4.7s
tttg: c63/213 lr:0.000803 t:4.8s
tttg: c64/213 lr:0.000797 t:4.8s
tttg: c65/213 lr:0.000791 t:4.9s
tttg: c66/213 lr:0.000785 t:5.0s
tttg: c67/213 lr:0.000779 t:5.1s
tttg: c68/213 lr:0.000773 t:5.2s
tttg: c69/213 lr:0.000767 t:5.3s
tttg: c70/213 lr:0.000761 t:5.3s
tttg: c71/213 lr:0.000754 t:5.4s
tttg: c72/213 lr:0.000748 t:5.5s
tttg: c73/213 lr:0.000741 t:5.6s
tttg: c74/213 lr:0.000735 t:5.7s
tttg: c75/213 lr:0.000728 t:5.7s
tttg: c76/213 lr:0.000722 t:5.8s
tttg: c77/213 lr:0.000715 t:5.9s
tttg: c78/213 lr:0.000708 t:6.0s
tttg: c79/213 lr:0.000702 t:6.0s
tttg: c80/213 lr:0.000695 t:6.1s
tttg: c81/213 lr:0.000688 t:6.2s
tttg: c82/213 lr:0.000681 t:6.2s
tttg: c83/213 lr:0.000674 t:6.3s
tttg: c84/213 lr:0.000667 t:6.4s
tttg: c85/213 lr:0.000660 t:6.5s
tttg: c86/213 lr:0.000653 t:6.6s
tttg: c87/213 lr:0.000646 t:6.6s
tttg: c88/213 lr:0.000639 t:6.7s
tttg: c89/213 lr:0.000632 t:6.8s
tttg: c90/213 lr:0.000625 t:6.9s
tttg: c91/213 lr:0.000617 t:6.9s
tttg: c92/213 lr:0.000610 t:7.0s
tttg: c93/213 lr:0.000603 t:7.1s
tttg: c94/213 lr:0.000596 t:7.2s
tttg: c95/213 lr:0.000588 t:7.2s
tttg: c96/213 lr:0.000581 t:7.3s
tttg: c97/213 lr:0.000574 t:7.4s
tttg: c98/213 lr:0.000566 t:7.5s
tttg: c99/213 lr:0.000559 t:7.6s
tttg: c100/213 lr:0.000552 t:7.7s
tttg: c101/213 lr:0.000544 t:7.7s
tttg: c102/213 lr:0.000537 t:7.8s
tttg: c103/213 lr:0.000530 t:7.9s
tttg: c104/213 lr:0.000522 t:7.9s
tttg: c105/213 lr:0.000515 t:8.0s
tttg: c106/213 lr:0.000507 t:8.1s
tttg: c107/213 lr:0.000500 t:8.2s
tttg: c108/213 lr:0.000493 t:8.2s
tttg: c109/213 lr:0.000485 t:8.3s
tttg: c110/213 lr:0.000478 t:8.4s
tttg: c111/213 lr:0.000470 t:8.5s
tttg: c112/213 lr:0.000463 t:8.5s
tttg: c113/213 lr:0.000456 t:8.6s
tttg: c114/213 lr:0.000448 t:8.7s
tttg: c115/213 lr:0.000441 t:8.8s
tttg: c116/213 lr:0.000434 t:8.9s
tttg: c117/213 lr:0.000426 t:8.9s
tttg: c118/213 lr:0.000419 t:9.0s
tttg: c119/213 lr:0.000412 t:9.1s
tttg: c120/213 lr:0.000404 t:9.2s
tttg: c121/213 lr:0.000397 t:9.3s
tttg: c122/213 lr:0.000390 t:9.3s
tttg: c123/213 lr:0.000383 t:9.4s
tttg: c124/213 lr:0.000375 t:9.5s
tttg: c125/213 lr:0.000368 t:9.6s
tttg: c126/213 lr:0.000361 t:9.6s
tttg: c127/213 lr:0.000354 t:9.7s
tttg: c128/213 lr:0.000347 t:9.8s
tttg: c129/213 lr:0.000340 t:9.9s
tttg: c130/213 lr:0.000333 t:9.9s
tttg: c131/213 lr:0.000326 t:10.0s
tttg: c132/213 lr:0.000319 t:10.1s
tttg: c133/213 lr:0.000312 t:10.2s
tttg: c134/213 lr:0.000305 t:10.2s
tttg: c135/213 lr:0.000298 t:10.3s
tttg: c136/213 lr:0.000292 t:10.4s
tttg: c137/213 lr:0.000285 t:10.5s
tttg: c138/213 lr:0.000278 t:10.5s
tttg: c139/213 lr:0.000272 t:10.6s
tttg: c140/213 lr:0.000265 t:10.7s
tttg: c141/213 lr:0.000259 t:10.8s
tttg: c142/213 lr:0.000252 t:10.8s
tttg: c143/213 lr:0.000246 t:10.9s
tttg: c144/213 lr:0.000239 t:11.0s
tttg: c145/213 lr:0.000233 t:11.1s
tttg: c146/213 lr:0.000227 t:11.1s
tttg: c147/213 lr:0.000221 t:11.2s
tttg: c148/213 lr:0.000215 t:11.3s
tttg: c149/213 lr:0.000209 t:11.4s
tttg: c150/213 lr:0.000203 t:11.4s
tttg: c151/213 lr:0.000197 t:11.5s
tttg: c152/213 lr:0.000191 t:11.6s
tttg: c153/213 lr:0.000185 t:11.7s
tttg: c154/213 lr:0.000179 t:11.7s
tttg: c155/213 lr:0.000174 t:11.8s
tttg: c156/213 lr:0.000168 t:11.9s
tttg: c157/213 lr:0.000163 t:11.9s
tttg: c158/213 lr:0.000157 t:12.0s
tttg: c159/213 lr:0.000152 t:12.1s
tttg: c160/213 lr:0.000146 t:12.2s
tttg: c161/213 lr:0.000141 t:12.3s
tttg: c162/213 lr:0.000136 t:12.3s
tttg: c163/213 lr:0.000131 t:12.4s
tttg: c164/213 lr:0.000126 t:12.5s
tttg: c165/213 lr:0.000121 t:12.6s
tttg: c166/213 lr:0.000116 t:12.6s
tttg: c167/213 lr:0.000112 t:12.7s
tttg: c168/213 lr:0.000107 t:12.8s
tttg: c169/213 lr:0.000103 t:12.9s
tttg: c170/213 lr:0.000098 t:12.9s
tttg: c171/213 lr:0.000094 t:13.0s
tttg: c172/213 lr:0.000089 t:13.1s
tttg: c173/213 lr:0.000085 t:13.2s
tttg: c174/213 lr:0.000081 t:13.2s
tttg: c175/213 lr:0.000077 t:13.3s
tttg: c176/213 lr:0.000073 t:13.4s
tttg: c177/213 lr:0.000069 t:13.5s
tttg: c178/213 lr:0.000066 t:13.5s
tttg: c179/213 lr:0.000062 t:13.6s
tttg: c180/213 lr:0.000059 t:13.7s
tttg: c181/213 lr:0.000055 t:13.8s
tttg: c182/213 lr:0.000052 t:13.8s
tttg: c183/213 lr:0.000049 t:13.9s
tttg: c184/213 lr:0.000045 t:14.0s
tttg: c185/213 lr:0.000042 t:14.1s
tttg: c186/213 lr:0.000039 t:14.1s
tttg: c187/213 lr:0.000037 t:14.2s
tttg: c188/213 lr:0.000034 t:14.3s
tttg: c189/213 lr:0.000031 t:14.4s
tttg: c190/213 lr:0.000029 t:14.4s
tttg: c191/213 lr:0.000026 t:14.5s
tttg: c192/213 lr:0.000024 t:14.6s
tttg: c193/213 lr:0.000022 t:14.7s
tttg: c194/213 lr:0.000020 t:14.8s
tttg: c195/213 lr:0.000018 t:14.8s
tttg: c196/213 lr:0.000016 t:14.9s
tttg: c197/213 lr:0.000014 t:15.0s
tttg: c198/213 lr:0.000012 t:15.0s
tttg: c199/213 lr:0.000011 t:15.1s
tttg: c200/213 lr:0.000009 t:15.2s
tttg: c201/213 lr:0.000008 t:15.3s
tttg: c202/213 lr:0.000007 t:15.3s
tttg: c203/213 lr:0.000005 t:15.4s
tttg: c204/213 lr:0.000004 t:15.5s
tttg: c205/213 lr:0.000004 t:15.6s
tttg: c206/213 lr:0.000003 t:15.6s
tttg: c207/213 lr:0.000002 t:15.7s
tttg: c208/213 lr:0.000001 t:15.8s
tttg: c209/213 lr:0.000001 t:15.9s
tttg: c210/213 lr:0.000000 t:16.0s
tttg: c211/213 lr:0.000000 t:16.0s
tttg: c212/213 lr:0.000000 t:16.1s
ttpr: phase:3/3 t:381.5s
ttp: b736/782 bl:2.6739 bb:1.0422 rl:2.6882 rb:1.0674 dl:2140-2165 gd:1
ttp: b734/782 bl:2.7713 bb:1.0568 rl:2.6937 rb:1.0666 dl:2091-2115 gd:1
ttp: b722/782 bl:2.7682 bb:1.0584 rl:2.6979 rb:1.0662 dl:1846-1861 gd:1
ttp: b719/782 bl:2.6734 bb:1.0251 rl:2.6966 rb:1.0640 dl:1793-1816 gd:1
ttp: b705/782 bl:2.7808 bb:1.0711 rl:2.7003 rb:1.0643 dl:1606-1617 gd:1
ttp: b702/782 bl:2.7943 bb:1.0629 rl:2.7042 rb:1.0642 dl:1572-1581 gd:1
ttp: b693/782 bl:2.8097 bb:1.1022 rl:2.7081 rb:1.0657 dl:1485-1494 gd:1
ttp: b680/782 bl:2.8028 bb:1.0544 rl:2.7113 rb:1.0653 dl:1375-1383 gd:1
ttp: b678/782 bl:2.7771 bb:1.0454 rl:2.7134 rb:1.0646 dl:1361-1368 gd:1
ttp: b667/782 bl:2.8111 bb:1.1012 rl:2.7163 rb:1.0657 dl:1288-1295 gd:1
ttp: b663/782 bl:2.7902 bb:1.0590 rl:2.7184 rb:1.0655 dl:1264-1269 gd:1
ttp: b651/782 bl:2.7140 bb:1.0424 rl:2.7182 rb:1.0649 dl:1193-1198 gd:1
ttp: b647/782 bl:2.7493 bb:1.0466 rl:2.7190 rb:1.0644 dl:1171-1177 gd:1
ttp: b637/782 bl:2.7968 bb:1.0776 rl:2.7208 rb:1.0647 dl:1120-1123 gd:1
ttp: b626/782 bl:2.8049 bb:1.0422 rl:2.7226 rb:1.0642 dl:1068-1073 gd:1
ttp: b618/782 bl:2.7340 bb:1.0481 rl:2.7229 rb:1.0639 dl:1031-1037 gd:1
ttp: b611/782 bl:2.7576 bb:1.0675 rl:2.7235 rb:1.0640 dl:1004-1007 gd:1
ttp: b607/782 bl:2.6881 bb:1.0360 rl:2.7229 rb:1.0634 dl:986-990 gd:1
ttp: b599/782 bl:2.7329 bb:1.0496 rl:2.7230 rb:1.0632 dl:954-958 gd:1
ttp: b591/782 bl:2.6643 bb:1.0067 rl:2.7220 rb:1.0622 dl:927-930 gd:1
ttp: b582/782 bl:2.8535 bb:1.0884 rl:2.7242 rb:1.0626 dl:897-901 gd:1
ttp: b574/782 bl:2.7766 bb:1.0372 rl:2.7250 rb:1.0622 dl:871-874 gd:1
ttp: b562/782 bl:2.6992 bb:1.0202 rl:2.7246 rb:1.0616 dl:834-837 gd:1
ttp: b554/782 bl:2.7269 bb:1.0264 rl:2.7246 rb:1.0611 dl:809-812 gd:1
ttp: b550/782 bl:2.8001 bb:1.0744 rl:2.7257 rb:1.0613 dl:798-801 gd:1
ttp: b543/782 bl:2.7730 bb:1.0410 rl:2.7263 rb:1.0610 dl:779-782 gd:1
ttp: b532/782 bl:2.7991 bb:1.0510 rl:2.7272 rb:1.0609 dl:752-754 gd:1
ttp: b524/782 bl:2.8074 bb:1.0491 rl:2.7282 rb:1.0607 dl:732-735 gd:1
ttp: b517/782 bl:2.7699 bb:1.0484 rl:2.7286 rb:1.0606 dl:715-717 gd:1
ttp: b508/782 bl:2.7552 bb:1.0296 rl:2.7289 rb:1.0602 dl:693-695 gd:1
ttp: b499/782 bl:2.7740 bb:1.0469 rl:2.7294 rb:1.0601 dl:673-675 gd:1
ttp: b488/782 bl:2.8110 bb:1.0476 rl:2.7302 rb:1.0599 dl:649-651 gd:1
ttp: b480/782 bl:2.7853 bb:1.0515 rl:2.7308 rb:1.0598 dl:632-635 gd:1
ttp: b472/782 bl:2.7954 bb:1.0686 rl:2.7314 rb:1.0599 dl:616-618 gd:1
ttp: b467/782 bl:2.7872 bb:1.0529 rl:2.7319 rb:1.0599 dl:606-608 gd:1
ttp: b459/782 bl:2.7340 bb:1.0375 rl:2.7319 rb:1.0597 dl:591-593 gd:1
ttp: b450/782 bl:2.7589 bb:1.0297 rl:2.7322 rb:1.0594 dl:575-576 gd:1
ttp: b447/782 bl:2.8185 bb:1.0839 rl:2.7329 rb:1.0596 dl:569-571 gd:1
ttp: b439/782 bl:2.7471 bb:1.0412 rl:2.7330 rb:1.0594 dl:555-556 gd:1
ttp: b431/782 bl:2.7499 bb:1.0615 rl:2.7331 rb:1.0595 dl:540-542 gd:1
ttp: b423/782 bl:2.7281 bb:1.0247 rl:2.7331 rb:1.0592 dl:526-528 gd:1
ttp: b415/782 bl:2.8361 bb:1.0775 rl:2.7339 rb:1.0593 dl:513-514 gd:1
ttp: b407/782 bl:2.7696 bb:1.0543 rl:2.7341 rb:1.0593 dl:500-501 gd:1
ttp: b399/782 bl:2.7384 bb:1.0373 rl:2.7341 rb:1.0591 dl:487-489 gd:1
ttp: b390/782 bl:2.8064 bb:1.0885 rl:2.7346 rb:1.0593 dl:473-475 gd:1
ttp: b381/782 bl:2.8907 bb:1.0855 rl:2.7356 rb:1.0595 dl:460-461 gd:1
ttp: b373/782 bl:2.7558 bb:1.0757 rl:2.7358 rb:1.0596 dl:449-450 gd:1
ttp: b363/782 bl:2.7361 bb:1.0911 rl:2.7358 rb:1.0598 dl:434-436 gd:1
ttp: b353/782 bl:2.7903 bb:1.0934 rl:2.7361 rb:1.0600 dl:420-422 gd:1
ttp: b345/782 bl:2.8519 bb:1.1060 rl:2.7367 rb:1.0602 dl:410-412 gd:1
ttp: b336/782 bl:2.9420 bb:1.1626 rl:2.7378 rb:1.0608 dl:398-399 gd:1
ttp: b328/782 bl:2.7852 bb:1.0800 rl:2.7381 rb:1.0609 dl:388-389 gd:1
ttp: b320/782 bl:2.7636 bb:1.0781 rl:2.7382 rb:1.0610 dl:377-378 gd:1
ttp: b314/782 bl:2.7952 bb:1.0624 rl:2.7385 rb:1.0610 dl:369-370 gd:1
ttp: b306/782 bl:2.8690 bb:1.1350 rl:2.7391 rb:1.0613 dl:359-361 gd:1
ttp: b298/782 bl:2.8407 bb:1.0996 rl:2.7396 rb:1.0615 dl:349-351 gd:1
ttp: b290/782 bl:2.8632 bb:1.0848 rl:2.7401 rb:1.0616 dl:340-341 gd:1
ttp: b282/782 bl:2.8126 bb:1.1200 rl:2.7405 rb:1.0618 dl:331-332 gd:1
ttp: b274/782 bl:2.8070 bb:1.0898 rl:2.7407 rb:1.0620 dl:322-323 gd:1
ttp: b264/782 bl:2.8865 bb:1.1425 rl:2.7413 rb:1.0623 dl:311-312 gd:1
ttp: b256/782 bl:2.8808 bb:1.1293 rl:2.7419 rb:1.0625 dl:301-302 gd:1
ttp: b248/782 bl:2.8835 bb:1.1004 rl:2.7424 rb:1.0627 dl:293-294 gd:1
ttp: b240/782 bl:2.9006 bb:1.1512 rl:2.7430 rb:1.0630 dl:285-286 gd:1
ttp: b233/782 bl:2.8572 bb:1.1226 rl:2.7434 rb:1.0632 dl:278-279 gd:1
ttp: b225/782 bl:2.8795 bb:1.1215 rl:2.7439 rb:1.0634 dl:270-271 gd:1
ttp: b217/782 bl:2.8707 bb:1.1245 rl:2.7443 rb:1.0636 dl:262-263 gd:1
ttp: b209/782 bl:2.9217 bb:1.1567 rl:2.7449 rb:1.0639 dl:254-255 gd:1
ttp: b201/782 bl:2.8597 bb:1.1146 rl:2.7452 rb:1.0641 dl:247-248 gd:1
ttp: b193/782 bl:2.8810 bb:1.1608 rl:2.7456 rb:1.0644 dl:240-241 gd:1
ttp: b189/782 bl:2.9628 bb:1.2025 rl:2.7463 rb:1.0647 dl:237-237 gd:1
ttp: b181/782 bl:2.8703 bb:1.1533 rl:2.7466 rb:1.0650 dl:230-230 gd:1
ttp: b172/782 bl:2.9959 bb:1.1782 rl:2.7473 rb:1.0653 dl:222-223 gd:1
ttp: b164/782 bl:2.9702 bb:1.1486 rl:2.7479 rb:1.0655 dl:215-216 gd:1
ttp: b155/782 bl:2.8614 bb:1.1246 rl:2.7482 rb:1.0657 dl:207-208 gd:1
ttp: b146/782 bl:2.8972 bb:1.1501 rl:2.7486 rb:1.0659 dl:200-201 gd:1
ttp: b139/782 bl:2.9833 bb:1.1546 rl:2.7492 rb:1.0661 dl:195-195 gd:1
ttp: b128/782 bl:2.8438 bb:1.0918 rl:2.7494 rb:1.0662 dl:186-187 gd:1
ttp: b120/782 bl:2.9700 bb:1.1670 rl:2.7499 rb:1.0664 dl:180-181 gd:1
ttp: b114/782 bl:2.9850 bb:1.1817 rl:2.7504 rb:1.0666 dl:176-176 gd:1
ttp: b105/782 bl:3.0520 bb:1.2226 rl:2.7510 rb:1.0669 dl:169-170 gd:1
ttp: b98/782 bl:2.9827 bb:1.1839 rl:2.7515 rb:1.0672 dl:164-164 gd:1
ttp: b90/782 bl:3.0109 bb:1.1876 rl:2.7520 rb:1.0674 dl:158-158 gd:1
ttp: b80/782 bl:2.9111 bb:1.1924 rl:2.7522 rb:1.0676 dl:150-151 gd:1
ttp: b73/782 bl:3.0497 bb:1.2065 rl:2.7528 rb:1.0678 dl:144-145 gd:1
ttp: b68/782 bl:3.1112 bb:1.2087 rl:2.7534 rb:1.0681 dl:141-142 gd:1
ttp: b61/782 bl:2.9223 bb:1.1424 rl:2.7537 rb:1.0682 dl:135-136 gd:1
ttp: b54/782 bl:3.0905 bb:1.2655 rl:2.7542 rb:1.0685 dl:130-130 gd:1
ttp: b43/782 bl:2.9956 bb:1.1913 rl:2.7545 rb:1.0687 dl:121-122 gd:1
ttp: b36/782 bl:2.9916 bb:1.2234 rl:2.7549 rb:1.0689 dl:115-116 gd:1
ttp: b28/782 bl:3.0075 bb:1.2111 rl:2.7552 rb:1.0691 dl:108-109 gd:1
ttp: b20/782 bl:3.1370 bb:1.2687 rl:2.7557 rb:1.0693 dl:101-102 gd:1
ttp: b12/782 bl:3.1822 bb:1.2403 rl:2.7561 rb:1.0695 dl:92-93 gd:1
ttp: b4/782 bl:3.2056 bb:1.2291 rl:2.7566 rb:1.0696 dl:78-80 gd:1
quantized_ttt_phased val_loss:2.76769462 val_bpb:1.07146084 eval_time:466258ms
total_eval_time:466.3s
[Thu Apr 23 02:22:46 UTC 2026] Experiment pure_ttt_sp8192_dxgat_seed1337_8gpu complete
Final BPB: diagnostic pre-quantization post-ema val_loss:2.76963480 val_bpb:1.07217739 eval_time:6855ms
diagnostic quantized val_loss:2.79648429 val_bpb:1.08257133 eval_time:58641ms
quantized_ttt_phased val_loss:2.76769462 val_bpb:1.07146084 eval_time:466258ms
