[Thu Apr 23 00:21:58 UTC 2026] Starting SP8192 dexhunter experiment: pure_ttt_sp8192_dxgat_seed42_8gpu
Extra args: SEED=42 PHASED_TTT_ENABLED=1 PHASED_TTT_PREFIX_DOCS=2000 PHASED_TTT_NUM_PHASES=3 MLP_CLIP_SIGMAS=12.0 ATTN_CLIP_SIGMAS=13.0 EMBED_BITS=7 EMBED_CLIP_SIGMAS=15.0 MATRIX_LR=0.026 GPTQ_RESERVE_SECONDS=4 GPTQ_CALIBRATION_BATCHES=16 TTT_LORA_RANK=128 TTT_LORA_ALPHA=144 TTT_WARM_START_A=1 TTT_WEIGHT_DECAY=1.0 GATED_ATTN_ENABLED=1 GATED_ATTN_INIT_STD=0.005
torch: 2.9.1+cu128
FA3 interface: OK
[Thu Apr 23 00:22:02 UTC 2026] GPU check:
0, 1 MiB, 0 %
1, 1 MiB, 0 %
2, 1 MiB, 0 %
3, 1 MiB, 0 %
4, 1 MiB, 0 %
5, 1 MiB, 0 %
6, 1 MiB, 0 %
7, 1 MiB, 0 %
W0423 00:22:03.561000 112 torch/distributed/run.py:803] 
W0423 00:22:03.561000 112 torch/distributed/run.py:803] *****************************************
W0423 00:22:03.561000 112 torch/distributed/run.py:803] Setting OMP_NUM_THREADS environment variable for each process to be 1 in default, to avoid your system being overloaded, please further tune the variable for optimal performance in your application as needed. 
W0423 00:22:03.561000 112 torch/distributed/run.py:803] *****************************************
Hyperparameters:
  adam_eps: 1e-08
  adam_wd: 0.02
  artifact_dir: 
  attn_clip_sigmas: 13.0
  beta1: 0.9
  beta2: 0.95
  compressor: brotli
  data_dir: DATA_DIR
  datasets_dir: DATA_DIR/datasets/fineweb10B_sp8192
  distributed: True
  ema_decay: 0.9965
  embed_bits: 7
  embed_clip_sigmas: 15.0
  embed_lr: 0.6
  embed_wd: 0.085
  enable_looping_at: 0.35
  eval_seq_len: 2048
  eval_stride: 64
  global_ttt_batch_seqs: 32
  global_ttt_chunk_tokens: 32768
  global_ttt_epochs: 1
  global_ttt_grad_clip: 1.0
  global_ttt_lr: 0.001
  global_ttt_momentum: 0.9
  global_ttt_respect_doc_boundaries: True
  global_ttt_warmup_chunks: 0
  global_ttt_warmup_start_lr: 0.0
  gptq_calibration_batches: 16
  gptq_reserve_seconds: 4.0
  grad_accum_steps: 1
  grad_clip_norm: 0.3
  is_main_process: True
  iterations: 20000
  ln_scale: True
  local_rank: 0
  logfile: logs/c48d742d-c196-468b-aeeb-a0f19a9a1d9a.txt
  logit_softcap: 30.0
  loop_end: 5
  loop_start: 3
  matrix_bits: 6
  matrix_clip_sigmas: 12.85
  matrix_lr: 0.026
  max_wallclock_seconds: 600.0
  min_lr: 0.0
  mlp_clip_sigmas: 12.0
  mlp_mult: 4.0
  model_dim: 512
  model_path: final_model.pt
  muon_backend_steps: 5
  muon_momentum: 0.97
  muon_momentum_warmup_start: 0.92
  muon_momentum_warmup_steps: 1500
  muon_row_normalize: True
  muon_wd: 0.095
  num_heads: 8
  num_kv_heads: 4
  num_layers: 11
  num_loops: 2
  parallel_final_lane: mean
  parallel_start_layer: 8
  phased_ttt_enabled: True
  phased_ttt_num_phases: 3
  phased_ttt_prefix_docs: 2000
  qk_gain_init: 5.0
  quantized_model_path: final_model.int6.ptz
  rank: 0
  rope_base: 10000.0
  rope_dims: 16
  rope_train_seq_len: 2048
  rope_yarn: False
  run_id: c48d742d-c196-468b-aeeb-a0f19a9a1d9a
  scalar_lr: 0.02
  seed: 42
  skip_gates_enabled: True
  sliding_window_enabled: False
  tie_embeddings: True
  tied_embed_init_std: 0.005
  tied_embed_lr: 0.03
  tokenizer_path: DATA_DIR/tokenizers/fineweb_8192_bpe.model
  train_batch_tokens: 786432
  train_files: DATA_DIR/datasets/fineweb10B_sp8192/fineweb_train_*.bin
  train_log_every: 500
  train_seq_len: 2048
  ttt_batch_size: 64
  ttt_beta1: 0.0
  ttt_beta2: 0.999
  ttt_chunk_size: 48
  ttt_enabled: True
  ttt_eval_batches: 
  ttt_eval_seq_len: 2048
  ttt_grad_steps: 1
  ttt_k_lora: True
  ttt_lora_lr: 0.0001
  ttt_lora_rank: 128
  ttt_mlp_lora: True
  ttt_o_lora: True
  ttt_optimizer: adam
  ttt_weight_decay: 1.0
  val_batch_tokens: 524288
  val_doc_fraction: 1.0
  val_files: DATA_DIR/datasets/fineweb10B_sp8192/fineweb_val_*.bin
  val_loss_every: 4000
  vocab_size: 8192
  warmdown_frac: 0.75
  warmup_steps: 20
  world_size: 8
  xsa_last_n: 11
train_shards: 80
val_tokens: 40540160
model_params:35989658
gptq:reserving 4s, effective=596000ms
warmup_cu_buckets:64,128,192,256 iters_each:3
warmup_step: 1/20
warmup_step: 2/20
warmup_step: 3/20
warmup_step: 4/20
warmup_step: 5/20
warmup_step: 6/20
warmup_step: 10/20
warmup_step: 20/20
loop_warmup:enabled encoder:[0, 1, 2, 3, 4, 5, 3, 4] decoder:[5, 3, 4, 5, 6, 7, 8, 9, 10]
loop_warmup_step: 1/20
loop_warmup_step: 2/20
loop_warmup_step: 3/20
loop_warmup_step: 4/20
loop_warmup_step: 5/20
loop_warmup_step: 6/20
loop_warmup_step: 10/20
loop_warmup_step: 20/20
0/20000 val_loss: 9.0061 val_bpb: 3.4864
1/20000 train_loss: 9.0071 train_time: 0.0m tok/s: 12691041
2/20000 train_loss: 12.3128 train_time: 0.0m tok/s: 10140159
3/20000 train_loss: 11.2372 train_time: 0.0m tok/s: 8653372
4/20000 train_loss: 9.5833 train_time: 0.0m tok/s: 7917037
5/20000 train_loss: 8.2043 train_time: 0.0m tok/s: 7777419
500/20000 train_loss: 3.2567 train_time: 0.9m tok/s: 7579854
1000/20000 train_loss: 3.0205 train_time: 1.7m tok/s: 7809198
1500/20000 train_loss: 3.0245 train_time: 2.5m tok/s: 7892770
2000/20000 train_loss: 2.9778 train_time: 3.3m tok/s: 7937285
layer_loop:enabled step:2107 frac:0.350 encoder:[0, 1, 2, 3, 4, 5, 3, 4] decoder:[5, 3, 4, 5, 6, 7, 8, 9, 10]
2500/20000 train_loss: 3.0593 train_time: 4.4m tok/s: 7434159
3000/20000 train_loss: 2.8977 train_time: 5.6m tok/s: 7033778
3500/20000 train_loss: 2.9672 train_time: 6.8m tok/s: 6775546
4000/20000 train_loss: 2.8990 train_time: 7.9m tok/s: 6595020
4000/20000 val_loss: 2.8729 val_bpb: 1.1122
4500/20000 train_loss: 2.8434 train_time: 9.1m tok/s: 6460278
4839/20000 val_loss: 2.7675 val_bpb: 1.0713
stopping_early: wallclock_cap train_time: 596040ms step: 4839/20000
peak memory allocated: 40055 MiB reserved: 44064 MiB
ema:applying EMA weights
diagnostic pre-quantization post-ema val_loss:2.76640539 val_bpb:1.07092722 eval_time:6822ms
Serialized model: 135592891 bytes
Code size (uncompressed): 124694 bytes
Code size (compressed): 27960 bytes
GPTQ:collecting Hessians from calibration data...
GPTQ:collected 67 Hessians in 5.8s
Quantized weights:
  gptq (int6): blocks.attn.c_k.weight, blocks.attn.c_q.weight, blocks.attn.c_v.weight, blocks.attn.proj.weight, blocks.mlp.fc.weight, blocks.mlp.proj.weight
  gptq (int7): tok_emb.weight
  int8_per_row: blocks.attn.attn_gate_w
  passthrough (float16): blocks.attn.q_gain, blocks.attn_scale, blocks.mlp_scale, blocks.resid_mix, parallel_post_lambdas, parallel_resid_lambdas, skip_gates, skip_weights
Serialized model quantized+brotli: 15947946 bytes
Total submission size quantized+brotli: 15975906 bytes
diagnostic quantized val_loss:2.79312540 val_bpb:1.08127104 eval_time:56553ms
ttt_lora:warming up compile (random tokens, no val data)
ttt_lora:compile warmup done (159.0s)

beginning TTT eval timer
ttt_phased: total_docs:50000 prefix_docs:2000 suffix_docs:48000 num_phases:3 boundaries:[666, 1333, 2000]
ttp: b776/782 bl:2.7134 bb:1.0857 rl:2.7134 rb:1.0857 dl:6364-7180 gd:0
ttp: b773/782 bl:2.6468 bb:1.0740 rl:2.6839 rb:1.0805 dl:5203-5550 gd:0
ttp: b768/782 bl:2.6948 bb:1.0814 rl:2.6867 rb:1.0808 dl:4128-4306 gd:0
ttpp: phase:1/3 pd:1104 gd:666 t:208.2s
tttg: c1/95 lr:0.001000 t:1.7s
tttg: c2/95 lr:0.001000 t:1.8s
tttg: c3/95 lr:0.000999 t:1.9s
tttg: c4/95 lr:0.000997 t:2.0s
tttg: c5/95 lr:0.000996 t:2.0s
tttg: c6/95 lr:0.000993 t:2.1s
tttg: c7/95 lr:0.000990 t:2.2s
tttg: c8/95 lr:0.000986 t:2.3s
tttg: c9/95 lr:0.000982 t:2.4s
tttg: c10/95 lr:0.000978 t:2.5s
tttg: c11/95 lr:0.000972 t:2.6s
tttg: c12/95 lr:0.000967 t:2.7s
tttg: c13/95 lr:0.000960 t:2.7s
tttg: c14/95 lr:0.000954 t:2.8s
tttg: c15/95 lr:0.000946 t:2.9s
tttg: c16/95 lr:0.000938 t:3.0s
tttg: c17/95 lr:0.000930 t:3.1s
tttg: c18/95 lr:0.000921 t:3.2s
tttg: c19/95 lr:0.000912 t:3.3s
tttg: c20/95 lr:0.000903 t:3.4s
tttg: c21/95 lr:0.000892 t:3.4s
tttg: c22/95 lr:0.000882 t:3.5s
tttg: c23/95 lr:0.000871 t:3.6s
tttg: c24/95 lr:0.000859 t:3.7s
tttg: c25/95 lr:0.000848 t:3.8s
tttg: c26/95 lr:0.000835 t:3.8s
tttg: c27/95 lr:0.000823 t:3.9s
tttg: c28/95 lr:0.000810 t:4.0s
tttg: c29/95 lr:0.000797 t:4.1s
tttg: c30/95 lr:0.000783 t:4.2s
tttg: c31/95 lr:0.000769 t:4.2s
tttg: c32/95 lr:0.000755 t:4.3s
tttg: c33/95 lr:0.000740 t:4.4s
tttg: c34/95 lr:0.000726 t:4.5s
tttg: c35/95 lr:0.000710 t:4.5s
tttg: c36/95 lr:0.000695 t:4.6s
tttg: c37/95 lr:0.000680 t:4.7s
tttg: c38/95 lr:0.000664 t:4.8s
tttg: c39/95 lr:0.000648 t:4.9s
tttg: c40/95 lr:0.000632 t:4.9s
tttg: c41/95 lr:0.000616 t:5.0s
tttg: c42/95 lr:0.000600 t:5.1s
tttg: c43/95 lr:0.000583 t:5.2s
tttg: c44/95 lr:0.000567 t:5.3s
tttg: c45/95 lr:0.000550 t:5.4s
tttg: c46/95 lr:0.000533 t:5.4s
tttg: c47/95 lr:0.000517 t:5.5s
tttg: c48/95 lr:0.000500 t:5.6s
tttg: c49/95 lr:0.000483 t:5.7s
tttg: c50/95 lr:0.000467 t:5.8s
tttg: c51/95 lr:0.000450 t:5.8s
tttg: c52/95 lr:0.000433 t:5.9s
tttg: c53/95 lr:0.000417 t:6.0s
tttg: c54/95 lr:0.000400 t:6.1s
tttg: c55/95 lr:0.000384 t:6.2s
tttg: c56/95 lr:0.000368 t:6.3s
tttg: c57/95 lr:0.000352 t:6.4s
tttg: c58/95 lr:0.000336 t:6.4s
tttg: c59/95 lr:0.000320 t:6.5s
tttg: c60/95 lr:0.000305 t:6.6s
tttg: c61/95 lr:0.000290 t:6.7s
tttg: c62/95 lr:0.000274 t:6.8s
tttg: c63/95 lr:0.000260 t:6.9s
tttg: c64/95 lr:0.000245 t:7.0s
tttg: c65/95 lr:0.000231 t:7.0s
tttg: c66/95 lr:0.000217 t:7.1s
tttg: c67/95 lr:0.000203 t:7.2s
tttg: c68/95 lr:0.000190 t:7.3s
tttg: c69/95 lr:0.000177 t:7.4s
tttg: c70/95 lr:0.000165 t:7.5s
tttg: c71/95 lr:0.000152 t:7.6s
tttg: c72/95 lr:0.000141 t:7.7s
tttg: c73/95 lr:0.000129 t:7.8s
tttg: c74/95 lr:0.000118 t:7.8s
tttg: c75/95 lr:0.000108 t:7.9s
tttg: c76/95 lr:0.000097 t:8.0s
tttg: c77/95 lr:0.000088 t:8.1s
tttg: c78/95 lr:0.000079 t:8.2s
tttg: c79/95 lr:0.000070 t:8.2s
tttg: c80/95 lr:0.000062 t:8.3s
tttg: c81/95 lr:0.000054 t:8.4s
tttg: c82/95 lr:0.000046 t:8.5s
tttg: c83/95 lr:0.000040 t:8.6s
tttg: c84/95 lr:0.000033 t:8.7s
tttg: c85/95 lr:0.000028 t:8.8s
tttg: c86/95 lr:0.000022 t:8.8s
tttg: c87/95 lr:0.000018 t:8.9s
tttg: c88/95 lr:0.000014 t:9.0s
tttg: c89/95 lr:0.000010 t:9.1s
tttg: c90/95 lr:0.000007 t:9.2s
tttg: c91/95 lr:0.000004 t:9.2s
tttg: c92/95 lr:0.000003 t:9.3s
tttg: c93/95 lr:0.000001 t:9.4s
tttg: c94/95 lr:0.000000 t:9.5s
ttpr: phase:1/3 t:220.2s
ttp: b757/782 bl:2.6360 bb:1.0187 rl:2.6787 rb:1.0706 dl:3033-3108 gd:0
ttp: b755/782 bl:2.6878 bb:1.0414 rl:2.6799 rb:1.0666 dl:2899-2972 gd:0
ttpp: phase:2/3 pd:1808 gd:1333 t:333.7s
tttg: c1/158 lr:0.001000 t:0.1s
tttg: c2/158 lr:0.001000 t:0.2s
tttg: c3/158 lr:0.001000 t:0.3s
tttg: c4/158 lr:0.000999 t:0.4s
tttg: c5/158 lr:0.000998 t:0.5s
tttg: c6/158 lr:0.000997 t:0.5s
tttg: c7/158 lr:0.000996 t:0.6s
tttg: c8/158 lr:0.000995 t:0.7s
tttg: c9/158 lr:0.000994 t:0.8s
tttg: c10/158 lr:0.000992 t:0.9s
tttg: c11/158 lr:0.000990 t:1.0s
tttg: c12/158 lr:0.000988 t:1.1s
tttg: c13/158 lr:0.000986 t:1.2s
tttg: c14/158 lr:0.000983 t:1.3s
tttg: c15/158 lr:0.000981 t:1.4s
tttg: c16/158 lr:0.000978 t:1.5s
tttg: c17/158 lr:0.000975 t:1.6s
tttg: c18/158 lr:0.000971 t:1.7s
tttg: c19/158 lr:0.000968 t:1.8s
tttg: c20/158 lr:0.000964 t:1.8s
tttg: c21/158 lr:0.000960 t:1.9s
tttg: c22/158 lr:0.000957 t:2.0s
tttg: c23/158 lr:0.000952 t:2.1s
tttg: c24/158 lr:0.000948 t:2.2s
tttg: c25/158 lr:0.000943 t:2.3s
tttg: c26/158 lr:0.000939 t:2.4s
tttg: c27/158 lr:0.000934 t:2.5s
tttg: c28/158 lr:0.000929 t:2.6s
tttg: c29/158 lr:0.000924 t:2.6s
tttg: c30/158 lr:0.000918 t:2.7s
tttg: c31/158 lr:0.000913 t:2.8s
tttg: c32/158 lr:0.000907 t:2.9s
tttg: c33/158 lr:0.000901 t:3.0s
tttg: c34/158 lr:0.000895 t:3.1s
tttg: c35/158 lr:0.000889 t:3.1s
tttg: c36/158 lr:0.000882 t:3.2s
tttg: c37/158 lr:0.000876 t:3.3s
tttg: c38/158 lr:0.000869 t:3.4s
tttg: c39/158 lr:0.000862 t:3.5s
tttg: c40/158 lr:0.000855 t:3.6s
tttg: c41/158 lr:0.000848 t:3.7s
tttg: c42/158 lr:0.000841 t:3.8s
tttg: c43/158 lr:0.000834 t:3.8s
tttg: c44/158 lr:0.000826 t:3.9s
tttg: c45/158 lr:0.000818 t:4.0s
tttg: c46/158 lr:0.000811 t:4.1s
tttg: c47/158 lr:0.000803 t:4.1s
tttg: c48/158 lr:0.000795 t:4.2s
tttg: c49/158 lr:0.000787 t:4.3s
tttg: c50/158 lr:0.000778 t:4.4s
tttg: c51/158 lr:0.000770 t:4.5s
tttg: c52/158 lr:0.000761 t:4.6s
tttg: c53/158 lr:0.000753 t:4.7s
tttg: c54/158 lr:0.000744 t:4.8s
tttg: c55/158 lr:0.000735 t:4.9s
tttg: c56/158 lr:0.000727 t:4.9s
tttg: c57/158 lr:0.000718 t:5.0s
tttg: c58/158 lr:0.000709 t:5.1s
tttg: c59/158 lr:0.000699 t:5.2s
tttg: c60/158 lr:0.000690 t:5.3s
tttg: c61/158 lr:0.000681 t:5.4s
tttg: c62/158 lr:0.000672 t:5.4s
tttg: c63/158 lr:0.000662 t:5.5s
tttg: c64/158 lr:0.000653 t:5.6s
tttg: c65/158 lr:0.000643 t:5.7s
tttg: c66/158 lr:0.000633 t:5.7s
tttg: c67/158 lr:0.000624 t:5.8s
tttg: c68/158 lr:0.000614 t:5.9s
tttg: c69/158 lr:0.000604 t:6.0s
tttg: c70/158 lr:0.000594 t:6.1s
tttg: c71/158 lr:0.000585 t:6.1s
tttg: c72/158 lr:0.000575 t:6.2s
tttg: c73/158 lr:0.000565 t:6.3s
tttg: c74/158 lr:0.000555 t:6.4s
tttg: c75/158 lr:0.000545 t:6.5s
tttg: c76/158 lr:0.000535 t:6.6s
tttg: c77/158 lr:0.000525 t:6.7s
tttg: c78/158 lr:0.000515 t:6.7s
tttg: c79/158 lr:0.000505 t:6.8s
tttg: c80/158 lr:0.000495 t:6.9s
tttg: c81/158 lr:0.000485 t:7.0s
tttg: c82/158 lr:0.000475 t:7.1s
tttg: c83/158 lr:0.000465 t:7.2s
tttg: c84/158 lr:0.000455 t:7.2s
tttg: c85/158 lr:0.000445 t:7.3s
tttg: c86/158 lr:0.000435 t:7.4s
tttg: c87/158 lr:0.000425 t:7.5s
tttg: c88/158 lr:0.000415 t:7.6s
tttg: c89/158 lr:0.000406 t:7.7s
tttg: c90/158 lr:0.000396 t:7.7s
tttg: c91/158 lr:0.000386 t:7.8s
tttg: c92/158 lr:0.000376 t:7.9s
tttg: c93/158 lr:0.000367 t:8.0s
tttg: c94/158 lr:0.000357 t:8.1s
tttg: c95/158 lr:0.000347 t:8.2s
tttg: c96/158 lr:0.000338 t:8.2s
tttg: c97/158 lr:0.000328 t:8.3s
tttg: c98/158 lr:0.000319 t:8.4s
tttg: c99/158 lr:0.000310 t:8.5s
tttg: c100/158 lr:0.000301 t:8.6s
tttg: c101/158 lr:0.000291 t:8.7s
tttg: c102/158 lr:0.000282 t:8.8s
tttg: c103/158 lr:0.000273 t:8.8s
tttg: c104/158 lr:0.000265 t:8.9s
tttg: c105/158 lr:0.000256 t:9.0s
tttg: c106/158 lr:0.000247 t:9.1s
tttg: c107/158 lr:0.000239 t:9.2s
tttg: c108/158 lr:0.000230 t:9.3s
tttg: c109/158 lr:0.000222 t:9.4s
tttg: c110/158 lr:0.000213 t:9.5s
tttg: c111/158 lr:0.000205 t:9.5s
tttg: c112/158 lr:0.000197 t:9.6s
tttg: c113/158 lr:0.000189 t:9.7s
tttg: c114/158 lr:0.000182 t:9.8s
tttg: c115/158 lr:0.000174 t:9.9s
tttg: c116/158 lr:0.000166 t:10.0s
tttg: c117/158 lr:0.000159 t:10.1s
tttg: c118/158 lr:0.000152 t:10.2s
tttg: c119/158 lr:0.000145 t:10.3s
tttg: c120/158 lr:0.000138 t:10.4s
tttg: c121/158 lr:0.000131 t:10.5s
tttg: c122/158 lr:0.000124 t:10.5s
tttg: c123/158 lr:0.000118 t:10.6s
tttg: c124/158 lr:0.000111 t:10.7s
tttg: c125/158 lr:0.000105 t:10.8s
tttg: c126/158 lr:0.000099 t:10.9s
tttg: c127/158 lr:0.000093 t:10.9s
tttg: c128/158 lr:0.000087 t:11.0s
tttg: c129/158 lr:0.000082 t:11.1s
tttg: c130/158 lr:0.000076 t:11.2s
tttg: c131/158 lr:0.000071 t:11.3s
tttg: c132/158 lr:0.000066 t:11.4s
tttg: c133/158 lr:0.000061 t:11.4s
tttg: c134/158 lr:0.000057 t:11.5s
tttg: c135/158 lr:0.000052 t:11.6s
tttg: c136/158 lr:0.000048 t:11.7s
tttg: c137/158 lr:0.000043 t:11.8s
tttg: c138/158 lr:0.000040 t:11.9s
tttg: c139/158 lr:0.000036 t:11.9s
tttg: c140/158 lr:0.000032 t:12.0s
tttg: c141/158 lr:0.000029 t:12.1s
tttg: c142/158 lr:0.000025 t:12.2s
tttg: c143/158 lr:0.000022 t:12.3s
tttg: c144/158 lr:0.000019 t:12.4s
tttg: c145/158 lr:0.000017 t:12.4s
tttg: c146/158 lr:0.000014 t:12.5s
tttg: c147/158 lr:0.000012 t:12.6s
tttg: c148/158 lr:0.000010 t:12.7s
tttg: c149/158 lr:0.000008 t:12.8s
tttg: c150/158 lr:0.000006 t:12.9s
tttg: c151/158 lr:0.000005 t:13.0s
tttg: c152/158 lr:0.000004 t:13.0s
tttg: c153/158 lr:0.000003 t:13.1s
tttg: c154/158 lr:0.000002 t:13.2s
tttg: c155/158 lr:0.000001 t:13.3s
tttg: c156/158 lr:0.000000 t:13.4s
tttg: c157/158 lr:0.000000 t:13.5s
ttpr: phase:2/3 t:349.7s
ttp: b746/782 bl:2.6723 bb:1.0522 rl:2.6791 rb:1.0652 dl:2459-2501 gd:0
ttp: b744/782 bl:2.6452 bb:1.0538 rl:2.6761 rb:1.0642 dl:2388-2419 gd:0
ttpp: phase:3/3 pd:2448 gd:2000 t:363.8s
tttg: c1/213 lr:0.001000 t:0.1s
tttg: c2/213 lr:0.001000 t:0.2s
tttg: c3/213 lr:0.001000 t:0.2s
tttg: c4/213 lr:0.001000 t:0.3s
tttg: c5/213 lr:0.000999 t:0.4s
tttg: c6/213 lr:0.000999 t:0.5s
tttg: c7/213 lr:0.000998 t:0.6s
tttg: c8/213 lr:0.000997 t:0.7s
tttg: c9/213 lr:0.000996 t:0.7s
tttg: c10/213 lr:0.000996 t:0.8s
tttg: c11/213 lr:0.000995 t:0.9s
tttg: c12/213 lr:0.000993 t:1.0s
tttg: c13/213 lr:0.000992 t:1.1s
tttg: c14/213 lr:0.000991 t:1.1s
tttg: c15/213 lr:0.000989 t:1.2s
tttg: c16/213 lr:0.000988 t:1.3s
tttg: c17/213 lr:0.000986 t:1.4s
tttg: c18/213 lr:0.000984 t:1.5s
tttg: c19/213 lr:0.000982 t:1.5s
tttg: c20/213 lr:0.000980 t:1.6s
tttg: c21/213 lr:0.000978 t:1.7s
tttg: c22/213 lr:0.000976 t:1.8s
tttg: c23/213 lr:0.000974 t:1.9s
tttg: c24/213 lr:0.000971 t:2.0s
tttg: c25/213 lr:0.000969 t:2.0s
tttg: c26/213 lr:0.000966 t:2.1s
tttg: c27/213 lr:0.000963 t:2.2s
tttg: c28/213 lr:0.000961 t:2.3s
tttg: c29/213 lr:0.000958 t:2.4s
tttg: c30/213 lr:0.000955 t:2.4s
tttg: c31/213 lr:0.000951 t:2.5s
tttg: c32/213 lr:0.000948 t:2.6s
tttg: c33/213 lr:0.000945 t:2.7s
tttg: c34/213 lr:0.000941 t:2.8s
tttg: c35/213 lr:0.000938 t:2.8s
tttg: c36/213 lr:0.000934 t:2.9s
tttg: c37/213 lr:0.000931 t:3.0s
tttg: c38/213 lr:0.000927 t:3.1s
tttg: c39/213 lr:0.000923 t:3.2s
tttg: c40/213 lr:0.000919 t:3.3s
tttg: c41/213 lr:0.000915 t:3.4s
tttg: c42/213 lr:0.000911 t:3.5s
tttg: c43/213 lr:0.000906 t:3.6s
tttg: c44/213 lr:0.000902 t:3.7s
tttg: c45/213 lr:0.000897 t:3.7s
tttg: c46/213 lr:0.000893 t:3.8s
tttg: c47/213 lr:0.000888 t:3.9s
tttg: c48/213 lr:0.000884 t:4.0s
tttg: c49/213 lr:0.000879 t:4.1s
tttg: c50/213 lr:0.000874 t:4.2s
tttg: c51/213 lr:0.000869 t:4.3s
tttg: c52/213 lr:0.000864 t:4.4s
tttg: c53/213 lr:0.000859 t:4.4s
tttg: c54/213 lr:0.000854 t:4.5s
tttg: c55/213 lr:0.000848 t:4.6s
tttg: c56/213 lr:0.000843 t:4.7s
tttg: c57/213 lr:0.000837 t:4.8s
tttg: c58/213 lr:0.000832 t:4.9s
tttg: c59/213 lr:0.000826 t:5.0s
tttg: c60/213 lr:0.000821 t:5.0s
tttg: c61/213 lr:0.000815 t:5.1s
tttg: c62/213 lr:0.000809 t:5.2s
tttg: c63/213 lr:0.000803 t:5.3s
tttg: c64/213 lr:0.000797 t:5.4s
tttg: c65/213 lr:0.000791 t:5.4s
tttg: c66/213 lr:0.000785 t:5.5s
tttg: c67/213 lr:0.000779 t:5.6s
tttg: c68/213 lr:0.000773 t:5.7s
tttg: c69/213 lr:0.000767 t:5.8s
tttg: c70/213 lr:0.000761 t:5.9s
tttg: c71/213 lr:0.000754 t:5.9s
tttg: c72/213 lr:0.000748 t:6.0s
tttg: c73/213 lr:0.000741 t:6.1s
tttg: c74/213 lr:0.000735 t:6.2s
tttg: c75/213 lr:0.000728 t:6.3s
tttg: c76/213 lr:0.000722 t:6.4s
tttg: c77/213 lr:0.000715 t:6.5s
tttg: c78/213 lr:0.000708 t:6.6s
tttg: c79/213 lr:0.000702 t:6.6s
tttg: c80/213 lr:0.000695 t:6.7s
tttg: c81/213 lr:0.000688 t:6.8s
tttg: c82/213 lr:0.000681 t:6.9s
tttg: c83/213 lr:0.000674 t:7.0s
tttg: c84/213 lr:0.000667 t:7.1s
tttg: c85/213 lr:0.000660 t:7.2s
tttg: c86/213 lr:0.000653 t:7.3s
tttg: c87/213 lr:0.000646 t:7.3s
tttg: c88/213 lr:0.000639 t:7.4s
tttg: c89/213 lr:0.000632 t:7.5s
tttg: c90/213 lr:0.000625 t:7.6s
tttg: c91/213 lr:0.000617 t:7.7s
tttg: c92/213 lr:0.000610 t:7.8s
tttg: c93/213 lr:0.000603 t:7.8s
tttg: c94/213 lr:0.000596 t:7.9s
tttg: c95/213 lr:0.000588 t:8.0s
tttg: c96/213 lr:0.000581 t:8.1s
tttg: c97/213 lr:0.000574 t:8.2s
tttg: c98/213 lr:0.000566 t:8.3s
tttg: c99/213 lr:0.000559 t:8.3s
tttg: c100/213 lr:0.000552 t:8.4s
tttg: c101/213 lr:0.000544 t:8.5s
tttg: c102/213 lr:0.000537 t:8.6s
tttg: c103/213 lr:0.000530 t:8.7s
tttg: c104/213 lr:0.000522 t:8.7s
tttg: c105/213 lr:0.000515 t:8.8s
tttg: c106/213 lr:0.000507 t:8.9s
tttg: c107/213 lr:0.000500 t:9.0s
tttg: c108/213 lr:0.000493 t:9.1s
tttg: c109/213 lr:0.000485 t:9.2s
tttg: c110/213 lr:0.000478 t:9.3s
tttg: c111/213 lr:0.000470 t:9.3s
tttg: c112/213 lr:0.000463 t:9.4s
tttg: c113/213 lr:0.000456 t:9.5s
tttg: c114/213 lr:0.000448 t:9.6s
tttg: c115/213 lr:0.000441 t:9.7s
tttg: c116/213 lr:0.000434 t:9.8s
tttg: c117/213 lr:0.000426 t:9.9s
tttg: c118/213 lr:0.000419 t:9.9s
tttg: c119/213 lr:0.000412 t:10.0s
tttg: c120/213 lr:0.000404 t:10.1s
tttg: c121/213 lr:0.000397 t:10.2s
tttg: c122/213 lr:0.000390 t:10.3s
tttg: c123/213 lr:0.000383 t:10.4s
tttg: c124/213 lr:0.000375 t:10.5s
tttg: c125/213 lr:0.000368 t:10.5s
tttg: c126/213 lr:0.000361 t:10.6s
tttg: c127/213 lr:0.000354 t:10.7s
tttg: c128/213 lr:0.000347 t:10.8s
tttg: c129/213 lr:0.000340 t:10.9s
tttg: c130/213 lr:0.000333 t:11.0s
tttg: c131/213 lr:0.000326 t:11.1s
tttg: c132/213 lr:0.000319 t:11.2s
tttg: c133/213 lr:0.000312 t:11.3s
tttg: c134/213 lr:0.000305 t:11.4s
tttg: c135/213 lr:0.000298 t:11.5s
tttg: c136/213 lr:0.000292 t:11.6s
tttg: c137/213 lr:0.000285 t:11.7s
tttg: c138/213 lr:0.000278 t:11.7s
tttg: c139/213 lr:0.000272 t:11.8s
tttg: c140/213 lr:0.000265 t:11.9s
tttg: c141/213 lr:0.000259 t:12.0s
tttg: c142/213 lr:0.000252 t:12.1s
tttg: c143/213 lr:0.000246 t:12.2s
tttg: c144/213 lr:0.000239 t:12.2s
tttg: c145/213 lr:0.000233 t:12.3s
tttg: c146/213 lr:0.000227 t:12.4s
tttg: c147/213 lr:0.000221 t:12.5s
tttg: c148/213 lr:0.000215 t:12.5s
tttg: c149/213 lr:0.000209 t:12.6s
tttg: c150/213 lr:0.000203 t:12.7s
tttg: c151/213 lr:0.000197 t:12.8s
tttg: c152/213 lr:0.000191 t:12.9s
tttg: c153/213 lr:0.000185 t:13.0s
tttg: c154/213 lr:0.000179 t:13.0s
tttg: c155/213 lr:0.000174 t:13.1s
tttg: c156/213 lr:0.000168 t:13.2s
tttg: c157/213 lr:0.000163 t:13.3s
tttg: c158/213 lr:0.000157 t:13.4s
tttg: c159/213 lr:0.000152 t:13.4s
tttg: c160/213 lr:0.000146 t:13.5s
tttg: c161/213 lr:0.000141 t:13.6s
tttg: c162/213 lr:0.000136 t:13.7s
tttg: c163/213 lr:0.000131 t:13.7s
tttg: c164/213 lr:0.000126 t:13.9s
tttg: c165/213 lr:0.000121 t:13.9s
tttg: c166/213 lr:0.000116 t:14.0s
tttg: c167/213 lr:0.000112 t:14.1s
tttg: c168/213 lr:0.000107 t:14.2s
tttg: c169/213 lr:0.000103 t:14.3s
tttg: c170/213 lr:0.000098 t:14.4s
tttg: c171/213 lr:0.000094 t:14.4s
tttg: c172/213 lr:0.000089 t:14.5s
tttg: c173/213 lr:0.000085 t:14.6s
tttg: c174/213 lr:0.000081 t:14.7s
tttg: c175/213 lr:0.000077 t:14.8s
tttg: c176/213 lr:0.000073 t:14.9s
tttg: c177/213 lr:0.000069 t:14.9s
tttg: c178/213 lr:0.000066 t:15.0s
tttg: c179/213 lr:0.000062 t:15.1s
tttg: c180/213 lr:0.000059 t:15.2s
tttg: c181/213 lr:0.000055 t:15.3s
tttg: c182/213 lr:0.000052 t:15.4s
tttg: c183/213 lr:0.000049 t:15.5s
tttg: c184/213 lr:0.000045 t:15.5s
tttg: c185/213 lr:0.000042 t:15.6s
tttg: c186/213 lr:0.000039 t:15.7s
tttg: c187/213 lr:0.000037 t:15.8s
tttg: c188/213 lr:0.000034 t:15.9s
tttg: c189/213 lr:0.000031 t:15.9s
tttg: c190/213 lr:0.000029 t:16.0s
tttg: c191/213 lr:0.000026 t:16.1s
tttg: c192/213 lr:0.000024 t:16.2s
tttg: c193/213 lr:0.000022 t:16.3s
tttg: c194/213 lr:0.000020 t:16.4s
tttg: c195/213 lr:0.000018 t:16.5s
tttg: c196/213 lr:0.000016 t:16.5s
tttg: c197/213 lr:0.000014 t:16.6s
tttg: c198/213 lr:0.000012 t:16.7s
tttg: c199/213 lr:0.000011 t:16.8s
tttg: c200/213 lr:0.000009 t:16.9s
tttg: c201/213 lr:0.000008 t:17.0s
tttg: c202/213 lr:0.000007 t:17.1s
tttg: c203/213 lr:0.000005 t:17.1s
tttg: c204/213 lr:0.000004 t:17.2s
tttg: c205/213 lr:0.000004 t:17.3s
tttg: c206/213 lr:0.000003 t:17.4s
tttg: c207/213 lr:0.000002 t:17.5s
tttg: c208/213 lr:0.000001 t:17.6s
tttg: c209/213 lr:0.000001 t:17.6s
tttg: c210/213 lr:0.000000 t:17.7s
tttg: c211/213 lr:0.000000 t:17.8s
tttg: c212/213 lr:0.000000 t:17.9s
ttpr: phase:3/3 t:383.9s
ttp: b736/782 bl:2.6736 bb:1.0421 rl:2.6759 rb:1.0625 dl:2140-2165 gd:1
ttp: b734/782 bl:2.7611 bb:1.0529 rl:2.6816 rb:1.0618 dl:2091-2115 gd:1
ttp: b721/782 bl:2.7411 bb:1.0232 rl:2.6849 rb:1.0596 dl:1832-1846 gd:1
ttp: b718/782 bl:2.7660 bb:1.0662 rl:2.6890 rb:1.0599 dl:1773-1792 gd:1
ttp: b704/782 bl:2.7386 bb:1.0213 rl:2.6912 rb:1.0582 dl:1595-1606 gd:1
ttp: b699/782 bl:2.8107 bb:1.0402 rl:2.6961 rb:1.0574 dl:1543-1552 gd:1
ttp: b688/782 bl:2.7401 bb:1.0453 rl:2.6977 rb:1.0569 dl:1441-1450 gd:1
ttp: b680/782 bl:2.7979 bb:1.0525 rl:2.7010 rb:1.0568 dl:1375-1383 gd:1
ttp: b676/782 bl:2.7819 bb:1.0629 rl:2.7036 rb:1.0570 dl:1347-1353 gd:1
ttp: b665/782 bl:2.7314 bb:1.0293 rl:2.7044 rb:1.0561 dl:1275-1282 gd:1
ttp: b660/782 bl:2.8440 bb:1.0882 rl:2.7083 rb:1.0570 dl:1245-1250 gd:1
ttp: b648/782 bl:2.7355 bb:1.0369 rl:2.7090 rb:1.0565 dl:1177-1182 gd:1
ttp: b641/782 bl:2.7567 bb:1.0379 rl:2.7102 rb:1.0560 dl:1140-1144 gd:1
ttp: b634/782 bl:2.6894 bb:1.0382 rl:2.7097 rb:1.0556 dl:1105-1111 gd:1
ttp: b624/782 bl:2.7798 bb:1.0696 rl:2.7112 rb:1.0559 dl:1060-1064 gd:1
ttp: b616/782 bl:2.8424 bb:1.0839 rl:2.7139 rb:1.0565 dl:1024-1027 gd:1
ttp: b609/782 bl:2.7800 bb:1.0553 rl:2.7151 rb:1.0565 dl:994-999 gd:1
ttp: b604/782 bl:2.7128 bb:1.0313 rl:2.7151 rb:1.0560 dl:974-978 gd:1
ttp: b594/782 bl:2.8918 bb:1.0983 rl:2.7182 rb:1.0568 dl:937-940 gd:1
ttp: b584/782 bl:2.7522 bb:1.0340 rl:2.7188 rb:1.0564 dl:904-907 gd:1
ttp: b579/782 bl:2.6315 bb:1.0029 rl:2.7174 rb:1.0555 dl:888-891 gd:1
ttp: b569/782 bl:2.7528 bb:1.0518 rl:2.7179 rb:1.0554 dl:855-858 gd:1
ttp: b564/782 bl:2.8640 bb:1.1080 rl:2.7201 rb:1.0562 dl:840-843 gd:1
ttp: b552/782 bl:2.7872 bb:1.0387 rl:2.7210 rb:1.0560 dl:804-806 gd:1
ttp: b548/782 bl:2.7557 bb:1.0449 rl:2.7215 rb:1.0558 dl:793-795 gd:1
ttp: b540/782 bl:2.6831 bb:1.0123 rl:2.7210 rb:1.0552 dl:771-774 gd:1
ttp: b528/782 bl:2.7431 bb:1.0276 rl:2.7212 rb:1.0549 dl:742-745 gd:1
ttp: b520/782 bl:2.7791 bb:1.0532 rl:2.7219 rb:1.0549 dl:723-725 gd:1
ttp: b512/782 bl:2.7700 bb:1.0516 rl:2.7225 rb:1.0548 dl:703-705 gd:1
ttp: b504/782 bl:2.8605 bb:1.0960 rl:2.7240 rb:1.0553 dl:685-686 gd:1
ttp: b496/782 bl:2.8238 bb:1.0466 rl:2.7251 rb:1.0552 dl:666-668 gd:1
ttp: b488/782 bl:2.8118 bb:1.0479 rl:2.7260 rb:1.0551 dl:649-651 gd:1
ttp: b480/782 bl:2.7806 bb:1.0497 rl:2.7265 rb:1.0551 dl:632-635 gd:1
ttp: b472/782 bl:2.7922 bb:1.0674 rl:2.7271 rb:1.0552 dl:616-618 gd:1
ttp: b464/782 bl:2.7107 bb:1.0742 rl:2.7270 rb:1.0553 dl:600-602 gd:1
ttp: b456/782 bl:2.8066 bb:1.0659 rl:2.7277 rb:1.0554 dl:586-587 gd:1
ttp: b448/782 bl:2.7171 bb:1.0322 rl:2.7276 rb:1.0552 dl:571-573 gd:1
ttp: b440/782 bl:2.8604 bb:1.0921 rl:2.7287 rb:1.0555 dl:556-559 gd:1
ttp: b432/782 bl:2.7537 bb:1.0476 rl:2.7289 rb:1.0555 dl:542-544 gd:1
ttp: b424/782 bl:2.7888 bb:1.0778 rl:2.7294 rb:1.0557 dl:528-530 gd:1
ttp: b416/782 bl:2.7480 bb:1.0315 rl:2.7295 rb:1.0555 dl:514-516 gd:1
ttp: b408/782 bl:2.8235 bb:1.0800 rl:2.7302 rb:1.0556 dl:501-503 gd:1
ttp: b400/782 bl:2.7900 bb:1.0642 rl:2.7306 rb:1.0557 dl:489-490 gd:1
ttp: b392/782 bl:2.7895 bb:1.0771 rl:2.7310 rb:1.0559 dl:476-478 gd:1
ttp: b384/782 bl:2.8396 bb:1.0894 rl:2.7317 rb:1.0561 dl:464-466 gd:1
ttp: b376/782 bl:2.7059 bb:1.0392 rl:2.7316 rb:1.0560 dl:453-454 gd:1
ttp: b368/782 bl:2.8432 bb:1.0848 rl:2.7322 rb:1.0562 dl:441-443 gd:1
ttp: b353/782 bl:2.7851 bb:1.0913 rl:2.7326 rb:1.0564 dl:420-422 gd:1
ttp: b338/782 bl:2.8411 bb:1.1081 rl:2.7332 rb:1.0566 dl:400-402 gd:1
ttp: b323/782 bl:2.8095 bb:1.0450 rl:2.7336 rb:1.0566 dl:381-382 gd:1
ttp: b308/782 bl:2.7780 bb:1.0793 rl:2.7338 rb:1.0567 dl:362-363 gd:1
ttp: b295/782 bl:2.8356 bb:1.1180 rl:2.7343 rb:1.0570 dl:345-347 gd:1
ttp: b285/782 bl:2.8767 bb:1.1259 rl:2.7349 rb:1.0573 dl:334-335 gd:1
ttp: b276/782 bl:2.8340 bb:1.0984 rl:2.7353 rb:1.0575 dl:324-325 gd:1
ttp: b268/782 bl:2.8550 bb:1.0977 rl:2.7359 rb:1.0576 dl:315-316 gd:1
ttp: b259/782 bl:2.8463 bb:1.1351 rl:2.7363 rb:1.0579 dl:305-306 gd:1
ttp: b250/782 bl:2.8596 bb:1.1364 rl:2.7368 rb:1.0582 dl:295-296 gd:1
ttp: b238/782 bl:2.8799 bb:1.1424 rl:2.7373 rb:1.0585 dl:283-284 gd:1
ttp: b230/782 bl:2.8973 bb:1.1087 rl:2.7379 rb:1.0587 dl:275-276 gd:1
ttp: b222/782 bl:2.8697 bb:1.1149 rl:2.7384 rb:1.0589 dl:267-268 gd:1
ttp: b214/782 bl:2.9290 bb:1.1268 rl:2.7390 rb:1.0592 dl:259-260 gd:1
ttp: b206/782 bl:2.8769 bb:1.1136 rl:2.7395 rb:1.0593 dl:252-253 gd:1
ttp: b198/782 bl:2.9649 bb:1.1467 rl:2.7402 rb:1.0596 dl:245-246 gd:1
ttp: b190/782 bl:2.8661 bb:1.0895 rl:2.7406 rb:1.0597 dl:237-238 gd:1
ttp: b182/782 bl:2.8468 bb:1.1325 rl:2.7409 rb:1.0599 dl:230-231 gd:1
ttp: b173/782 bl:2.9582 bb:1.1500 rl:2.7415 rb:1.0602 dl:223-224 gd:1
ttp: b167/782 bl:2.9602 bb:1.1833 rl:2.7422 rb:1.0605 dl:218-218 gd:1
ttp: b158/782 bl:2.8804 bb:1.1403 rl:2.7425 rb:1.0607 dl:210-211 gd:1
ttp: b149/782 bl:2.9562 bb:1.1654 rl:2.7431 rb:1.0610 dl:203-204 gd:1
ttp: b142/782 bl:2.9476 bb:1.1556 rl:2.7436 rb:1.0612 dl:197-198 gd:1
ttp: b134/782 bl:3.0267 bb:1.2105 rl:2.7443 rb:1.0616 dl:190-191 gd:1
ttp: b125/782 bl:2.9967 bb:1.1876 rl:2.7449 rb:1.0619 dl:184-185 gd:1
ttp: b118/782 bl:2.9408 bb:1.1490 rl:2.7453 rb:1.0621 dl:178-179 gd:1
ttp: b109/782 bl:3.0736 bb:1.2113 rl:2.7460 rb:1.0624 dl:172-173 gd:1
ttp: b103/782 bl:2.8678 bb:1.1099 rl:2.7463 rb:1.0625 dl:168-168 gd:1
ttp: b94/782 bl:2.9744 bb:1.1731 rl:2.7468 rb:1.0627 dl:160-161 gd:1
ttp: b83/782 bl:3.0187 bb:1.2063 rl:2.7473 rb:1.0630 dl:152-153 gd:1
ttp: b72/782 bl:2.9346 bb:1.1926 rl:2.7476 rb:1.0632 dl:144-144 gd:1
ttp: b67/782 bl:3.0589 bb:1.2364 rl:2.7482 rb:1.0635 dl:140-141 gd:1
ttp: b57/782 bl:3.0321 bb:1.2222 rl:2.7486 rb:1.0637 dl:132-133 gd:1
ttp: b47/782 bl:2.9279 bb:1.1701 rl:2.7489 rb:1.0639 dl:124-125 gd:1
ttp: b37/782 bl:3.0665 bb:1.2038 rl:2.7494 rb:1.0641 dl:116-117 gd:1
ttp: b27/782 bl:3.0890 bb:1.2332 rl:2.7498 rb:1.0643 dl:107-108 gd:1
ttp: b18/782 bl:3.1368 bb:1.2706 rl:2.7503 rb:1.0646 dl:99-100 gd:1
ttp: b8/782 bl:3.2552 bb:1.2583 rl:2.7508 rb:1.0648 dl:86-87 gd:1
quantized_ttt_phased val_loss:2.76427878 val_bpb:1.07013846 eval_time:470160ms
total_eval_time:470.2s
[Thu Apr 23 00:52:50 UTC 2026] Experiment pure_ttt_sp8192_dxgat_seed42_8gpu complete
Final BPB: diagnostic pre-quantization post-ema val_loss:2.76640539 val_bpb:1.07092722 eval_time:6822ms
diagnostic quantized val_loss:2.79312540 val_bpb:1.08127104 eval_time:56553ms
quantized_ttt_phased val_loss:2.76427878 val_bpb:1.07013846 eval_time:470160ms
