[Thu Apr 23 00:45:57 UTC 2026] Starting SP8192 dexhunter experiment: pure_ttt_sp8192_dxgat_seed314_8gpu
Extra args: SEED=314 PHASED_TTT_ENABLED=1 PHASED_TTT_PREFIX_DOCS=2000 PHASED_TTT_NUM_PHASES=3 MLP_CLIP_SIGMAS=12.0 ATTN_CLIP_SIGMAS=13.0 EMBED_BITS=7 EMBED_CLIP_SIGMAS=15.0 MATRIX_LR=0.026 GPTQ_RESERVE_SECONDS=4 GPTQ_CALIBRATION_BATCHES=16 TTT_LORA_RANK=128 TTT_LORA_ALPHA=144 TTT_WARM_START_A=1 TTT_WEIGHT_DECAY=1.0 GATED_ATTN_ENABLED=1 GATED_ATTN_INIT_STD=0.005
torch: 2.9.1+cu128
FA3 interface: OK
[Thu Apr 23 00:46:01 UTC 2026] GPU check:
0, 1 MiB, 0 %
1, 1 MiB, 0 %
2, 1 MiB, 0 %
3, 1 MiB, 0 %
4, 1 MiB, 0 %
5, 1 MiB, 0 %
6, 1 MiB, 0 %
7, 1 MiB, 0 %
W0423 00:46:03.320000 112 torch/distributed/run.py:803] 
W0423 00:46:03.320000 112 torch/distributed/run.py:803] *****************************************
W0423 00:46:03.320000 112 torch/distributed/run.py:803] Setting OMP_NUM_THREADS environment variable for each process to be 1 in default, to avoid your system being overloaded, please further tune the variable for optimal performance in your application as needed. 
W0423 00:46:03.320000 112 torch/distributed/run.py:803] *****************************************
Hyperparameters:
  adam_eps: 1e-08
  adam_wd: 0.02
  artifact_dir: 
  attn_clip_sigmas: 13.0
  beta1: 0.9
  beta2: 0.95
  compressor: brotli
  data_dir: DATA_DIR
  datasets_dir: DATA_DIR/datasets/fineweb10B_sp8192
  distributed: True
  ema_decay: 0.9965
  embed_bits: 7
  embed_clip_sigmas: 15.0
  embed_lr: 0.6
  embed_wd: 0.085
  enable_looping_at: 0.35
  eval_seq_len: 2048
  eval_stride: 64
  global_ttt_batch_seqs: 32
  global_ttt_chunk_tokens: 32768
  global_ttt_epochs: 1
  global_ttt_grad_clip: 1.0
  global_ttt_lr: 0.001
  global_ttt_momentum: 0.9
  global_ttt_respect_doc_boundaries: True
  global_ttt_warmup_chunks: 0
  global_ttt_warmup_start_lr: 0.0
  gptq_calibration_batches: 16
  gptq_reserve_seconds: 4.0
  grad_accum_steps: 1
  grad_clip_norm: 0.3
  is_main_process: True
  iterations: 20000
  ln_scale: True
  local_rank: 0
  logfile: logs/fbff2786-f253-4f28-85fe-dd5b93ec4483.txt
  logit_softcap: 30.0
  loop_end: 5
  loop_start: 3
  matrix_bits: 6
  matrix_clip_sigmas: 12.85
  matrix_lr: 0.026
  max_wallclock_seconds: 600.0
  min_lr: 0.0
  mlp_clip_sigmas: 12.0
  mlp_mult: 4.0
  model_dim: 512
  model_path: final_model.pt
  muon_backend_steps: 5
  muon_momentum: 0.97
  muon_momentum_warmup_start: 0.92
  muon_momentum_warmup_steps: 1500
  muon_row_normalize: True
  muon_wd: 0.095
  num_heads: 8
  num_kv_heads: 4
  num_layers: 11
  num_loops: 2
  parallel_final_lane: mean
  parallel_start_layer: 8
  phased_ttt_enabled: True
  phased_ttt_num_phases: 3
  phased_ttt_prefix_docs: 2000
  qk_gain_init: 5.0
  quantized_model_path: final_model.int6.ptz
  rank: 0
  rope_base: 10000.0
  rope_dims: 16
  rope_train_seq_len: 2048
  rope_yarn: False
  run_id: fbff2786-f253-4f28-85fe-dd5b93ec4483
  scalar_lr: 0.02
  seed: 314
  skip_gates_enabled: True
  sliding_window_enabled: False
  tie_embeddings: True
  tied_embed_init_std: 0.005
  tied_embed_lr: 0.03
  tokenizer_path: DATA_DIR/tokenizers/fineweb_8192_bpe.model
  train_batch_tokens: 786432
  train_files: DATA_DIR/datasets/fineweb10B_sp8192/fineweb_train_*.bin
  train_log_every: 500
  train_seq_len: 2048
  ttt_batch_size: 64
  ttt_beta1: 0.0
  ttt_beta2: 0.999
  ttt_chunk_size: 48
  ttt_enabled: True
  ttt_eval_batches: 
  ttt_eval_seq_len: 2048
  ttt_grad_steps: 1
  ttt_k_lora: True
  ttt_lora_lr: 0.0001
  ttt_lora_rank: 128
  ttt_mlp_lora: True
  ttt_o_lora: True
  ttt_optimizer: adam
  ttt_weight_decay: 1.0
  val_batch_tokens: 524288
  val_doc_fraction: 1.0
  val_files: DATA_DIR/datasets/fineweb10B_sp8192/fineweb_val_*.bin
  val_loss_every: 4000
  vocab_size: 8192
  warmdown_frac: 0.75
  warmup_steps: 20
  world_size: 8
  xsa_last_n: 11
train_shards: 80
val_tokens: 40540160
model_params:35989658
gptq:reserving 4s, effective=596000ms
warmup_cu_buckets:64,128,192,256 iters_each:3
warmup_step: 1/20
warmup_step: 2/20
warmup_step: 3/20
warmup_step: 4/20
warmup_step: 5/20
warmup_step: 6/20
warmup_step: 10/20
warmup_step: 20/20
loop_warmup:enabled encoder:[0, 1, 2, 3, 4, 5, 3, 4] decoder:[5, 3, 4, 5, 6, 7, 8, 9, 10]
loop_warmup_step: 1/20
loop_warmup_step: 2/20
loop_warmup_step: 3/20
loop_warmup_step: 4/20
loop_warmup_step: 5/20
loop_warmup_step: 6/20
loop_warmup_step: 10/20
loop_warmup_step: 20/20
0/20000 val_loss: 9.0070 val_bpb: 3.4868
1/20000 train_loss: 9.0068 train_time: 0.0m tok/s: 12725599
2/20000 train_loss: 12.4260 train_time: 0.0m tok/s: 11025771
3/20000 train_loss: 11.3081 train_time: 0.0m tok/s: 9692748
4/20000 train_loss: 9.5602 train_time: 0.0m tok/s: 8955440
5/20000 train_loss: 8.1525 train_time: 0.0m tok/s: 8786898
500/20000 train_loss: 3.2607 train_time: 0.8m tok/s: 8047569
1000/20000 train_loss: 3.0290 train_time: 1.6m tok/s: 8014685
1500/20000 train_loss: 3.0341 train_time: 2.5m tok/s: 8017109
2000/20000 train_loss: 2.9744 train_time: 3.3m tok/s: 7878375
layer_loop:enabled step:2090 frac:0.350 encoder:[0, 1, 2, 3, 4, 5, 3, 4] decoder:[5, 3, 4, 5, 6, 7, 8, 9, 10]
2500/20000 train_loss: 3.0631 train_time: 4.5m tok/s: 7354695
3000/20000 train_loss: 2.9048 train_time: 5.6m tok/s: 6963276
3500/20000 train_loss: 2.9686 train_time: 6.8m tok/s: 6706523
4000/20000 train_loss: 2.8934 train_time: 8.0m tok/s: 6528575
4000/20000 val_loss: 2.8706 val_bpb: 1.1113
4500/20000 train_loss: 2.8491 train_time: 9.2m tok/s: 6396699
4800/20000 val_loss: 2.7694 val_bpb: 1.0721
stopping_early: wallclock_cap train_time: 596106ms step: 4800/20000
peak memory allocated: 40055 MiB reserved: 44064 MiB
ema:applying EMA weights
diagnostic pre-quantization post-ema val_loss:2.76834319 val_bpb:1.07167738 eval_time:6922ms
Serialized model: 135592891 bytes
Code size (uncompressed): 124694 bytes
Code size (compressed): 27960 bytes
GPTQ:collecting Hessians from calibration data...
GPTQ:collected 67 Hessians in 3.7s
Quantized weights:
  gptq (int6): blocks.attn.c_k.weight, blocks.attn.c_q.weight, blocks.attn.c_v.weight, blocks.attn.proj.weight, blocks.mlp.fc.weight, blocks.mlp.proj.weight
  gptq (int7): tok_emb.weight
  int8_per_row: blocks.attn.attn_gate_w
  passthrough (float16): blocks.attn.q_gain, blocks.attn_scale, blocks.mlp_scale, blocks.resid_mix, parallel_post_lambdas, parallel_resid_lambdas, skip_gates, skip_weights
Serialized model quantized+brotli: 15950077 bytes
Total submission size quantized+brotli: 15978037 bytes
diagnostic quantized val_loss:2.79500347 val_bpb:1.08199807 eval_time:58707ms
ttt_lora:warming up compile (random tokens, no val data)
ttt_lora:compile warmup done (158.2s)

beginning TTT eval timer
ttt_phased: total_docs:50000 prefix_docs:2000 suffix_docs:48000 num_phases:3 boundaries:[666, 1333, 2000]
ttp: b776/782 bl:2.7169 bb:1.0871 rl:2.7169 rb:1.0871 dl:6364-7180 gd:0
ttp: b773/782 bl:2.6480 bb:1.0745 rl:2.6864 rb:1.0815 dl:5203-5550 gd:0
ttp: b768/782 bl:2.6998 bb:1.0834 rl:2.6899 rb:1.0820 dl:4128-4306 gd:0
ttpp: phase:1/3 pd:1104 gd:666 t:209.4s
tttg: c1/95 lr:0.001000 t:1.7s
tttg: c2/95 lr:0.001000 t:1.8s
tttg: c3/95 lr:0.000999 t:1.9s
tttg: c4/95 lr:0.000997 t:2.0s
tttg: c5/95 lr:0.000996 t:2.0s
tttg: c6/95 lr:0.000993 t:2.1s
tttg: c7/95 lr:0.000990 t:2.2s
tttg: c8/95 lr:0.000986 t:2.3s
tttg: c9/95 lr:0.000982 t:2.4s
tttg: c10/95 lr:0.000978 t:2.4s
tttg: c11/95 lr:0.000972 t:2.5s
tttg: c12/95 lr:0.000967 t:2.6s
tttg: c13/95 lr:0.000960 t:2.7s
tttg: c14/95 lr:0.000954 t:2.8s
tttg: c15/95 lr:0.000946 t:2.8s
tttg: c16/95 lr:0.000938 t:2.9s
tttg: c17/95 lr:0.000930 t:3.0s
tttg: c18/95 lr:0.000921 t:3.1s
tttg: c19/95 lr:0.000912 t:3.2s
tttg: c20/95 lr:0.000903 t:3.2s
tttg: c21/95 lr:0.000892 t:3.3s
tttg: c22/95 lr:0.000882 t:3.4s
tttg: c23/95 lr:0.000871 t:3.5s
tttg: c24/95 lr:0.000859 t:3.6s
tttg: c25/95 lr:0.000848 t:3.6s
tttg: c26/95 lr:0.000835 t:3.7s
tttg: c27/95 lr:0.000823 t:3.8s
tttg: c28/95 lr:0.000810 t:3.9s
tttg: c29/95 lr:0.000797 t:4.0s
tttg: c30/95 lr:0.000783 t:4.1s
tttg: c31/95 lr:0.000769 t:4.1s
tttg: c32/95 lr:0.000755 t:4.2s
tttg: c33/95 lr:0.000740 t:4.3s
tttg: c34/95 lr:0.000726 t:4.4s
tttg: c35/95 lr:0.000710 t:4.5s
tttg: c36/95 lr:0.000695 t:4.5s
tttg: c37/95 lr:0.000680 t:4.6s
tttg: c38/95 lr:0.000664 t:4.7s
tttg: c39/95 lr:0.000648 t:4.8s
tttg: c40/95 lr:0.000632 t:4.9s
tttg: c41/95 lr:0.000616 t:4.9s
tttg: c42/95 lr:0.000600 t:5.0s
tttg: c43/95 lr:0.000583 t:5.1s
tttg: c44/95 lr:0.000567 t:5.2s
tttg: c45/95 lr:0.000550 t:5.3s
tttg: c46/95 lr:0.000533 t:5.3s
tttg: c47/95 lr:0.000517 t:5.4s
tttg: c48/95 lr:0.000500 t:5.5s
tttg: c49/95 lr:0.000483 t:5.6s
tttg: c50/95 lr:0.000467 t:5.7s
tttg: c51/95 lr:0.000450 t:5.7s
tttg: c52/95 lr:0.000433 t:5.8s
tttg: c53/95 lr:0.000417 t:5.9s
tttg: c54/95 lr:0.000400 t:6.0s
tttg: c55/95 lr:0.000384 t:6.1s
tttg: c56/95 lr:0.000368 t:6.1s
tttg: c57/95 lr:0.000352 t:6.2s
tttg: c58/95 lr:0.000336 t:6.3s
tttg: c59/95 lr:0.000320 t:6.4s
tttg: c60/95 lr:0.000305 t:6.5s
tttg: c61/95 lr:0.000290 t:6.5s
tttg: c62/95 lr:0.000274 t:6.6s
tttg: c63/95 lr:0.000260 t:6.7s
tttg: c64/95 lr:0.000245 t:6.8s
tttg: c65/95 lr:0.000231 t:6.9s
tttg: c66/95 lr:0.000217 t:6.9s
tttg: c67/95 lr:0.000203 t:7.0s
tttg: c68/95 lr:0.000190 t:7.1s
tttg: c69/95 lr:0.000177 t:7.2s
tttg: c70/95 lr:0.000165 t:7.3s
tttg: c71/95 lr:0.000152 t:7.4s
tttg: c72/95 lr:0.000141 t:7.4s
tttg: c73/95 lr:0.000129 t:7.5s
tttg: c74/95 lr:0.000118 t:7.6s
tttg: c75/95 lr:0.000108 t:7.7s
tttg: c76/95 lr:0.000097 t:7.8s
tttg: c77/95 lr:0.000088 t:7.8s
tttg: c78/95 lr:0.000079 t:7.9s
tttg: c79/95 lr:0.000070 t:8.0s
tttg: c80/95 lr:0.000062 t:8.1s
tttg: c81/95 lr:0.000054 t:8.2s
tttg: c82/95 lr:0.000046 t:8.2s
tttg: c83/95 lr:0.000040 t:8.3s
tttg: c84/95 lr:0.000033 t:8.4s
tttg: c85/95 lr:0.000028 t:8.5s
tttg: c86/95 lr:0.000022 t:8.6s
tttg: c87/95 lr:0.000018 t:8.6s
tttg: c88/95 lr:0.000014 t:8.7s
tttg: c89/95 lr:0.000010 t:8.8s
tttg: c90/95 lr:0.000007 t:8.9s
tttg: c91/95 lr:0.000004 t:9.0s
tttg: c92/95 lr:0.000003 t:9.1s
tttg: c93/95 lr:0.000001 t:9.1s
tttg: c94/95 lr:0.000000 t:9.2s
ttpr: phase:1/3 t:221.1s
ttp: b757/782 bl:2.6360 bb:1.0188 rl:2.6813 rb:1.0716 dl:3033-3108 gd:0
ttp: b755/782 bl:2.6917 bb:1.0429 rl:2.6827 rb:1.0677 dl:2899-2972 gd:0
ttpp: phase:2/3 pd:1808 gd:1333 t:335.3s
tttg: c1/158 lr:0.001000 t:0.1s
tttg: c2/158 lr:0.001000 t:0.2s
tttg: c3/158 lr:0.001000 t:0.3s
tttg: c4/158 lr:0.000999 t:0.3s
tttg: c5/158 lr:0.000998 t:0.4s
tttg: c6/158 lr:0.000997 t:0.5s
tttg: c7/158 lr:0.000996 t:0.6s
tttg: c8/158 lr:0.000995 t:0.7s
tttg: c9/158 lr:0.000994 t:0.7s
tttg: c10/158 lr:0.000992 t:0.8s
tttg: c11/158 lr:0.000990 t:0.9s
tttg: c12/158 lr:0.000988 t:1.0s
tttg: c13/158 lr:0.000986 t:1.1s
tttg: c14/158 lr:0.000983 t:1.2s
tttg: c15/158 lr:0.000981 t:1.2s
tttg: c16/158 lr:0.000978 t:1.3s
tttg: c17/158 lr:0.000975 t:1.4s
tttg: c18/158 lr:0.000971 t:1.5s
tttg: c19/158 lr:0.000968 t:1.6s
tttg: c20/158 lr:0.000964 t:1.7s
tttg: c21/158 lr:0.000960 t:1.7s
tttg: c22/158 lr:0.000957 t:1.8s
tttg: c23/158 lr:0.000952 t:1.9s
tttg: c24/158 lr:0.000948 t:2.0s
tttg: c25/158 lr:0.000943 t:2.1s
tttg: c26/158 lr:0.000939 t:2.2s
tttg: c27/158 lr:0.000934 t:2.3s
tttg: c28/158 lr:0.000929 t:2.3s
tttg: c29/158 lr:0.000924 t:2.4s
tttg: c30/158 lr:0.000918 t:2.5s
tttg: c31/158 lr:0.000913 t:2.6s
tttg: c32/158 lr:0.000907 t:2.7s
tttg: c33/158 lr:0.000901 t:2.8s
tttg: c34/158 lr:0.000895 t:2.8s
tttg: c35/158 lr:0.000889 t:2.9s
tttg: c36/158 lr:0.000882 t:3.0s
tttg: c37/158 lr:0.000876 t:3.1s
tttg: c38/158 lr:0.000869 t:3.2s
tttg: c39/158 lr:0.000862 t:3.3s
tttg: c40/158 lr:0.000855 t:3.3s
tttg: c41/158 lr:0.000848 t:3.4s
tttg: c42/158 lr:0.000841 t:3.5s
tttg: c43/158 lr:0.000834 t:3.6s
tttg: c44/158 lr:0.000826 t:3.6s
tttg: c45/158 lr:0.000818 t:3.7s
tttg: c46/158 lr:0.000811 t:3.8s
tttg: c47/158 lr:0.000803 t:3.9s
tttg: c48/158 lr:0.000795 t:4.0s
tttg: c49/158 lr:0.000787 t:4.0s
tttg: c50/158 lr:0.000778 t:4.1s
tttg: c51/158 lr:0.000770 t:4.2s
tttg: c52/158 lr:0.000761 t:4.3s
tttg: c53/158 lr:0.000753 t:4.4s
tttg: c54/158 lr:0.000744 t:4.4s
tttg: c55/158 lr:0.000735 t:4.5s
tttg: c56/158 lr:0.000727 t:4.6s
tttg: c57/158 lr:0.000718 t:4.7s
tttg: c58/158 lr:0.000709 t:4.8s
tttg: c59/158 lr:0.000699 t:4.8s
tttg: c60/158 lr:0.000690 t:4.9s
tttg: c61/158 lr:0.000681 t:5.0s
tttg: c62/158 lr:0.000672 t:5.1s
tttg: c63/158 lr:0.000662 t:5.2s
tttg: c64/158 lr:0.000653 t:5.2s
tttg: c65/158 lr:0.000643 t:5.3s
tttg: c66/158 lr:0.000633 t:5.4s
tttg: c67/158 lr:0.000624 t:5.5s
tttg: c68/158 lr:0.000614 t:5.6s
tttg: c69/158 lr:0.000604 t:5.6s
tttg: c70/158 lr:0.000594 t:5.7s
tttg: c71/158 lr:0.000585 t:5.8s
tttg: c72/158 lr:0.000575 t:5.9s
tttg: c73/158 lr:0.000565 t:6.0s
tttg: c74/158 lr:0.000555 t:6.0s
tttg: c75/158 lr:0.000545 t:6.1s
tttg: c76/158 lr:0.000535 t:6.2s
tttg: c77/158 lr:0.000525 t:6.3s
tttg: c78/158 lr:0.000515 t:6.4s
tttg: c79/158 lr:0.000505 t:6.4s
tttg: c80/158 lr:0.000495 t:6.5s
tttg: c81/158 lr:0.000485 t:6.6s
tttg: c82/158 lr:0.000475 t:6.7s
tttg: c83/158 lr:0.000465 t:6.8s
tttg: c84/158 lr:0.000455 t:6.8s
tttg: c85/158 lr:0.000445 t:6.9s
tttg: c86/158 lr:0.000435 t:7.0s
tttg: c87/158 lr:0.000425 t:7.1s
tttg: c88/158 lr:0.000415 t:7.2s
tttg: c89/158 lr:0.000406 t:7.2s
tttg: c90/158 lr:0.000396 t:7.3s
tttg: c91/158 lr:0.000386 t:7.4s
tttg: c92/158 lr:0.000376 t:7.5s
tttg: c93/158 lr:0.000367 t:7.6s
tttg: c94/158 lr:0.000357 t:7.6s
tttg: c95/158 lr:0.000347 t:7.7s
tttg: c96/158 lr:0.000338 t:7.8s
tttg: c97/158 lr:0.000328 t:7.9s
tttg: c98/158 lr:0.000319 t:8.0s
tttg: c99/158 lr:0.000310 t:8.0s
tttg: c100/158 lr:0.000301 t:8.1s
tttg: c101/158 lr:0.000291 t:8.2s
tttg: c102/158 lr:0.000282 t:8.3s
tttg: c103/158 lr:0.000273 t:8.4s
tttg: c104/158 lr:0.000265 t:8.4s
tttg: c105/158 lr:0.000256 t:8.5s
tttg: c106/158 lr:0.000247 t:8.6s
tttg: c107/158 lr:0.000239 t:8.7s
tttg: c108/158 lr:0.000230 t:8.8s
tttg: c109/158 lr:0.000222 t:8.8s
tttg: c110/158 lr:0.000213 t:8.9s
tttg: c111/158 lr:0.000205 t:9.0s
tttg: c112/158 lr:0.000197 t:9.1s
tttg: c113/158 lr:0.000189 t:9.2s
tttg: c114/158 lr:0.000182 t:9.3s
tttg: c115/158 lr:0.000174 t:9.3s
tttg: c116/158 lr:0.000166 t:9.4s
tttg: c117/158 lr:0.000159 t:9.5s
tttg: c118/158 lr:0.000152 t:9.6s
tttg: c119/158 lr:0.000145 t:9.7s
tttg: c120/158 lr:0.000138 t:9.8s
tttg: c121/158 lr:0.000131 t:9.8s
tttg: c122/158 lr:0.000124 t:9.9s
tttg: c123/158 lr:0.000118 t:10.0s
tttg: c124/158 lr:0.000111 t:10.1s
tttg: c125/158 lr:0.000105 t:10.2s
tttg: c126/158 lr:0.000099 t:10.2s
tttg: c127/158 lr:0.000093 t:10.3s
tttg: c128/158 lr:0.000087 t:10.4s
tttg: c129/158 lr:0.000082 t:10.5s
tttg: c130/158 lr:0.000076 t:10.6s
tttg: c131/158 lr:0.000071 t:10.6s
tttg: c132/158 lr:0.000066 t:10.7s
tttg: c133/158 lr:0.000061 t:10.8s
tttg: c134/158 lr:0.000057 t:10.9s
tttg: c135/158 lr:0.000052 t:11.0s
tttg: c136/158 lr:0.000048 t:11.0s
tttg: c137/158 lr:0.000043 t:11.1s
tttg: c138/158 lr:0.000040 t:11.2s
tttg: c139/158 lr:0.000036 t:11.3s
tttg: c140/158 lr:0.000032 t:11.4s
tttg: c141/158 lr:0.000029 t:11.4s
tttg: c142/158 lr:0.000025 t:11.5s
tttg: c143/158 lr:0.000022 t:11.6s
tttg: c144/158 lr:0.000019 t:11.7s
tttg: c145/158 lr:0.000017 t:11.8s
tttg: c146/158 lr:0.000014 t:11.8s
tttg: c147/158 lr:0.000012 t:11.9s
tttg: c148/158 lr:0.000010 t:12.0s
tttg: c149/158 lr:0.000008 t:12.1s
tttg: c150/158 lr:0.000006 t:12.2s
tttg: c151/158 lr:0.000005 t:12.2s
tttg: c152/158 lr:0.000004 t:12.3s
tttg: c153/158 lr:0.000003 t:12.4s
tttg: c154/158 lr:0.000002 t:12.5s
tttg: c155/158 lr:0.000001 t:12.6s
tttg: c156/158 lr:0.000000 t:12.7s
tttg: c157/158 lr:0.000000 t:12.8s
ttpr: phase:2/3 t:350.5s
ttp: b746/782 bl:2.6790 bb:1.0548 rl:2.6823 rb:1.0664 dl:2459-2501 gd:0
ttp: b744/782 bl:2.6510 bb:1.0561 rl:2.6795 rb:1.0655 dl:2388-2419 gd:0
ttpp: phase:3/3 pd:2448 gd:2000 t:364.7s
tttg: c1/213 lr:0.001000 t:0.1s
tttg: c2/213 lr:0.001000 t:0.2s
tttg: c3/213 lr:0.001000 t:0.2s
tttg: c4/213 lr:0.001000 t:0.3s
tttg: c5/213 lr:0.000999 t:0.4s
tttg: c6/213 lr:0.000999 t:0.5s
tttg: c7/213 lr:0.000998 t:0.6s
tttg: c8/213 lr:0.000997 t:0.6s
tttg: c9/213 lr:0.000996 t:0.7s
tttg: c10/213 lr:0.000996 t:0.8s
tttg: c11/213 lr:0.000995 t:0.9s
tttg: c12/213 lr:0.000993 t:1.0s
tttg: c13/213 lr:0.000992 t:1.0s
tttg: c14/213 lr:0.000991 t:1.1s
tttg: c15/213 lr:0.000989 t:1.2s
tttg: c16/213 lr:0.000988 t:1.3s
tttg: c17/213 lr:0.000986 t:1.4s
tttg: c18/213 lr:0.000984 t:1.4s
tttg: c19/213 lr:0.000982 t:1.5s
tttg: c20/213 lr:0.000980 t:1.6s
tttg: c21/213 lr:0.000978 t:1.7s
tttg: c22/213 lr:0.000976 t:1.8s
tttg: c23/213 lr:0.000974 t:1.8s
tttg: c24/213 lr:0.000971 t:1.9s
tttg: c25/213 lr:0.000969 t:2.0s
tttg: c26/213 lr:0.000966 t:2.1s
tttg: c27/213 lr:0.000963 t:2.2s
tttg: c28/213 lr:0.000961 t:2.2s
tttg: c29/213 lr:0.000958 t:2.3s
tttg: c30/213 lr:0.000955 t:2.4s
tttg: c31/213 lr:0.000951 t:2.5s
tttg: c32/213 lr:0.000948 t:2.6s
tttg: c33/213 lr:0.000945 t:2.6s
tttg: c34/213 lr:0.000941 t:2.7s
tttg: c35/213 lr:0.000938 t:2.8s
tttg: c36/213 lr:0.000934 t:2.9s
tttg: c37/213 lr:0.000931 t:3.0s
tttg: c38/213 lr:0.000927 t:3.0s
tttg: c39/213 lr:0.000923 t:3.1s
tttg: c40/213 lr:0.000919 t:3.2s
tttg: c41/213 lr:0.000915 t:3.3s
tttg: c42/213 lr:0.000911 t:3.4s
tttg: c43/213 lr:0.000906 t:3.4s
tttg: c44/213 lr:0.000902 t:3.5s
tttg: c45/213 lr:0.000897 t:3.6s
tttg: c46/213 lr:0.000893 t:3.7s
tttg: c47/213 lr:0.000888 t:3.8s
tttg: c48/213 lr:0.000884 t:3.8s
tttg: c49/213 lr:0.000879 t:3.9s
tttg: c50/213 lr:0.000874 t:4.0s
tttg: c51/213 lr:0.000869 t:4.1s
tttg: c52/213 lr:0.000864 t:4.2s
tttg: c53/213 lr:0.000859 t:4.3s
tttg: c54/213 lr:0.000854 t:4.4s
tttg: c55/213 lr:0.000848 t:4.4s
tttg: c56/213 lr:0.000843 t:4.5s
tttg: c57/213 lr:0.000837 t:4.6s
tttg: c58/213 lr:0.000832 t:4.7s
tttg: c59/213 lr:0.000826 t:4.7s
tttg: c60/213 lr:0.000821 t:4.8s
tttg: c61/213 lr:0.000815 t:4.9s
tttg: c62/213 lr:0.000809 t:5.0s
tttg: c63/213 lr:0.000803 t:5.1s
tttg: c64/213 lr:0.000797 t:5.1s
tttg: c65/213 lr:0.000791 t:5.2s
tttg: c66/213 lr:0.000785 t:5.3s
tttg: c67/213 lr:0.000779 t:5.4s
tttg: c68/213 lr:0.000773 t:5.5s
tttg: c69/213 lr:0.000767 t:5.5s
tttg: c70/213 lr:0.000761 t:5.6s
tttg: c71/213 lr:0.000754 t:5.7s
tttg: c72/213 lr:0.000748 t:5.8s
tttg: c73/213 lr:0.000741 t:5.9s
tttg: c74/213 lr:0.000735 t:5.9s
tttg: c75/213 lr:0.000728 t:6.0s
tttg: c76/213 lr:0.000722 t:6.1s
tttg: c77/213 lr:0.000715 t:6.2s
tttg: c78/213 lr:0.000708 t:6.3s
tttg: c79/213 lr:0.000702 t:6.3s
tttg: c80/213 lr:0.000695 t:6.4s
tttg: c81/213 lr:0.000688 t:6.5s
tttg: c82/213 lr:0.000681 t:6.6s
tttg: c83/213 lr:0.000674 t:6.7s
tttg: c84/213 lr:0.000667 t:6.7s
tttg: c85/213 lr:0.000660 t:6.8s
tttg: c86/213 lr:0.000653 t:6.9s
tttg: c87/213 lr:0.000646 t:7.0s
tttg: c88/213 lr:0.000639 t:7.1s
tttg: c89/213 lr:0.000632 t:7.2s
tttg: c90/213 lr:0.000625 t:7.2s
tttg: c91/213 lr:0.000617 t:7.3s
tttg: c92/213 lr:0.000610 t:7.4s
tttg: c93/213 lr:0.000603 t:7.5s
tttg: c94/213 lr:0.000596 t:7.6s
tttg: c95/213 lr:0.000588 t:7.6s
tttg: c96/213 lr:0.000581 t:7.7s
tttg: c97/213 lr:0.000574 t:7.8s
tttg: c98/213 lr:0.000566 t:7.9s
tttg: c99/213 lr:0.000559 t:8.0s
tttg: c100/213 lr:0.000552 t:8.0s
tttg: c101/213 lr:0.000544 t:8.1s
tttg: c102/213 lr:0.000537 t:8.2s
tttg: c103/213 lr:0.000530 t:8.3s
tttg: c104/213 lr:0.000522 t:8.4s
tttg: c105/213 lr:0.000515 t:8.4s
tttg: c106/213 lr:0.000507 t:8.5s
tttg: c107/213 lr:0.000500 t:8.6s
tttg: c108/213 lr:0.000493 t:8.7s
tttg: c109/213 lr:0.000485 t:8.7s
tttg: c110/213 lr:0.000478 t:8.8s
tttg: c111/213 lr:0.000470 t:8.9s
tttg: c112/213 lr:0.000463 t:9.0s
tttg: c113/213 lr:0.000456 t:9.1s
tttg: c114/213 lr:0.000448 t:9.2s
tttg: c115/213 lr:0.000441 t:9.2s
tttg: c116/213 lr:0.000434 t:9.3s
tttg: c117/213 lr:0.000426 t:9.4s
tttg: c118/213 lr:0.000419 t:9.5s
tttg: c119/213 lr:0.000412 t:9.6s
tttg: c120/213 lr:0.000404 t:9.6s
tttg: c121/213 lr:0.000397 t:9.7s
tttg: c122/213 lr:0.000390 t:9.8s
tttg: c123/213 lr:0.000383 t:9.9s
tttg: c124/213 lr:0.000375 t:9.9s
tttg: c125/213 lr:0.000368 t:10.0s
tttg: c126/213 lr:0.000361 t:10.1s
tttg: c127/213 lr:0.000354 t:10.2s
tttg: c128/213 lr:0.000347 t:10.3s
tttg: c129/213 lr:0.000340 t:10.3s
tttg: c130/213 lr:0.000333 t:10.4s
tttg: c131/213 lr:0.000326 t:10.5s
tttg: c132/213 lr:0.000319 t:10.6s
tttg: c133/213 lr:0.000312 t:10.7s
tttg: c134/213 lr:0.000305 t:10.7s
tttg: c135/213 lr:0.000298 t:10.8s
tttg: c136/213 lr:0.000292 t:10.9s
tttg: c137/213 lr:0.000285 t:11.0s
tttg: c138/213 lr:0.000278 t:11.1s
tttg: c139/213 lr:0.000272 t:11.2s
tttg: c140/213 lr:0.000265 t:11.3s
tttg: c141/213 lr:0.000259 t:11.3s
tttg: c142/213 lr:0.000252 t:11.4s
tttg: c143/213 lr:0.000246 t:11.5s
tttg: c144/213 lr:0.000239 t:11.6s
tttg: c145/213 lr:0.000233 t:11.7s
tttg: c146/213 lr:0.000227 t:11.7s
tttg: c147/213 lr:0.000221 t:11.8s
tttg: c148/213 lr:0.000215 t:11.9s
tttg: c149/213 lr:0.000209 t:12.0s
tttg: c150/213 lr:0.000203 t:12.1s
tttg: c151/213 lr:0.000197 t:12.1s
tttg: c152/213 lr:0.000191 t:12.2s
tttg: c153/213 lr:0.000185 t:12.3s
tttg: c154/213 lr:0.000179 t:12.4s
tttg: c155/213 lr:0.000174 t:12.5s
tttg: c156/213 lr:0.000168 t:12.5s
tttg: c157/213 lr:0.000163 t:12.6s
tttg: c158/213 lr:0.000157 t:12.7s
tttg: c159/213 lr:0.000152 t:12.8s
tttg: c160/213 lr:0.000146 t:12.9s
tttg: c161/213 lr:0.000141 t:13.0s
tttg: c162/213 lr:0.000136 t:13.0s
tttg: c163/213 lr:0.000131 t:13.1s
tttg: c164/213 lr:0.000126 t:13.2s
tttg: c165/213 lr:0.000121 t:13.3s
tttg: c166/213 lr:0.000116 t:13.4s
tttg: c167/213 lr:0.000112 t:13.4s
tttg: c168/213 lr:0.000107 t:13.5s
tttg: c169/213 lr:0.000103 t:13.6s
tttg: c170/213 lr:0.000098 t:13.7s
tttg: c171/213 lr:0.000094 t:13.8s
tttg: c172/213 lr:0.000089 t:13.8s
tttg: c173/213 lr:0.000085 t:13.9s
tttg: c174/213 lr:0.000081 t:14.0s
tttg: c175/213 lr:0.000077 t:14.1s
tttg: c176/213 lr:0.000073 t:14.2s
tttg: c177/213 lr:0.000069 t:14.3s
tttg: c178/213 lr:0.000066 t:14.3s
tttg: c179/213 lr:0.000062 t:14.4s
tttg: c180/213 lr:0.000059 t:14.5s
tttg: c181/213 lr:0.000055 t:14.6s
tttg: c182/213 lr:0.000052 t:14.7s
tttg: c183/213 lr:0.000049 t:14.8s
tttg: c184/213 lr:0.000045 t:14.8s
tttg: c185/213 lr:0.000042 t:14.9s
tttg: c186/213 lr:0.000039 t:15.0s
tttg: c187/213 lr:0.000037 t:15.1s
tttg: c188/213 lr:0.000034 t:15.2s
tttg: c189/213 lr:0.000031 t:15.2s
tttg: c190/213 lr:0.000029 t:15.3s
tttg: c191/213 lr:0.000026 t:15.4s
tttg: c192/213 lr:0.000024 t:15.5s
tttg: c193/213 lr:0.000022 t:15.5s
tttg: c194/213 lr:0.000020 t:15.6s
tttg: c195/213 lr:0.000018 t:15.7s
tttg: c196/213 lr:0.000016 t:15.8s
tttg: c197/213 lr:0.000014 t:15.9s
tttg: c198/213 lr:0.000012 t:16.0s
tttg: c199/213 lr:0.000011 t:16.0s
tttg: c200/213 lr:0.000009 t:16.1s
tttg: c201/213 lr:0.000008 t:16.2s
tttg: c202/213 lr:0.000007 t:16.3s
tttg: c203/213 lr:0.000005 t:16.4s
tttg: c204/213 lr:0.000004 t:16.4s
tttg: c205/213 lr:0.000004 t:16.5s
tttg: c206/213 lr:0.000003 t:16.6s
tttg: c207/213 lr:0.000002 t:16.7s
tttg: c208/213 lr:0.000001 t:16.8s
tttg: c209/213 lr:0.000001 t:16.8s
tttg: c210/213 lr:0.000000 t:16.9s
tttg: c211/213 lr:0.000000 t:17.0s
tttg: c212/213 lr:0.000000 t:17.1s
ttpr: phase:3/3 t:384.2s
ttp: b740/782 bl:2.7334 bb:1.0319 rl:2.6837 rb:1.0628 dl:2254-2285 gd:1
ttp: b731/782 bl:2.7694 bb:1.0570 rl:2.6892 rb:1.0624 dl:2017-2041 gd:1
ttp: b721/782 bl:2.7444 bb:1.0244 rl:2.6923 rb:1.0602 dl:1832-1846 gd:1
ttp: b718/782 bl:2.7707 bb:1.0680 rl:2.6962 rb:1.0606 dl:1773-1792 gd:1
ttp: b704/782 bl:2.7373 bb:1.0209 rl:2.6980 rb:1.0588 dl:1595-1606 gd:1
ttp: b700/782 bl:2.6672 bb:1.0410 rl:2.6968 rb:1.0581 dl:1552-1562 gd:1
ttp: b691/782 bl:2.6957 bb:1.0409 rl:2.6967 rb:1.0574 dl:1467-1476 gd:1
ttp: b685/782 bl:2.7633 bb:1.0591 rl:2.6990 rb:1.0575 dl:1414-1422 gd:1
ttp: b675/782 bl:2.8282 bb:1.0617 rl:2.7031 rb:1.0576 dl:1341-1347 gd:1
ttp: b664/782 bl:2.6928 bb:1.0382 rl:2.7028 rb:1.0570 dl:1270-1275 gd:1
ttp: b660/782 bl:2.8444 bb:1.0884 rl:2.7067 rb:1.0579 dl:1245-1250 gd:1
ttp: b648/782 bl:2.7373 bb:1.0376 rl:2.7075 rb:1.0574 dl:1177-1182 gd:1
ttp: b641/782 bl:2.7552 bb:1.0374 rl:2.7087 rb:1.0569 dl:1140-1144 gd:1
ttp: b637/782 bl:2.7958 bb:1.0772 rl:2.7107 rb:1.0574 dl:1120-1123 gd:1
ttp: b627/782 bl:2.7267 bb:1.0321 rl:2.7110 rb:1.0568 dl:1073-1077 gd:1
ttp: b619/782 bl:2.7925 bb:1.0579 rl:2.7127 rb:1.0568 dl:1037-1041 gd:1
ttp: b612/782 bl:2.8179 bb:1.0409 rl:2.7148 rb:1.0565 dl:1007-1012 gd:1
ttp: b600/782 bl:2.7850 bb:1.0572 rl:2.7161 rb:1.0565 dl:958-963 gd:1
ttp: b592/782 bl:2.7735 bb:1.0442 rl:2.7171 rb:1.0563 dl:930-933 gd:1
ttp: b584/782 bl:2.7534 bb:1.0345 rl:2.7177 rb:1.0559 dl:904-907 gd:1
ttp: b577/782 bl:2.7502 bb:1.0402 rl:2.7182 rb:1.0556 dl:880-884 gd:1
ttp: b569/782 bl:2.7497 bb:1.0505 rl:2.7187 rb:1.0556 dl:855-858 gd:1
ttp: b563/782 bl:2.7973 bb:1.0611 rl:2.7198 rb:1.0557 dl:837-840 gd:1
ttp: b555/782 bl:2.7568 bb:1.0521 rl:2.7203 rb:1.0556 dl:812-815 gd:1
ttp: b550/782 bl:2.7973 bb:1.0733 rl:2.7214 rb:1.0558 dl:798-801 gd:1
ttp: b542/782 bl:2.8255 bb:1.0703 rl:2.7228 rb:1.0560 dl:777-779 gd:1
ttp: b530/782 bl:2.8001 bb:1.0365 rl:2.7237 rb:1.0558 dl:747-750 gd:1
ttp: b521/782 bl:2.7596 bb:1.0471 rl:2.7241 rb:1.0557 dl:725-727 gd:1
ttp: b513/782 bl:2.7222 bb:1.0076 rl:2.7241 rb:1.0551 dl:705-707 gd:1
ttp: b505/782 bl:2.7627 bb:1.0556 rl:2.7245 rb:1.0551 dl:686-688 gd:1
ttp: b496/782 bl:2.8251 bb:1.0470 rl:2.7256 rb:1.0550 dl:666-668 gd:1
ttp: b492/782 bl:2.7966 bb:1.0517 rl:2.7263 rb:1.0550 dl:657-659 gd:1
ttp: b484/782 bl:2.7914 bb:1.0653 rl:2.7270 rb:1.0551 dl:641-643 gd:1
ttp: b477/782 bl:2.7690 bb:1.0520 rl:2.7274 rb:1.0551 dl:626-628 gd:1
ttp: b464/782 bl:2.7139 bb:1.0755 rl:2.7273 rb:1.0552 dl:600-602 gd:1
ttp: b457/782 bl:2.7554 bb:1.0462 rl:2.7275 rb:1.0552 dl:587-589 gd:1
ttp: b449/782 bl:2.7915 bb:1.0507 rl:2.7281 rb:1.0551 dl:573-575 gd:1
ttp: b440/782 bl:2.8562 bb:1.0905 rl:2.7291 rb:1.0554 dl:556-559 gd:1
ttp: b432/782 bl:2.7494 bb:1.0460 rl:2.7293 rb:1.0553 dl:542-544 gd:1
ttp: b424/782 bl:2.7943 bb:1.0800 rl:2.7298 rb:1.0555 dl:528-530 gd:1
ttp: b416/782 bl:2.7484 bb:1.0316 rl:2.7300 rb:1.0553 dl:514-516 gd:1
ttp: b408/782 bl:2.8269 bb:1.0813 rl:2.7307 rb:1.0555 dl:501-503 gd:1
ttp: b400/782 bl:2.7882 bb:1.0636 rl:2.7311 rb:1.0556 dl:489-490 gd:1
ttp: b392/782 bl:2.7962 bb:1.0797 rl:2.7315 rb:1.0558 dl:476-478 gd:1
ttp: b386/782 bl:2.7194 bb:1.0624 rl:2.7314 rb:1.0558 dl:467-468 gd:1
ttp: b378/782 bl:2.8062 bb:1.0918 rl:2.7319 rb:1.0560 dl:456-457 gd:1
ttp: b370/782 bl:2.6776 bb:1.0418 rl:2.7316 rb:1.0559 dl:444-446 gd:1
ttp: b362/782 bl:2.8048 bb:1.0605 rl:2.7320 rb:1.0560 dl:433-434 gd:1
ttp: b352/782 bl:2.7498 bb:1.0931 rl:2.7321 rb:1.0562 dl:419-420 gd:1
ttp: b344/782 bl:2.8754 bb:1.1022 rl:2.7329 rb:1.0564 dl:408-410 gd:1
ttp: b336/782 bl:2.9358 bb:1.1602 rl:2.7340 rb:1.0570 dl:398-399 gd:1
ttp: b328/782 bl:2.7825 bb:1.0789 rl:2.7343 rb:1.0571 dl:388-389 gd:1
ttp: b320/782 bl:2.7562 bb:1.0752 rl:2.7344 rb:1.0572 dl:377-378 gd:1
ttp: b312/782 bl:2.7282 bb:1.0650 rl:2.7344 rb:1.0572 dl:367-368 gd:1
ttp: b304/782 bl:2.9047 bb:1.1313 rl:2.7352 rb:1.0576 dl:357-358 gd:1
ttp: b296/782 bl:2.8067 bb:1.0855 rl:2.7355 rb:1.0577 dl:347-348 gd:1
ttp: b288/782 bl:2.8029 bb:1.1005 rl:2.7358 rb:1.0579 dl:337-339 gd:1
ttp: b279/782 bl:2.8488 bb:1.0889 rl:2.7363 rb:1.0580 dl:327-329 gd:1
ttp: b272/782 bl:2.8545 bb:1.1073 rl:2.7368 rb:1.0582 dl:320-321 gd:1
ttp: b264/782 bl:2.8869 bb:1.1426 rl:2.7374 rb:1.0586 dl:311-312 gd:1
ttp: b256/782 bl:2.8851 bb:1.1310 rl:2.7380 rb:1.0589 dl:301-302 gd:1
ttp: b248/782 bl:2.8828 bb:1.1001 rl:2.7385 rb:1.0590 dl:293-294 gd:1
ttp: b240/782 bl:2.8969 bb:1.1498 rl:2.7391 rb:1.0593 dl:285-286 gd:1
ttp: b232/782 bl:2.9111 bb:1.1260 rl:2.7397 rb:1.0596 dl:277-278 gd:1
ttp: b224/782 bl:2.8210 bb:1.1081 rl:2.7400 rb:1.0598 dl:269-270 gd:1
ttp: b216/782 bl:2.9262 bb:1.1135 rl:2.7406 rb:1.0599 dl:261-262 gd:1
ttp: b207/782 bl:2.8354 bb:1.1154 rl:2.7409 rb:1.0601 dl:253-254 gd:1
ttp: b199/782 bl:2.9326 bb:1.1240 rl:2.7415 rb:1.0603 dl:246-247 gd:1
ttp: b192/782 bl:2.8949 bb:1.1411 rl:2.7420 rb:1.0606 dl:239-240 gd:1
ttp: b184/782 bl:2.9049 bb:1.1535 rl:2.7425 rb:1.0608 dl:232-233 gd:1
ttp: b176/782 bl:2.8172 bb:1.1052 rl:2.7427 rb:1.0609 dl:225-226 gd:1
ttp: b168/782 bl:2.9031 bb:1.1377 rl:2.7431 rb:1.0611 dl:218-219 gd:1
ttp: b159/782 bl:2.9806 bb:1.1742 rl:2.7438 rb:1.0614 dl:211-212 gd:1
ttp: b152/782 bl:2.8876 bb:1.1266 rl:2.7441 rb:1.0616 dl:205-206 gd:1
ttp: b145/782 bl:2.8884 bb:1.1332 rl:2.7445 rb:1.0618 dl:200-200 gd:1
ttp: b136/782 bl:2.9577 bb:1.1800 rl:2.7450 rb:1.0621 dl:192-193 gd:1
ttp: b132/782 bl:2.9390 bb:1.1311 rl:2.7454 rb:1.0622 dl:189-189 gd:1
ttp: b124/782 bl:2.8720 bb:1.1488 rl:2.7457 rb:1.0624 dl:183-184 gd:1
ttp: b117/782 bl:2.8474 bb:1.1413 rl:2.7460 rb:1.0626 dl:178-178 gd:1
ttp: b108/782 bl:2.8569 bb:1.0972 rl:2.7462 rb:1.0627 dl:171-172 gd:1
ttp: b97/782 bl:3.0059 bb:1.1743 rl:2.7467 rb:1.0629 dl:163-164 gd:1
ttp: b89/782 bl:3.0025 bb:1.1974 rl:2.7472 rb:1.0631 dl:157-158 gd:1
ttp: b82/782 bl:2.9640 bb:1.1931 rl:2.7476 rb:1.0634 dl:151-152 gd:1
ttp: b71/782 bl:2.9555 bb:1.1531 rl:2.7480 rb:1.0635 dl:143-144 gd:1
ttp: b67/782 bl:3.0580 bb:1.2361 rl:2.7485 rb:1.0638 dl:140-141 gd:1
ttp: b58/782 bl:2.9661 bb:1.2234 rl:2.7489 rb:1.0640 dl:133-134 gd:1
ttp: b51/782 bl:3.0192 bb:1.2068 rl:2.7493 rb:1.0642 dl:127-128 gd:1
ttp: b44/782 bl:3.1195 bb:1.2156 rl:2.7498 rb:1.0645 dl:122-122 gd:1
ttp: b35/782 bl:3.0158 bb:1.1976 rl:2.7502 rb:1.0647 dl:115-115 gd:1
ttp: b25/782 bl:3.2904 bb:1.3041 rl:2.7509 rb:1.0650 dl:106-107 gd:1
ttp: b17/782 bl:3.1337 bb:1.2421 rl:2.7513 rb:1.0652 dl:98-99 gd:1
ttp: b6/782 bl:3.2786 bb:1.2791 rl:2.7519 rb:1.0654 dl:82-84 gd:1
quantized_ttt_phased val_loss:2.76603696 val_bpb:1.07081910 eval_time:474020ms
total_eval_time:474.0s
[Thu Apr 23 01:17:04 UTC 2026] Experiment pure_ttt_sp8192_dxgat_seed314_8gpu complete
Final BPB: diagnostic pre-quantization post-ema val_loss:2.76834319 val_bpb:1.07167738 eval_time:6922ms
diagnostic quantized val_loss:2.79500347 val_bpb:1.08199807 eval_time:58707ms
quantized_ttt_phased val_loss:2.76603696 val_bpb:1.07081910 eval_time:474020ms
