[Wed Apr 22 00:10:57 UTC 2026] Starting SP8192 dexhunter experiment: pure_ttt_sp8192_dxa144_seed1337_8gpu
Extra args: SEED=1337 PHASED_TTT_ENABLED=1 PHASED_TTT_PREFIX_DOCS=2000 PHASED_TTT_NUM_PHASES=3 MLP_CLIP_SIGMAS=12.0 ATTN_CLIP_SIGMAS=13.0 EMBED_BITS=7 EMBED_CLIP_SIGMAS=15.0 MATRIX_LR=0.026 GPTQ_RESERVE_SECONDS=4 GPTQ_CALIBRATION_BATCHES=16 TTT_LORA_RANK=128 TTT_LORA_ALPHA=144 TTT_WARM_START_A=1 TTT_WEIGHT_DECAY=1.0
torch: 2.9.1+cu128
FA3 interface: OK
[Wed Apr 22 00:11:02 UTC 2026] GPU check:
0, 1 MiB, 0 %
1, 1 MiB, 0 %
2, 1 MiB, 0 %
3, 1 MiB, 0 %
4, 1 MiB, 0 %
5, 1 MiB, 0 %
6, 1 MiB, 0 %
7, 1 MiB, 0 %
W0422 00:11:03.905000 112 torch/distributed/run.py:803] 
W0422 00:11:03.905000 112 torch/distributed/run.py:803] *****************************************
W0422 00:11:03.905000 112 torch/distributed/run.py:803] Setting OMP_NUM_THREADS environment variable for each process to be 1 in default, to avoid your system being overloaded, please further tune the variable for optimal performance in your application as needed. 
W0422 00:11:03.905000 112 torch/distributed/run.py:803] *****************************************
Hyperparameters:
  adam_eps: 1e-08
  adam_wd: 0.02
  artifact_dir: 
  attn_clip_sigmas: 13.0
  beta1: 0.9
  beta2: 0.95
  compressor: brotli
  data_dir: DATA_DIR
  datasets_dir: DATA_DIR/datasets/fineweb10B_sp8192
  distributed: True
  ema_decay: 0.9965
  embed_bits: 7
  embed_clip_sigmas: 15.0
  embed_lr: 0.6
  embed_wd: 0.085
  enable_looping_at: 0.35
  eval_seq_len: 2048
  eval_stride: 64
  global_ttt_batch_seqs: 32
  global_ttt_chunk_tokens: 32768
  global_ttt_epochs: 1
  global_ttt_grad_clip: 1.0
  global_ttt_lr: 0.001
  global_ttt_momentum: 0.9
  global_ttt_respect_doc_boundaries: True
  global_ttt_warmup_chunks: 0
  global_ttt_warmup_start_lr: 0.0
  gptq_calibration_batches: 16
  gptq_reserve_seconds: 4.0
  grad_accum_steps: 1
  grad_clip_norm: 0.3
  is_main_process: True
  iterations: 20000
  ln_scale: True
  local_rank: 0
  logfile: logs/91aa9b72-d152-4699-b179-4defd726d0e8.txt
  logit_softcap: 30.0
  loop_end: 5
  loop_start: 3
  matrix_bits: 6
  matrix_clip_sigmas: 12.85
  matrix_lr: 0.026
  max_wallclock_seconds: 600.0
  min_lr: 0.0
  mlp_clip_sigmas: 12.0
  mlp_mult: 4.0
  model_dim: 512
  model_path: final_model.pt
  muon_backend_steps: 5
  muon_momentum: 0.97
  muon_momentum_warmup_start: 0.92
  muon_momentum_warmup_steps: 1500
  muon_row_normalize: True
  muon_wd: 0.095
  num_heads: 8
  num_kv_heads: 4
  num_layers: 11
  num_loops: 2
  parallel_final_lane: mean
  parallel_start_layer: 8
  phased_ttt_enabled: True
  phased_ttt_num_phases: 3
  phased_ttt_prefix_docs: 2000
  qk_gain_init: 5.0
  quantized_model_path: final_model.int6.ptz
  rank: 0
  rope_base: 10000.0
  rope_dims: 16
  rope_train_seq_len: 2048
  rope_yarn: False
  run_id: 91aa9b72-d152-4699-b179-4defd726d0e8
  scalar_lr: 0.02
  seed: 1337
  skip_gates_enabled: True
  sliding_window_enabled: False
  tie_embeddings: True
  tied_embed_init_std: 0.005
  tied_embed_lr: 0.03
  tokenizer_path: DATA_DIR/tokenizers/fineweb_8192_bpe.model
  train_batch_tokens: 786432
  train_files: DATA_DIR/datasets/fineweb10B_sp8192/fineweb_train_*.bin
  train_log_every: 500
  train_seq_len: 2048
  ttt_batch_size: 64
  ttt_beta1: 0.0
  ttt_beta2: 0.999
  ttt_chunk_size: 48
  ttt_enabled: True
  ttt_eval_batches: 
  ttt_eval_seq_len: 2048
  ttt_grad_steps: 1
  ttt_k_lora: True
  ttt_lora_lr: 0.0001
  ttt_lora_rank: 128
  ttt_mlp_lora: True
  ttt_o_lora: True
  ttt_optimizer: adam
  ttt_weight_decay: 1.0
  val_batch_tokens: 524288
  val_doc_fraction: 1.0
  val_files: DATA_DIR/datasets/fineweb10B_sp8192/fineweb_val_*.bin
  val_loss_every: 4000
  vocab_size: 8192
  warmdown_frac: 0.75
  warmup_steps: 20
  world_size: 8
  xsa_last_n: 11
train_shards: 80
val_tokens: 40540160
model_params:35944602
gptq:reserving 4s, effective=596000ms
warmup_cu_buckets:64,128,192,256 iters_each:3
warmup_step: 1/20
warmup_step: 2/20
warmup_step: 3/20
warmup_step: 4/20
warmup_step: 5/20
warmup_step: 6/20
warmup_step: 10/20
warmup_step: 20/20
loop_warmup:enabled encoder:[0, 1, 2, 3, 4, 5, 3, 4] decoder:[5, 3, 4, 5, 6, 7, 8, 9, 10]
loop_warmup_step: 1/20
loop_warmup_step: 2/20
loop_warmup_step: 3/20
loop_warmup_step: 4/20
loop_warmup_step: 5/20
loop_warmup_step: 6/20
loop_warmup_step: 10/20
loop_warmup_step: 20/20
0/20000 val_loss: 9.0095 val_bpb: 3.4877
1/20000 train_loss: 9.0094 train_time: 0.0m tok/s: 16581994
2/20000 train_loss: 12.2129 train_time: 0.0m tok/s: 12963897
3/20000 train_loss: 11.2327 train_time: 0.0m tok/s: 11017492
4/20000 train_loss: 9.6042 train_time: 0.0m tok/s: 10157279
5/20000 train_loss: 8.2122 train_time: 0.0m tok/s: 9767453
500/20000 train_loss: 3.2681 train_time: 0.8m tok/s: 8286062
1000/20000 train_loss: 3.0278 train_time: 1.6m tok/s: 8248597
1500/20000 train_loss: 3.0374 train_time: 2.4m tok/s: 8250022
2000/20000 train_loss: 2.9874 train_time: 3.2m tok/s: 8249147
layer_loop:enabled step:2187 frac:0.350 encoder:[0, 1, 2, 3, 4, 5, 3, 4] decoder:[5, 3, 4, 5, 6, 7, 8, 9, 10]
2500/20000 train_loss: 3.0798 train_time: 4.2m tok/s: 7800327
3000/20000 train_loss: 2.9196 train_time: 5.4m tok/s: 7333523
3500/20000 train_loss: 2.9842 train_time: 6.5m tok/s: 7036454
4000/20000 train_loss: 2.9171 train_time: 7.7m tok/s: 6829773
4000/20000 val_loss: 2.8938 val_bpb: 1.1203
4500/20000 train_loss: 2.8754 train_time: 8.8m tok/s: 6676218
4952/20000 val_loss: 2.7748 val_bpb: 1.0742
stopping_early: wallclock_cap train_time: 596151ms step: 4952/20000
peak memory allocated: 40029 MiB reserved: 44036 MiB
ema:applying EMA weights
diagnostic pre-quantization post-ema val_loss:2.77352391 val_bpb:1.07368293 eval_time:6579ms
Serialized model: 135409136 bytes
Code size (uncompressed): 122656 bytes
Code size (compressed): 27680 bytes
GPTQ:collecting Hessians from calibration data...
GPTQ:collected 67 Hessians in 3.6s
Quantized weights:
  gptq (int6): blocks.attn.c_k.weight, blocks.attn.c_q.weight, blocks.attn.c_v.weight, blocks.attn.proj.weight, blocks.mlp.fc.weight, blocks.mlp.proj.weight
  gptq (int7): tok_emb.weight
  passthrough (float16): blocks.attn.q_gain, blocks.attn_scale, blocks.mlp_scale, blocks.resid_mix, parallel_post_lambdas, parallel_resid_lambdas, skip_gates, skip_weights
Serialized model quantized+brotli: 15907421 bytes
Total submission size quantized+brotli: 15935101 bytes
diagnostic quantized val_loss:2.80324509 val_bpb:1.08518856 eval_time:59228ms
ttt_lora:warming up compile (random tokens, no val data)
ttt_lora:compile warmup done (151.0s)

beginning TTT eval timer
ttt_phased: total_docs:50000 prefix_docs:2000 suffix_docs:48000 num_phases:3 boundaries:[666, 1333, 2000]
ttp: b776/782 bl:2.7189 bb:1.0879 rl:2.7189 rb:1.0879 dl:6364-7180 gd:0
ttp: b773/782 bl:2.6517 bb:1.0760 rl:2.6892 rb:1.0826 dl:5203-5550 gd:0
ttp: b768/782 bl:2.7028 bb:1.0846 rl:2.6927 rb:1.0832 dl:4128-4306 gd:0
ttpp: phase:1/3 pd:1104 gd:666 t:199.2s
tttg: c1/95 lr:0.001000 t:1.7s
tttg: c2/95 lr:0.001000 t:1.7s
tttg: c3/95 lr:0.000999 t:1.8s
tttg: c4/95 lr:0.000997 t:1.9s
tttg: c5/95 lr:0.000996 t:2.0s
tttg: c6/95 lr:0.000993 t:2.0s
tttg: c7/95 lr:0.000990 t:2.1s
tttg: c8/95 lr:0.000986 t:2.2s
tttg: c9/95 lr:0.000982 t:2.2s
tttg: c10/95 lr:0.000978 t:2.3s
tttg: c11/95 lr:0.000972 t:2.4s
tttg: c12/95 lr:0.000967 t:2.4s
tttg: c13/95 lr:0.000960 t:2.5s
tttg: c14/95 lr:0.000954 t:2.6s
tttg: c15/95 lr:0.000946 t:2.7s
tttg: c16/95 lr:0.000938 t:2.7s
tttg: c17/95 lr:0.000930 t:2.8s
tttg: c18/95 lr:0.000921 t:2.9s
tttg: c19/95 lr:0.000912 t:2.9s
tttg: c20/95 lr:0.000903 t:3.0s
tttg: c21/95 lr:0.000892 t:3.1s
tttg: c22/95 lr:0.000882 t:3.1s
tttg: c23/95 lr:0.000871 t:3.2s
tttg: c24/95 lr:0.000859 t:3.3s
tttg: c25/95 lr:0.000848 t:3.4s
tttg: c26/95 lr:0.000835 t:3.4s
tttg: c27/95 lr:0.000823 t:3.5s
tttg: c28/95 lr:0.000810 t:3.6s
tttg: c29/95 lr:0.000797 t:3.6s
tttg: c30/95 lr:0.000783 t:3.7s
tttg: c31/95 lr:0.000769 t:3.8s
tttg: c32/95 lr:0.000755 t:3.8s
tttg: c33/95 lr:0.000740 t:3.9s
tttg: c34/95 lr:0.000726 t:4.0s
tttg: c35/95 lr:0.000710 t:4.0s
tttg: c36/95 lr:0.000695 t:4.1s
tttg: c37/95 lr:0.000680 t:4.2s
tttg: c38/95 lr:0.000664 t:4.3s
tttg: c39/95 lr:0.000648 t:4.3s
tttg: c40/95 lr:0.000632 t:4.4s
tttg: c41/95 lr:0.000616 t:4.5s
tttg: c42/95 lr:0.000600 t:4.5s
tttg: c43/95 lr:0.000583 t:4.6s
tttg: c44/95 lr:0.000567 t:4.7s
tttg: c45/95 lr:0.000550 t:4.8s
tttg: c46/95 lr:0.000533 t:4.8s
tttg: c47/95 lr:0.000517 t:4.9s
tttg: c48/95 lr:0.000500 t:5.0s
tttg: c49/95 lr:0.000483 t:5.0s
tttg: c50/95 lr:0.000467 t:5.1s
tttg: c51/95 lr:0.000450 t:5.2s
tttg: c52/95 lr:0.000433 t:5.2s
tttg: c53/95 lr:0.000417 t:5.3s
tttg: c54/95 lr:0.000400 t:5.4s
tttg: c55/95 lr:0.000384 t:5.4s
tttg: c56/95 lr:0.000368 t:5.5s
tttg: c57/95 lr:0.000352 t:5.6s
tttg: c58/95 lr:0.000336 t:5.6s
tttg: c59/95 lr:0.000320 t:5.7s
tttg: c60/95 lr:0.000305 t:5.8s
tttg: c61/95 lr:0.000290 t:5.9s
tttg: c62/95 lr:0.000274 t:5.9s
tttg: c63/95 lr:0.000260 t:6.0s
tttg: c64/95 lr:0.000245 t:6.1s
tttg: c65/95 lr:0.000231 t:6.1s
tttg: c66/95 lr:0.000217 t:6.2s
tttg: c67/95 lr:0.000203 t:6.3s
tttg: c68/95 lr:0.000190 t:6.4s
tttg: c69/95 lr:0.000177 t:6.4s
tttg: c70/95 lr:0.000165 t:6.5s
tttg: c71/95 lr:0.000152 t:6.6s
tttg: c72/95 lr:0.000141 t:6.6s
tttg: c73/95 lr:0.000129 t:6.7s
tttg: c74/95 lr:0.000118 t:6.8s
tttg: c75/95 lr:0.000108 t:6.8s
tttg: c76/95 lr:0.000097 t:6.9s
tttg: c77/95 lr:0.000088 t:7.0s
tttg: c78/95 lr:0.000079 t:7.0s
tttg: c79/95 lr:0.000070 t:7.1s
tttg: c80/95 lr:0.000062 t:7.2s
tttg: c81/95 lr:0.000054 t:7.2s
tttg: c82/95 lr:0.000046 t:7.3s
tttg: c83/95 lr:0.000040 t:7.4s
tttg: c84/95 lr:0.000033 t:7.4s
tttg: c85/95 lr:0.000028 t:7.5s
tttg: c86/95 lr:0.000022 t:7.6s
tttg: c87/95 lr:0.000018 t:7.7s
tttg: c88/95 lr:0.000014 t:7.7s
tttg: c89/95 lr:0.000010 t:7.8s
tttg: c90/95 lr:0.000007 t:7.9s
tttg: c91/95 lr:0.000004 t:8.0s
tttg: c92/95 lr:0.000003 t:8.0s
tttg: c93/95 lr:0.000001 t:8.1s
tttg: c94/95 lr:0.000000 t:8.2s
ttpr: phase:1/3 t:209.8s
ttp: b757/782 bl:2.6379 bb:1.0195 rl:2.6840 rb:1.0727 dl:3033-3108 gd:0
ttpp: phase:2/3 pd:1808 gd:1333 t:320.1s
tttg: c1/158 lr:0.001000 t:0.1s
tttg: c2/158 lr:0.001000 t:0.1s
tttg: c3/158 lr:0.001000 t:0.2s
tttg: c4/158 lr:0.000999 t:0.3s
tttg: c5/158 lr:0.000998 t:0.4s
tttg: c6/158 lr:0.000997 t:0.4s
tttg: c7/158 lr:0.000996 t:0.5s
tttg: c8/158 lr:0.000995 t:0.6s
tttg: c9/158 lr:0.000994 t:0.6s
tttg: c10/158 lr:0.000992 t:0.7s
tttg: c11/158 lr:0.000990 t:0.8s
tttg: c12/158 lr:0.000988 t:0.9s
tttg: c13/158 lr:0.000986 t:0.9s
tttg: c14/158 lr:0.000983 t:1.0s
tttg: c15/158 lr:0.000981 t:1.1s
tttg: c16/158 lr:0.000978 t:1.1s
tttg: c17/158 lr:0.000975 t:1.2s
tttg: c18/158 lr:0.000971 t:1.3s
tttg: c19/158 lr:0.000968 t:1.3s
tttg: c20/158 lr:0.000964 t:1.4s
tttg: c21/158 lr:0.000960 t:1.5s
tttg: c22/158 lr:0.000957 t:1.6s
tttg: c23/158 lr:0.000952 t:1.6s
tttg: c24/158 lr:0.000948 t:1.7s
tttg: c25/158 lr:0.000943 t:1.8s
tttg: c26/158 lr:0.000939 t:1.8s
tttg: c27/158 lr:0.000934 t:1.9s
tttg: c28/158 lr:0.000929 t:2.0s
tttg: c29/158 lr:0.000924 t:2.1s
tttg: c30/158 lr:0.000918 t:2.2s
tttg: c31/158 lr:0.000913 t:2.2s
tttg: c32/158 lr:0.000907 t:2.3s
tttg: c33/158 lr:0.000901 t:2.4s
tttg: c34/158 lr:0.000895 t:2.4s
tttg: c35/158 lr:0.000889 t:2.5s
tttg: c36/158 lr:0.000882 t:2.6s
tttg: c37/158 lr:0.000876 t:2.6s
tttg: c38/158 lr:0.000869 t:2.7s
tttg: c39/158 lr:0.000862 t:2.8s
tttg: c40/158 lr:0.000855 t:2.9s
tttg: c41/158 lr:0.000848 t:2.9s
tttg: c42/158 lr:0.000841 t:3.0s
tttg: c43/158 lr:0.000834 t:3.1s
tttg: c44/158 lr:0.000826 t:3.1s
tttg: c45/158 lr:0.000818 t:3.2s
tttg: c46/158 lr:0.000811 t:3.3s
tttg: c47/158 lr:0.000803 t:3.3s
tttg: c48/158 lr:0.000795 t:3.4s
tttg: c49/158 lr:0.000787 t:3.5s
tttg: c50/158 lr:0.000778 t:3.6s
tttg: c51/158 lr:0.000770 t:3.6s
tttg: c52/158 lr:0.000761 t:3.7s
tttg: c53/158 lr:0.000753 t:3.8s
tttg: c54/158 lr:0.000744 t:3.9s
tttg: c55/158 lr:0.000735 t:3.9s
tttg: c56/158 lr:0.000727 t:4.0s
tttg: c57/158 lr:0.000718 t:4.1s
tttg: c58/158 lr:0.000709 t:4.1s
tttg: c59/158 lr:0.000699 t:4.2s
tttg: c60/158 lr:0.000690 t:4.3s
tttg: c61/158 lr:0.000681 t:4.3s
tttg: c62/158 lr:0.000672 t:4.4s
tttg: c63/158 lr:0.000662 t:4.5s
tttg: c64/158 lr:0.000653 t:4.6s
tttg: c65/158 lr:0.000643 t:4.6s
tttg: c66/158 lr:0.000633 t:4.7s
tttg: c67/158 lr:0.000624 t:4.8s
tttg: c68/158 lr:0.000614 t:4.8s
tttg: c69/158 lr:0.000604 t:4.9s
tttg: c70/158 lr:0.000594 t:5.0s
tttg: c71/158 lr:0.000585 t:5.0s
tttg: c72/158 lr:0.000575 t:5.1s
tttg: c73/158 lr:0.000565 t:5.2s
tttg: c74/158 lr:0.000555 t:5.2s
tttg: c75/158 lr:0.000545 t:5.3s
tttg: c76/158 lr:0.000535 t:5.4s
tttg: c77/158 lr:0.000525 t:5.5s
tttg: c78/158 lr:0.000515 t:5.5s
tttg: c79/158 lr:0.000505 t:5.6s
tttg: c80/158 lr:0.000495 t:5.7s
tttg: c81/158 lr:0.000485 t:5.8s
tttg: c82/158 lr:0.000475 t:5.8s
tttg: c83/158 lr:0.000465 t:5.9s
tttg: c84/158 lr:0.000455 t:6.0s
tttg: c85/158 lr:0.000445 t:6.0s
tttg: c86/158 lr:0.000435 t:6.1s
tttg: c87/158 lr:0.000425 t:6.2s
tttg: c88/158 lr:0.000415 t:6.3s
tttg: c89/158 lr:0.000406 t:6.3s
tttg: c90/158 lr:0.000396 t:6.4s
tttg: c91/158 lr:0.000386 t:6.5s
tttg: c92/158 lr:0.000376 t:6.5s
tttg: c93/158 lr:0.000367 t:6.6s
tttg: c94/158 lr:0.000357 t:6.7s
tttg: c95/158 lr:0.000347 t:6.7s
tttg: c96/158 lr:0.000338 t:6.8s
tttg: c97/158 lr:0.000328 t:6.9s
tttg: c98/158 lr:0.000319 t:6.9s
tttg: c99/158 lr:0.000310 t:7.0s
tttg: c100/158 lr:0.000301 t:7.1s
tttg: c101/158 lr:0.000291 t:7.2s
tttg: c102/158 lr:0.000282 t:7.2s
tttg: c103/158 lr:0.000273 t:7.3s
tttg: c104/158 lr:0.000265 t:7.4s
tttg: c105/158 lr:0.000256 t:7.4s
tttg: c106/158 lr:0.000247 t:7.5s
tttg: c107/158 lr:0.000239 t:7.6s
tttg: c108/158 lr:0.000230 t:7.7s
tttg: c109/158 lr:0.000222 t:7.7s
tttg: c110/158 lr:0.000213 t:7.8s
tttg: c111/158 lr:0.000205 t:7.9s
tttg: c112/158 lr:0.000197 t:7.9s
tttg: c113/158 lr:0.000189 t:8.0s
tttg: c114/158 lr:0.000182 t:8.1s
tttg: c115/158 lr:0.000174 t:8.1s
tttg: c116/158 lr:0.000166 t:8.2s
tttg: c117/158 lr:0.000159 t:8.3s
tttg: c118/158 lr:0.000152 t:8.4s
tttg: c119/158 lr:0.000145 t:8.4s
tttg: c120/158 lr:0.000138 t:8.5s
tttg: c121/158 lr:0.000131 t:8.6s
tttg: c122/158 lr:0.000124 t:8.6s
tttg: c123/158 lr:0.000118 t:8.7s
tttg: c124/158 lr:0.000111 t:8.8s
tttg: c125/158 lr:0.000105 t:8.8s
tttg: c126/158 lr:0.000099 t:8.9s
tttg: c127/158 lr:0.000093 t:9.0s
tttg: c128/158 lr:0.000087 t:9.1s
tttg: c129/158 lr:0.000082 t:9.1s
tttg: c130/158 lr:0.000076 t:9.2s
tttg: c131/158 lr:0.000071 t:9.3s
tttg: c132/158 lr:0.000066 t:9.3s
tttg: c133/158 lr:0.000061 t:9.4s
tttg: c134/158 lr:0.000057 t:9.5s
tttg: c135/158 lr:0.000052 t:9.6s
tttg: c136/158 lr:0.000048 t:9.6s
tttg: c137/158 lr:0.000043 t:9.7s
tttg: c138/158 lr:0.000040 t:9.8s
tttg: c139/158 lr:0.000036 t:9.9s
tttg: c140/158 lr:0.000032 t:9.9s
tttg: c141/158 lr:0.000029 t:10.0s
tttg: c142/158 lr:0.000025 t:10.1s
tttg: c143/158 lr:0.000022 t:10.1s
tttg: c144/158 lr:0.000019 t:10.2s
tttg: c145/158 lr:0.000017 t:10.3s
tttg: c146/158 lr:0.000014 t:10.4s
tttg: c147/158 lr:0.000012 t:10.4s
tttg: c148/158 lr:0.000010 t:10.5s
tttg: c149/158 lr:0.000008 t:10.6s
tttg: c150/158 lr:0.000006 t:10.6s
tttg: c151/158 lr:0.000005 t:10.7s
tttg: c152/158 lr:0.000004 t:10.8s
tttg: c153/158 lr:0.000003 t:10.8s
tttg: c154/158 lr:0.000002 t:10.9s
tttg: c155/158 lr:0.000001 t:11.0s
tttg: c156/158 lr:0.000000 t:11.1s
tttg: c157/158 lr:0.000000 t:11.2s
ttpr: phase:2/3 t:333.7s
ttp: b746/782 bl:2.6772 bb:1.0541 rl:2.6832 rb:1.0706 dl:2459-2501 gd:0
ttp: b744/782 bl:2.6497 bb:1.0556 rl:2.6799 rb:1.0691 dl:2388-2419 gd:0
ttpp: phase:3/3 pd:2448 gd:2000 t:347.6s
tttg: c1/213 lr:0.001000 t:0.1s
tttg: c2/213 lr:0.001000 t:0.1s
tttg: c3/213 lr:0.001000 t:0.2s
tttg: c4/213 lr:0.001000 t:0.3s
tttg: c5/213 lr:0.000999 t:0.4s
tttg: c6/213 lr:0.000999 t:0.5s
tttg: c7/213 lr:0.000998 t:0.5s
tttg: c8/213 lr:0.000997 t:0.6s
tttg: c9/213 lr:0.000996 t:0.7s
tttg: c10/213 lr:0.000996 t:0.7s
tttg: c11/213 lr:0.000995 t:0.8s
tttg: c12/213 lr:0.000993 t:0.9s
tttg: c13/213 lr:0.000992 t:0.9s
tttg: c14/213 lr:0.000991 t:1.0s
tttg: c15/213 lr:0.000989 t:1.1s
tttg: c16/213 lr:0.000988 t:1.2s
tttg: c17/213 lr:0.000986 t:1.2s
tttg: c18/213 lr:0.000984 t:1.3s
tttg: c19/213 lr:0.000982 t:1.4s
tttg: c20/213 lr:0.000980 t:1.4s
tttg: c21/213 lr:0.000978 t:1.5s
tttg: c22/213 lr:0.000976 t:1.6s
tttg: c23/213 lr:0.000974 t:1.6s
tttg: c24/213 lr:0.000971 t:1.7s
tttg: c25/213 lr:0.000969 t:1.8s
tttg: c26/213 lr:0.000966 t:1.9s
tttg: c27/213 lr:0.000963 t:1.9s
tttg: c28/213 lr:0.000961 t:2.0s
tttg: c29/213 lr:0.000958 t:2.1s
tttg: c30/213 lr:0.000955 t:2.1s
tttg: c31/213 lr:0.000951 t:2.2s
tttg: c32/213 lr:0.000948 t:2.3s
tttg: c33/213 lr:0.000945 t:2.4s
tttg: c34/213 lr:0.000941 t:2.4s
tttg: c35/213 lr:0.000938 t:2.5s
tttg: c36/213 lr:0.000934 t:2.6s
tttg: c37/213 lr:0.000931 t:2.6s
tttg: c38/213 lr:0.000927 t:2.7s
tttg: c39/213 lr:0.000923 t:2.8s
tttg: c40/213 lr:0.000919 t:2.8s
tttg: c41/213 lr:0.000915 t:2.9s
tttg: c42/213 lr:0.000911 t:3.0s
tttg: c43/213 lr:0.000906 t:3.1s
tttg: c44/213 lr:0.000902 t:3.1s
tttg: c45/213 lr:0.000897 t:3.2s
tttg: c46/213 lr:0.000893 t:3.3s
tttg: c47/213 lr:0.000888 t:3.3s
tttg: c48/213 lr:0.000884 t:3.4s
tttg: c49/213 lr:0.000879 t:3.5s
tttg: c50/213 lr:0.000874 t:3.5s
tttg: c51/213 lr:0.000869 t:3.6s
tttg: c52/213 lr:0.000864 t:3.7s
tttg: c53/213 lr:0.000859 t:3.8s
tttg: c54/213 lr:0.000854 t:3.8s
tttg: c55/213 lr:0.000848 t:3.9s
tttg: c56/213 lr:0.000843 t:4.0s
tttg: c57/213 lr:0.000837 t:4.0s
tttg: c58/213 lr:0.000832 t:4.1s
tttg: c59/213 lr:0.000826 t:4.2s
tttg: c60/213 lr:0.000821 t:4.2s
tttg: c61/213 lr:0.000815 t:4.3s
tttg: c62/213 lr:0.000809 t:4.4s
tttg: c63/213 lr:0.000803 t:4.5s
tttg: c64/213 lr:0.000797 t:4.5s
tttg: c65/213 lr:0.000791 t:4.6s
tttg: c66/213 lr:0.000785 t:4.7s
tttg: c67/213 lr:0.000779 t:4.7s
tttg: c68/213 lr:0.000773 t:4.8s
tttg: c69/213 lr:0.000767 t:4.9s
tttg: c70/213 lr:0.000761 t:4.9s
tttg: c71/213 lr:0.000754 t:5.0s
tttg: c72/213 lr:0.000748 t:5.1s
tttg: c73/213 lr:0.000741 t:5.1s
tttg: c74/213 lr:0.000735 t:5.2s
tttg: c75/213 lr:0.000728 t:5.3s
tttg: c76/213 lr:0.000722 t:5.4s
tttg: c77/213 lr:0.000715 t:5.4s
tttg: c78/213 lr:0.000708 t:5.5s
tttg: c79/213 lr:0.000702 t:5.6s
tttg: c80/213 lr:0.000695 t:5.6s
tttg: c81/213 lr:0.000688 t:5.7s
tttg: c82/213 lr:0.000681 t:5.8s
tttg: c83/213 lr:0.000674 t:5.8s
tttg: c84/213 lr:0.000667 t:5.9s
tttg: c85/213 lr:0.000660 t:6.0s
tttg: c86/213 lr:0.000653 t:6.0s
tttg: c87/213 lr:0.000646 t:6.1s
tttg: c88/213 lr:0.000639 t:6.2s
tttg: c89/213 lr:0.000632 t:6.2s
tttg: c90/213 lr:0.000625 t:6.3s
tttg: c91/213 lr:0.000617 t:6.4s
tttg: c92/213 lr:0.000610 t:6.5s
tttg: c93/213 lr:0.000603 t:6.5s
tttg: c94/213 lr:0.000596 t:6.6s
tttg: c95/213 lr:0.000588 t:6.7s
tttg: c96/213 lr:0.000581 t:6.7s
tttg: c97/213 lr:0.000574 t:6.8s
tttg: c98/213 lr:0.000566 t:6.9s
tttg: c99/213 lr:0.000559 t:7.0s
tttg: c100/213 lr:0.000552 t:7.0s
tttg: c101/213 lr:0.000544 t:7.1s
tttg: c102/213 lr:0.000537 t:7.2s
tttg: c103/213 lr:0.000530 t:7.2s
tttg: c104/213 lr:0.000522 t:7.3s
tttg: c105/213 lr:0.000515 t:7.4s
tttg: c106/213 lr:0.000507 t:7.4s
tttg: c107/213 lr:0.000500 t:7.5s
tttg: c108/213 lr:0.000493 t:7.6s
tttg: c109/213 lr:0.000485 t:7.7s
tttg: c110/213 lr:0.000478 t:7.7s
tttg: c111/213 lr:0.000470 t:7.8s
tttg: c112/213 lr:0.000463 t:7.9s
tttg: c113/213 lr:0.000456 t:7.9s
tttg: c114/213 lr:0.000448 t:8.0s
tttg: c115/213 lr:0.000441 t:8.1s
tttg: c116/213 lr:0.000434 t:8.1s
tttg: c117/213 lr:0.000426 t:8.2s
tttg: c118/213 lr:0.000419 t:8.3s
tttg: c119/213 lr:0.000412 t:8.4s
tttg: c120/213 lr:0.000404 t:8.4s
tttg: c121/213 lr:0.000397 t:8.5s
tttg: c122/213 lr:0.000390 t:8.6s
tttg: c123/213 lr:0.000383 t:8.6s
tttg: c124/213 lr:0.000375 t:8.7s
tttg: c125/213 lr:0.000368 t:8.8s
tttg: c126/213 lr:0.000361 t:8.8s
tttg: c127/213 lr:0.000354 t:8.9s
tttg: c128/213 lr:0.000347 t:9.0s
tttg: c129/213 lr:0.000340 t:9.1s
tttg: c130/213 lr:0.000333 t:9.1s
tttg: c131/213 lr:0.000326 t:9.2s
tttg: c132/213 lr:0.000319 t:9.3s
tttg: c133/213 lr:0.000312 t:9.3s
tttg: c134/213 lr:0.000305 t:9.4s
tttg: c135/213 lr:0.000298 t:9.5s
tttg: c136/213 lr:0.000292 t:9.5s
tttg: c137/213 lr:0.000285 t:9.6s
tttg: c138/213 lr:0.000278 t:9.7s
tttg: c139/213 lr:0.000272 t:9.7s
tttg: c140/213 lr:0.000265 t:9.8s
tttg: c141/213 lr:0.000259 t:9.9s
tttg: c142/213 lr:0.000252 t:10.0s
tttg: c143/213 lr:0.000246 t:10.0s
tttg: c144/213 lr:0.000239 t:10.1s
tttg: c145/213 lr:0.000233 t:10.2s
tttg: c146/213 lr:0.000227 t:10.2s
tttg: c147/213 lr:0.000221 t:10.3s
tttg: c148/213 lr:0.000215 t:10.4s
tttg: c149/213 lr:0.000209 t:10.4s
tttg: c150/213 lr:0.000203 t:10.5s
tttg: c151/213 lr:0.000197 t:10.6s
tttg: c152/213 lr:0.000191 t:10.6s
tttg: c153/213 lr:0.000185 t:10.7s
tttg: c154/213 lr:0.000179 t:10.8s
tttg: c155/213 lr:0.000174 t:10.9s
tttg: c156/213 lr:0.000168 t:11.0s
tttg: c157/213 lr:0.000163 t:11.1s
tttg: c158/213 lr:0.000157 t:11.1s
tttg: c159/213 lr:0.000152 t:11.2s
tttg: c160/213 lr:0.000146 t:11.3s
tttg: c161/213 lr:0.000141 t:11.3s
tttg: c162/213 lr:0.000136 t:11.4s
tttg: c163/213 lr:0.000131 t:11.5s
tttg: c164/213 lr:0.000126 t:11.6s
tttg: c165/213 lr:0.000121 t:11.6s
tttg: c166/213 lr:0.000116 t:11.7s
tttg: c167/213 lr:0.000112 t:11.8s
tttg: c168/213 lr:0.000107 t:11.8s
tttg: c169/213 lr:0.000103 t:11.9s
tttg: c170/213 lr:0.000098 t:12.0s
tttg: c171/213 lr:0.000094 t:12.0s
tttg: c172/213 lr:0.000089 t:12.1s
tttg: c173/213 lr:0.000085 t:12.2s
tttg: c174/213 lr:0.000081 t:12.2s
tttg: c175/213 lr:0.000077 t:12.4s
tttg: c176/213 lr:0.000073 t:12.4s
tttg: c177/213 lr:0.000069 t:12.5s
tttg: c178/213 lr:0.000066 t:12.6s
tttg: c179/213 lr:0.000062 t:12.6s
tttg: c180/213 lr:0.000059 t:12.7s
tttg: c181/213 lr:0.000055 t:12.8s
tttg: c182/213 lr:0.000052 t:12.9s
tttg: c183/213 lr:0.000049 t:12.9s
tttg: c184/213 lr:0.000045 t:13.0s
tttg: c185/213 lr:0.000042 t:13.1s
tttg: c186/213 lr:0.000039 t:13.1s
tttg: c187/213 lr:0.000037 t:13.2s
tttg: c188/213 lr:0.000034 t:13.3s
tttg: c189/213 lr:0.000031 t:13.3s
tttg: c190/213 lr:0.000029 t:13.4s
tttg: c191/213 lr:0.000026 t:13.5s
tttg: c192/213 lr:0.000024 t:13.6s
tttg: c193/213 lr:0.000022 t:13.6s
tttg: c194/213 lr:0.000020 t:13.7s
tttg: c195/213 lr:0.000018 t:13.8s
tttg: c196/213 lr:0.000016 t:13.8s
tttg: c197/213 lr:0.000014 t:13.9s
tttg: c198/213 lr:0.000012 t:14.0s
tttg: c199/213 lr:0.000011 t:14.0s
tttg: c200/213 lr:0.000009 t:14.1s
tttg: c201/213 lr:0.000008 t:14.2s
tttg: c202/213 lr:0.000007 t:14.2s
tttg: c203/213 lr:0.000005 t:14.3s
tttg: c204/213 lr:0.000004 t:14.4s
tttg: c205/213 lr:0.000004 t:14.4s
tttg: c206/213 lr:0.000003 t:14.5s
tttg: c207/213 lr:0.000002 t:14.6s
tttg: c208/213 lr:0.000001 t:14.6s
tttg: c209/213 lr:0.000001 t:14.7s
tttg: c210/213 lr:0.000000 t:14.8s
tttg: c211/213 lr:0.000000 t:14.9s
tttg: c212/213 lr:0.000000 t:14.9s
ttpr: phase:3/3 t:365.0s
ttp: b736/782 bl:2.6753 bb:1.0428 rl:2.6795 rb:1.0669 dl:2140-2165 gd:1
ttp: b734/782 bl:2.7676 bb:1.0554 rl:2.6860 rb:1.0660 dl:2091-2115 gd:1
ttp: b722/782 bl:2.7645 bb:1.0570 rl:2.6908 rb:1.0654 dl:1846-1861 gd:1
ttp: b720/782 bl:2.8156 bb:1.0755 rl:2.6979 rb:1.0660 dl:1816-1832 gd:1
ttp: b708/782 bl:2.7173 bb:1.0442 rl:2.6988 rb:1.0649 dl:1639-1649 gd:1
ttp: b703/782 bl:2.9084 bb:1.1001 rl:2.7082 rb:1.0666 dl:1582-1594 gd:1
ttp: b696/782 bl:2.8038 bb:1.0717 rl:2.7122 rb:1.0668 dl:1513-1522 gd:1
ttp: b690/782 bl:2.8371 bb:1.0631 rl:2.7169 rb:1.0666 dl:1458-1467 gd:1
ttp: b683/782 bl:2.7659 bb:1.0650 rl:2.7187 rb:1.0666 dl:1400-1406 gd:1
ttp: b675/782 bl:2.8325 bb:1.0633 rl:2.7224 rb:1.0665 dl:1341-1347 gd:1
ttp: b667/782 bl:2.8104 bb:1.1009 rl:2.7251 rb:1.0675 dl:1288-1295 gd:1
ttp: b662/782 bl:2.8085 bb:1.0717 rl:2.7275 rb:1.0676 dl:1258-1263 gd:1
ttp: b653/782 bl:2.7562 bb:1.0340 rl:2.7282 rb:1.0667 dl:1203-1209 gd:1
ttp: b644/782 bl:2.7308 bb:1.0304 rl:2.7283 rb:1.0658 dl:1155-1160 gd:1
ttp: b636/782 bl:2.7570 bb:1.0695 rl:2.7290 rb:1.0658 dl:1116-1120 gd:1
ttp: b629/782 bl:2.7155 bb:1.0404 rl:2.7287 rb:1.0653 dl:1082-1086 gd:1
ttp: b621/782 bl:2.8291 bb:1.0835 rl:2.7308 rb:1.0657 dl:1046-1050 gd:1
ttp: b614/782 bl:2.7797 bb:1.0632 rl:2.7318 rb:1.0656 dl:1016-1020 gd:1
ttp: b605/782 bl:2.7390 bb:1.0565 rl:2.7319 rb:1.0654 dl:978-982 gd:1
ttp: b597/782 bl:2.7674 bb:1.0390 rl:2.7326 rb:1.0649 dl:947-950 gd:1
ttp: b588/782 bl:2.7318 bb:1.0422 rl:2.7326 rb:1.0645 dl:917-921 gd:1
ttp: b580/782 bl:2.7270 bb:1.0361 rl:2.7325 rb:1.0640 dl:891-894 gd:1
ttp: b572/782 bl:2.9327 bb:1.1161 rl:2.7356 rb:1.0649 dl:865-868 gd:1
ttp: b564/782 bl:2.8607 bb:1.1068 rl:2.7375 rb:1.0655 dl:840-843 gd:1
ttp: b556/782 bl:2.8239 bb:1.0796 rl:2.7388 rb:1.0657 dl:815-818 gd:1
ttp: b546/782 bl:2.8229 bb:1.0718 rl:2.7399 rb:1.0658 dl:788-790 gd:1
ttp: b538/782 bl:2.6794 bb:1.0363 rl:2.7391 rb:1.0654 dl:767-769 gd:1
ttp: b534/782 bl:2.8109 bb:1.0692 rl:2.7400 rb:1.0655 dl:757-759 gd:1
ttp: b526/782 bl:2.7622 bb:1.0548 rl:2.7403 rb:1.0653 dl:737-739 gd:1
ttp: b518/782 bl:2.7269 bb:1.0503 rl:2.7402 rb:1.0652 dl:717-720 gd:1
ttp: b511/782 bl:2.7677 bb:1.0453 rl:2.7405 rb:1.0649 dl:700-703 gd:1
ttp: b503/782 bl:2.8165 bb:1.0725 rl:2.7413 rb:1.0650 dl:683-685 gd:1
ttp: b494/782 bl:2.7876 bb:1.0509 rl:2.7418 rb:1.0649 dl:661-664 gd:1
ttp: b486/782 bl:2.7917 bb:1.0596 rl:2.7423 rb:1.0648 dl:645-646 gd:1
ttp: b478/782 bl:2.7870 bb:1.0495 rl:2.7428 rb:1.0646 dl:628-630 gd:1
ttp: b467/782 bl:2.7851 bb:1.0521 rl:2.7432 rb:1.0645 dl:606-608 gd:1
ttp: b461/782 bl:2.7674 bb:1.0554 rl:2.7434 rb:1.0644 dl:595-597 gd:1
ttp: b453/782 bl:2.7566 bb:1.0578 rl:2.7435 rb:1.0644 dl:580-582 gd:1
ttp: b443/782 bl:2.7576 bb:1.0504 rl:2.7436 rb:1.0643 dl:562-564 gd:1
ttp: b433/782 bl:2.7681 bb:1.0624 rl:2.7438 rb:1.0642 dl:544-545 gd:1
ttp: b425/782 bl:2.7505 bb:1.0464 rl:2.7439 rb:1.0641 dl:530-532 gd:1
ttp: b417/782 bl:2.8074 bb:1.0528 rl:2.7444 rb:1.0640 dl:516-517 gd:1
ttp: b409/782 bl:2.7074 bb:1.0460 rl:2.7441 rb:1.0639 dl:503-505 gd:1
ttp: b401/782 bl:2.7316 bb:1.0574 rl:2.7440 rb:1.0638 dl:490-492 gd:1
ttp: b394/782 bl:2.8830 bb:1.1119 rl:2.7450 rb:1.0642 dl:479-481 gd:1
ttp: b391/782 bl:2.8154 bb:1.0965 rl:2.7454 rb:1.0644 dl:475-476 gd:1
ttp: b383/782 bl:2.8311 bb:1.0842 rl:2.7460 rb:1.0645 dl:463-464 gd:1
ttp: b375/782 bl:2.8022 bb:1.1043 rl:2.7464 rb:1.0648 dl:452-453 gd:1
ttp: b367/782 bl:2.8309 bb:1.0633 rl:2.7469 rb:1.0648 dl:440-441 gd:1
ttp: b358/782 bl:2.8126 bb:1.0871 rl:2.7473 rb:1.0649 dl:427-429 gd:1
ttp: b350/782 bl:2.7238 bb:1.0565 rl:2.7471 rb:1.0648 dl:417-418 gd:1
ttp: b342/782 bl:2.8599 bb:1.1003 rl:2.7478 rb:1.0650 dl:406-407 gd:1
ttp: b334/782 bl:2.8684 bb:1.1038 rl:2.7484 rb:1.0653 dl:395-396 gd:1
ttp: b325/782 bl:2.8396 bb:1.0908 rl:2.7489 rb:1.0654 dl:384-385 gd:1
ttp: b319/782 bl:2.8215 bb:1.1069 rl:2.7493 rb:1.0656 dl:376-377 gd:1
ttp: b311/782 bl:2.8510 bb:1.0922 rl:2.7498 rb:1.0657 dl:365-367 gd:1
ttp: b302/782 bl:2.8296 bb:1.0974 rl:2.7502 rb:1.0659 dl:354-355 gd:1
ttp: b295/782 bl:2.8361 bb:1.1182 rl:2.7506 rb:1.0661 dl:345-347 gd:1
ttp: b286/782 bl:2.8804 bb:1.0942 rl:2.7512 rb:1.0663 dl:335-336 gd:1
ttp: b280/782 bl:2.8146 bb:1.0924 rl:2.7514 rb:1.0664 dl:329-329 gd:1
ttp: b271/782 bl:2.7734 bb:1.0688 rl:2.7515 rb:1.0664 dl:319-320 gd:1
ttp: b263/782 bl:2.8274 bb:1.1012 rl:2.7518 rb:1.0665 dl:310-311 gd:1
ttp: b255/782 bl:2.8699 bb:1.1325 rl:2.7523 rb:1.0668 dl:300-301 gd:1
ttp: b247/782 bl:2.7860 bb:1.0765 rl:2.7524 rb:1.0668 dl:292-293 gd:1
ttp: b238/782 bl:2.8924 bb:1.1474 rl:2.7530 rb:1.0671 dl:283-284 gd:1
ttp: b230/782 bl:2.9091 bb:1.1132 rl:2.7535 rb:1.0673 dl:275-276 gd:1
ttp: b222/782 bl:2.8777 bb:1.1180 rl:2.7539 rb:1.0674 dl:267-268 gd:1
ttp: b214/782 bl:2.9313 bb:1.1277 rl:2.7545 rb:1.0677 dl:259-260 gd:1
ttp: b206/782 bl:2.8795 bb:1.1146 rl:2.7549 rb:1.0678 dl:252-253 gd:1
ttp: b198/782 bl:2.9694 bb:1.1484 rl:2.7556 rb:1.0681 dl:245-246 gd:1
ttp: b188/782 bl:2.9052 bb:1.1509 rl:2.7561 rb:1.0683 dl:236-237 gd:1
ttp: b180/782 bl:2.9042 bb:1.1325 rl:2.7565 rb:1.0685 dl:229-230 gd:1
ttp: b172/782 bl:3.0050 bb:1.1818 rl:2.7572 rb:1.0688 dl:222-223 gd:1
ttp: b163/782 bl:2.8895 bb:1.1341 rl:2.7576 rb:1.0690 dl:214-215 gd:1
ttp: b153/782 bl:3.0065 bb:1.1598 rl:2.7582 rb:1.0692 dl:206-207 gd:1
ttp: b146/782 bl:2.8973 bb:1.1501 rl:2.7586 rb:1.0694 dl:200-201 gd:1
ttp: b137/782 bl:2.9322 bb:1.1816 rl:2.7590 rb:1.0697 dl:193-194 gd:1
ttp: b129/782 bl:2.9350 bb:1.1782 rl:2.7594 rb:1.0699 dl:187-187 gd:1
ttp: b121/782 bl:2.8476 bb:1.1282 rl:2.7596 rb:1.0701 dl:181-181 gd:1
ttp: b112/782 bl:2.9877 bb:1.1556 rl:2.7601 rb:1.0702 dl:174-175 gd:1
ttp: b104/782 bl:2.9932 bb:1.1647 rl:2.7606 rb:1.0704 dl:168-169 gd:1
ttp: b96/782 bl:2.9381 bb:1.1484 rl:2.7609 rb:1.0706 dl:162-163 gd:1
ttp: b88/782 bl:3.0995 bb:1.2068 rl:2.7616 rb:1.0709 dl:156-157 gd:1
ttp: b81/782 bl:2.9246 bb:1.1631 rl:2.7619 rb:1.0710 dl:151-151 gd:1
ttp: b71/782 bl:2.9609 bb:1.1552 rl:2.7622 rb:1.0712 dl:143-144 gd:1
ttp: b68/782 bl:3.1098 bb:1.2081 rl:2.7628 rb:1.0714 dl:141-142 gd:1
ttp: b61/782 bl:2.9215 bb:1.1422 rl:2.7631 rb:1.0715 dl:135-136 gd:1
ttp: b54/782 bl:3.1007 bb:1.2697 rl:2.7637 rb:1.0718 dl:130-130 gd:1
ttp: b45/782 bl:3.0902 bb:1.2362 rl:2.7641 rb:1.0721 dl:122-123 gd:1
ttp: b36/782 bl:2.9988 bb:1.2264 rl:2.7645 rb:1.0723 dl:115-116 gd:1
ttp: b25/782 bl:3.2922 bb:1.3047 rl:2.7652 rb:1.0726 dl:106-107 gd:1
ttp: b17/782 bl:3.1456 bb:1.2468 rl:2.7656 rb:1.0728 dl:98-99 gd:1
ttp: b9/782 bl:3.2171 bb:1.2749 rl:2.7661 rb:1.0730 dl:87-89 gd:1
ttp: b1/782 bl:3.3365 bb:1.2383 rl:2.7665 rb:1.0731 dl:45-70 gd:1
quantized_ttt_phased val_loss:2.76880744 val_bpb:1.07189164 eval_time:456456ms
total_eval_time:456.5s
[Wed Apr 22 00:41:20 UTC 2026] Experiment pure_ttt_sp8192_dxa144_seed1337_8gpu complete
Final BPB: diagnostic pre-quantization post-ema val_loss:2.77352391 val_bpb:1.07368293 eval_time:6579ms
diagnostic quantized val_loss:2.80324509 val_bpb:1.08518856 eval_time:59228ms
quantized_ttt_phased val_loss:2.76880744 val_bpb:1.07189164 eval_time:456456ms
