[Wed Apr 22 00:11:14 UTC 2026] Starting SP8192 dexhunter experiment: pure_ttt_sp8192_dxa144_seed314_8gpu
Extra args: SEED=314 PHASED_TTT_ENABLED=1 PHASED_TTT_PREFIX_DOCS=2000 PHASED_TTT_NUM_PHASES=3 MLP_CLIP_SIGMAS=12.0 ATTN_CLIP_SIGMAS=13.0 EMBED_BITS=7 EMBED_CLIP_SIGMAS=15.0 MATRIX_LR=0.026 GPTQ_RESERVE_SECONDS=4 GPTQ_CALIBRATION_BATCHES=16 TTT_LORA_RANK=128 TTT_LORA_ALPHA=144 TTT_WARM_START_A=1 TTT_WEIGHT_DECAY=1.0
torch: 2.9.1+cu128
FA3 interface: OK
[Wed Apr 22 00:11:20 UTC 2026] GPU check:
0, 1 MiB, 0 %
1, 1 MiB, 0 %
2, 1 MiB, 0 %
3, 1 MiB, 0 %
4, 1 MiB, 0 %
5, 1 MiB, 0 %
6, 1 MiB, 0 %
7, 1 MiB, 0 %
W0422 00:11:21.728000 112 torch/distributed/run.py:803] 
W0422 00:11:21.728000 112 torch/distributed/run.py:803] *****************************************
W0422 00:11:21.728000 112 torch/distributed/run.py:803] Setting OMP_NUM_THREADS environment variable for each process to be 1 in default, to avoid your system being overloaded, please further tune the variable for optimal performance in your application as needed. 
W0422 00:11:21.728000 112 torch/distributed/run.py:803] *****************************************
Hyperparameters:
  adam_eps: 1e-08
  adam_wd: 0.02
  artifact_dir: 
  attn_clip_sigmas: 13.0
  beta1: 0.9
  beta2: 0.95
  compressor: brotli
  data_dir: DATA_DIR
  datasets_dir: DATA_DIR/datasets/fineweb10B_sp8192
  distributed: True
  ema_decay: 0.9965
  embed_bits: 7
  embed_clip_sigmas: 15.0
  embed_lr: 0.6
  embed_wd: 0.085
  enable_looping_at: 0.35
  eval_seq_len: 2048
  eval_stride: 64
  global_ttt_batch_seqs: 32
  global_ttt_chunk_tokens: 32768
  global_ttt_epochs: 1
  global_ttt_grad_clip: 1.0
  global_ttt_lr: 0.001
  global_ttt_momentum: 0.9
  global_ttt_respect_doc_boundaries: True
  global_ttt_warmup_chunks: 0
  global_ttt_warmup_start_lr: 0.0
  gptq_calibration_batches: 16
  gptq_reserve_seconds: 4.0
  grad_accum_steps: 1
  grad_clip_norm: 0.3
  is_main_process: True
  iterations: 20000
  ln_scale: True
  local_rank: 0
  logfile: logs/8b66f202-61ad-44b2-8133-e54dcaa5e869.txt
  logit_softcap: 30.0
  loop_end: 5
  loop_start: 3
  matrix_bits: 6
  matrix_clip_sigmas: 12.85
  matrix_lr: 0.026
  max_wallclock_seconds: 600.0
  min_lr: 0.0
  mlp_clip_sigmas: 12.0
  mlp_mult: 4.0
  model_dim: 512
  model_path: final_model.pt
  muon_backend_steps: 5
  muon_momentum: 0.97
  muon_momentum_warmup_start: 0.92
  muon_momentum_warmup_steps: 1500
  muon_row_normalize: True
  muon_wd: 0.095
  num_heads: 8
  num_kv_heads: 4
  num_layers: 11
  num_loops: 2
  parallel_final_lane: mean
  parallel_start_layer: 8
  phased_ttt_enabled: True
  phased_ttt_num_phases: 3
  phased_ttt_prefix_docs: 2000
  qk_gain_init: 5.0
  quantized_model_path: final_model.int6.ptz
  rank: 0
  rope_base: 10000.0
  rope_dims: 16
  rope_train_seq_len: 2048
  rope_yarn: False
  run_id: 8b66f202-61ad-44b2-8133-e54dcaa5e869
  scalar_lr: 0.02
  seed: 314
  skip_gates_enabled: True
  sliding_window_enabled: False
  tie_embeddings: True
  tied_embed_init_std: 0.005
  tied_embed_lr: 0.03
  tokenizer_path: DATA_DIR/tokenizers/fineweb_8192_bpe.model
  train_batch_tokens: 786432
  train_files: DATA_DIR/datasets/fineweb10B_sp8192/fineweb_train_*.bin
  train_log_every: 500
  train_seq_len: 2048
  ttt_batch_size: 64
  ttt_beta1: 0.0
  ttt_beta2: 0.999
  ttt_chunk_size: 48
  ttt_enabled: True
  ttt_eval_batches: 
  ttt_eval_seq_len: 2048
  ttt_grad_steps: 1
  ttt_k_lora: True
  ttt_lora_lr: 0.0001
  ttt_lora_rank: 128
  ttt_mlp_lora: True
  ttt_o_lora: True
  ttt_optimizer: adam
  ttt_weight_decay: 1.0
  val_batch_tokens: 524288
  val_doc_fraction: 1.0
  val_files: DATA_DIR/datasets/fineweb10B_sp8192/fineweb_val_*.bin
  val_loss_every: 4000
  vocab_size: 8192
  warmdown_frac: 0.75
  warmup_steps: 20
  world_size: 8
  xsa_last_n: 11
train_shards: 80
val_tokens: 40540160
model_params:35944602
gptq:reserving 4s, effective=596000ms
warmup_cu_buckets:64,128,192,256 iters_each:3
warmup_step: 1/20
warmup_step: 2/20
warmup_step: 3/20
warmup_step: 4/20
warmup_step: 5/20
warmup_step: 6/20
warmup_step: 10/20
warmup_step: 20/20
loop_warmup:enabled encoder:[0, 1, 2, 3, 4, 5, 3, 4] decoder:[5, 3, 4, 5, 6, 7, 8, 9, 10]
loop_warmup_step: 1/20
loop_warmup_step: 2/20
loop_warmup_step: 3/20
loop_warmup_step: 4/20
loop_warmup_step: 5/20
loop_warmup_step: 6/20
loop_warmup_step: 10/20
loop_warmup_step: 20/20
0/20000 val_loss: 9.0092 val_bpb: 3.4876
1/20000 train_loss: 9.0084 train_time: 0.0m tok/s: 16601837
2/20000 train_loss: 12.3017 train_time: 0.0m tok/s: 12882499
3/20000 train_loss: 11.2467 train_time: 0.0m tok/s: 10974981
4/20000 train_loss: 9.6647 train_time: 0.0m tok/s: 10132876
5/20000 train_loss: 8.2432 train_time: 0.0m tok/s: 9746251
500/20000 train_loss: 3.2606 train_time: 0.8m tok/s: 8302023
1000/20000 train_loss: 3.0299 train_time: 1.6m tok/s: 8246192
1500/20000 train_loss: 3.0339 train_time: 2.4m tok/s: 8234101
2000/20000 train_loss: 2.9832 train_time: 3.2m tok/s: 8237881
layer_loop:enabled step:2183 frac:0.350 encoder:[0, 1, 2, 3, 4, 5, 3, 4] decoder:[5, 3, 4, 5, 6, 7, 8, 9, 10]
2500/20000 train_loss: 3.0748 train_time: 4.2m tok/s: 7779406
3000/20000 train_loss: 2.9130 train_time: 5.4m tok/s: 7317277
3500/20000 train_loss: 2.9788 train_time: 6.5m tok/s: 7018208
4000/20000 train_loss: 2.9152 train_time: 7.7m tok/s: 6810416
4000/20000 val_loss: 2.8882 val_bpb: 1.1181
4500/20000 train_loss: 2.8696 train_time: 8.9m tok/s: 6658972
4940/20000 val_loss: 2.7705 val_bpb: 1.0725
stopping_early: wallclock_cap train_time: 596094ms step: 4940/20000
peak memory allocated: 40029 MiB reserved: 44036 MiB
ema:applying EMA weights
diagnostic pre-quantization post-ema val_loss:2.76935172 val_bpb:1.07206780 eval_time:6637ms
Serialized model: 135409136 bytes
Code size (uncompressed): 122656 bytes
Code size (compressed): 27680 bytes
GPTQ:collecting Hessians from calibration data...
GPTQ:collected 67 Hessians in 3.6s
Quantized weights:
  gptq (int6): blocks.attn.c_k.weight, blocks.attn.c_q.weight, blocks.attn.c_v.weight, blocks.attn.proj.weight, blocks.mlp.fc.weight, blocks.mlp.proj.weight
  gptq (int7): tok_emb.weight
  passthrough (float16): blocks.attn.q_gain, blocks.attn_scale, blocks.mlp_scale, blocks.resid_mix, parallel_post_lambdas, parallel_resid_lambdas, skip_gates, skip_weights
Serialized model quantized+brotli: 15908137 bytes
Total submission size quantized+brotli: 15935817 bytes
diagnostic quantized val_loss:2.80162128 val_bpb:1.08455995 eval_time:57889ms
ttt_lora:warming up compile (random tokens, no val data)
ttt_lora:compile warmup done (152.5s)

beginning TTT eval timer
ttt_phased: total_docs:50000 prefix_docs:2000 suffix_docs:48000 num_phases:3 boundaries:[666, 1333, 2000]
ttp: b777/782 bl:2.7268 bb:1.0907 rl:2.7268 rb:1.0907 dl:7190-7938 gd:0
ttp: b772/782 bl:2.7664 bb:1.1065 rl:2.7427 rb:1.0970 dl:4937-5193 gd:0
ttp: b767/782 bl:2.7524 bb:1.0989 rl:2.7451 rb:1.0975 dl:3963-4123 gd:0
ttpp: phase:1/3 pd:1104 gd:666 t:200.3s
tttg: c1/95 lr:0.001000 t:1.7s
tttg: c2/95 lr:0.001000 t:1.7s
tttg: c3/95 lr:0.000999 t:1.8s
tttg: c4/95 lr:0.000997 t:1.9s
tttg: c5/95 lr:0.000996 t:1.9s
tttg: c6/95 lr:0.000993 t:2.0s
tttg: c7/95 lr:0.000990 t:2.1s
tttg: c8/95 lr:0.000986 t:2.2s
tttg: c9/95 lr:0.000982 t:2.2s
tttg: c10/95 lr:0.000978 t:2.3s
tttg: c11/95 lr:0.000972 t:2.4s
tttg: c12/95 lr:0.000967 t:2.4s
tttg: c13/95 lr:0.000960 t:2.5s
tttg: c14/95 lr:0.000954 t:2.6s
tttg: c15/95 lr:0.000946 t:2.6s
tttg: c16/95 lr:0.000938 t:2.7s
tttg: c17/95 lr:0.000930 t:2.8s
tttg: c18/95 lr:0.000921 t:2.9s
tttg: c19/95 lr:0.000912 t:2.9s
tttg: c20/95 lr:0.000903 t:3.0s
tttg: c21/95 lr:0.000892 t:3.1s
tttg: c22/95 lr:0.000882 t:3.1s
tttg: c23/95 lr:0.000871 t:3.2s
tttg: c24/95 lr:0.000859 t:3.3s
tttg: c25/95 lr:0.000848 t:3.3s
tttg: c26/95 lr:0.000835 t:3.4s
tttg: c27/95 lr:0.000823 t:3.5s
tttg: c28/95 lr:0.000810 t:3.5s
tttg: c29/95 lr:0.000797 t:3.6s
tttg: c30/95 lr:0.000783 t:3.7s
tttg: c31/95 lr:0.000769 t:3.8s
tttg: c32/95 lr:0.000755 t:3.8s
tttg: c33/95 lr:0.000740 t:3.9s
tttg: c34/95 lr:0.000726 t:4.0s
tttg: c35/95 lr:0.000710 t:4.0s
tttg: c36/95 lr:0.000695 t:4.1s
tttg: c37/95 lr:0.000680 t:4.2s
tttg: c38/95 lr:0.000664 t:4.2s
tttg: c39/95 lr:0.000648 t:4.3s
tttg: c40/95 lr:0.000632 t:4.4s
tttg: c41/95 lr:0.000616 t:4.4s
tttg: c42/95 lr:0.000600 t:4.5s
tttg: c43/95 lr:0.000583 t:4.6s
tttg: c44/95 lr:0.000567 t:4.6s
tttg: c45/95 lr:0.000550 t:4.7s
tttg: c46/95 lr:0.000533 t:4.8s
tttg: c47/95 lr:0.000517 t:4.9s
tttg: c48/95 lr:0.000500 t:4.9s
tttg: c49/95 lr:0.000483 t:5.0s
tttg: c50/95 lr:0.000467 t:5.1s
tttg: c51/95 lr:0.000450 t:5.1s
tttg: c52/95 lr:0.000433 t:5.2s
tttg: c53/95 lr:0.000417 t:5.3s
tttg: c54/95 lr:0.000400 t:5.3s
tttg: c55/95 lr:0.000384 t:5.4s
tttg: c56/95 lr:0.000368 t:5.5s
tttg: c57/95 lr:0.000352 t:5.5s
tttg: c58/95 lr:0.000336 t:5.6s
tttg: c59/95 lr:0.000320 t:5.7s
tttg: c60/95 lr:0.000305 t:5.8s
tttg: c61/95 lr:0.000290 t:5.8s
tttg: c62/95 lr:0.000274 t:5.9s
tttg: c63/95 lr:0.000260 t:6.0s
tttg: c64/95 lr:0.000245 t:6.0s
tttg: c65/95 lr:0.000231 t:6.1s
tttg: c66/95 lr:0.000217 t:6.2s
tttg: c67/95 lr:0.000203 t:6.2s
tttg: c68/95 lr:0.000190 t:6.3s
tttg: c69/95 lr:0.000177 t:6.4s
tttg: c70/95 lr:0.000165 t:6.4s
tttg: c71/95 lr:0.000152 t:6.5s
tttg: c72/95 lr:0.000141 t:6.6s
tttg: c73/95 lr:0.000129 t:6.6s
tttg: c74/95 lr:0.000118 t:6.7s
tttg: c75/95 lr:0.000108 t:6.8s
tttg: c76/95 lr:0.000097 t:6.9s
tttg: c77/95 lr:0.000088 t:6.9s
tttg: c78/95 lr:0.000079 t:7.0s
tttg: c79/95 lr:0.000070 t:7.1s
tttg: c80/95 lr:0.000062 t:7.1s
tttg: c81/95 lr:0.000054 t:7.2s
tttg: c82/95 lr:0.000046 t:7.3s
tttg: c83/95 lr:0.000040 t:7.4s
tttg: c84/95 lr:0.000033 t:7.4s
tttg: c85/95 lr:0.000028 t:7.5s
tttg: c86/95 lr:0.000022 t:7.6s
tttg: c87/95 lr:0.000018 t:7.6s
tttg: c88/95 lr:0.000014 t:7.7s
tttg: c89/95 lr:0.000010 t:7.8s
tttg: c90/95 lr:0.000007 t:7.8s
tttg: c91/95 lr:0.000004 t:7.9s
tttg: c92/95 lr:0.000003 t:8.0s
tttg: c93/95 lr:0.000001 t:8.1s
tttg: c94/95 lr:0.000000 t:8.1s
ttpr: phase:1/3 t:211.0s
ttp: b758/782 bl:2.8748 bb:1.0847 rl:2.7657 rb:1.0953 dl:3108-3187 gd:0
ttp: b756/782 bl:2.7802 bb:1.0776 rl:2.7676 rb:1.0930 dl:2973-3032 gd:0
ttpp: phase:2/3 pd:1808 gd:1333 t:319.9s
tttg: c1/158 lr:0.001000 t:0.1s
tttg: c2/158 lr:0.001000 t:0.1s
tttg: c3/158 lr:0.001000 t:0.2s
tttg: c4/158 lr:0.000999 t:0.3s
tttg: c5/158 lr:0.000998 t:0.4s
tttg: c6/158 lr:0.000997 t:0.4s
tttg: c7/158 lr:0.000996 t:0.5s
tttg: c8/158 lr:0.000995 t:0.6s
tttg: c9/158 lr:0.000994 t:0.7s
tttg: c10/158 lr:0.000992 t:0.7s
tttg: c11/158 lr:0.000990 t:0.8s
tttg: c12/158 lr:0.000988 t:0.9s
tttg: c13/158 lr:0.000986 t:0.9s
tttg: c14/158 lr:0.000983 t:1.0s
tttg: c15/158 lr:0.000981 t:1.1s
tttg: c16/158 lr:0.000978 t:1.2s
tttg: c17/158 lr:0.000975 t:1.2s
tttg: c18/158 lr:0.000971 t:1.3s
tttg: c19/158 lr:0.000968 t:1.4s
tttg: c20/158 lr:0.000964 t:1.5s
tttg: c21/158 lr:0.000960 t:1.5s
tttg: c22/158 lr:0.000957 t:1.6s
tttg: c23/158 lr:0.000952 t:1.7s
tttg: c24/158 lr:0.000948 t:1.7s
tttg: c25/158 lr:0.000943 t:1.8s
tttg: c26/158 lr:0.000939 t:1.9s
tttg: c27/158 lr:0.000934 t:2.0s
tttg: c28/158 lr:0.000929 t:2.0s
tttg: c29/158 lr:0.000924 t:2.1s
tttg: c30/158 lr:0.000918 t:2.2s
tttg: c31/158 lr:0.000913 t:2.2s
tttg: c32/158 lr:0.000907 t:2.3s
tttg: c33/158 lr:0.000901 t:2.4s
tttg: c34/158 lr:0.000895 t:2.4s
tttg: c35/158 lr:0.000889 t:2.5s
tttg: c36/158 lr:0.000882 t:2.6s
tttg: c37/158 lr:0.000876 t:2.7s
tttg: c38/158 lr:0.000869 t:2.7s
tttg: c39/158 lr:0.000862 t:2.8s
tttg: c40/158 lr:0.000855 t:2.9s
tttg: c41/158 lr:0.000848 t:2.9s
tttg: c42/158 lr:0.000841 t:3.0s
tttg: c43/158 lr:0.000834 t:3.1s
tttg: c44/158 lr:0.000826 t:3.2s
tttg: c45/158 lr:0.000818 t:3.2s
tttg: c46/158 lr:0.000811 t:3.3s
tttg: c47/158 lr:0.000803 t:3.4s
tttg: c48/158 lr:0.000795 t:3.4s
tttg: c49/158 lr:0.000787 t:3.5s
tttg: c50/158 lr:0.000778 t:3.6s
tttg: c51/158 lr:0.000770 t:3.7s
tttg: c52/158 lr:0.000761 t:3.7s
tttg: c53/158 lr:0.000753 t:3.8s
tttg: c54/158 lr:0.000744 t:3.9s
tttg: c55/158 lr:0.000735 t:4.0s
tttg: c56/158 lr:0.000727 t:4.0s
tttg: c57/158 lr:0.000718 t:4.1s
tttg: c58/158 lr:0.000709 t:4.2s
tttg: c59/158 lr:0.000699 t:4.3s
tttg: c60/158 lr:0.000690 t:4.3s
tttg: c61/158 lr:0.000681 t:4.4s
tttg: c62/158 lr:0.000672 t:4.5s
tttg: c63/158 lr:0.000662 t:4.6s
tttg: c64/158 lr:0.000653 t:4.6s
tttg: c65/158 lr:0.000643 t:4.7s
tttg: c66/158 lr:0.000633 t:4.8s
tttg: c67/158 lr:0.000624 t:4.8s
tttg: c68/158 lr:0.000614 t:4.9s
tttg: c69/158 lr:0.000604 t:5.0s
tttg: c70/158 lr:0.000594 t:5.1s
tttg: c71/158 lr:0.000585 t:5.1s
tttg: c72/158 lr:0.000575 t:5.2s
tttg: c73/158 lr:0.000565 t:5.3s
tttg: c74/158 lr:0.000555 t:5.4s
tttg: c75/158 lr:0.000545 t:5.4s
tttg: c76/158 lr:0.000535 t:5.5s
tttg: c77/158 lr:0.000525 t:5.6s
tttg: c78/158 lr:0.000515 t:5.6s
tttg: c79/158 lr:0.000505 t:5.7s
tttg: c80/158 lr:0.000495 t:5.8s
tttg: c81/158 lr:0.000485 t:5.8s
tttg: c82/158 lr:0.000475 t:5.9s
tttg: c83/158 lr:0.000465 t:6.0s
tttg: c84/158 lr:0.000455 t:6.1s
tttg: c85/158 lr:0.000445 t:6.1s
tttg: c86/158 lr:0.000435 t:6.2s
tttg: c87/158 lr:0.000425 t:6.3s
tttg: c88/158 lr:0.000415 t:6.3s
tttg: c89/158 lr:0.000406 t:6.4s
tttg: c90/158 lr:0.000396 t:6.5s
tttg: c91/158 lr:0.000386 t:6.6s
tttg: c92/158 lr:0.000376 t:6.6s
tttg: c93/158 lr:0.000367 t:6.7s
tttg: c94/158 lr:0.000357 t:6.8s
tttg: c95/158 lr:0.000347 t:6.8s
tttg: c96/158 lr:0.000338 t:6.9s
tttg: c97/158 lr:0.000328 t:7.0s
tttg: c98/158 lr:0.000319 t:7.1s
tttg: c99/158 lr:0.000310 t:7.1s
tttg: c100/158 lr:0.000301 t:7.2s
tttg: c101/158 lr:0.000291 t:7.3s
tttg: c102/158 lr:0.000282 t:7.3s
tttg: c103/158 lr:0.000273 t:7.4s
tttg: c104/158 lr:0.000265 t:7.5s
tttg: c105/158 lr:0.000256 t:7.6s
tttg: c106/158 lr:0.000247 t:7.6s
tttg: c107/158 lr:0.000239 t:7.7s
tttg: c108/158 lr:0.000230 t:7.8s
tttg: c109/158 lr:0.000222 t:7.8s
tttg: c110/158 lr:0.000213 t:7.9s
tttg: c111/158 lr:0.000205 t:8.0s
tttg: c112/158 lr:0.000197 t:8.1s
tttg: c113/158 lr:0.000189 t:8.1s
tttg: c114/158 lr:0.000182 t:8.2s
tttg: c115/158 lr:0.000174 t:8.3s
tttg: c116/158 lr:0.000166 t:8.3s
tttg: c117/158 lr:0.000159 t:8.4s
tttg: c118/158 lr:0.000152 t:8.5s
tttg: c119/158 lr:0.000145 t:8.6s
tttg: c120/158 lr:0.000138 t:8.7s
tttg: c121/158 lr:0.000131 t:8.7s
tttg: c122/158 lr:0.000124 t:8.8s
tttg: c123/158 lr:0.000118 t:8.9s
tttg: c124/158 lr:0.000111 t:8.9s
tttg: c125/158 lr:0.000105 t:9.0s
tttg: c126/158 lr:0.000099 t:9.1s
tttg: c127/158 lr:0.000093 t:9.2s
tttg: c128/158 lr:0.000087 t:9.2s
tttg: c129/158 lr:0.000082 t:9.3s
tttg: c130/158 lr:0.000076 t:9.4s
tttg: c131/158 lr:0.000071 t:9.4s
tttg: c132/158 lr:0.000066 t:9.5s
tttg: c133/158 lr:0.000061 t:9.6s
tttg: c134/158 lr:0.000057 t:9.6s
tttg: c135/158 lr:0.000052 t:9.7s
tttg: c136/158 lr:0.000048 t:9.8s
tttg: c137/158 lr:0.000043 t:9.9s
tttg: c138/158 lr:0.000040 t:9.9s
tttg: c139/158 lr:0.000036 t:10.0s
tttg: c140/158 lr:0.000032 t:10.1s
tttg: c141/158 lr:0.000029 t:10.1s
tttg: c142/158 lr:0.000025 t:10.2s
tttg: c143/158 lr:0.000022 t:10.3s
tttg: c144/158 lr:0.000019 t:10.4s
tttg: c145/158 lr:0.000017 t:10.4s
tttg: c146/158 lr:0.000014 t:10.5s
tttg: c147/158 lr:0.000012 t:10.6s
tttg: c148/158 lr:0.000010 t:10.6s
tttg: c149/158 lr:0.000008 t:10.7s
tttg: c150/158 lr:0.000006 t:10.8s
tttg: c151/158 lr:0.000005 t:10.9s
tttg: c152/158 lr:0.000004 t:11.0s
tttg: c153/158 lr:0.000003 t:11.0s
tttg: c154/158 lr:0.000002 t:11.1s
tttg: c155/158 lr:0.000001 t:11.2s
tttg: c156/158 lr:0.000000 t:11.3s
tttg: c157/158 lr:0.000000 t:11.3s
ttpr: phase:2/3 t:333.9s
ttp: b746/782 bl:2.6773 bb:1.0542 rl:2.7587 rb:1.0891 dl:2459-2501 gd:0
ttp: b745/782 bl:2.7833 bb:1.0880 rl:2.7609 rb:1.0890 dl:2421-2458 gd:0
ttpp: phase:3/3 pd:2448 gd:2000 t:347.8s
tttg: c1/213 lr:0.001000 t:0.1s
tttg: c2/213 lr:0.001000 t:0.1s
tttg: c3/213 lr:0.001000 t:0.2s
tttg: c4/213 lr:0.001000 t:0.3s
tttg: c5/213 lr:0.000999 t:0.4s
tttg: c6/213 lr:0.000999 t:0.4s
tttg: c7/213 lr:0.000998 t:0.5s
tttg: c8/213 lr:0.000997 t:0.6s
tttg: c9/213 lr:0.000996 t:0.7s
tttg: c10/213 lr:0.000996 t:0.7s
tttg: c11/213 lr:0.000995 t:0.8s
tttg: c12/213 lr:0.000993 t:0.9s
tttg: c13/213 lr:0.000992 t:0.9s
tttg: c14/213 lr:0.000991 t:1.0s
tttg: c15/213 lr:0.000989 t:1.1s
tttg: c16/213 lr:0.000988 t:1.2s
tttg: c17/213 lr:0.000986 t:1.2s
tttg: c18/213 lr:0.000984 t:1.3s
tttg: c19/213 lr:0.000982 t:1.4s
tttg: c20/213 lr:0.000980 t:1.4s
tttg: c21/213 lr:0.000978 t:1.5s
tttg: c22/213 lr:0.000976 t:1.6s
tttg: c23/213 lr:0.000974 t:1.7s
tttg: c24/213 lr:0.000971 t:1.7s
tttg: c25/213 lr:0.000969 t:1.8s
tttg: c26/213 lr:0.000966 t:1.9s
tttg: c27/213 lr:0.000963 t:1.9s
tttg: c28/213 lr:0.000961 t:2.0s
tttg: c29/213 lr:0.000958 t:2.1s
tttg: c30/213 lr:0.000955 t:2.2s
tttg: c31/213 lr:0.000951 t:2.2s
tttg: c32/213 lr:0.000948 t:2.3s
tttg: c33/213 lr:0.000945 t:2.4s
tttg: c34/213 lr:0.000941 t:2.4s
tttg: c35/213 lr:0.000938 t:2.5s
tttg: c36/213 lr:0.000934 t:2.6s
tttg: c37/213 lr:0.000931 t:2.7s
tttg: c38/213 lr:0.000927 t:2.7s
tttg: c39/213 lr:0.000923 t:2.8s
tttg: c40/213 lr:0.000919 t:2.9s
tttg: c41/213 lr:0.000915 t:3.0s
tttg: c42/213 lr:0.000911 t:3.0s
tttg: c43/213 lr:0.000906 t:3.1s
tttg: c44/213 lr:0.000902 t:3.2s
tttg: c45/213 lr:0.000897 t:3.2s
tttg: c46/213 lr:0.000893 t:3.3s
tttg: c47/213 lr:0.000888 t:3.4s
tttg: c48/213 lr:0.000884 t:3.5s
tttg: c49/213 lr:0.000879 t:3.5s
tttg: c50/213 lr:0.000874 t:3.6s
tttg: c51/213 lr:0.000869 t:3.7s
tttg: c52/213 lr:0.000864 t:3.7s
tttg: c53/213 lr:0.000859 t:3.8s
tttg: c54/213 lr:0.000854 t:3.9s
tttg: c55/213 lr:0.000848 t:4.0s
tttg: c56/213 lr:0.000843 t:4.0s
tttg: c57/213 lr:0.000837 t:4.1s
tttg: c58/213 lr:0.000832 t:4.2s
tttg: c59/213 lr:0.000826 t:4.2s
tttg: c60/213 lr:0.000821 t:4.3s
tttg: c61/213 lr:0.000815 t:4.4s
tttg: c62/213 lr:0.000809 t:4.4s
tttg: c63/213 lr:0.000803 t:4.5s
tttg: c64/213 lr:0.000797 t:4.6s
tttg: c65/213 lr:0.000791 t:4.7s
tttg: c66/213 lr:0.000785 t:4.7s
tttg: c67/213 lr:0.000779 t:4.8s
tttg: c68/213 lr:0.000773 t:4.9s
tttg: c69/213 lr:0.000767 t:4.9s
tttg: c70/213 lr:0.000761 t:5.0s
tttg: c71/213 lr:0.000754 t:5.1s
tttg: c72/213 lr:0.000748 t:5.2s
tttg: c73/213 lr:0.000741 t:5.2s
tttg: c74/213 lr:0.000735 t:5.3s
tttg: c75/213 lr:0.000728 t:5.4s
tttg: c76/213 lr:0.000722 t:5.4s
tttg: c77/213 lr:0.000715 t:5.5s
tttg: c78/213 lr:0.000708 t:5.6s
tttg: c79/213 lr:0.000702 t:5.7s
tttg: c80/213 lr:0.000695 t:5.7s
tttg: c81/213 lr:0.000688 t:5.8s
tttg: c82/213 lr:0.000681 t:5.9s
tttg: c83/213 lr:0.000674 t:5.9s
tttg: c84/213 lr:0.000667 t:6.0s
tttg: c85/213 lr:0.000660 t:6.1s
tttg: c86/213 lr:0.000653 t:6.1s
tttg: c87/213 lr:0.000646 t:6.2s
tttg: c88/213 lr:0.000639 t:6.3s
tttg: c89/213 lr:0.000632 t:6.4s
tttg: c90/213 lr:0.000625 t:6.4s
tttg: c91/213 lr:0.000617 t:6.5s
tttg: c92/213 lr:0.000610 t:6.6s
tttg: c93/213 lr:0.000603 t:6.6s
tttg: c94/213 lr:0.000596 t:6.7s
tttg: c95/213 lr:0.000588 t:6.8s
tttg: c96/213 lr:0.000581 t:6.8s
tttg: c97/213 lr:0.000574 t:6.9s
tttg: c98/213 lr:0.000566 t:7.0s
tttg: c99/213 lr:0.000559 t:7.1s
tttg: c100/213 lr:0.000552 t:7.1s
tttg: c101/213 lr:0.000544 t:7.2s
tttg: c102/213 lr:0.000537 t:7.3s
tttg: c103/213 lr:0.000530 t:7.3s
tttg: c104/213 lr:0.000522 t:7.4s
tttg: c105/213 lr:0.000515 t:7.5s
tttg: c106/213 lr:0.000507 t:7.6s
tttg: c107/213 lr:0.000500 t:7.6s
tttg: c108/213 lr:0.000493 t:7.7s
tttg: c109/213 lr:0.000485 t:7.8s
tttg: c110/213 lr:0.000478 t:7.8s
tttg: c111/213 lr:0.000470 t:7.9s
tttg: c112/213 lr:0.000463 t:8.0s
tttg: c113/213 lr:0.000456 t:8.1s
tttg: c114/213 lr:0.000448 t:8.1s
tttg: c115/213 lr:0.000441 t:8.2s
tttg: c116/213 lr:0.000434 t:8.3s
tttg: c117/213 lr:0.000426 t:8.3s
tttg: c118/213 lr:0.000419 t:8.4s
tttg: c119/213 lr:0.000412 t:8.5s
tttg: c120/213 lr:0.000404 t:8.6s
tttg: c121/213 lr:0.000397 t:8.6s
tttg: c122/213 lr:0.000390 t:8.7s
tttg: c123/213 lr:0.000383 t:8.8s
tttg: c124/213 lr:0.000375 t:8.9s
tttg: c125/213 lr:0.000368 t:8.9s
tttg: c126/213 lr:0.000361 t:9.0s
tttg: c127/213 lr:0.000354 t:9.1s
tttg: c128/213 lr:0.000347 t:9.1s
tttg: c129/213 lr:0.000340 t:9.2s
tttg: c130/213 lr:0.000333 t:9.3s
tttg: c131/213 lr:0.000326 t:9.4s
tttg: c132/213 lr:0.000319 t:9.4s
tttg: c133/213 lr:0.000312 t:9.5s
tttg: c134/213 lr:0.000305 t:9.6s
tttg: c135/213 lr:0.000298 t:9.6s
tttg: c136/213 lr:0.000292 t:9.7s
tttg: c137/213 lr:0.000285 t:9.8s
tttg: c138/213 lr:0.000278 t:9.9s
tttg: c139/213 lr:0.000272 t:9.9s
tttg: c140/213 lr:0.000265 t:10.0s
tttg: c141/213 lr:0.000259 t:10.1s
tttg: c142/213 lr:0.000252 t:10.1s
tttg: c143/213 lr:0.000246 t:10.2s
tttg: c144/213 lr:0.000239 t:10.3s
tttg: c145/213 lr:0.000233 t:10.4s
tttg: c146/213 lr:0.000227 t:10.4s
tttg: c147/213 lr:0.000221 t:10.5s
tttg: c148/213 lr:0.000215 t:10.6s
tttg: c149/213 lr:0.000209 t:10.6s
tttg: c150/213 lr:0.000203 t:10.7s
tttg: c151/213 lr:0.000197 t:10.8s
tttg: c152/213 lr:0.000191 t:10.9s
tttg: c153/213 lr:0.000185 t:10.9s
tttg: c154/213 lr:0.000179 t:11.0s
tttg: c155/213 lr:0.000174 t:11.1s
tttg: c156/213 lr:0.000168 t:11.2s
tttg: c157/213 lr:0.000163 t:11.2s
tttg: c158/213 lr:0.000157 t:11.3s
tttg: c159/213 lr:0.000152 t:11.4s
tttg: c160/213 lr:0.000146 t:11.5s
tttg: c161/213 lr:0.000141 t:11.6s
tttg: c162/213 lr:0.000136 t:11.6s
tttg: c163/213 lr:0.000131 t:11.7s
tttg: c164/213 lr:0.000126 t:11.8s
tttg: c165/213 lr:0.000121 t:11.8s
tttg: c166/213 lr:0.000116 t:11.9s
tttg: c167/213 lr:0.000112 t:12.0s
tttg: c168/213 lr:0.000107 t:12.1s
tttg: c169/213 lr:0.000103 t:12.1s
tttg: c170/213 lr:0.000098 t:12.2s
tttg: c171/213 lr:0.000094 t:12.3s
tttg: c172/213 lr:0.000089 t:12.3s
tttg: c173/213 lr:0.000085 t:12.4s
tttg: c174/213 lr:0.000081 t:12.5s
tttg: c175/213 lr:0.000077 t:12.6s
tttg: c176/213 lr:0.000073 t:12.6s
tttg: c177/213 lr:0.000069 t:12.7s
tttg: c178/213 lr:0.000066 t:12.8s
tttg: c179/213 lr:0.000062 t:12.9s
tttg: c180/213 lr:0.000059 t:12.9s
tttg: c181/213 lr:0.000055 t:13.0s
tttg: c182/213 lr:0.000052 t:13.1s
tttg: c183/213 lr:0.000049 t:13.1s
tttg: c184/213 lr:0.000045 t:13.2s
tttg: c185/213 lr:0.000042 t:13.3s
tttg: c186/213 lr:0.000039 t:13.4s
tttg: c187/213 lr:0.000037 t:13.4s
tttg: c188/213 lr:0.000034 t:13.5s
tttg: c189/213 lr:0.000031 t:13.6s
tttg: c190/213 lr:0.000029 t:13.6s
tttg: c191/213 lr:0.000026 t:13.7s
tttg: c192/213 lr:0.000024 t:13.8s
tttg: c193/213 lr:0.000022 t:13.9s
tttg: c194/213 lr:0.000020 t:13.9s
tttg: c195/213 lr:0.000018 t:14.0s
tttg: c196/213 lr:0.000016 t:14.1s
tttg: c197/213 lr:0.000014 t:14.2s
tttg: c198/213 lr:0.000012 t:14.2s
tttg: c199/213 lr:0.000011 t:14.3s
tttg: c200/213 lr:0.000009 t:14.4s
tttg: c201/213 lr:0.000008 t:14.5s
tttg: c202/213 lr:0.000007 t:14.5s
tttg: c203/213 lr:0.000005 t:14.6s
tttg: c204/213 lr:0.000004 t:14.7s
tttg: c205/213 lr:0.000004 t:14.7s
tttg: c206/213 lr:0.000003 t:14.8s
tttg: c207/213 lr:0.000002 t:14.9s
tttg: c208/213 lr:0.000001 t:15.0s
tttg: c209/213 lr:0.000001 t:15.0s
tttg: c210/213 lr:0.000000 t:15.1s
tttg: c211/213 lr:0.000000 t:15.2s
tttg: c212/213 lr:0.000000 t:15.2s
ttpr: phase:3/3 t:365.6s
ttp: b736/782 bl:2.6753 bb:1.0428 rl:2.7547 rb:1.0857 dl:2140-2165 gd:1
ttp: b735/782 bl:2.8310 bb:1.0781 rl:2.7598 rb:1.0852 dl:2116-2140 gd:1
ttp: b722/782 bl:2.7645 bb:1.0570 rl:2.7601 rb:1.0836 dl:1846-1861 gd:1
ttp: b719/782 bl:2.6756 bb:1.0260 rl:2.7558 rb:1.0806 dl:1793-1816 gd:1
ttp: b705/782 bl:2.7803 bb:1.0709 rl:2.7568 rb:1.0802 dl:1606-1617 gd:1
ttp: b702/782 bl:2.7954 bb:1.0633 rl:2.7584 rb:1.0795 dl:1572-1581 gd:1
ttp: b694/782 bl:2.7596 bb:1.0651 rl:2.7584 rb:1.0789 dl:1494-1504 gd:1
ttp: b681/782 bl:2.8133 bb:1.0681 rl:2.7603 rb:1.0786 dl:1383-1393 gd:1
ttp: b679/782 bl:2.8498 bb:1.0857 rl:2.7631 rb:1.0788 dl:1368-1374 gd:1
ttp: b668/782 bl:2.7964 bb:1.0599 rl:2.7641 rb:1.0782 dl:1295-1301 gd:1
ttp: b656/782 bl:2.7432 bb:1.0356 rl:2.7635 rb:1.0770 dl:1220-1227 gd:1
ttp: b649/782 bl:2.8005 bb:1.0562 rl:2.7645 rb:1.0765 dl:1183-1188 gd:1
ttp: b644/782 bl:2.7308 bb:1.0304 rl:2.7637 rb:1.0753 dl:1155-1160 gd:1
ttp: b633/782 bl:2.8193 bb:1.1000 rl:2.7649 rb:1.0759 dl:1101-1105 gd:1
ttp: b630/782 bl:2.8226 bb:1.0570 rl:2.7662 rb:1.0755 dl:1087-1092 gd:1
ttp: b622/782 bl:2.8382 bb:1.0740 rl:2.7676 rb:1.0754 dl:1050-1055 gd:1
ttp: b615/782 bl:2.8311 bb:1.0630 rl:2.7689 rb:1.0752 dl:1020-1023 gd:1
ttp: b605/782 bl:2.7388 bb:1.0565 rl:2.7683 rb:1.0748 dl:978-982 gd:1
ttp: b597/782 bl:2.7680 bb:1.0393 rl:2.7683 rb:1.0742 dl:947-950 gd:1
ttp: b589/782 bl:2.7453 bb:1.0509 rl:2.7679 rb:1.0738 dl:921-924 gd:1
ttp: b578/782 bl:2.7942 bb:1.0646 rl:2.7683 rb:1.0737 dl:884-887 gd:1
ttp: b539/782 bl:2.7195 bb:1.0412 rl:2.7677 rb:1.0732 dl:769-771 gd:1
ttp: b533/782 bl:2.7623 bb:1.0318 rl:2.7676 rb:1.0726 dl:754-757 gd:1
ttp: b527/782 bl:2.7312 bb:1.0378 rl:2.7672 rb:1.0722 dl:739-742 gd:1
ttp: b520/782 bl:2.7857 bb:1.0557 rl:2.7674 rb:1.0720 dl:723-725 gd:1
ttp: b513/782 bl:2.7277 bb:1.0096 rl:2.7669 rb:1.0712 dl:705-707 gd:1
ttp: b505/782 bl:2.7691 bb:1.0580 rl:2.7669 rb:1.0711 dl:686-688 gd:1
ttp: b497/782 bl:2.8345 bb:1.0808 rl:2.7677 rb:1.0712 dl:668-671 gd:1
ttp: b489/782 bl:2.7911 bb:1.0792 rl:2.7679 rb:1.0713 dl:651-653 gd:1
ttp: b481/782 bl:2.7928 bb:1.0980 rl:2.7682 rb:1.0715 dl:635-637 gd:1
ttp: b473/782 bl:2.8314 bb:1.0773 rl:2.7688 rb:1.0716 dl:618-620 gd:1
ttp: b465/782 bl:2.8056 bb:1.0583 rl:2.7691 rb:1.0715 dl:602-604 gd:1
ttp: b457/782 bl:2.7556 bb:1.0463 rl:2.7690 rb:1.0712 dl:587-589 gd:1
ttp: b449/782 bl:2.7947 bb:1.0519 rl:2.7692 rb:1.0710 dl:573-575 gd:1
ttp: b441/782 bl:2.7079 bb:1.0424 rl:2.7687 rb:1.0708 dl:559-560 gd:1
ttp: b433/782 bl:2.7688 bb:1.0627 rl:2.7687 rb:1.0707 dl:544-545 gd:1
ttp: b425/782 bl:2.7502 bb:1.0463 rl:2.7686 rb:1.0705 dl:530-532 gd:1
ttp: b413/782 bl:2.6408 bb:0.9957 rl:2.7676 rb:1.0699 dl:510-511 gd:1
ttp: b405/782 bl:2.8201 bb:1.0659 rl:2.7680 rb:1.0699 dl:497-498 gd:1
ttp: b396/782 bl:2.7567 bb:1.0549 rl:2.7679 rb:1.0698 dl:482-484 gd:1
ttp: b387/782 bl:2.8322 bb:1.0721 rl:2.7684 rb:1.0698 dl:468-470 gd:1
ttp: b380/782 bl:2.8361 bb:1.0739 rl:2.7688 rb:1.0699 dl:459-460 gd:1
ttp: b371/782 bl:2.7978 bb:1.0694 rl:2.7690 rb:1.0698 dl:446-447 gd:1
ttp: b363/782 bl:2.7365 bb:1.0912 rl:2.7688 rb:1.0700 dl:434-436 gd:1
ttp: b355/782 bl:2.7023 bb:1.0648 rl:2.7684 rb:1.0699 dl:423-424 gd:1
ttp: b346/782 bl:2.8384 bb:1.0832 rl:2.7688 rb:1.0700 dl:412-413 gd:1
ttp: b338/782 bl:2.8479 bb:1.1108 rl:2.7692 rb:1.0703 dl:400-402 gd:1
ttp: b330/782 bl:2.8601 bb:1.0904 rl:2.7697 rb:1.0704 dl:390-392 gd:1
ttp: b322/782 bl:2.7493 bb:1.0743 rl:2.7696 rb:1.0704 dl:380-381 gd:1
ttp: b314/782 bl:2.7943 bb:1.0621 rl:2.7698 rb:1.0703 dl:369-370 gd:1
ttp: b306/782 bl:2.8764 bb:1.1380 rl:2.7703 rb:1.0707 dl:359-361 gd:1
ttp: b298/782 bl:2.8387 bb:1.0988 rl:2.7706 rb:1.0708 dl:349-351 gd:1
ttp: b290/782 bl:2.8577 bb:1.0827 rl:2.7710 rb:1.0709 dl:340-341 gd:1
ttp: b282/782 bl:2.8096 bb:1.1188 rl:2.7712 rb:1.0711 dl:331-332 gd:1
ttp: b274/782 bl:2.8057 bb:1.0893 rl:2.7713 rb:1.0711 dl:322-323 gd:1
ttp: b266/782 bl:2.8404 bb:1.0923 rl:2.7716 rb:1.0712 dl:313-314 gd:1
ttp: b258/782 bl:2.9483 bb:1.1626 rl:2.7724 rb:1.0716 dl:304-305 gd:1
ttp: b250/782 bl:2.8636 bb:1.1379 rl:2.7727 rb:1.0719 dl:295-296 gd:1
ttp: b242/782 bl:2.8942 bb:1.1065 rl:2.7732 rb:1.0720 dl:287-288 gd:1
ttp: b239/782 bl:2.8872 bb:1.1323 rl:2.7736 rb:1.0722 dl:284-285 gd:1
ttp: b231/782 bl:2.8147 bb:1.0978 rl:2.7738 rb:1.0723 dl:276-277 gd:1
ttp: b223/782 bl:2.8259 bb:1.0879 rl:2.7739 rb:1.0724 dl:268-269 gd:1
ttp: b215/782 bl:2.8464 bb:1.1421 rl:2.7742 rb:1.0726 dl:260-261 gd:1
ttp: b208/782 bl:2.8235 bb:1.1148 rl:2.7744 rb:1.0727 dl:254-254 gd:1
ttp: b198/782 bl:2.9696 bb:1.1485 rl:2.7750 rb:1.0730 dl:245-246 gd:1
ttp: b190/782 bl:2.8805 bb:1.0950 rl:2.7753 rb:1.0730 dl:237-238 gd:1
ttp: b182/782 bl:2.8483 bb:1.1331 rl:2.7755 rb:1.0732 dl:230-231 gd:1
ttp: b173/782 bl:2.9637 bb:1.1521 rl:2.7761 rb:1.0734 dl:223-224 gd:1
ttp: b167/782 bl:2.9598 bb:1.1831 rl:2.7766 rb:1.0737 dl:218-218 gd:1
ttp: b157/782 bl:2.8216 bb:1.1121 rl:2.7767 rb:1.0738 dl:209-210 gd:1
ttp: b148/782 bl:2.9736 bb:1.1557 rl:2.7772 rb:1.0741 dl:202-203 gd:1
ttp: b138/782 bl:2.9154 bb:1.1605 rl:2.7776 rb:1.0743 dl:194-195 gd:1
ttp: b132/782 bl:2.9419 bb:1.1322 rl:2.7780 rb:1.0744 dl:189-189 gd:1
ttp: b123/782 bl:2.9439 bb:1.1762 rl:2.7783 rb:1.0746 dl:182-183 gd:1
ttp: b115/782 bl:2.8615 bb:1.1547 rl:2.7785 rb:1.0748 dl:176-177 gd:1
ttp: b107/782 bl:2.9248 bb:1.1481 rl:2.7788 rb:1.0750 dl:171-171 gd:1
ttp: b99/782 bl:2.9770 bb:1.1837 rl:2.7793 rb:1.0752 dl:164-165 gd:1
ttp: b89/782 bl:3.0022 bb:1.1973 rl:2.7797 rb:1.0754 dl:157-158 gd:1
ttp: b82/782 bl:2.9801 bb:1.1996 rl:2.7801 rb:1.0756 dl:151-152 gd:1
ttp: b74/782 bl:3.1294 bb:1.2791 rl:2.7807 rb:1.0760 dl:145-146 gd:1
ttp: b66/782 bl:3.0976 bb:1.2688 rl:2.7813 rb:1.0763 dl:139-140 gd:1
ttp: b59/782 bl:3.0511 bb:1.1918 rl:2.7817 rb:1.0765 dl:134-134 gd:1
ttp: b50/782 bl:2.9708 bb:1.2195 rl:2.7820 rb:1.0767 dl:126-127 gd:1
ttp: b42/782 bl:3.1147 bb:1.2469 rl:2.7825 rb:1.0770 dl:120-121 gd:1
ttp: b33/782 bl:3.1028 bb:1.2147 rl:2.7830 rb:1.0772 dl:113-114 gd:1
ttp: b26/782 bl:3.0867 bb:1.2584 rl:2.7834 rb:1.0774 dl:107-107 gd:1
ttp: b16/782 bl:3.0547 bb:1.2179 rl:2.7837 rb:1.0775 dl:97-98 gd:1
ttp: b5/782 bl:3.3140 bb:1.2927 rl:2.7842 rb:1.0778 dl:80-82 gd:1
quantized_ttt_phased val_loss:2.76880346 val_bpb:1.07189010 eval_time:455666ms
total_eval_time:455.7s
[Wed Apr 22 00:41:27 UTC 2026] Experiment pure_ttt_sp8192_dxa144_seed314_8gpu complete
Final BPB: diagnostic pre-quantization post-ema val_loss:2.76935172 val_bpb:1.07206780 eval_time:6637ms
diagnostic quantized val_loss:2.80162128 val_bpb:1.08455995 eval_time:57889ms
quantized_ttt_phased val_loss:2.76880346 val_bpb:1.07189010 eval_time:455666ms
