[Tue Apr 21 23:38:26 UTC 2026] Starting SP8192 dexhunter experiment: pure_ttt_sp8192_dxa144_seed42_8gpu
Extra args: SEED=42 PHASED_TTT_ENABLED=1 PHASED_TTT_PREFIX_DOCS=2000 PHASED_TTT_NUM_PHASES=3 MLP_CLIP_SIGMAS=12.0 ATTN_CLIP_SIGMAS=13.0 EMBED_BITS=7 EMBED_CLIP_SIGMAS=15.0 MATRIX_LR=0.026 GPTQ_RESERVE_SECONDS=4 GPTQ_CALIBRATION_BATCHES=16 TTT_LORA_RANK=128 TTT_LORA_ALPHA=144 TTT_WARM_START_A=1 TTT_WEIGHT_DECAY=1.0
torch: 2.9.1+cu128
FA3 interface: OK
[Tue Apr 21 23:38:30 UTC 2026] GPU check:
0, 1 MiB, 0 %
1, 1 MiB, 0 %
2, 1 MiB, 0 %
3, 1 MiB, 0 %
4, 1 MiB, 0 %
5, 1 MiB, 0 %
6, 1 MiB, 0 %
7, 1 MiB, 0 %
W0421 23:38:31.760000 112 torch/distributed/run.py:803] 
W0421 23:38:31.760000 112 torch/distributed/run.py:803] *****************************************
W0421 23:38:31.760000 112 torch/distributed/run.py:803] Setting OMP_NUM_THREADS environment variable for each process to be 1 in default, to avoid your system being overloaded, please further tune the variable for optimal performance in your application as needed. 
W0421 23:38:31.760000 112 torch/distributed/run.py:803] *****************************************
Hyperparameters:
  adam_eps: 1e-08
  adam_wd: 0.02
  artifact_dir: 
  attn_clip_sigmas: 13.0
  beta1: 0.9
  beta2: 0.95
  compressor: brotli
  data_dir: DATA_DIR
  datasets_dir: DATA_DIR/datasets/fineweb10B_sp8192
  distributed: True
  ema_decay: 0.9965
  embed_bits: 7
  embed_clip_sigmas: 15.0
  embed_lr: 0.6
  embed_wd: 0.085
  enable_looping_at: 0.35
  eval_seq_len: 2048
  eval_stride: 64
  global_ttt_batch_seqs: 32
  global_ttt_chunk_tokens: 32768
  global_ttt_epochs: 1
  global_ttt_grad_clip: 1.0
  global_ttt_lr: 0.001
  global_ttt_momentum: 0.9
  global_ttt_respect_doc_boundaries: True
  global_ttt_warmup_chunks: 0
  global_ttt_warmup_start_lr: 0.0
  gptq_calibration_batches: 16
  gptq_reserve_seconds: 4.0
  grad_accum_steps: 1
  grad_clip_norm: 0.3
  is_main_process: True
  iterations: 20000
  ln_scale: True
  local_rank: 0
  logfile: logs/8ab05557-959a-45dc-9fdd-71eb83b0cd2b.txt
  logit_softcap: 30.0
  loop_end: 5
  loop_start: 3
  matrix_bits: 6
  matrix_clip_sigmas: 12.85
  matrix_lr: 0.026
  max_wallclock_seconds: 600.0
  min_lr: 0.0
  mlp_clip_sigmas: 12.0
  mlp_mult: 4.0
  model_dim: 512
  model_path: final_model.pt
  muon_backend_steps: 5
  muon_momentum: 0.97
  muon_momentum_warmup_start: 0.92
  muon_momentum_warmup_steps: 1500
  muon_row_normalize: True
  muon_wd: 0.095
  num_heads: 8
  num_kv_heads: 4
  num_layers: 11
  num_loops: 2
  parallel_final_lane: mean
  parallel_start_layer: 8
  phased_ttt_enabled: True
  phased_ttt_num_phases: 3
  phased_ttt_prefix_docs: 2000
  qk_gain_init: 5.0
  quantized_model_path: final_model.int6.ptz
  rank: 0
  rope_base: 10000.0
  rope_dims: 16
  rope_train_seq_len: 2048
  rope_yarn: False
  run_id: 8ab05557-959a-45dc-9fdd-71eb83b0cd2b
  scalar_lr: 0.02
  seed: 42
  skip_gates_enabled: True
  sliding_window_enabled: False
  tie_embeddings: True
  tied_embed_init_std: 0.005
  tied_embed_lr: 0.03
  tokenizer_path: DATA_DIR/tokenizers/fineweb_8192_bpe.model
  train_batch_tokens: 786432
  train_files: DATA_DIR/datasets/fineweb10B_sp8192/fineweb_train_*.bin
  train_log_every: 500
  train_seq_len: 2048
  ttt_batch_size: 64
  ttt_beta1: 0.0
  ttt_beta2: 0.999
  ttt_chunk_size: 48
  ttt_enabled: True
  ttt_eval_batches: 
  ttt_eval_seq_len: 2048
  ttt_grad_steps: 1
  ttt_k_lora: True
  ttt_lora_lr: 0.0001
  ttt_lora_rank: 128
  ttt_mlp_lora: True
  ttt_o_lora: True
  ttt_optimizer: adam
  ttt_weight_decay: 1.0
  val_batch_tokens: 524288
  val_doc_fraction: 1.0
  val_files: DATA_DIR/datasets/fineweb10B_sp8192/fineweb_val_*.bin
  val_loss_every: 4000
  vocab_size: 8192
  warmdown_frac: 0.75
  warmup_steps: 20
  world_size: 8
  xsa_last_n: 11
train_shards: 80
val_tokens: 40540160
model_params:35944602
gptq:reserving 4s, effective=596000ms
warmup_cu_buckets:64,128,192,256 iters_each:3
warmup_step: 1/20
warmup_step: 2/20
warmup_step: 3/20
warmup_step: 4/20
warmup_step: 5/20
warmup_step: 6/20
warmup_step: 10/20
warmup_step: 20/20
loop_warmup:enabled encoder:[0, 1, 2, 3, 4, 5, 3, 4] decoder:[5, 3, 4, 5, 6, 7, 8, 9, 10]
loop_warmup_step: 1/20
loop_warmup_step: 2/20
loop_warmup_step: 3/20
loop_warmup_step: 4/20
loop_warmup_step: 5/20
loop_warmup_step: 6/20
loop_warmup_step: 10/20
loop_warmup_step: 20/20
0/20000 val_loss: 9.0078 val_bpb: 3.4871
1/20000 train_loss: 9.0072 train_time: 0.0m tok/s: 16446920
2/20000 train_loss: 12.3320 train_time: 0.0m tok/s: 12166569
3/20000 train_loss: 11.2835 train_time: 0.0m tok/s: 10366412
4/20000 train_loss: 9.6141 train_time: 0.0m tok/s: 9160410
5/20000 train_loss: 8.2163 train_time: 0.0m tok/s: 8647332
500/20000 train_loss: 3.2683 train_time: 0.8m tok/s: 8300234
1000/20000 train_loss: 3.0319 train_time: 1.6m tok/s: 8255359
1500/20000 train_loss: 3.0367 train_time: 2.4m tok/s: 8251095
2000/20000 train_loss: 2.9875 train_time: 3.2m tok/s: 8251662
layer_loop:enabled step:2188 frac:0.350 encoder:[0, 1, 2, 3, 4, 5, 3, 4] decoder:[5, 3, 4, 5, 6, 7, 8, 9, 10]
2500/20000 train_loss: 3.0772 train_time: 4.2m tok/s: 7802589
3000/20000 train_loss: 2.9166 train_time: 5.4m tok/s: 7338963
3500/20000 train_loss: 2.9853 train_time: 6.5m tok/s: 7041554
4000/20000 train_loss: 2.9144 train_time: 7.7m tok/s: 6832572
4000/20000 val_loss: 2.8919 val_bpb: 1.1195
4500/20000 train_loss: 2.8683 train_time: 8.8m tok/s: 6678830
4952/20000 val_loss: 2.7729 val_bpb: 1.0735
stopping_early: wallclock_cap train_time: 596008ms step: 4952/20000
peak memory allocated: 40029 MiB reserved: 44036 MiB
ema:applying EMA weights
diagnostic pre-quantization post-ema val_loss:2.77158098 val_bpb:1.07293079 eval_time:6634ms
Serialized model: 135409136 bytes
Code size (uncompressed): 122656 bytes
Code size (compressed): 27680 bytes
GPTQ:collecting Hessians from calibration data...
GPTQ:collected 67 Hessians in 6.3s
Quantized weights:
  gptq (int6): blocks.attn.c_k.weight, blocks.attn.c_q.weight, blocks.attn.c_v.weight, blocks.attn.proj.weight, blocks.mlp.fc.weight, blocks.mlp.proj.weight
  gptq (int7): tok_emb.weight
  passthrough (float16): blocks.attn.q_gain, blocks.attn_scale, blocks.mlp_scale, blocks.resid_mix, parallel_post_lambdas, parallel_resid_lambdas, skip_gates, skip_weights
Serialized model quantized+brotli: 15902515 bytes
Total submission size quantized+brotli: 15930195 bytes
diagnostic quantized val_loss:2.80209025 val_bpb:1.08474150 eval_time:55029ms
ttt_lora:warming up compile (random tokens, no val data)
ttt_lora:compile warmup done (160.8s)

beginning TTT eval timer
ttt_phased: total_docs:50000 prefix_docs:2000 suffix_docs:48000 num_phases:3 boundaries:[666, 1333, 2000]
ttp: b781/782 bl:2.5675 bb:1.0599 rl:2.5675 rb:1.0599 dl:14510-25988 gd:0
ttpp: phase:1/3 pd:1104 gd:666 t:198.7s
tttg: c1/95 lr:0.001000 t:1.7s
tttg: c2/95 lr:0.001000 t:1.8s
tttg: c3/95 lr:0.000999 t:1.8s
tttg: c4/95 lr:0.000997 t:1.9s
tttg: c5/95 lr:0.000996 t:2.0s
tttg: c6/95 lr:0.000993 t:2.1s
tttg: c7/95 lr:0.000990 t:2.2s
tttg: c8/95 lr:0.000986 t:2.3s
tttg: c9/95 lr:0.000982 t:2.4s
tttg: c10/95 lr:0.000978 t:2.5s
tttg: c11/95 lr:0.000972 t:2.6s
tttg: c12/95 lr:0.000967 t:2.7s
tttg: c13/95 lr:0.000960 t:2.8s
tttg: c14/95 lr:0.000954 t:2.8s
tttg: c15/95 lr:0.000946 t:2.9s
tttg: c16/95 lr:0.000938 t:3.1s
tttg: c17/95 lr:0.000930 t:3.2s
tttg: c18/95 lr:0.000921 t:3.3s
tttg: c19/95 lr:0.000912 t:3.3s
tttg: c20/95 lr:0.000903 t:3.4s
tttg: c21/95 lr:0.000892 t:3.6s
tttg: c22/95 lr:0.000882 t:3.7s
tttg: c23/95 lr:0.000871 t:3.7s
tttg: c24/95 lr:0.000859 t:3.8s
tttg: c25/95 lr:0.000848 t:3.9s
tttg: c26/95 lr:0.000835 t:4.0s
tttg: c27/95 lr:0.000823 t:4.1s
tttg: c28/95 lr:0.000810 t:4.2s
tttg: c29/95 lr:0.000797 t:4.3s
tttg: c30/95 lr:0.000783 t:4.3s
tttg: c31/95 lr:0.000769 t:4.4s
tttg: c32/95 lr:0.000755 t:4.5s
tttg: c33/95 lr:0.000740 t:4.6s
tttg: c34/95 lr:0.000726 t:4.7s
tttg: c35/95 lr:0.000710 t:4.8s
tttg: c36/95 lr:0.000695 t:4.9s
tttg: c37/95 lr:0.000680 t:4.9s
tttg: c38/95 lr:0.000664 t:5.0s
tttg: c39/95 lr:0.000648 t:5.1s
tttg: c40/95 lr:0.000632 t:5.2s
tttg: c41/95 lr:0.000616 t:5.3s
tttg: c42/95 lr:0.000600 t:5.4s
tttg: c43/95 lr:0.000583 t:5.5s
tttg: c44/95 lr:0.000567 t:5.5s
tttg: c45/95 lr:0.000550 t:5.6s
tttg: c46/95 lr:0.000533 t:5.7s
tttg: c47/95 lr:0.000517 t:5.8s
tttg: c48/95 lr:0.000500 t:5.9s
tttg: c49/95 lr:0.000483 t:6.0s
tttg: c50/95 lr:0.000467 t:6.1s
tttg: c51/95 lr:0.000450 t:6.2s
tttg: c52/95 lr:0.000433 t:6.3s
tttg: c53/95 lr:0.000417 t:6.4s
tttg: c54/95 lr:0.000400 t:6.5s
tttg: c55/95 lr:0.000384 t:6.5s
tttg: c56/95 lr:0.000368 t:6.6s
tttg: c57/95 lr:0.000352 t:6.7s
tttg: c58/95 lr:0.000336 t:6.8s
tttg: c59/95 lr:0.000320 t:6.9s
tttg: c60/95 lr:0.000305 t:7.0s
tttg: c61/95 lr:0.000290 t:7.1s
tttg: c62/95 lr:0.000274 t:7.2s
tttg: c63/95 lr:0.000260 t:7.2s
tttg: c64/95 lr:0.000245 t:7.3s
tttg: c65/95 lr:0.000231 t:7.4s
tttg: c66/95 lr:0.000217 t:7.5s
tttg: c67/95 lr:0.000203 t:7.6s
tttg: c68/95 lr:0.000190 t:7.7s
tttg: c69/95 lr:0.000177 t:7.8s
tttg: c70/95 lr:0.000165 t:7.8s
tttg: c71/95 lr:0.000152 t:7.9s
tttg: c72/95 lr:0.000141 t:8.1s
tttg: c73/95 lr:0.000129 t:8.1s
tttg: c74/95 lr:0.000118 t:8.2s
tttg: c75/95 lr:0.000108 t:8.3s
tttg: c76/95 lr:0.000097 t:8.4s
tttg: c77/95 lr:0.000088 t:8.5s
tttg: c78/95 lr:0.000079 t:8.6s
tttg: c79/95 lr:0.000070 t:8.7s
tttg: c80/95 lr:0.000062 t:8.8s
tttg: c81/95 lr:0.000054 t:8.8s
tttg: c82/95 lr:0.000046 t:8.9s
tttg: c83/95 lr:0.000040 t:9.0s
tttg: c84/95 lr:0.000033 t:9.1s
tttg: c85/95 lr:0.000028 t:9.2s
tttg: c86/95 lr:0.000022 t:9.3s
tttg: c87/95 lr:0.000018 t:9.4s
tttg: c88/95 lr:0.000014 t:9.4s
tttg: c89/95 lr:0.000010 t:9.5s
tttg: c90/95 lr:0.000007 t:9.6s
tttg: c91/95 lr:0.000004 t:9.7s
tttg: c92/95 lr:0.000003 t:9.8s
tttg: c93/95 lr:0.000001 t:9.9s
tttg: c94/95 lr:0.000000 t:10.0s
ttpr: phase:1/3 t:211.3s
ttp: b757/782 bl:2.6422 bb:1.0212 rl:2.5780 rb:1.0541 dl:3033-3108 gd:0
ttpp: phase:2/3 pd:1808 gd:1333 t:320.5s
tttg: c1/158 lr:0.001000 t:0.1s
tttg: c2/158 lr:0.001000 t:0.2s
tttg: c3/158 lr:0.001000 t:0.3s
tttg: c4/158 lr:0.000999 t:0.4s
tttg: c5/158 lr:0.000998 t:0.5s
tttg: c6/158 lr:0.000997 t:0.6s
tttg: c7/158 lr:0.000996 t:0.6s
tttg: c8/158 lr:0.000995 t:0.7s
tttg: c9/158 lr:0.000994 t:0.8s
tttg: c10/158 lr:0.000992 t:0.9s
tttg: c11/158 lr:0.000990 t:1.0s
tttg: c12/158 lr:0.000988 t:1.1s
tttg: c13/158 lr:0.000986 t:1.2s
tttg: c14/158 lr:0.000983 t:1.3s
tttg: c15/158 lr:0.000981 t:1.4s
tttg: c16/158 lr:0.000978 t:1.5s
tttg: c17/158 lr:0.000975 t:1.6s
tttg: c18/158 lr:0.000971 t:1.7s
tttg: c19/158 lr:0.000968 t:1.7s
tttg: c20/158 lr:0.000964 t:1.8s
tttg: c21/158 lr:0.000960 t:1.9s
tttg: c22/158 lr:0.000957 t:2.0s
tttg: c23/158 lr:0.000952 t:2.1s
tttg: c24/158 lr:0.000948 t:2.2s
tttg: c25/158 lr:0.000943 t:2.3s
tttg: c26/158 lr:0.000939 t:2.3s
tttg: c27/158 lr:0.000934 t:2.4s
tttg: c28/158 lr:0.000929 t:2.5s
tttg: c29/158 lr:0.000924 t:2.6s
tttg: c30/158 lr:0.000918 t:2.7s
tttg: c31/158 lr:0.000913 t:2.7s
tttg: c32/158 lr:0.000907 t:2.9s
tttg: c33/158 lr:0.000901 t:3.0s
tttg: c34/158 lr:0.000895 t:3.0s
tttg: c35/158 lr:0.000889 t:3.1s
tttg: c36/158 lr:0.000882 t:3.2s
tttg: c37/158 lr:0.000876 t:3.3s
tttg: c38/158 lr:0.000869 t:3.4s
tttg: c39/158 lr:0.000862 t:3.5s
tttg: c40/158 lr:0.000855 t:3.6s
tttg: c41/158 lr:0.000848 t:3.6s
tttg: c42/158 lr:0.000841 t:3.7s
tttg: c43/158 lr:0.000834 t:3.8s
tttg: c44/158 lr:0.000826 t:3.9s
tttg: c45/158 lr:0.000818 t:4.0s
tttg: c46/158 lr:0.000811 t:4.1s
tttg: c47/158 lr:0.000803 t:4.2s
tttg: c48/158 lr:0.000795 t:4.3s
tttg: c49/158 lr:0.000787 t:4.4s
tttg: c50/158 lr:0.000778 t:4.5s
tttg: c51/158 lr:0.000770 t:4.5s
tttg: c52/158 lr:0.000761 t:4.6s
tttg: c53/158 lr:0.000753 t:4.7s
tttg: c54/158 lr:0.000744 t:4.8s
tttg: c55/158 lr:0.000735 t:4.9s
tttg: c56/158 lr:0.000727 t:5.0s
tttg: c57/158 lr:0.000718 t:5.1s
tttg: c58/158 lr:0.000709 t:5.1s
tttg: c59/158 lr:0.000699 t:5.2s
tttg: c60/158 lr:0.000690 t:5.3s
tttg: c61/158 lr:0.000681 t:5.4s
tttg: c62/158 lr:0.000672 t:5.5s
tttg: c63/158 lr:0.000662 t:5.5s
tttg: c64/158 lr:0.000653 t:5.7s
tttg: c65/158 lr:0.000643 t:5.8s
tttg: c66/158 lr:0.000633 t:5.8s
tttg: c67/158 lr:0.000624 t:5.9s
tttg: c68/158 lr:0.000614 t:6.0s
tttg: c69/158 lr:0.000604 t:6.1s
tttg: c70/158 lr:0.000594 t:6.1s
tttg: c71/158 lr:0.000585 t:6.2s
tttg: c72/158 lr:0.000575 t:6.3s
tttg: c73/158 lr:0.000565 t:6.4s
tttg: c74/158 lr:0.000555 t:6.5s
tttg: c75/158 lr:0.000545 t:6.5s
tttg: c76/158 lr:0.000535 t:6.6s
tttg: c77/158 lr:0.000525 t:6.7s
tttg: c78/158 lr:0.000515 t:6.8s
tttg: c79/158 lr:0.000505 t:6.9s
tttg: c80/158 lr:0.000495 t:7.0s
tttg: c81/158 lr:0.000485 t:7.1s
tttg: c82/158 lr:0.000475 t:7.1s
tttg: c83/158 lr:0.000465 t:7.2s
tttg: c84/158 lr:0.000455 t:7.3s
tttg: c85/158 lr:0.000445 t:7.4s
tttg: c86/158 lr:0.000435 t:7.4s
tttg: c87/158 lr:0.000425 t:7.5s
tttg: c88/158 lr:0.000415 t:7.6s
tttg: c89/158 lr:0.000406 t:7.7s
tttg: c90/158 lr:0.000396 t:7.7s
tttg: c91/158 lr:0.000386 t:7.8s
tttg: c92/158 lr:0.000376 t:7.9s
tttg: c93/158 lr:0.000367 t:8.0s
tttg: c94/158 lr:0.000357 t:8.1s
tttg: c95/158 lr:0.000347 t:8.1s
tttg: c96/158 lr:0.000338 t:8.2s
tttg: c97/158 lr:0.000328 t:8.3s
tttg: c98/158 lr:0.000319 t:8.4s
tttg: c99/158 lr:0.000310 t:8.5s
tttg: c100/158 lr:0.000301 t:8.6s
tttg: c101/158 lr:0.000291 t:8.7s
tttg: c102/158 lr:0.000282 t:8.7s
tttg: c103/158 lr:0.000273 t:8.8s
tttg: c104/158 lr:0.000265 t:8.9s
tttg: c105/158 lr:0.000256 t:9.0s
tttg: c106/158 lr:0.000247 t:9.1s
tttg: c107/158 lr:0.000239 t:9.2s
tttg: c108/158 lr:0.000230 t:9.3s
tttg: c109/158 lr:0.000222 t:9.3s
tttg: c110/158 lr:0.000213 t:9.4s
tttg: c111/158 lr:0.000205 t:9.5s
tttg: c112/158 lr:0.000197 t:9.6s
tttg: c113/158 lr:0.000189 t:9.7s
tttg: c114/158 lr:0.000182 t:9.8s
tttg: c115/158 lr:0.000174 t:9.9s
tttg: c116/158 lr:0.000166 t:10.0s
tttg: c117/158 lr:0.000159 t:10.0s
tttg: c118/158 lr:0.000152 t:10.1s
tttg: c119/158 lr:0.000145 t:10.2s
tttg: c120/158 lr:0.000138 t:10.3s
tttg: c121/158 lr:0.000131 t:10.4s
tttg: c122/158 lr:0.000124 t:10.5s
tttg: c123/158 lr:0.000118 t:10.6s
tttg: c124/158 lr:0.000111 t:10.6s
tttg: c125/158 lr:0.000105 t:10.7s
tttg: c126/158 lr:0.000099 t:10.8s
tttg: c127/158 lr:0.000093 t:10.9s
tttg: c128/158 lr:0.000087 t:11.0s
tttg: c129/158 lr:0.000082 t:11.1s
tttg: c130/158 lr:0.000076 t:11.2s
tttg: c131/158 lr:0.000071 t:11.3s
tttg: c132/158 lr:0.000066 t:11.3s
tttg: c133/158 lr:0.000061 t:11.4s
tttg: c134/158 lr:0.000057 t:11.5s
tttg: c135/158 lr:0.000052 t:11.6s
tttg: c136/158 lr:0.000048 t:11.7s
tttg: c137/158 lr:0.000043 t:11.8s
tttg: c138/158 lr:0.000040 t:11.9s
tttg: c139/158 lr:0.000036 t:11.9s
tttg: c140/158 lr:0.000032 t:12.0s
tttg: c141/158 lr:0.000029 t:12.1s
tttg: c142/158 lr:0.000025 t:12.2s
tttg: c143/158 lr:0.000022 t:12.2s
tttg: c144/158 lr:0.000019 t:12.3s
tttg: c145/158 lr:0.000017 t:12.4s
tttg: c146/158 lr:0.000014 t:12.5s
tttg: c147/158 lr:0.000012 t:12.6s
tttg: c148/158 lr:0.000010 t:12.7s
tttg: c149/158 lr:0.000008 t:12.8s
tttg: c150/158 lr:0.000006 t:12.8s
tttg: c151/158 lr:0.000005 t:12.9s
tttg: c152/158 lr:0.000004 t:13.0s
tttg: c153/158 lr:0.000003 t:13.1s
tttg: c154/158 lr:0.000002 t:13.2s
tttg: c155/158 lr:0.000001 t:13.3s
tttg: c156/158 lr:0.000000 t:13.4s
tttg: c157/158 lr:0.000000 t:13.4s
ttpr: phase:2/3 t:336.5s
ttp: b746/782 bl:2.6793 bb:1.0549 rl:2.5883 rb:1.0542 dl:2459-2501 gd:0
ttp: b744/782 bl:2.6548 bb:1.0576 rl:2.5943 rb:1.0545 dl:2388-2419 gd:0
ttpp: phase:3/3 pd:2448 gd:2000 t:350.3s
tttg: c1/213 lr:0.001000 t:0.1s
tttg: c2/213 lr:0.001000 t:0.2s
tttg: c3/213 lr:0.001000 t:0.3s
tttg: c4/213 lr:0.001000 t:0.4s
tttg: c5/213 lr:0.000999 t:0.5s
tttg: c6/213 lr:0.000999 t:0.5s
tttg: c7/213 lr:0.000998 t:0.6s
tttg: c8/213 lr:0.000997 t:0.7s
tttg: c9/213 lr:0.000996 t:0.8s
tttg: c10/213 lr:0.000996 t:0.9s
tttg: c11/213 lr:0.000995 t:1.0s
tttg: c12/213 lr:0.000993 t:1.1s
tttg: c13/213 lr:0.000992 t:1.2s
tttg: c14/213 lr:0.000991 t:1.3s
tttg: c15/213 lr:0.000989 t:1.3s
tttg: c16/213 lr:0.000988 t:1.4s
tttg: c17/213 lr:0.000986 t:1.5s
tttg: c18/213 lr:0.000984 t:1.6s
tttg: c19/213 lr:0.000982 t:1.7s
tttg: c20/213 lr:0.000980 t:1.8s
tttg: c21/213 lr:0.000978 t:1.9s
tttg: c22/213 lr:0.000976 t:2.0s
tttg: c23/213 lr:0.000974 t:2.0s
tttg: c24/213 lr:0.000971 t:2.1s
tttg: c25/213 lr:0.000969 t:2.2s
tttg: c26/213 lr:0.000966 t:2.3s
tttg: c27/213 lr:0.000963 t:2.4s
tttg: c28/213 lr:0.000961 t:2.5s
tttg: c29/213 lr:0.000958 t:2.6s
tttg: c30/213 lr:0.000955 t:2.7s
tttg: c31/213 lr:0.000951 t:2.7s
tttg: c32/213 lr:0.000948 t:2.8s
tttg: c33/213 lr:0.000945 t:2.9s
tttg: c34/213 lr:0.000941 t:3.0s
tttg: c35/213 lr:0.000938 t:3.1s
tttg: c36/213 lr:0.000934 t:3.2s
tttg: c37/213 lr:0.000931 t:3.3s
tttg: c38/213 lr:0.000927 t:3.4s
tttg: c39/213 lr:0.000923 t:3.5s
tttg: c40/213 lr:0.000919 t:3.6s
tttg: c41/213 lr:0.000915 t:3.7s
tttg: c42/213 lr:0.000911 t:3.8s
tttg: c43/213 lr:0.000906 t:3.9s
tttg: c44/213 lr:0.000902 t:4.0s
tttg: c45/213 lr:0.000897 t:4.1s
tttg: c46/213 lr:0.000893 t:4.1s
tttg: c47/213 lr:0.000888 t:4.2s
tttg: c48/213 lr:0.000884 t:4.3s
tttg: c49/213 lr:0.000879 t:4.4s
tttg: c50/213 lr:0.000874 t:4.5s
tttg: c51/213 lr:0.000869 t:4.6s
tttg: c52/213 lr:0.000864 t:4.7s
tttg: c53/213 lr:0.000859 t:4.8s
tttg: c54/213 lr:0.000854 t:4.8s
tttg: c55/213 lr:0.000848 t:4.9s
tttg: c56/213 lr:0.000843 t:5.0s
tttg: c57/213 lr:0.000837 t:5.1s
tttg: c58/213 lr:0.000832 t:5.2s
tttg: c59/213 lr:0.000826 t:5.3s
tttg: c60/213 lr:0.000821 t:5.4s
tttg: c61/213 lr:0.000815 t:5.5s
tttg: c62/213 lr:0.000809 t:5.6s
tttg: c63/213 lr:0.000803 t:5.7s
tttg: c64/213 lr:0.000797 t:5.8s
tttg: c65/213 lr:0.000791 t:5.9s
tttg: c66/213 lr:0.000785 t:5.9s
tttg: c67/213 lr:0.000779 t:6.0s
tttg: c68/213 lr:0.000773 t:6.1s
tttg: c69/213 lr:0.000767 t:6.2s
tttg: c70/213 lr:0.000761 t:6.3s
tttg: c71/213 lr:0.000754 t:6.4s
tttg: c72/213 lr:0.000748 t:6.5s
tttg: c73/213 lr:0.000741 t:6.5s
tttg: c74/213 lr:0.000735 t:6.6s
tttg: c75/213 lr:0.000728 t:6.7s
tttg: c76/213 lr:0.000722 t:6.8s
tttg: c77/213 lr:0.000715 t:6.9s
tttg: c78/213 lr:0.000708 t:6.9s
tttg: c79/213 lr:0.000702 t:7.0s
tttg: c80/213 lr:0.000695 t:7.1s
tttg: c81/213 lr:0.000688 t:7.2s
tttg: c82/213 lr:0.000681 t:7.3s
tttg: c83/213 lr:0.000674 t:7.4s
tttg: c84/213 lr:0.000667 t:7.5s
tttg: c85/213 lr:0.000660 t:7.6s
tttg: c86/213 lr:0.000653 t:7.6s
tttg: c87/213 lr:0.000646 t:7.7s
tttg: c88/213 lr:0.000639 t:7.8s
tttg: c89/213 lr:0.000632 t:7.9s
tttg: c90/213 lr:0.000625 t:8.0s
tttg: c91/213 lr:0.000617 t:8.1s
tttg: c92/213 lr:0.000610 t:8.2s
tttg: c93/213 lr:0.000603 t:8.3s
tttg: c94/213 lr:0.000596 t:8.4s
tttg: c95/213 lr:0.000588 t:8.5s
tttg: c96/213 lr:0.000581 t:8.6s
tttg: c97/213 lr:0.000574 t:8.7s
tttg: c98/213 lr:0.000566 t:8.8s
tttg: c99/213 lr:0.000559 t:8.8s
tttg: c100/213 lr:0.000552 t:8.9s
tttg: c101/213 lr:0.000544 t:9.0s
tttg: c102/213 lr:0.000537 t:9.1s
tttg: c103/213 lr:0.000530 t:9.2s
tttg: c104/213 lr:0.000522 t:9.2s
tttg: c105/213 lr:0.000515 t:9.3s
tttg: c106/213 lr:0.000507 t:9.4s
tttg: c107/213 lr:0.000500 t:9.5s
tttg: c108/213 lr:0.000493 t:9.6s
tttg: c109/213 lr:0.000485 t:9.7s
tttg: c110/213 lr:0.000478 t:9.8s
tttg: c111/213 lr:0.000470 t:9.9s
tttg: c112/213 lr:0.000463 t:10.0s
tttg: c113/213 lr:0.000456 t:10.1s
tttg: c114/213 lr:0.000448 t:10.1s
tttg: c115/213 lr:0.000441 t:10.2s
tttg: c116/213 lr:0.000434 t:10.3s
tttg: c117/213 lr:0.000426 t:10.4s
tttg: c118/213 lr:0.000419 t:10.4s
tttg: c119/213 lr:0.000412 t:10.5s
tttg: c120/213 lr:0.000404 t:10.6s
tttg: c121/213 lr:0.000397 t:10.7s
tttg: c122/213 lr:0.000390 t:10.8s
tttg: c123/213 lr:0.000383 t:10.9s
tttg: c124/213 lr:0.000375 t:11.0s
tttg: c125/213 lr:0.000368 t:11.1s
tttg: c126/213 lr:0.000361 t:11.2s
tttg: c127/213 lr:0.000354 t:11.3s
tttg: c128/213 lr:0.000347 t:11.3s
tttg: c129/213 lr:0.000340 t:11.4s
tttg: c130/213 lr:0.000333 t:11.5s
tttg: c131/213 lr:0.000326 t:11.6s
tttg: c132/213 lr:0.000319 t:11.7s
tttg: c133/213 lr:0.000312 t:11.8s
tttg: c134/213 lr:0.000305 t:11.9s
tttg: c135/213 lr:0.000298 t:11.9s
tttg: c136/213 lr:0.000292 t:12.0s
tttg: c137/213 lr:0.000285 t:12.1s
tttg: c138/213 lr:0.000278 t:12.2s
tttg: c139/213 lr:0.000272 t:12.3s
tttg: c140/213 lr:0.000265 t:12.3s
tttg: c141/213 lr:0.000259 t:12.4s
tttg: c142/213 lr:0.000252 t:12.5s
tttg: c143/213 lr:0.000246 t:12.6s
tttg: c144/213 lr:0.000239 t:12.7s
tttg: c145/213 lr:0.000233 t:12.7s
tttg: c146/213 lr:0.000227 t:12.8s
tttg: c147/213 lr:0.000221 t:13.0s
tttg: c148/213 lr:0.000215 t:13.1s
tttg: c149/213 lr:0.000209 t:13.2s
tttg: c150/213 lr:0.000203 t:13.2s
tttg: c151/213 lr:0.000197 t:13.3s
tttg: c152/213 lr:0.000191 t:13.4s
tttg: c153/213 lr:0.000185 t:13.5s
tttg: c154/213 lr:0.000179 t:13.6s
tttg: c155/213 lr:0.000174 t:13.7s
tttg: c156/213 lr:0.000168 t:13.8s
tttg: c157/213 lr:0.000163 t:13.8s
tttg: c158/213 lr:0.000157 t:13.9s
tttg: c159/213 lr:0.000152 t:14.0s
tttg: c160/213 lr:0.000146 t:14.1s
tttg: c161/213 lr:0.000141 t:14.2s
tttg: c162/213 lr:0.000136 t:14.3s
tttg: c163/213 lr:0.000131 t:14.4s
tttg: c164/213 lr:0.000126 t:14.4s
tttg: c165/213 lr:0.000121 t:14.5s
tttg: c166/213 lr:0.000116 t:14.6s
tttg: c167/213 lr:0.000112 t:14.7s
tttg: c168/213 lr:0.000107 t:14.8s
tttg: c169/213 lr:0.000103 t:14.9s
tttg: c170/213 lr:0.000098 t:15.0s
tttg: c171/213 lr:0.000094 t:15.1s
tttg: c172/213 lr:0.000089 t:15.2s
tttg: c173/213 lr:0.000085 t:15.2s
tttg: c174/213 lr:0.000081 t:15.3s
tttg: c175/213 lr:0.000077 t:15.4s
tttg: c176/213 lr:0.000073 t:15.5s
tttg: c177/213 lr:0.000069 t:15.6s
tttg: c178/213 lr:0.000066 t:15.7s
tttg: c179/213 lr:0.000062 t:15.8s
tttg: c180/213 lr:0.000059 t:15.8s
tttg: c181/213 lr:0.000055 t:15.9s
tttg: c182/213 lr:0.000052 t:16.0s
tttg: c183/213 lr:0.000049 t:16.1s
tttg: c184/213 lr:0.000045 t:16.2s
tttg: c185/213 lr:0.000042 t:16.3s
tttg: c186/213 lr:0.000039 t:16.3s
tttg: c187/213 lr:0.000037 t:16.4s
tttg: c188/213 lr:0.000034 t:16.5s
tttg: c189/213 lr:0.000031 t:16.6s
tttg: c190/213 lr:0.000029 t:16.7s
tttg: c191/213 lr:0.000026 t:16.8s
tttg: c192/213 lr:0.000024 t:16.9s
tttg: c193/213 lr:0.000022 t:16.9s
tttg: c194/213 lr:0.000020 t:17.0s
tttg: c195/213 lr:0.000018 t:17.1s
tttg: c196/213 lr:0.000016 t:17.2s
tttg: c197/213 lr:0.000014 t:17.3s
tttg: c198/213 lr:0.000012 t:17.4s
tttg: c199/213 lr:0.000011 t:17.5s
tttg: c200/213 lr:0.000009 t:17.6s
tttg: c201/213 lr:0.000008 t:17.7s
tttg: c202/213 lr:0.000007 t:17.8s
tttg: c203/213 lr:0.000005 t:17.8s
tttg: c204/213 lr:0.000004 t:17.9s
tttg: c205/213 lr:0.000004 t:18.0s
tttg: c206/213 lr:0.000003 t:18.1s
tttg: c207/213 lr:0.000002 t:18.2s
tttg: c208/213 lr:0.000001 t:18.3s
tttg: c209/213 lr:0.000001 t:18.3s
tttg: c210/213 lr:0.000000 t:18.4s
tttg: c211/213 lr:0.000000 t:18.5s
tttg: c212/213 lr:0.000000 t:18.6s
ttpr: phase:3/3 t:371.4s
ttp: b736/782 bl:2.6732 bb:1.0420 rl:2.6001 rb:1.0536 dl:2140-2165 gd:1
ttp: b734/782 bl:2.7709 bb:1.0566 rl:2.6117 rb:1.0538 dl:2091-2115 gd:1
ttp: b722/782 bl:2.7684 bb:1.0585 rl:2.6206 rb:1.0541 dl:1846-1861 gd:1
ttp: b720/782 bl:2.8188 bb:1.0767 rl:2.6310 rb:1.0553 dl:1816-1832 gd:1
ttp: b706/782 bl:2.7125 bb:1.0427 rl:2.6346 rb:1.0547 dl:1617-1627 gd:1
ttp: b698/782 bl:2.7781 bb:1.0297 rl:2.6405 rb:1.0536 dl:1534-1543 gd:1
ttp: b692/782 bl:2.7632 bb:1.0484 rl:2.6451 rb:1.0534 dl:1477-1484 gd:1
ttp: b688/782 bl:2.7450 bb:1.0472 rl:2.6486 rb:1.0532 dl:1441-1450 gd:1
ttp: b674/782 bl:2.7846 bb:1.0566 rl:2.6530 rb:1.0533 dl:1334-1341 gd:1
ttp: b671/782 bl:2.8777 bb:1.1153 rl:2.6598 rb:1.0552 dl:1316-1321 gd:1
ttp: b659/782 bl:2.7156 bb:1.0226 rl:2.6613 rb:1.0543 dl:1239-1245 gd:1
ttp: b656/782 bl:2.7456 bb:1.0365 rl:2.6636 rb:1.0538 dl:1220-1227 gd:1
ttp: b644/782 bl:2.7321 bb:1.0309 rl:2.6653 rb:1.0532 dl:1155-1160 gd:1
ttp: b634/782 bl:2.6957 bb:1.0407 rl:2.6660 rb:1.0529 dl:1105-1111 gd:1
ttp: b625/782 bl:2.6652 bb:1.0013 rl:2.6659 rb:1.0517 dl:1064-1068 gd:1
ttp: b617/782 bl:2.7362 bb:1.0356 rl:2.6674 rb:1.0514 dl:1027-1031 gd:1
ttp: b609/782 bl:2.7814 bb:1.0558 rl:2.6696 rb:1.0515 dl:994-999 gd:1
ttp: b601/782 bl:2.7572 bb:1.0596 rl:2.6712 rb:1.0516 dl:963-966 gd:1
ttp: b594/782 bl:2.8946 bb:1.0993 rl:2.6752 rb:1.0525 dl:937-940 gd:1
ttp: b586/782 bl:2.7172 bb:1.0110 rl:2.6759 rb:1.0518 dl:911-914 gd:1
ttp: b577/782 bl:2.7545 bb:1.0419 rl:2.6771 rb:1.0516 dl:880-884 gd:1
ttp: b571/782 bl:2.7038 bb:1.0314 rl:2.6775 rb:1.0513 dl:862-865 gd:1
ttp: b568/782 bl:2.7962 bb:1.0547 rl:2.6793 rb:1.0513 dl:852-855 gd:1
ttp: b561/782 bl:2.7104 bb:1.0629 rl:2.6798 rb:1.0515 dl:831-834 gd:1
ttp: b554/782 bl:2.7337 bb:1.0290 rl:2.6805 rb:1.0512 dl:809-812 gd:1
ttp: b551/782 bl:2.8238 bb:1.0644 rl:2.6825 rb:1.0514 dl:801-804 gd:1
ttp: b543/782 bl:2.7786 bb:1.0431 rl:2.6837 rb:1.0512 dl:779-782 gd:1
ttp: b533/782 bl:2.7622 bb:1.0317 rl:2.6847 rb:1.0510 dl:754-757 gd:1
ttp: b525/782 bl:2.7768 bb:1.0683 rl:2.6858 rb:1.0512 dl:735-737 gd:1
ttp: b517/782 bl:2.7706 bb:1.0487 rl:2.6868 rb:1.0512 dl:715-717 gd:1
ttp: b513/782 bl:2.7326 bb:1.0114 rl:2.6873 rb:1.0507 dl:705-707 gd:1
ttp: b505/782 bl:2.7678 bb:1.0575 rl:2.6882 rb:1.0508 dl:686-688 gd:1
ttp: b497/782 bl:2.8306 bb:1.0793 rl:2.6897 rb:1.0511 dl:668-671 gd:1
ttp: b490/782 bl:2.8494 bb:1.0888 rl:2.6913 rb:1.0515 dl:653-655 gd:1
ttp: b482/782 bl:2.7501 bb:1.0793 rl:2.6918 rb:1.0517 dl:637-639 gd:1
ttp: b475/782 bl:2.7208 bb:1.0201 rl:2.6921 rb:1.0514 dl:622-623 gd:1
ttp: b471/782 bl:2.8371 bb:1.0690 rl:2.6934 rb:1.0516 dl:614-616 gd:1
ttp: b462/782 bl:2.8592 bb:1.0652 rl:2.6949 rb:1.0517 dl:597-599 gd:1
ttp: b453/782 bl:2.7533 bb:1.0566 rl:2.6954 rb:1.0518 dl:580-582 gd:1
ttp: b445/782 bl:2.7672 bb:1.0640 rl:2.6960 rb:1.0519 dl:566-568 gd:1
ttp: b437/782 bl:2.8753 bb:1.0610 rl:2.6974 rb:1.0519 dl:551-553 gd:1
ttp: b429/782 bl:2.7534 bb:1.0805 rl:2.6979 rb:1.0522 dl:537-539 gd:1
ttp: b421/782 bl:2.7856 bb:1.0508 rl:2.6985 rb:1.0522 dl:523-524 gd:1
ttp: b413/782 bl:2.6462 bb:0.9977 rl:2.6982 rb:1.0517 dl:510-511 gd:1
ttp: b404/782 bl:2.7863 bb:1.0692 rl:2.6988 rb:1.0519 dl:495-497 gd:1
ttp: b396/782 bl:2.7555 bb:1.0544 rl:2.6991 rb:1.0519 dl:482-484 gd:1
ttp: b388/782 bl:2.7746 bb:1.0646 rl:2.6996 rb:1.0520 dl:470-471 gd:1
ttp: b380/782 bl:2.8399 bb:1.0753 rl:2.7005 rb:1.0521 dl:459-460 gd:1
ttp: b372/782 bl:2.8289 bb:1.0665 rl:2.7013 rb:1.0522 dl:447-449 gd:1
ttp: b364/782 bl:2.7348 bb:1.0667 rl:2.7015 rb:1.0523 dl:436-437 gd:1
ttp: b356/782 bl:2.6874 bb:1.0442 rl:2.7014 rb:1.0523 dl:424-426 gd:1
ttp: b348/782 bl:2.8021 bb:1.0648 rl:2.7020 rb:1.0523 dl:414-415 gd:1
ttp: b340/782 bl:2.8216 bb:1.0914 rl:2.7026 rb:1.0525 dl:403-404 gd:1
ttp: b332/782 bl:2.8212 bb:1.0954 rl:2.7033 rb:1.0528 dl:393-394 gd:1
ttp: b324/782 bl:2.7675 bb:1.0556 rl:2.7036 rb:1.0528 dl:382-384 gd:1
ttp: b316/782 bl:2.7664 bb:1.0879 rl:2.7039 rb:1.0529 dl:371-373 gd:1
ttp: b308/782 bl:2.7894 bb:1.0837 rl:2.7043 rb:1.0531 dl:362-363 gd:1
ttp: b300/782 bl:2.8528 bb:1.0874 rl:2.7050 rb:1.0533 dl:352-353 gd:1
ttp: b292/782 bl:2.7805 bb:1.0774 rl:2.7053 rb:1.0534 dl:342-343 gd:1
ttp: b284/782 bl:2.8823 bb:1.0866 rl:2.7061 rb:1.0535 dl:333-334 gd:1
ttp: b276/782 bl:2.8378 bb:1.0999 rl:2.7066 rb:1.0537 dl:324-325 gd:1
ttp: b267/782 bl:2.8575 bb:1.0957 rl:2.7072 rb:1.0539 dl:314-315 gd:1
ttp: b256/782 bl:2.8880 bb:1.1321 rl:2.7079 rb:1.0542 dl:301-302 gd:1
ttp: b247/782 bl:2.7870 bb:1.0768 rl:2.7082 rb:1.0543 dl:292-293 gd:1
ttp: b238/782 bl:2.8877 bb:1.1455 rl:2.7089 rb:1.0546 dl:283-284 gd:1
ttp: b229/782 bl:2.8859 bb:1.1352 rl:2.7095 rb:1.0549 dl:274-275 gd:1
ttp: b221/782 bl:2.8326 bb:1.1368 rl:2.7099 rb:1.0551 dl:266-267 gd:1
ttp: b213/782 bl:2.9992 bb:1.1702 rl:2.7109 rb:1.0555 dl:258-259 gd:1
ttp: b205/782 bl:2.8411 bb:1.1085 rl:2.7113 rb:1.0557 dl:251-252 gd:1
ttp: b197/782 bl:2.8495 bb:1.1237 rl:2.7117 rb:1.0559 dl:244-245 gd:1
ttp: b188/782 bl:2.9099 bb:1.1527 rl:2.7123 rb:1.0562 dl:236-237 gd:1
ttp: b180/782 bl:2.9095 bb:1.1346 rl:2.7128 rb:1.0564 dl:229-230 gd:1
ttp: b172/782 bl:3.0020 bb:1.1806 rl:2.7136 rb:1.0567 dl:222-223 gd:1
ttp: b162/782 bl:2.9530 bb:1.1458 rl:2.7143 rb:1.0569 dl:213-214 gd:1
ttp: b154/782 bl:2.9834 bb:1.1548 rl:2.7149 rb:1.0572 dl:207-207 gd:1
ttp: b142/782 bl:2.9561 bb:1.1589 rl:2.7155 rb:1.0574 dl:197-198 gd:1
ttp: b134/782 bl:3.0305 bb:1.2120 rl:2.7163 rb:1.0578 dl:190-191 gd:1
ttp: b125/782 bl:3.0006 bb:1.1891 rl:2.7169 rb:1.0581 dl:184-185 gd:1
ttp: b118/782 bl:2.9368 bb:1.1474 rl:2.7174 rb:1.0583 dl:178-179 gd:1
ttp: b109/782 bl:3.0737 bb:1.2113 rl:2.7181 rb:1.0586 dl:172-173 gd:1
ttp: b97/782 bl:3.0084 bb:1.1753 rl:2.7187 rb:1.0588 dl:163-164 gd:1
ttp: b88/782 bl:3.0943 bb:1.2048 rl:2.7194 rb:1.0591 dl:156-157 gd:1
ttp: b81/782 bl:2.9257 bb:1.1636 rl:2.7198 rb:1.0593 dl:151-151 gd:1
ttp: b71/782 bl:2.9532 bb:1.1522 rl:2.7202 rb:1.0594 dl:143-144 gd:1
ttp: b63/782 bl:3.0100 bb:1.2140 rl:2.7207 rb:1.0597 dl:137-138 gd:1
ttp: b55/782 bl:3.0794 bb:1.2367 rl:2.7212 rb:1.0600 dl:130-131 gd:1
ttp: b46/782 bl:3.1249 bb:1.2219 rl:2.7218 rb:1.0602 dl:123-124 gd:1
ttp: b34/782 bl:3.0882 bb:1.2502 rl:2.7223 rb:1.0605 dl:114-115 gd:1
ttp: b27/782 bl:3.0954 bb:1.2357 rl:2.7228 rb:1.0607 dl:107-108 gd:1
ttp: b17/782 bl:3.1262 bb:1.2392 rl:2.7233 rb:1.0609 dl:98-99 gd:1
ttp: b6/782 bl:3.2750 bb:1.2778 rl:2.7238 rb:1.0611 dl:82-84 gd:1
quantized_ttt_phased val_loss:2.77032226 val_bpb:1.07247808 eval_time:456748ms
total_eval_time:456.7s
[Wed Apr 22 00:08:47 UTC 2026] Experiment pure_ttt_sp8192_dxa144_seed42_8gpu complete
Final BPB: diagnostic pre-quantization post-ema val_loss:2.77158098 val_bpb:1.07293079 eval_time:6634ms
diagnostic quantized val_loss:2.80209025 val_bpb:1.08474150 eval_time:55029ms
quantized_ttt_phased val_loss:2.77032226 val_bpb:1.07247808 eval_time:456748ms
