=== [Wed Apr 29 18:34:28 UTC 2026] Starting rank96_s314 seed=314 ===
W0429 18:34:29.716000 876263 torch/distributed/run.py:803] 
W0429 18:34:29.716000 876263 torch/distributed/run.py:803] *****************************************
W0429 18:34:29.716000 876263 torch/distributed/run.py:803] Setting OMP_NUM_THREADS environment variable for each process to be 1 in default, to avoid your system being overloaded, please further tune the variable for optimal performance in your application as needed. 
W0429 18:34:29.716000 876263 torch/distributed/run.py:803] *****************************************
Hyperparameters:
  adam_eps: 1e-08
  adam_wd: 0.02
  artifact_dir: 
  attn_clip_sigmas: 13.0
  beta1: 0.9
  beta2: 0.95
  compressor: brotli
  data_dir: data
  datasets_dir: data/datasets/fineweb10B_sp8192
  distributed: True
  ema_decay: 0.9965
  embed_bits: 7
  embed_clip_sigmas: 15.0
  embed_lr: 0.6
  embed_wd: 0.085
  enable_looping_at: 0.35
  eval_seq_len: 2048
  eval_stride: 64
  fused_ce_enabled: True
  global_ttt_batch_seqs: 32
  global_ttt_chunk_tokens: 32768
  global_ttt_epochs: 1
  global_ttt_grad_clip: 1.0
  global_ttt_lr: 0.001
  global_ttt_momentum: 0.9
  global_ttt_respect_doc_boundaries: True
  global_ttt_warmup_chunks: 0
  global_ttt_warmup_start_lr: 0.0
  gptq_calibration_batches: 16
  gptq_reserve_seconds: 0.5
  grad_accum_steps: 1
  grad_clip_norm: 0.3
  is_main_process: True
  iterations: 20000
  ln_scale: True
  local_rank: 0
  logfile: logs/8bd8b428-a05f-461f-b791-de48ed498e06.txt
  logit_softcap: 30.0
  loop_end: 5
  loop_start: 3
  matrix_bits: 6
  matrix_clip_sigmas: 12.85
  matrix_lr: 0.026
  max_wallclock_seconds: 600.0
  min_lr: 0.1
  mlp_clip_sigmas: 12.0
  mlp_mult: 4.0
  model_dim: 512
  model_path: final_model.pt
  muon_backend_steps: 5
  muon_momentum: 0.97
  muon_momentum_warmup_start: 0.92
  muon_momentum_warmup_steps: 1500
  muon_row_normalize: True
  muon_wd: 0.095
  num_heads: 8
  num_kv_heads: 4
  num_layers: 11
  num_loops: 2
  parallel_final_lane: mean
  parallel_start_layer: 8
  phased_ttt_enabled: True
  phased_ttt_num_phases: 3
  phased_ttt_prefix_docs: 1500
  qk_gain_init: 5.0
  quantized_model_path: final_model.int6.ptz
  rank: 0
  rope_base: 10000.0
  rope_dims: 16
  rope_train_seq_len: 2048
  rope_yarn: False
  run_id: 8bd8b428-a05f-461f-b791-de48ed498e06
  scalar_lr: 0.02
  seed: 314
  skip_gates_enabled: True
  sliding_window_enabled: False
  tie_embeddings: True
  tied_embed_init_std: 0.005
  tied_embed_lr: 0.03
  tokenizer_path: tokenizers/fineweb_8192_bpe.model
  train_batch_tokens: 786432
  train_files: datasets/fineweb10B_sp8192/fineweb_train_*.bin
  train_log_every: 500
  train_seq_len: 2048
  ttt_batch_size: 64
  ttt_beta1: 0.0
  ttt_beta2: 0.999
  ttt_chunk_size: 48
  ttt_enabled: True
  ttt_eval_batches: 
  ttt_eval_seq_len: 2048
  ttt_grad_steps: 1
  ttt_k_lora: True
  ttt_lora_lr: 0.0001
  ttt_lora_rank: 96
  ttt_mlp_lora: True
  ttt_o_lora: True
  ttt_optimizer: adam
  ttt_weight_decay: 2.0
  val_batch_tokens: 524288
  val_doc_fraction: 1.0
  val_files: datasets/fineweb10B_sp8192/fineweb_val_*.bin
  val_loss_every: 0
  vocab_size: 8192
  warmdown_frac: 0.75
  warmup_steps: 20
  world_size: 8
  xsa_last_n: 11
train_shards: 128
val_tokens: 40540160
model_params:35989658
gptq:reserving 0s, effective=599500ms
warmup_cu_buckets:64,128,192,256 iters_each:3
warmup_step: 1/20
warmup_step: 2/20
warmup_step: 3/20
warmup_step: 4/20
warmup_step: 5/20
warmup_step: 6/20
warmup_step: 10/20
warmup_step: 20/20
loop_warmup:enabled encoder:[0, 1, 2, 3, 4, 5, 3, 4] decoder:[5, 3, 4, 5, 6, 7, 8, 9, 10]
loop_warmup_step: 1/20
loop_warmup_step: 2/20
loop_warmup_step: 3/20
loop_warmup_step: 4/20
loop_warmup_step: 5/20
loop_warmup_step: 6/20
loop_warmup_step: 10/20
loop_warmup_step: 20/20
1/20000 train_loss: 9.0068 train_time: 0.0m tok/s: 12995301
2/20000 train_loss: 12.4192 train_time: 0.0m tok/s: 4898125
3/20000 train_loss: 11.3028 train_time: 0.0m tok/s: 5710619
4/20000 train_loss: 9.5610 train_time: 0.0m tok/s: 6205373
5/20000 train_loss: 8.1521 train_time: 0.0m tok/s: 6555439
500/20000 train_loss: 3.2586 train_time: 0.8m tok/s: 8117389
1000/20000 train_loss: 3.1083 train_time: 1.6m tok/s: 8086927
1500/20000 train_loss: 2.9753 train_time: 2.4m tok/s: 8079823
2000/20000 train_loss: 2.9555 train_time: 3.2m tok/s: 8074502
layer_loop:enabled step:2155 frac:0.350 encoder:[0, 1, 2, 3, 4, 5, 3, 4] decoder:[5, 3, 4, 5, 6, 7, 8, 9, 10]
2500/20000 train_loss: 2.9417 train_time: 4.3m tok/s: 7587104
3000/20000 train_loss: 2.9454 train_time: 5.5m tok/s: 7140096
3500/20000 train_loss: 2.9025 train_time: 6.7m tok/s: 6851580
4000/20000 train_loss: 2.8422 train_time: 7.9m tok/s: 6649809
4500/20000 train_loss: 2.8521 train_time: 9.1m tok/s: 6502185
4889/20000 val_loss: 2.7925 val_bpb: 1.0810
stopping_early: wallclock_cap train_time: 599620ms step: 4889/20000
peak memory allocated: 41574 MiB reserved: 46878 MiB
ema:applying EMA weights
diagnostic pre-quantization post-ema val_loss:2.76525359 val_bpb:1.07048134 eval_time:8114ms
Serialized model: 135592891 bytes
Code size (uncompressed): 132822 bytes
Code size (compressed): 29760 bytes
GPTQ:collecting Hessians from calibration data...
GPTQ:collected 67 Hessians in 3.5s
Quantized weights:
  gptq (int6): blocks.attn.c_k.weight, blocks.attn.c_q.weight, blocks.attn.c_v.weight, blocks.attn.proj.weight, blocks.mlp.fc.weight, blocks.mlp.proj.weight
  gptq (int7): tok_emb.weight
  int8_per_row: blocks.attn.attn_gate_w
  passthrough (float16): blocks.attn.q_gain, blocks.attn_scale, blocks.mlp_scale, blocks.resid_mix, parallel_post_lambdas, parallel_resid_lambdas, skip_gates, skip_weights
Serialized model quantized+brotli: 15948558 bytes
Total submission size quantized+brotli: 15978318 bytes
diagnostic quantized val_loss:2.79143332 val_bpb:1.08061600 eval_time:8988ms
ttt_lora:warming up compile (random tokens, no val data)
ttt_lora:compile warmup done (102.5s)

beginning TTT eval timer
ttt_phased: total_docs:50000 prefix_docs:1500 suffix_docs:48500 num_phases:3 boundaries:[500, 1000, 1500]
ttp: b778/782 bl:2.7799 bb:1.1121 rl:2.7799 rb:1.1121 dl:7961-8997 gd:0
ttp: b771/782 bl:2.7502 bb:1.0753 rl:2.7691 rb:1.0985 dl:4701-4937 gd:0
ttpp: phase:1/3 pd:912 gd:500 t:204.5s
tttg: c1/77 lr:0.001000 t:0.3s
tttg: c2/77 lr:0.001000 t:0.4s
tttg: c3/77 lr:0.000998 t:0.5s
tttg: c4/77 lr:0.000996 t:0.6s
tttg: c5/77 lr:0.000993 t:0.7s
tttg: c6/77 lr:0.000989 t:0.7s
tttg: c7/77 lr:0.000985 t:0.8s
tttg: c8/77 lr:0.000979 t:0.9s
tttg: c9/77 lr:0.000973 t:1.0s
tttg: c10/77 lr:0.000966 t:1.0s
tttg: c11/77 lr:0.000958 t:1.1s
tttg: c12/77 lr:0.000949 t:1.2s
tttg: c13/77 lr:0.000940 t:1.3s
tttg: c14/77 lr:0.000930 t:1.4s
tttg: c15/77 lr:0.000919 t:1.4s
tttg: c16/77 lr:0.000907 t:1.5s
tttg: c17/77 lr:0.000895 t:1.6s
tttg: c18/77 lr:0.000882 t:1.7s
tttg: c19/77 lr:0.000868 t:1.7s
tttg: c20/77 lr:0.000854 t:1.8s
tttg: c21/77 lr:0.000839 t:1.9s
tttg: c22/77 lr:0.000823 t:2.0s
tttg: c23/77 lr:0.000807 t:2.1s
tttg: c24/77 lr:0.000791 t:2.1s
tttg: c25/77 lr:0.000773 t:2.2s
tttg: c26/77 lr:0.000756 t:2.3s
tttg: c27/77 lr:0.000738 t:2.4s
tttg: c28/77 lr:0.000720 t:2.4s
tttg: c29/77 lr:0.000701 t:2.5s
tttg: c30/77 lr:0.000682 t:2.6s
tttg: c31/77 lr:0.000662 t:2.7s
tttg: c32/77 lr:0.000643 t:2.8s
tttg: c33/77 lr:0.000623 t:2.8s
tttg: c34/77 lr:0.000603 t:2.9s
tttg: c35/77 lr:0.000582 t:3.0s
tttg: c36/77 lr:0.000562 t:3.1s
tttg: c37/77 lr:0.000541 t:3.1s
tttg: c38/77 lr:0.000521 t:3.2s
tttg: c39/77 lr:0.000500 t:3.3s
tttg: c40/77 lr:0.000479 t:3.4s
tttg: c41/77 lr:0.000459 t:3.5s
tttg: c42/77 lr:0.000438 t:3.5s
tttg: c43/77 lr:0.000418 t:3.6s
tttg: c44/77 lr:0.000397 t:3.7s
tttg: c45/77 lr:0.000377 t:3.8s
tttg: c46/77 lr:0.000357 t:3.9s
tttg: c47/77 lr:0.000338 t:3.9s
tttg: c48/77 lr:0.000318 t:4.0s
tttg: c49/77 lr:0.000299 t:4.1s
tttg: c50/77 lr:0.000280 t:4.2s
tttg: c51/77 lr:0.000262 t:4.3s
tttg: c52/77 lr:0.000244 t:4.3s
tttg: c53/77 lr:0.000227 t:4.4s
tttg: c54/77 lr:0.000209 t:4.5s
tttg: c55/77 lr:0.000193 t:4.6s
tttg: c56/77 lr:0.000177 t:4.7s
tttg: c57/77 lr:0.000161 t:4.7s
tttg: c58/77 lr:0.000146 t:4.8s
tttg: c59/77 lr:0.000132 t:4.9s
tttg: c60/77 lr:0.000118 t:5.0s
tttg: c61/77 lr:0.000105 t:5.1s
tttg: c62/77 lr:0.000093 t:5.1s
tttg: c63/77 lr:0.000081 t:5.2s
tttg: c64/77 lr:0.000070 t:5.3s
tttg: c65/77 lr:0.000060 t:5.4s
tttg: c66/77 lr:0.000051 t:5.5s
tttg: c67/77 lr:0.000042 t:5.5s
tttg: c68/77 lr:0.000034 t:5.6s
tttg: c69/77 lr:0.000027 t:5.7s
tttg: c70/77 lr:0.000021 t:5.8s
tttg: c71/77 lr:0.000015 t:5.8s
tttg: c72/77 lr:0.000011 t:5.9s
tttg: c73/77 lr:0.000007 t:6.0s
tttg: c74/77 lr:0.000004 t:6.1s
tttg: c75/77 lr:0.000002 t:6.2s
tttg: c76/77 lr:0.000000 t:6.2s
ttpr: phase:1/3 t:212.8s
ttp: b763/782 bl:2.7882 bb:1.1002 rl:2.7732 rb:1.0989 dl:3536-3637 gd:0
ttpp: phase:2/3 pd:1488 gd:1000 t:281.4s
tttg: c1/126 lr:0.001000 t:0.1s
tttg: c2/126 lr:0.001000 t:0.2s
tttg: c3/126 lr:0.000999 t:0.2s
tttg: c4/126 lr:0.000999 t:0.3s
tttg: c5/126 lr:0.000997 t:0.4s
tttg: c6/126 lr:0.000996 t:0.5s
tttg: c7/126 lr:0.000994 t:0.5s
tttg: c8/126 lr:0.000992 t:0.6s
tttg: c9/126 lr:0.000990 t:0.7s
tttg: c10/126 lr:0.000987 t:0.8s
tttg: c11/126 lr:0.000984 t:0.8s
tttg: c12/126 lr:0.000981 t:0.9s
tttg: c13/126 lr:0.000977 t:1.0s
tttg: c14/126 lr:0.000974 t:1.1s
tttg: c15/126 lr:0.000969 t:1.2s
tttg: c16/126 lr:0.000965 t:1.2s
tttg: c17/126 lr:0.000960 t:1.3s
tttg: c18/126 lr:0.000955 t:1.4s
tttg: c19/126 lr:0.000950 t:1.5s
tttg: c20/126 lr:0.000944 t:1.5s
tttg: c21/126 lr:0.000938 t:1.6s
tttg: c22/126 lr:0.000932 t:1.7s
tttg: c23/126 lr:0.000925 t:1.8s
tttg: c24/126 lr:0.000919 t:1.8s
tttg: c25/126 lr:0.000912 t:1.9s
tttg: c26/126 lr:0.000905 t:2.0s
tttg: c27/126 lr:0.000897 t:2.1s
tttg: c28/126 lr:0.000889 t:2.2s
tttg: c29/126 lr:0.000881 t:2.2s
tttg: c30/126 lr:0.000873 t:2.3s
tttg: c31/126 lr:0.000864 t:2.4s
tttg: c32/126 lr:0.000856 t:2.5s
tttg: c33/126 lr:0.000847 t:2.5s
tttg: c34/126 lr:0.000838 t:2.6s
tttg: c35/126 lr:0.000828 t:2.7s
tttg: c36/126 lr:0.000819 t:2.8s
tttg: c37/126 lr:0.000809 t:2.9s
tttg: c38/126 lr:0.000799 t:2.9s
tttg: c39/126 lr:0.000789 t:3.0s
tttg: c40/126 lr:0.000778 t:3.1s
tttg: c41/126 lr:0.000768 t:3.2s
tttg: c42/126 lr:0.000757 t:3.2s
tttg: c43/126 lr:0.000746 t:3.3s
tttg: c44/126 lr:0.000735 t:3.4s
tttg: c45/126 lr:0.000724 t:3.5s
tttg: c46/126 lr:0.000713 t:3.6s
tttg: c47/126 lr:0.000701 t:3.6s
tttg: c48/126 lr:0.000690 t:3.7s
tttg: c49/126 lr:0.000678 t:3.8s
tttg: c50/126 lr:0.000666 t:3.9s
tttg: c51/126 lr:0.000655 t:3.9s
tttg: c52/126 lr:0.000643 t:4.0s
tttg: c53/126 lr:0.000630 t:4.1s
tttg: c54/126 lr:0.000618 t:4.2s
tttg: c55/126 lr:0.000606 t:4.3s
tttg: c56/126 lr:0.000594 t:4.3s
tttg: c57/126 lr:0.000581 t:4.4s
tttg: c58/126 lr:0.000569 t:4.5s
tttg: c59/126 lr:0.000556 t:4.6s
tttg: c60/126 lr:0.000544 t:4.6s
tttg: c61/126 lr:0.000531 t:4.7s
tttg: c62/126 lr:0.000519 t:4.8s
tttg: c63/126 lr:0.000506 t:4.9s
tttg: c64/126 lr:0.000494 t:4.9s
tttg: c65/126 lr:0.000481 t:5.0s
tttg: c66/126 lr:0.000469 t:5.1s
tttg: c67/126 lr:0.000456 t:5.2s
tttg: c68/126 lr:0.000444 t:5.3s
tttg: c69/126 lr:0.000431 t:5.3s
tttg: c70/126 lr:0.000419 t:5.4s
tttg: c71/126 lr:0.000406 t:5.5s
tttg: c72/126 lr:0.000394 t:5.6s
tttg: c73/126 lr:0.000382 t:5.7s
tttg: c74/126 lr:0.000370 t:5.7s
tttg: c75/126 lr:0.000357 t:5.8s
tttg: c76/126 lr:0.000345 t:5.9s
tttg: c77/126 lr:0.000334 t:6.0s
tttg: c78/126 lr:0.000322 t:6.0s
tttg: c79/126 lr:0.000310 t:6.1s
tttg: c80/126 lr:0.000299 t:6.2s
tttg: c81/126 lr:0.000287 t:6.3s
tttg: c82/126 lr:0.000276 t:6.3s
tttg: c83/126 lr:0.000265 t:6.4s
tttg: c84/126 lr:0.000254 t:6.5s
tttg: c85/126 lr:0.000243 t:6.6s
tttg: c86/126 lr:0.000232 t:6.6s
tttg: c87/126 lr:0.000222 t:6.7s
tttg: c88/126 lr:0.000211 t:6.8s
tttg: c89/126 lr:0.000201 t:6.9s
tttg: c90/126 lr:0.000191 t:7.0s
tttg: c91/126 lr:0.000181 t:7.0s
tttg: c92/126 lr:0.000172 t:7.1s
tttg: c93/126 lr:0.000162 t:7.2s
tttg: c94/126 lr:0.000153 t:7.3s
tttg: c95/126 lr:0.000144 t:7.3s
tttg: c96/126 lr:0.000136 t:7.4s
tttg: c97/126 lr:0.000127 t:7.5s
tttg: c98/126 lr:0.000119 t:7.6s
tttg: c99/126 lr:0.000111 t:7.7s
tttg: c100/126 lr:0.000103 t:7.7s
tttg: c101/126 lr:0.000095 t:7.8s
tttg: c102/126 lr:0.000088 t:7.9s
tttg: c103/126 lr:0.000081 t:8.0s
tttg: c104/126 lr:0.000075 t:8.0s
tttg: c105/126 lr:0.000068 t:8.1s
tttg: c106/126 lr:0.000062 t:8.2s
tttg: c107/126 lr:0.000056 t:8.3s
tttg: c108/126 lr:0.000050 t:8.3s
tttg: c109/126 lr:0.000045 t:8.4s
tttg: c110/126 lr:0.000040 t:8.5s
tttg: c111/126 lr:0.000035 t:8.6s
tttg: c112/126 lr:0.000031 t:8.7s
tttg: c113/126 lr:0.000026 t:8.7s
tttg: c114/126 lr:0.000023 t:8.8s
tttg: c115/126 lr:0.000019 t:8.9s
tttg: c116/126 lr:0.000016 t:9.0s
tttg: c117/126 lr:0.000013 t:9.0s
tttg: c118/126 lr:0.000010 t:9.1s
tttg: c119/126 lr:0.000008 t:9.2s
tttg: c120/126 lr:0.000006 t:9.3s
tttg: c121/126 lr:0.000004 t:9.4s
tttg: c122/126 lr:0.000003 t:9.4s
tttg: c123/126 lr:0.000001 t:9.5s
tttg: c124/126 lr:0.000001 t:9.6s
tttg: c125/126 lr:0.000000 t:9.7s
ttpr: phase:2/3 t:293.3s
ttp: b754/782 bl:2.6792 bb:1.0513 rl:2.7595 rb:1.0919 dl:2839-2899 gd:0
ttpp: phase:3/3 pd:2000 gd:1500 t:303.0s
tttg: c1/170 lr:0.001000 t:0.1s
tttg: c2/170 lr:0.001000 t:0.2s
tttg: c3/170 lr:0.001000 t:0.2s
tttg: c4/170 lr:0.000999 t:0.3s
tttg: c5/170 lr:0.000999 t:0.4s
tttg: c6/170 lr:0.000998 t:0.5s
tttg: c7/170 lr:0.000997 t:0.5s
tttg: c8/170 lr:0.000996 t:0.6s
tttg: c9/170 lr:0.000994 t:0.7s
tttg: c10/170 lr:0.000993 t:0.8s
tttg: c11/170 lr:0.000991 t:0.8s
tttg: c12/170 lr:0.000990 t:0.9s
tttg: c13/170 lr:0.000988 t:1.0s
tttg: c14/170 lr:0.000985 t:1.1s
tttg: c15/170 lr:0.000983 t:1.1s
tttg: c16/170 lr:0.000981 t:1.2s
tttg: c17/170 lr:0.000978 t:1.3s
tttg: c18/170 lr:0.000975 t:1.4s
tttg: c19/170 lr:0.000972 t:1.5s
tttg: c20/170 lr:0.000969 t:1.5s
tttg: c21/170 lr:0.000966 t:1.6s
tttg: c22/170 lr:0.000962 t:1.7s
tttg: c23/170 lr:0.000959 t:1.8s
tttg: c24/170 lr:0.000955 t:1.9s
tttg: c25/170 lr:0.000951 t:1.9s
tttg: c26/170 lr:0.000947 t:2.0s
tttg: c27/170 lr:0.000943 t:2.1s
tttg: c28/170 lr:0.000938 t:2.2s
tttg: c29/170 lr:0.000934 t:2.3s
tttg: c30/170 lr:0.000929 t:2.3s
tttg: c31/170 lr:0.000924 t:2.4s
tttg: c32/170 lr:0.000919 t:2.5s
tttg: c33/170 lr:0.000914 t:2.6s
tttg: c34/170 lr:0.000909 t:2.6s
tttg: c35/170 lr:0.000903 t:2.7s
tttg: c36/170 lr:0.000898 t:2.8s
tttg: c37/170 lr:0.000892 t:2.9s
tttg: c38/170 lr:0.000886 t:3.0s
tttg: c39/170 lr:0.000880 t:3.0s
tttg: c40/170 lr:0.000874 t:3.1s
tttg: c41/170 lr:0.000868 t:3.2s
tttg: c42/170 lr:0.000862 t:3.3s
tttg: c43/170 lr:0.000855 t:3.4s
tttg: c44/170 lr:0.000849 t:3.4s
tttg: c45/170 lr:0.000842 t:3.5s
tttg: c46/170 lr:0.000835 t:3.6s
tttg: c47/170 lr:0.000828 t:3.7s
tttg: c48/170 lr:0.000821 t:3.7s
tttg: c49/170 lr:0.000814 t:3.8s
tttg: c50/170 lr:0.000807 t:3.9s
tttg: c51/170 lr:0.000799 t:4.0s
tttg: c52/170 lr:0.000792 t:4.0s
tttg: c53/170 lr:0.000784 t:4.1s
tttg: c54/170 lr:0.000776 t:4.2s
tttg: c55/170 lr:0.000769 t:4.3s
tttg: c56/170 lr:0.000761 t:4.4s
tttg: c57/170 lr:0.000753 t:4.4s
tttg: c58/170 lr:0.000745 t:4.5s
tttg: c59/170 lr:0.000736 t:4.6s
tttg: c60/170 lr:0.000728 t:4.7s
tttg: c61/170 lr:0.000720 t:4.8s
tttg: c62/170 lr:0.000712 t:4.8s
tttg: c63/170 lr:0.000703 t:4.9s
tttg: c64/170 lr:0.000695 t:5.0s
tttg: c65/170 lr:0.000686 t:5.1s
tttg: c66/170 lr:0.000677 t:5.1s
tttg: c67/170 lr:0.000669 t:5.2s
tttg: c68/170 lr:0.000660 t:5.3s
tttg: c69/170 lr:0.000651 t:5.4s
tttg: c70/170 lr:0.000642 t:5.4s
tttg: c71/170 lr:0.000633 t:5.5s
tttg: c72/170 lr:0.000624 t:5.6s
tttg: c73/170 lr:0.000615 t:5.7s
tttg: c74/170 lr:0.000606 t:5.7s
tttg: c75/170 lr:0.000597 t:5.8s
tttg: c76/170 lr:0.000588 t:5.9s
tttg: c77/170 lr:0.000579 t:6.0s
tttg: c78/170 lr:0.000569 t:6.1s
tttg: c79/170 lr:0.000560 t:6.1s
tttg: c80/170 lr:0.000551 t:6.2s
tttg: c81/170 lr:0.000542 t:6.3s
tttg: c82/170 lr:0.000533 t:6.4s
tttg: c83/170 lr:0.000523 t:6.4s
tttg: c84/170 lr:0.000514 t:6.5s
tttg: c85/170 lr:0.000505 t:6.6s
tttg: c86/170 lr:0.000495 t:6.7s
tttg: c87/170 lr:0.000486 t:6.8s
tttg: c88/170 lr:0.000477 t:6.8s
tttg: c89/170 lr:0.000467 t:6.9s
tttg: c90/170 lr:0.000458 t:7.0s
tttg: c91/170 lr:0.000449 t:7.1s
tttg: c92/170 lr:0.000440 t:7.2s
tttg: c93/170 lr:0.000431 t:7.2s
tttg: c94/170 lr:0.000421 t:7.3s
tttg: c95/170 lr:0.000412 t:7.4s
tttg: c96/170 lr:0.000403 t:7.5s
tttg: c97/170 lr:0.000394 t:7.6s
tttg: c98/170 lr:0.000385 t:7.6s
tttg: c99/170 lr:0.000376 t:7.7s
tttg: c100/170 lr:0.000367 t:7.8s
tttg: c101/170 lr:0.000358 t:7.9s
tttg: c102/170 lr:0.000349 t:7.9s
tttg: c103/170 lr:0.000340 t:8.0s
tttg: c104/170 lr:0.000331 t:8.1s
tttg: c105/170 lr:0.000323 t:8.2s
tttg: c106/170 lr:0.000314 t:8.3s
tttg: c107/170 lr:0.000305 t:8.3s
tttg: c108/170 lr:0.000297 t:8.4s
tttg: c109/170 lr:0.000288 t:8.5s
tttg: c110/170 lr:0.000280 t:8.6s
tttg: c111/170 lr:0.000272 t:8.6s
tttg: c112/170 lr:0.000264 t:8.7s
tttg: c113/170 lr:0.000255 t:8.8s
tttg: c114/170 lr:0.000247 t:8.9s
tttg: c115/170 lr:0.000239 t:9.0s
tttg: c116/170 lr:0.000231 t:9.0s
tttg: c117/170 lr:0.000224 t:9.1s
tttg: c118/170 lr:0.000216 t:9.2s
tttg: c119/170 lr:0.000208 t:9.3s
tttg: c120/170 lr:0.000201 t:9.3s
tttg: c121/170 lr:0.000193 t:9.4s
tttg: c122/170 lr:0.000186 t:9.5s
tttg: c123/170 lr:0.000179 t:9.6s
tttg: c124/170 lr:0.000172 t:9.7s
tttg: c125/170 lr:0.000165 t:9.7s
tttg: c126/170 lr:0.000158 t:9.8s
tttg: c127/170 lr:0.000151 t:9.9s
tttg: c128/170 lr:0.000145 t:10.0s
tttg: c129/170 lr:0.000138 t:10.0s
tttg: c130/170 lr:0.000132 t:10.1s
tttg: c131/170 lr:0.000126 t:10.2s
tttg: c132/170 lr:0.000120 t:10.3s
tttg: c133/170 lr:0.000114 t:10.4s
tttg: c134/170 lr:0.000108 t:10.4s
tttg: c135/170 lr:0.000102 t:10.5s
tttg: c136/170 lr:0.000097 t:10.6s
tttg: c137/170 lr:0.000091 t:10.7s
tttg: c138/170 lr:0.000086 t:10.7s
tttg: c139/170 lr:0.000081 t:10.8s
tttg: c140/170 lr:0.000076 t:10.9s
tttg: c141/170 lr:0.000071 t:11.0s
tttg: c142/170 lr:0.000066 t:11.1s
tttg: c143/170 lr:0.000062 t:11.1s
tttg: c144/170 lr:0.000057 t:11.2s
tttg: c145/170 lr:0.000053 t:11.3s
tttg: c146/170 lr:0.000049 t:11.4s
tttg: c147/170 lr:0.000045 t:11.4s
tttg: c148/170 lr:0.000041 t:11.5s
tttg: c149/170 lr:0.000038 t:11.6s
tttg: c150/170 lr:0.000034 t:11.7s
tttg: c151/170 lr:0.000031 t:11.7s
tttg: c152/170 lr:0.000028 t:11.8s
tttg: c153/170 lr:0.000025 t:11.9s
tttg: c154/170 lr:0.000022 t:12.0s
tttg: c155/170 lr:0.000019 t:12.1s
tttg: c156/170 lr:0.000017 t:12.1s
tttg: c157/170 lr:0.000015 t:12.2s
tttg: c158/170 lr:0.000012 t:12.3s
tttg: c159/170 lr:0.000010 t:12.4s
tttg: c160/170 lr:0.000009 t:12.4s
tttg: c161/170 lr:0.000007 t:12.5s
tttg: c162/170 lr:0.000006 t:12.6s
tttg: c163/170 lr:0.000004 t:12.7s
tttg: c164/170 lr:0.000003 t:12.7s
tttg: c165/170 lr:0.000002 t:12.8s
tttg: c166/170 lr:0.000001 t:12.9s
tttg: c167/170 lr:0.000001 t:13.0s
tttg: c168/170 lr:0.000000 t:13.1s
tttg: c169/170 lr:0.000000 t:13.1s
ttpr: phase:3/3 t:318.3s
ttp: b745/782 bl:2.7798 bb:1.0866 rl:2.7618 rb:1.0913 dl:2421-2458 gd:1
ttp: b740/782 bl:2.7283 bb:1.0300 rl:2.7587 rb:1.0854 dl:2254-2285 gd:1
ttp: b732/782 bl:2.8118 bb:1.0943 rl:2.7628 rb:1.0861 dl:2041-2062 gd:1
ttp: b722/782 bl:2.7644 bb:1.0569 rl:2.7629 rb:1.0841 dl:1846-1861 gd:1
ttp: b716/782 bl:2.7991 bb:1.0329 rl:2.7650 rb:1.0810 dl:1739-1754 gd:1
ttp: b706/782 bl:2.7054 bb:1.0400 rl:2.7619 rb:1.0789 dl:1617-1627 gd:1
ttp: b702/782 bl:2.7895 bb:1.0611 rl:2.7632 rb:1.0780 dl:1572-1581 gd:1
ttp: b692/782 bl:2.7559 bb:1.0457 rl:2.7629 rb:1.0766 dl:1477-1484 gd:1
ttp: b685/782 bl:2.7616 bb:1.0585 rl:2.7629 rb:1.0759 dl:1414-1422 gd:1
ttp: b674/782 bl:2.7749 bb:1.0530 rl:2.7633 rb:1.0750 dl:1334-1341 gd:1
ttp: b670/782 bl:2.8185 bb:1.0539 rl:2.7652 rb:1.0743 dl:1308-1315 gd:1
ttp: b657/782 bl:2.7744 bb:1.0419 rl:2.7655 rb:1.0733 dl:1227-1234 gd:1
ttp: b652/782 bl:2.7874 bb:1.0680 rl:2.7661 rb:1.0731 dl:1198-1203 gd:1
ttp: b639/782 bl:2.8420 bb:1.0766 rl:2.7681 rb:1.0732 dl:1129-1134 gd:1
ttp: b635/782 bl:2.7225 bb:1.0539 rl:2.7670 rb:1.0727 dl:1111-1116 gd:1
ttp: b625/782 bl:2.6582 bb:0.9987 rl:2.7644 rb:1.0709 dl:1064-1068 gd:1
ttp: b617/782 bl:2.7316 bb:1.0339 rl:2.7636 rb:1.0700 dl:1027-1031 gd:1
ttp: b602/782 bl:2.7716 bb:1.0367 rl:2.7638 rb:1.0693 dl:966-971 gd:1
ttp: b595/782 bl:2.7184 bb:1.0510 rl:2.7629 rb:1.0689 dl:940-943 gd:1
ttp: b587/782 bl:2.7756 bb:1.0599 rl:2.7631 rb:1.0688 dl:914-917 gd:1
ttp: b580/782 bl:2.7197 bb:1.0333 rl:2.7623 rb:1.0681 dl:891-894 gd:1
ttp: b574/782 bl:2.7692 bb:1.0344 rl:2.7625 rb:1.0675 dl:871-874 gd:1
ttp: b567/782 bl:2.6656 bb:1.0267 rl:2.7608 rb:1.0668 dl:849-852 gd:1
ttp: b559/782 bl:2.7449 bb:1.0432 rl:2.7606 rb:1.0664 dl:824-827 gd:1
ttp: b551/782 bl:2.8147 bb:1.0609 rl:2.7614 rb:1.0664 dl:801-804 gd:1
ttp: b543/782 bl:2.7706 bb:1.0401 rl:2.7615 rb:1.0660 dl:779-782 gd:1
ttp: b535/782 bl:2.7712 bb:1.0507 rl:2.7617 rb:1.0657 dl:759-762 gd:1
ttp: b527/782 bl:2.7284 bb:1.0368 rl:2.7612 rb:1.0653 dl:739-742 gd:1
ttp: b519/782 bl:2.7226 bb:1.0325 rl:2.7607 rb:1.0649 dl:720-723 gd:1
ttp: b511/782 bl:2.7625 bb:1.0434 rl:2.7608 rb:1.0646 dl:700-703 gd:1
ttp: b503/782 bl:2.8082 bb:1.0694 rl:2.7613 rb:1.0647 dl:683-685 gd:1
ttp: b495/782 bl:2.7535 bb:1.0513 rl:2.7612 rb:1.0645 dl:664-666 gd:1
ttp: b487/782 bl:2.8055 bb:1.0718 rl:2.7617 rb:1.0646 dl:647-649 gd:1
ttp: b479/782 bl:2.6976 bb:1.0296 rl:2.7610 rb:1.0642 dl:630-632 gd:1
ttp: b471/782 bl:2.8262 bb:1.0649 rl:2.7617 rb:1.0643 dl:614-616 gd:1
ttp: b463/782 bl:2.7892 bb:1.0707 rl:2.7620 rb:1.0643 dl:599-600 gd:1
ttp: b455/782 bl:2.7888 bb:1.0695 rl:2.7622 rb:1.0644 dl:584-586 gd:1
ttp: b447/782 bl:2.8219 bb:1.0852 rl:2.7628 rb:1.0646 dl:569-571 gd:1
ttp: b439/782 bl:2.7406 bb:1.0387 rl:2.7626 rb:1.0643 dl:555-556 gd:1
ttp: b431/782 bl:2.7427 bb:1.0587 rl:2.7624 rb:1.0643 dl:540-542 gd:1
ttp: b423/782 bl:2.7229 bb:1.0227 rl:2.7621 rb:1.0639 dl:526-528 gd:1
ttp: b415/782 bl:2.8417 bb:1.0796 rl:2.7627 rb:1.0641 dl:513-514 gd:1
ttp: b407/782 bl:2.7650 bb:1.0525 rl:2.7628 rb:1.0640 dl:500-501 gd:1
ttp: b399/782 bl:2.7311 bb:1.0345 rl:2.7625 rb:1.0637 dl:487-489 gd:1
ttp: b391/782 bl:2.8055 bb:1.0926 rl:2.7628 rb:1.0639 dl:475-476 gd:1
ttp: b382/782 bl:2.8953 bb:1.1271 rl:2.7638 rb:1.0644 dl:461-463 gd:1
ttp: b374/782 bl:2.7415 bb:1.0652 rl:2.7636 rb:1.0644 dl:450-452 gd:1
ttp: b366/782 bl:2.8668 bb:1.1223 rl:2.7643 rb:1.0648 dl:439-440 gd:1
ttp: b358/782 bl:2.8054 bb:1.0844 rl:2.7646 rb:1.0649 dl:427-429 gd:1
ttp: b350/782 bl:2.7165 bb:1.0537 rl:2.7643 rb:1.0648 dl:417-418 gd:1
ttp: b342/782 bl:2.8512 bb:1.0970 rl:2.7648 rb:1.0650 dl:406-407 gd:1
ttp: b334/782 bl:2.8517 bb:1.0973 rl:2.7653 rb:1.0652 dl:395-396 gd:1
ttp: b326/782 bl:2.8428 bb:1.1235 rl:2.7657 rb:1.0655 dl:385-387 gd:1
ttp: b319/782 bl:2.8152 bb:1.1044 rl:2.7660 rb:1.0657 dl:376-377 gd:1
ttp: b313/782 bl:2.8190 bb:1.0857 rl:2.7663 rb:1.0658 dl:368-369 gd:1
ttp: b307/782 bl:2.8736 bb:1.0985 rl:2.7668 rb:1.0660 dl:361-362 gd:1
ttp: b301/782 bl:2.7804 bb:1.0812 rl:2.7669 rb:1.0661 dl:353-354 gd:1
ttp: b292/782 bl:2.7746 bb:1.0751 rl:2.7669 rb:1.0661 dl:342-343 gd:1
ttp: b284/782 bl:2.8685 bb:1.0814 rl:2.7674 rb:1.0662 dl:333-334 gd:1
ttp: b274/782 bl:2.7966 bb:1.0858 rl:2.7676 rb:1.0663 dl:322-323 gd:1
ttp: b265/782 bl:2.8162 bb:1.0840 rl:2.7678 rb:1.0664 dl:312-313 gd:1
ttp: b257/782 bl:2.9104 bb:1.1081 rl:2.7684 rb:1.0665 dl:302-304 gd:1
ttp: b250/782 bl:2.8624 bb:1.1375 rl:2.7688 rb:1.0668 dl:295-296 gd:1
ttp: b241/782 bl:2.8931 bb:1.1207 rl:2.7692 rb:1.0670 dl:286-287 gd:1
ttp: b233/782 bl:2.8424 bb:1.1168 rl:2.7695 rb:1.0672 dl:278-279 gd:1
ttp: b225/782 bl:2.8827 bb:1.1227 rl:2.7700 rb:1.0674 dl:270-271 gd:1
ttp: b217/782 bl:2.8699 bb:1.1241 rl:2.7703 rb:1.0676 dl:262-263 gd:1
ttp: b209/782 bl:2.9057 bb:1.1503 rl:2.7708 rb:1.0679 dl:254-255 gd:1
ttp: b201/782 bl:2.8570 bb:1.1136 rl:2.7711 rb:1.0681 dl:247-248 gd:1
ttp: b193/782 bl:2.8575 bb:1.1513 rl:2.7714 rb:1.0683 dl:240-241 gd:1
ttp: b185/782 bl:2.8608 bb:1.1230 rl:2.7716 rb:1.0685 dl:233-234 gd:1
ttp: b177/782 bl:2.9139 bb:1.1434 rl:2.7721 rb:1.0687 dl:226-227 gd:1
ttp: b169/782 bl:2.9101 bb:1.1628 rl:2.7725 rb:1.0690 dl:219-220 gd:1
ttp: b161/782 bl:2.9493 bb:1.1736 rl:2.7730 rb:1.0693 dl:212-213 gd:1
ttp: b152/782 bl:2.8808 bb:1.1240 rl:2.7733 rb:1.0694 dl:205-206 gd:1
ttp: b145/782 bl:2.8924 bb:1.1348 rl:2.7736 rb:1.0696 dl:200-200 gd:1
ttp: b135/782 bl:2.9168 bb:1.1364 rl:2.7740 rb:1.0698 dl:191-192 gd:1
ttp: b127/782 bl:2.8912 bb:1.1429 rl:2.7742 rb:1.0699 dl:185-186 gd:1
ttp: b119/782 bl:2.8003 bb:1.0844 rl:2.7743 rb:1.0700 dl:179-180 gd:1
ttp: b109/782 bl:3.0640 bb:1.2075 rl:2.7750 rb:1.0703 dl:172-173 gd:1
ttp: b100/782 bl:2.9273 bb:1.1491 rl:2.7753 rb:1.0704 dl:165-166 gd:1
ttp: b91/782 bl:3.0253 bb:1.2108 rl:2.7758 rb:1.0707 dl:158-159 gd:1
ttp: b83/782 bl:3.0040 bb:1.2004 rl:2.7763 rb:1.0710 dl:152-153 gd:1
ttp: b74/782 bl:3.1144 bb:1.2730 rl:2.7769 rb:1.0713 dl:145-146 gd:1
ttp: b65/782 bl:3.0306 bb:1.2168 rl:2.7774 rb:1.0716 dl:139-139 gd:1
ttp: b53/782 bl:3.1302 bb:1.2340 rl:2.7780 rb:1.0719 dl:129-130 gd:1
ttp: b46/782 bl:3.1215 bb:1.2206 rl:2.7785 rb:1.0721 dl:123-124 gd:1
ttp: b38/782 bl:3.0220 bb:1.2062 rl:2.7789 rb:1.0723 dl:117-118 gd:1
ttp: b30/782 bl:3.1189 bb:1.2494 rl:2.7794 rb:1.0725 dl:110-111 gd:1
ttp: b22/782 bl:3.1744 bb:1.2374 rl:2.7799 rb:1.0728 dl:103-104 gd:1
ttp: b13/782 bl:3.1260 bb:1.2582 rl:2.7803 rb:1.0730 dl:93-94 gd:1
ttp: b4/782 bl:3.1901 bb:1.2232 rl:2.7807 rb:1.0731 dl:78-80 gd:1
quantized_ttt_phased val_loss:2.76237466 val_bpb:1.06940132 eval_time:406682ms
total_eval_time:406.7s
=== [Wed Apr 29 18:57:19 UTC 2026] Finished rank96_s314 seed=314 ===
