=== [Wed Apr 29 18:12:27 UTC 2026] Starting rank96_s42 seed=42 ===
W0429 18:12:28.702000 855270 torch/distributed/run.py:803] 
W0429 18:12:28.702000 855270 torch/distributed/run.py:803] *****************************************
W0429 18:12:28.702000 855270 torch/distributed/run.py:803] Setting OMP_NUM_THREADS environment variable for each process to be 1 in default, to avoid your system being overloaded, please further tune the variable for optimal performance in your application as needed. 
W0429 18:12:28.702000 855270 torch/distributed/run.py:803] *****************************************
Hyperparameters:
  adam_eps: 1e-08
  adam_wd: 0.02
  artifact_dir: 
  attn_clip_sigmas: 13.0
  beta1: 0.9
  beta2: 0.95
  compressor: brotli
  data_dir: data
  datasets_dir: data/datasets/fineweb10B_sp8192
  distributed: True
  ema_decay: 0.9965
  embed_bits: 7
  embed_clip_sigmas: 15.0
  embed_lr: 0.6
  embed_wd: 0.085
  enable_looping_at: 0.35
  eval_seq_len: 2048
  eval_stride: 64
  fused_ce_enabled: True
  global_ttt_batch_seqs: 32
  global_ttt_chunk_tokens: 32768
  global_ttt_epochs: 1
  global_ttt_grad_clip: 1.0
  global_ttt_lr: 0.001
  global_ttt_momentum: 0.9
  global_ttt_respect_doc_boundaries: True
  global_ttt_warmup_chunks: 0
  global_ttt_warmup_start_lr: 0.0
  gptq_calibration_batches: 16
  gptq_reserve_seconds: 0.5
  grad_accum_steps: 1
  grad_clip_norm: 0.3
  is_main_process: True
  iterations: 20000
  ln_scale: True
  local_rank: 0
  logfile: logs/18a720d3-0773-4228-b50b-75b2ae23774d.txt
  logit_softcap: 30.0
  loop_end: 5
  loop_start: 3
  matrix_bits: 6
  matrix_clip_sigmas: 12.85
  matrix_lr: 0.026
  max_wallclock_seconds: 600.0
  min_lr: 0.1
  mlp_clip_sigmas: 12.0
  mlp_mult: 4.0
  model_dim: 512
  model_path: final_model.pt
  muon_backend_steps: 5
  muon_momentum: 0.97
  muon_momentum_warmup_start: 0.92
  muon_momentum_warmup_steps: 1500
  muon_row_normalize: True
  muon_wd: 0.095
  num_heads: 8
  num_kv_heads: 4
  num_layers: 11
  num_loops: 2
  parallel_final_lane: mean
  parallel_start_layer: 8
  phased_ttt_enabled: True
  phased_ttt_num_phases: 3
  phased_ttt_prefix_docs: 1500
  qk_gain_init: 5.0
  quantized_model_path: final_model.int6.ptz
  rank: 0
  rope_base: 10000.0
  rope_dims: 16
  rope_train_seq_len: 2048
  rope_yarn: False
  run_id: 18a720d3-0773-4228-b50b-75b2ae23774d
  scalar_lr: 0.02
  seed: 42
  skip_gates_enabled: True
  sliding_window_enabled: False
  tie_embeddings: True
  tied_embed_init_std: 0.005
  tied_embed_lr: 0.03
  tokenizer_path: tokenizers/fineweb_8192_bpe.model
  train_batch_tokens: 786432
  train_files: datasets/fineweb10B_sp8192/fineweb_train_*.bin
  train_log_every: 500
  train_seq_len: 2048
  ttt_batch_size: 64
  ttt_beta1: 0.0
  ttt_beta2: 0.999
  ttt_chunk_size: 48
  ttt_enabled: True
  ttt_eval_batches: 
  ttt_eval_seq_len: 2048
  ttt_grad_steps: 1
  ttt_k_lora: True
  ttt_lora_lr: 0.0001
  ttt_lora_rank: 96
  ttt_mlp_lora: True
  ttt_o_lora: True
  ttt_optimizer: adam
  ttt_weight_decay: 2.0
  val_batch_tokens: 524288
  val_doc_fraction: 1.0
  val_files: datasets/fineweb10B_sp8192/fineweb_val_*.bin
  val_loss_every: 0
  vocab_size: 8192
  warmdown_frac: 0.75
  warmup_steps: 20
  world_size: 8
  xsa_last_n: 11
train_shards: 128
val_tokens: 40540160
model_params:35989658
gptq:reserving 0s, effective=599500ms
warmup_cu_buckets:64,128,192,256 iters_each:3
warmup_step: 1/20
warmup_step: 2/20
warmup_step: 3/20
warmup_step: 4/20
warmup_step: 5/20
warmup_step: 6/20
warmup_step: 10/20
warmup_step: 20/20
loop_warmup:enabled encoder:[0, 1, 2, 3, 4, 5, 3, 4] decoder:[5, 3, 4, 5, 6, 7, 8, 9, 10]
loop_warmup_step: 1/20
loop_warmup_step: 2/20
loop_warmup_step: 3/20
loop_warmup_step: 4/20
loop_warmup_step: 5/20
loop_warmup_step: 6/20
loop_warmup_step: 10/20
loop_warmup_step: 20/20
1/20000 train_loss: 9.0071 train_time: 0.0m tok/s: 13054316
2/20000 train_loss: 12.3083 train_time: 0.0m tok/s: 9044436
3/20000 train_loss: 11.2156 train_time: 0.0m tok/s: 8871655
4/20000 train_loss: 9.5425 train_time: 0.0m tok/s: 8725324
5/20000 train_loss: 8.1651 train_time: 0.0m tok/s: 8665903
500/20000 train_loss: 3.2534 train_time: 0.8m tok/s: 8150739
1000/20000 train_loss: 3.1079 train_time: 1.6m tok/s: 8108085
1500/20000 train_loss: 2.9729 train_time: 2.4m tok/s: 8094195
2000/20000 train_loss: 2.9497 train_time: 3.2m tok/s: 8091569
layer_loop:enabled step:2159 frac:0.350 encoder:[0, 1, 2, 3, 4, 5, 3, 4] decoder:[5, 3, 4, 5, 6, 7, 8, 9, 10]
2500/20000 train_loss: 2.9366 train_time: 4.3m tok/s: 7604656
3000/20000 train_loss: 2.9411 train_time: 5.5m tok/s: 7153363
3500/20000 train_loss: 2.9030 train_time: 6.7m tok/s: 6864553
4000/20000 train_loss: 2.8410 train_time: 7.9m tok/s: 6663022
4500/20000 train_loss: 2.8518 train_time: 9.1m tok/s: 6514054
4896/20000 val_loss: 2.7905 val_bpb: 1.0803
stopping_early: wallclock_cap train_time: 599644ms step: 4896/20000
peak memory allocated: 41574 MiB reserved: 46878 MiB
ema:applying EMA weights
diagnostic pre-quantization post-ema val_loss:2.76365812 val_bpb:1.06986370 eval_time:8134ms
Serialized model: 135592891 bytes
Code size (uncompressed): 132822 bytes
Code size (compressed): 29760 bytes
GPTQ:collecting Hessians from calibration data...
GPTQ:collected 67 Hessians in 3.5s
Quantized weights:
  gptq (int6): blocks.attn.c_k.weight, blocks.attn.c_q.weight, blocks.attn.c_v.weight, blocks.attn.proj.weight, blocks.mlp.fc.weight, blocks.mlp.proj.weight
  gptq (int7): tok_emb.weight
  int8_per_row: blocks.attn.attn_gate_w
  passthrough (float16): blocks.attn.q_gain, blocks.attn_scale, blocks.mlp_scale, blocks.resid_mix, parallel_post_lambdas, parallel_resid_lambdas, skip_gates, skip_weights
Serialized model quantized+brotli: 15945774 bytes
Total submission size quantized+brotli: 15975534 bytes
diagnostic quantized val_loss:2.78952122 val_bpb:1.07987579 eval_time:9036ms
ttt_lora:warming up compile (random tokens, no val data)
ttt_lora:compile warmup done (107.0s)

beginning TTT eval timer
ttt_phased: total_docs:50000 prefix_docs:1500 suffix_docs:48500 num_phases:3 boundaries:[500, 1000, 1500]
ttp: b776/782 bl:2.7112 bb:1.0848 rl:2.7112 rb:1.0848 dl:6364-7180 gd:0
ttp: b773/782 bl:2.6442 bb:1.0729 rl:2.6815 rb:1.0796 dl:5203-5550 gd:0
ttp: b768/782 bl:2.6902 bb:1.0796 rl:2.6838 rb:1.0796 dl:4128-4306 gd:0
ttpp: phase:1/3 pd:912 gd:500 t:157.3s
tttg: c1/77 lr:0.001000 t:0.3s
tttg: c2/77 lr:0.001000 t:0.4s
tttg: c3/77 lr:0.000998 t:0.5s
tttg: c4/77 lr:0.000996 t:0.6s
tttg: c5/77 lr:0.000993 t:0.7s
tttg: c6/77 lr:0.000989 t:0.7s
tttg: c7/77 lr:0.000985 t:0.8s
tttg: c8/77 lr:0.000979 t:0.9s
tttg: c9/77 lr:0.000973 t:1.0s
tttg: c10/77 lr:0.000966 t:1.0s
tttg: c11/77 lr:0.000958 t:1.1s
tttg: c12/77 lr:0.000949 t:1.2s
tttg: c13/77 lr:0.000940 t:1.3s
tttg: c14/77 lr:0.000930 t:1.3s
tttg: c15/77 lr:0.000919 t:1.4s
tttg: c16/77 lr:0.000907 t:1.5s
tttg: c17/77 lr:0.000895 t:1.6s
tttg: c18/77 lr:0.000882 t:1.6s
tttg: c19/77 lr:0.000868 t:1.7s
tttg: c20/77 lr:0.000854 t:1.8s
tttg: c21/77 lr:0.000839 t:1.8s
tttg: c22/77 lr:0.000823 t:1.9s
tttg: c23/77 lr:0.000807 t:2.0s
tttg: c24/77 lr:0.000791 t:2.1s
tttg: c25/77 lr:0.000773 t:2.1s
tttg: c26/77 lr:0.000756 t:2.2s
tttg: c27/77 lr:0.000738 t:2.3s
tttg: c28/77 lr:0.000720 t:2.4s
tttg: c29/77 lr:0.000701 t:2.4s
tttg: c30/77 lr:0.000682 t:2.5s
tttg: c31/77 lr:0.000662 t:2.6s
tttg: c32/77 lr:0.000643 t:2.7s
tttg: c33/77 lr:0.000623 t:2.7s
tttg: c34/77 lr:0.000603 t:2.8s
tttg: c35/77 lr:0.000582 t:2.9s
tttg: c36/77 lr:0.000562 t:3.0s
tttg: c37/77 lr:0.000541 t:3.1s
tttg: c38/77 lr:0.000521 t:3.1s
tttg: c39/77 lr:0.000500 t:3.2s
tttg: c40/77 lr:0.000479 t:3.3s
tttg: c41/77 lr:0.000459 t:3.4s
tttg: c42/77 lr:0.000438 t:3.4s
tttg: c43/77 lr:0.000418 t:3.5s
tttg: c44/77 lr:0.000397 t:3.6s
tttg: c45/77 lr:0.000377 t:3.7s
tttg: c46/77 lr:0.000357 t:3.7s
tttg: c47/77 lr:0.000338 t:3.8s
tttg: c48/77 lr:0.000318 t:3.9s
tttg: c49/77 lr:0.000299 t:3.9s
tttg: c50/77 lr:0.000280 t:4.0s
tttg: c51/77 lr:0.000262 t:4.1s
tttg: c52/77 lr:0.000244 t:4.2s
tttg: c53/77 lr:0.000227 t:4.2s
tttg: c54/77 lr:0.000209 t:4.3s
tttg: c55/77 lr:0.000193 t:4.4s
tttg: c56/77 lr:0.000177 t:4.5s
tttg: c57/77 lr:0.000161 t:4.5s
tttg: c58/77 lr:0.000146 t:4.6s
tttg: c59/77 lr:0.000132 t:4.7s
tttg: c60/77 lr:0.000118 t:4.8s
tttg: c61/77 lr:0.000105 t:4.9s
tttg: c62/77 lr:0.000093 t:4.9s
tttg: c63/77 lr:0.000081 t:5.0s
tttg: c64/77 lr:0.000070 t:5.1s
tttg: c65/77 lr:0.000060 t:5.2s
tttg: c66/77 lr:0.000051 t:5.2s
tttg: c67/77 lr:0.000042 t:5.3s
tttg: c68/77 lr:0.000034 t:5.4s
tttg: c69/77 lr:0.000027 t:5.5s
tttg: c70/77 lr:0.000021 t:5.5s
tttg: c71/77 lr:0.000015 t:5.6s
tttg: c72/77 lr:0.000011 t:5.7s
tttg: c73/77 lr:0.000007 t:5.7s
tttg: c74/77 lr:0.000004 t:5.8s
tttg: c75/77 lr:0.000002 t:5.9s
tttg: c76/77 lr:0.000000 t:6.0s
ttpr: phase:1/3 t:165.5s
ttp: b762/782 bl:2.8166 bb:1.0720 rl:2.7072 rb:1.0782 dl:3431-3533 gd:0
ttpp: phase:2/3 pd:1488 gd:1000 t:233.3s
tttg: c1/126 lr:0.001000 t:0.1s
tttg: c2/126 lr:0.001000 t:0.2s
tttg: c3/126 lr:0.000999 t:0.2s
tttg: c4/126 lr:0.000999 t:0.3s
tttg: c5/126 lr:0.000997 t:0.4s
tttg: c6/126 lr:0.000996 t:0.5s
tttg: c7/126 lr:0.000994 t:0.5s
tttg: c8/126 lr:0.000992 t:0.6s
tttg: c9/126 lr:0.000990 t:0.7s
tttg: c10/126 lr:0.000987 t:0.8s
tttg: c11/126 lr:0.000984 t:0.9s
tttg: c12/126 lr:0.000981 t:0.9s
tttg: c13/126 lr:0.000977 t:1.0s
tttg: c14/126 lr:0.000974 t:1.1s
tttg: c15/126 lr:0.000969 t:1.1s
tttg: c16/126 lr:0.000965 t:1.2s
tttg: c17/126 lr:0.000960 t:1.3s
tttg: c18/126 lr:0.000955 t:1.4s
tttg: c19/126 lr:0.000950 t:1.4s
tttg: c20/126 lr:0.000944 t:1.5s
tttg: c21/126 lr:0.000938 t:1.6s
tttg: c22/126 lr:0.000932 t:1.7s
tttg: c23/126 lr:0.000925 t:1.8s
tttg: c24/126 lr:0.000919 t:1.8s
tttg: c25/126 lr:0.000912 t:1.9s
tttg: c26/126 lr:0.000905 t:2.0s
tttg: c27/126 lr:0.000897 t:2.1s
tttg: c28/126 lr:0.000889 t:2.1s
tttg: c29/126 lr:0.000881 t:2.2s
tttg: c30/126 lr:0.000873 t:2.3s
tttg: c31/126 lr:0.000864 t:2.4s
tttg: c32/126 lr:0.000856 t:2.5s
tttg: c33/126 lr:0.000847 t:2.5s
tttg: c34/126 lr:0.000838 t:2.6s
tttg: c35/126 lr:0.000828 t:2.7s
tttg: c36/126 lr:0.000819 t:2.7s
tttg: c37/126 lr:0.000809 t:2.8s
tttg: c38/126 lr:0.000799 t:2.9s
tttg: c39/126 lr:0.000789 t:3.0s
tttg: c40/126 lr:0.000778 t:3.0s
tttg: c41/126 lr:0.000768 t:3.1s
tttg: c42/126 lr:0.000757 t:3.2s
tttg: c43/126 lr:0.000746 t:3.3s
tttg: c44/126 lr:0.000735 t:3.3s
tttg: c45/126 lr:0.000724 t:3.4s
tttg: c46/126 lr:0.000713 t:3.5s
tttg: c47/126 lr:0.000701 t:3.6s
tttg: c48/126 lr:0.000690 t:3.6s
tttg: c49/126 lr:0.000678 t:3.7s
tttg: c50/126 lr:0.000666 t:3.8s
tttg: c51/126 lr:0.000655 t:3.9s
tttg: c52/126 lr:0.000643 t:3.9s
tttg: c53/126 lr:0.000630 t:4.0s
tttg: c54/126 lr:0.000618 t:4.1s
tttg: c55/126 lr:0.000606 t:4.2s
tttg: c56/126 lr:0.000594 t:4.2s
tttg: c57/126 lr:0.000581 t:4.3s
tttg: c58/126 lr:0.000569 t:4.4s
tttg: c59/126 lr:0.000556 t:4.5s
tttg: c60/126 lr:0.000544 t:4.5s
tttg: c61/126 lr:0.000531 t:4.6s
tttg: c62/126 lr:0.000519 t:4.7s
tttg: c63/126 lr:0.000506 t:4.8s
tttg: c64/126 lr:0.000494 t:4.8s
tttg: c65/126 lr:0.000481 t:4.9s
tttg: c66/126 lr:0.000469 t:5.0s
tttg: c67/126 lr:0.000456 t:5.1s
tttg: c68/126 lr:0.000444 t:5.2s
tttg: c69/126 lr:0.000431 t:5.2s
tttg: c70/126 lr:0.000419 t:5.3s
tttg: c71/126 lr:0.000406 t:5.4s
tttg: c72/126 lr:0.000394 t:5.5s
tttg: c73/126 lr:0.000382 t:5.5s
tttg: c74/126 lr:0.000370 t:5.6s
tttg: c75/126 lr:0.000357 t:5.7s
tttg: c76/126 lr:0.000345 t:5.8s
tttg: c77/126 lr:0.000334 t:5.8s
tttg: c78/126 lr:0.000322 t:5.9s
tttg: c79/126 lr:0.000310 t:6.0s
tttg: c80/126 lr:0.000299 t:6.1s
tttg: c81/126 lr:0.000287 t:6.1s
tttg: c82/126 lr:0.000276 t:6.2s
tttg: c83/126 lr:0.000265 t:6.3s
tttg: c84/126 lr:0.000254 t:6.4s
tttg: c85/126 lr:0.000243 t:6.4s
tttg: c86/126 lr:0.000232 t:6.5s
tttg: c87/126 lr:0.000222 t:6.6s
tttg: c88/126 lr:0.000211 t:6.7s
tttg: c89/126 lr:0.000201 t:6.7s
tttg: c90/126 lr:0.000191 t:6.8s
tttg: c91/126 lr:0.000181 t:6.9s
tttg: c92/126 lr:0.000172 t:7.0s
tttg: c93/126 lr:0.000162 t:7.0s
tttg: c94/126 lr:0.000153 t:7.1s
tttg: c95/126 lr:0.000144 t:7.2s
tttg: c96/126 lr:0.000136 t:7.2s
tttg: c97/126 lr:0.000127 t:7.3s
tttg: c98/126 lr:0.000119 t:7.4s
tttg: c99/126 lr:0.000111 t:7.5s
tttg: c100/126 lr:0.000103 t:7.5s
tttg: c101/126 lr:0.000095 t:7.6s
tttg: c102/126 lr:0.000088 t:7.7s
tttg: c103/126 lr:0.000081 t:7.8s
tttg: c104/126 lr:0.000075 t:7.8s
tttg: c105/126 lr:0.000068 t:7.9s
tttg: c106/126 lr:0.000062 t:8.0s
tttg: c107/126 lr:0.000056 t:8.1s
tttg: c108/126 lr:0.000050 t:8.2s
tttg: c109/126 lr:0.000045 t:8.2s
tttg: c110/126 lr:0.000040 t:8.3s
tttg: c111/126 lr:0.000035 t:8.4s
tttg: c112/126 lr:0.000031 t:8.5s
tttg: c113/126 lr:0.000026 t:8.5s
tttg: c114/126 lr:0.000023 t:8.6s
tttg: c115/126 lr:0.000019 t:8.7s
tttg: c116/126 lr:0.000016 t:8.8s
tttg: c117/126 lr:0.000013 t:8.8s
tttg: c118/126 lr:0.000010 t:8.9s
tttg: c119/126 lr:0.000008 t:9.0s
tttg: c120/126 lr:0.000006 t:9.0s
tttg: c121/126 lr:0.000004 t:9.1s
tttg: c122/126 lr:0.000003 t:9.2s
tttg: c123/126 lr:0.000001 t:9.3s
tttg: c124/126 lr:0.000001 t:9.3s
tttg: c125/126 lr:0.000000 t:9.4s
ttpr: phase:2/3 t:244.9s
ttp: b752/782 bl:2.7569 bb:1.0577 rl:2.7133 rb:1.0756 dl:2740-2793 gd:0
ttpp: phase:3/3 pd:2000 gd:1500 t:254.7s
tttg: c1/170 lr:0.001000 t:0.1s
tttg: c2/170 lr:0.001000 t:0.1s
tttg: c3/170 lr:0.001000 t:0.2s
tttg: c4/170 lr:0.000999 t:0.3s
tttg: c5/170 lr:0.000999 t:0.4s
tttg: c6/170 lr:0.000998 t:0.4s
tttg: c7/170 lr:0.000997 t:0.5s
tttg: c8/170 lr:0.000996 t:0.6s
tttg: c9/170 lr:0.000994 t:0.7s
tttg: c10/170 lr:0.000993 t:0.7s
tttg: c11/170 lr:0.000991 t:0.8s
tttg: c12/170 lr:0.000990 t:0.9s
tttg: c13/170 lr:0.000988 t:1.0s
tttg: c14/170 lr:0.000985 t:1.0s
tttg: c15/170 lr:0.000983 t:1.1s
tttg: c16/170 lr:0.000981 t:1.2s
tttg: c17/170 lr:0.000978 t:1.3s
tttg: c18/170 lr:0.000975 t:1.3s
tttg: c19/170 lr:0.000972 t:1.4s
tttg: c20/170 lr:0.000969 t:1.5s
tttg: c21/170 lr:0.000966 t:1.6s
tttg: c22/170 lr:0.000962 t:1.6s
tttg: c23/170 lr:0.000959 t:1.7s
tttg: c24/170 lr:0.000955 t:1.8s
tttg: c25/170 lr:0.000951 t:1.8s
tttg: c26/170 lr:0.000947 t:1.9s
tttg: c27/170 lr:0.000943 t:2.0s
tttg: c28/170 lr:0.000938 t:2.1s
tttg: c29/170 lr:0.000934 t:2.1s
tttg: c30/170 lr:0.000929 t:2.2s
tttg: c31/170 lr:0.000924 t:2.3s
tttg: c32/170 lr:0.000919 t:2.4s
tttg: c33/170 lr:0.000914 t:2.4s
tttg: c34/170 lr:0.000909 t:2.5s
tttg: c35/170 lr:0.000903 t:2.6s
tttg: c36/170 lr:0.000898 t:2.7s
tttg: c37/170 lr:0.000892 t:2.8s
tttg: c38/170 lr:0.000886 t:2.8s
tttg: c39/170 lr:0.000880 t:2.9s
tttg: c40/170 lr:0.000874 t:3.0s
tttg: c41/170 lr:0.000868 t:3.1s
tttg: c42/170 lr:0.000862 t:3.1s
tttg: c43/170 lr:0.000855 t:3.2s
tttg: c44/170 lr:0.000849 t:3.3s
tttg: c45/170 lr:0.000842 t:3.4s
tttg: c46/170 lr:0.000835 t:3.4s
tttg: c47/170 lr:0.000828 t:3.5s
tttg: c48/170 lr:0.000821 t:3.6s
tttg: c49/170 lr:0.000814 t:3.7s
tttg: c50/170 lr:0.000807 t:3.7s
tttg: c51/170 lr:0.000799 t:3.8s
tttg: c52/170 lr:0.000792 t:3.9s
tttg: c53/170 lr:0.000784 t:3.9s
tttg: c54/170 lr:0.000776 t:4.0s
tttg: c55/170 lr:0.000769 t:4.1s
tttg: c56/170 lr:0.000761 t:4.2s
tttg: c57/170 lr:0.000753 t:4.2s
tttg: c58/170 lr:0.000745 t:4.3s
tttg: c59/170 lr:0.000736 t:4.4s
tttg: c60/170 lr:0.000728 t:4.5s
tttg: c61/170 lr:0.000720 t:4.6s
tttg: c62/170 lr:0.000712 t:4.6s
tttg: c63/170 lr:0.000703 t:4.7s
tttg: c64/170 lr:0.000695 t:4.8s
tttg: c65/170 lr:0.000686 t:4.8s
tttg: c66/170 lr:0.000677 t:4.9s
tttg: c67/170 lr:0.000669 t:5.0s
tttg: c68/170 lr:0.000660 t:5.1s
tttg: c69/170 lr:0.000651 t:5.1s
tttg: c70/170 lr:0.000642 t:5.2s
tttg: c71/170 lr:0.000633 t:5.3s
tttg: c72/170 lr:0.000624 t:5.4s
tttg: c73/170 lr:0.000615 t:5.4s
tttg: c74/170 lr:0.000606 t:5.5s
tttg: c75/170 lr:0.000597 t:5.6s
tttg: c76/170 lr:0.000588 t:5.7s
tttg: c77/170 lr:0.000579 t:5.7s
tttg: c78/170 lr:0.000569 t:5.8s
tttg: c79/170 lr:0.000560 t:5.9s
tttg: c80/170 lr:0.000551 t:6.0s
tttg: c81/170 lr:0.000542 t:6.1s
tttg: c82/170 lr:0.000533 t:6.1s
tttg: c83/170 lr:0.000523 t:6.2s
tttg: c84/170 lr:0.000514 t:6.3s
tttg: c85/170 lr:0.000505 t:6.3s
tttg: c86/170 lr:0.000495 t:6.4s
tttg: c87/170 lr:0.000486 t:6.5s
tttg: c88/170 lr:0.000477 t:6.6s
tttg: c89/170 lr:0.000467 t:6.7s
tttg: c90/170 lr:0.000458 t:6.7s
tttg: c91/170 lr:0.000449 t:6.8s
tttg: c92/170 lr:0.000440 t:6.9s
tttg: c93/170 lr:0.000431 t:7.0s
tttg: c94/170 lr:0.000421 t:7.0s
tttg: c95/170 lr:0.000412 t:7.1s
tttg: c96/170 lr:0.000403 t:7.2s
tttg: c97/170 lr:0.000394 t:7.2s
tttg: c98/170 lr:0.000385 t:7.3s
tttg: c99/170 lr:0.000376 t:7.4s
tttg: c100/170 lr:0.000367 t:7.5s
tttg: c101/170 lr:0.000358 t:7.6s
tttg: c102/170 lr:0.000349 t:7.6s
tttg: c103/170 lr:0.000340 t:7.7s
tttg: c104/170 lr:0.000331 t:7.8s
tttg: c105/170 lr:0.000323 t:7.9s
tttg: c106/170 lr:0.000314 t:7.9s
tttg: c107/170 lr:0.000305 t:8.0s
tttg: c108/170 lr:0.000297 t:8.1s
tttg: c109/170 lr:0.000288 t:8.2s
tttg: c110/170 lr:0.000280 t:8.2s
tttg: c111/170 lr:0.000272 t:8.3s
tttg: c112/170 lr:0.000264 t:8.4s
tttg: c113/170 lr:0.000255 t:8.5s
tttg: c114/170 lr:0.000247 t:8.5s
tttg: c115/170 lr:0.000239 t:8.6s
tttg: c116/170 lr:0.000231 t:8.7s
tttg: c117/170 lr:0.000224 t:8.8s
tttg: c118/170 lr:0.000216 t:8.8s
tttg: c119/170 lr:0.000208 t:8.9s
tttg: c120/170 lr:0.000201 t:9.0s
tttg: c121/170 lr:0.000193 t:9.1s
tttg: c122/170 lr:0.000186 t:9.1s
tttg: c123/170 lr:0.000179 t:9.2s
tttg: c124/170 lr:0.000172 t:9.3s
tttg: c125/170 lr:0.000165 t:9.4s
tttg: c126/170 lr:0.000158 t:9.4s
tttg: c127/170 lr:0.000151 t:9.5s
tttg: c128/170 lr:0.000145 t:9.6s
tttg: c129/170 lr:0.000138 t:9.7s
tttg: c130/170 lr:0.000132 t:9.8s
tttg: c131/170 lr:0.000126 t:9.8s
tttg: c132/170 lr:0.000120 t:9.9s
tttg: c133/170 lr:0.000114 t:10.0s
tttg: c134/170 lr:0.000108 t:10.0s
tttg: c135/170 lr:0.000102 t:10.1s
tttg: c136/170 lr:0.000097 t:10.2s
tttg: c137/170 lr:0.000091 t:10.3s
tttg: c138/170 lr:0.000086 t:10.3s
tttg: c139/170 lr:0.000081 t:10.4s
tttg: c140/170 lr:0.000076 t:10.5s
tttg: c141/170 lr:0.000071 t:10.6s
tttg: c142/170 lr:0.000066 t:10.6s
tttg: c143/170 lr:0.000062 t:10.7s
tttg: c144/170 lr:0.000057 t:10.8s
tttg: c145/170 lr:0.000053 t:10.8s
tttg: c146/170 lr:0.000049 t:10.9s
tttg: c147/170 lr:0.000045 t:11.0s
tttg: c148/170 lr:0.000041 t:11.1s
tttg: c149/170 lr:0.000038 t:11.1s
tttg: c150/170 lr:0.000034 t:11.2s
tttg: c151/170 lr:0.000031 t:11.3s
tttg: c152/170 lr:0.000028 t:11.4s
tttg: c153/170 lr:0.000025 t:11.4s
tttg: c154/170 lr:0.000022 t:11.5s
tttg: c155/170 lr:0.000019 t:11.6s
tttg: c156/170 lr:0.000017 t:11.7s
tttg: c157/170 lr:0.000015 t:11.7s
tttg: c158/170 lr:0.000012 t:11.8s
tttg: c159/170 lr:0.000010 t:11.9s
tttg: c160/170 lr:0.000009 t:12.0s
tttg: c161/170 lr:0.000007 t:12.1s
tttg: c162/170 lr:0.000006 t:12.1s
tttg: c163/170 lr:0.000004 t:12.2s
tttg: c164/170 lr:0.000003 t:12.3s
tttg: c165/170 lr:0.000002 t:12.3s
tttg: c166/170 lr:0.000001 t:12.4s
tttg: c167/170 lr:0.000001 t:12.5s
tttg: c168/170 lr:0.000000 t:12.6s
tttg: c169/170 lr:0.000000 t:12.6s
ttpr: phase:3/3 t:269.6s
ttp: b743/782 bl:2.7013 bb:1.0400 rl:2.7121 rb:1.0721 dl:2355-2388 gd:1
ttp: b742/782 bl:2.7767 bb:1.0636 rl:2.7177 rb:1.0713 dl:2319-2353 gd:1
ttp: b734/782 bl:2.7583 bb:1.0518 rl:2.7206 rb:1.0699 dl:2091-2115 gd:1
ttp: b719/782 bl:2.6667 bb:1.0226 rl:2.7175 rb:1.0671 dl:1793-1816 gd:1
ttp: b714/782 bl:2.7972 bb:1.0647 rl:2.7216 rb:1.0670 dl:1711-1725 gd:1
ttp: b710/782 bl:2.7450 bb:1.0642 rl:2.7228 rb:1.0668 dl:1661-1673 gd:1
ttp: b701/782 bl:2.7442 bb:1.0436 rl:2.7237 rb:1.0658 dl:1562-1572 gd:1
ttp: b690/782 bl:2.8276 bb:1.0595 rl:2.7278 rb:1.0655 dl:1458-1467 gd:1
ttp: b683/782 bl:2.7601 bb:1.0627 rl:2.7289 rb:1.0654 dl:1400-1406 gd:1
ttp: b672/782 bl:2.8863 bb:1.1011 rl:2.7341 rb:1.0666 dl:1321-1327 gd:1
ttp: b668/782 bl:2.7873 bb:1.0564 rl:2.7357 rb:1.0663 dl:1295-1301 gd:1
ttp: b656/782 bl:2.7333 bb:1.0319 rl:2.7357 rb:1.0653 dl:1220-1227 gd:1
ttp: b650/782 bl:2.7720 bb:1.0673 rl:2.7367 rb:1.0653 dl:1188-1193 gd:1
ttp: b646/782 bl:2.7570 bb:1.0676 rl:2.7372 rb:1.0654 dl:1166-1171 gd:1
ttp: b634/782 bl:2.6877 bb:1.0376 rl:2.7360 rb:1.0647 dl:1105-1111 gd:1
ttp: b624/782 bl:2.7778 bb:1.0688 rl:2.7369 rb:1.0648 dl:1060-1064 gd:1
ttp: b616/782 bl:2.8337 bb:1.0806 rl:2.7390 rb:1.0652 dl:1024-1027 gd:1
ttp: b608/782 bl:2.7163 bb:1.0252 rl:2.7385 rb:1.0643 dl:990-994 gd:1
ttp: b603/782 bl:2.8161 bb:1.0787 rl:2.7400 rb:1.0646 dl:971-974 gd:1
ttp: b588/782 bl:2.7274 bb:1.0406 rl:2.7398 rb:1.0642 dl:917-921 gd:1
ttp: b581/782 bl:2.7137 bb:1.0123 rl:2.7394 rb:1.0633 dl:894-897 gd:1
ttp: b574/782 bl:2.7716 bb:1.0353 rl:2.7399 rb:1.0628 dl:871-874 gd:1
ttp: b566/782 bl:2.6985 bb:1.0255 rl:2.7392 rb:1.0622 dl:846-849 gd:1
ttp: b558/782 bl:2.6804 bb:1.0152 rl:2.7384 rb:1.0615 dl:821-824 gd:1
ttp: b550/782 bl:2.7907 bb:1.0708 rl:2.7391 rb:1.0616 dl:798-801 gd:1
ttp: b542/782 bl:2.8207 bb:1.0685 rl:2.7402 rb:1.0617 dl:777-779 gd:1
ttp: b534/782 bl:2.8037 bb:1.0665 rl:2.7411 rb:1.0618 dl:757-759 gd:1
ttp: b526/782 bl:2.7557 bb:1.0523 rl:2.7413 rb:1.0616 dl:737-739 gd:1
ttp: b518/782 bl:2.7191 bb:1.0473 rl:2.7410 rb:1.0615 dl:717-720 gd:1
ttp: b510/782 bl:2.7436 bb:1.0147 rl:2.7410 rb:1.0609 dl:698-700 gd:1
ttp: b502/782 bl:2.8215 bb:1.0595 rl:2.7419 rb:1.0609 dl:680-682 gd:1
ttp: b495/782 bl:2.7542 bb:1.0516 rl:2.7421 rb:1.0608 dl:664-666 gd:1
ttp: b488/782 bl:2.8068 bb:1.0460 rl:2.7428 rb:1.0606 dl:649-651 gd:1
ttp: b480/782 bl:2.7846 bb:1.0512 rl:2.7432 rb:1.0605 dl:632-635 gd:1
ttp: b471/782 bl:2.8276 bb:1.0654 rl:2.7440 rb:1.0605 dl:614-616 gd:1
ttp: b463/782 bl:2.7831 bb:1.0684 rl:2.7444 rb:1.0606 dl:599-600 gd:1
ttp: b455/782 bl:2.7829 bb:1.0672 rl:2.7447 rb:1.0607 dl:584-586 gd:1
ttp: b447/782 bl:2.8127 bb:1.0816 rl:2.7453 rb:1.0609 dl:569-571 gd:1
ttp: b439/782 bl:2.7381 bb:1.0377 rl:2.7453 rb:1.0607 dl:555-556 gd:1
ttp: b431/782 bl:2.7364 bb:1.0563 rl:2.7452 rb:1.0606 dl:540-542 gd:1
ttp: b423/782 bl:2.7279 bb:1.0246 rl:2.7451 rb:1.0603 dl:526-528 gd:1
ttp: b417/782 bl:2.7968 bb:1.0488 rl:2.7455 rb:1.0602 dl:516-517 gd:1
ttp: b410/782 bl:2.7653 bb:1.0500 rl:2.7456 rb:1.0602 dl:505-507 gd:1
ttp: b403/782 bl:2.8004 bb:1.0465 rl:2.7460 rb:1.0601 dl:493-495 gd:1
ttp: b395/782 bl:2.7206 bb:1.0388 rl:2.7458 rb:1.0599 dl:481-482 gd:1
ttp: b386/782 bl:2.7139 bb:1.0602 rl:2.7456 rb:1.0599 dl:467-468 gd:1
ttp: b378/782 bl:2.8021 bb:1.0902 rl:2.7460 rb:1.0601 dl:456-457 gd:1
ttp: b369/782 bl:2.9064 bb:1.0788 rl:2.7470 rb:1.0602 dl:443-444 gd:1
ttp: b361/782 bl:2.7858 bb:1.0651 rl:2.7473 rb:1.0603 dl:432-433 gd:1
ttp: b355/782 bl:2.6973 bb:1.0628 rl:2.7470 rb:1.0603 dl:423-424 gd:1
ttp: b347/782 bl:2.8515 bb:1.0869 rl:2.7476 rb:1.0604 dl:413-414 gd:1
ttp: b340/782 bl:2.8065 bb:1.0856 rl:2.7479 rb:1.0606 dl:403-404 gd:1
ttp: b333/782 bl:2.8884 bb:1.1249 rl:2.7487 rb:1.0609 dl:394-395 gd:1
ttp: b325/782 bl:2.8333 bb:1.0884 rl:2.7491 rb:1.0611 dl:384-385 gd:1
ttp: b317/782 bl:2.8611 bb:1.1061 rl:2.7497 rb:1.0613 dl:373-374 gd:1
ttp: b308/782 bl:2.7777 bb:1.0791 rl:2.7499 rb:1.0614 dl:362-363 gd:1
ttp: b299/782 bl:2.8851 bb:1.1187 rl:2.7505 rb:1.0617 dl:351-352 gd:1
ttp: b292/782 bl:2.7753 bb:1.0754 rl:2.7506 rb:1.0617 dl:342-343 gd:1
ttp: b282/782 bl:2.8105 bb:1.1192 rl:2.7509 rb:1.0620 dl:331-332 gd:1
ttp: b274/782 bl:2.7954 bb:1.0853 rl:2.7511 rb:1.0621 dl:322-323 gd:1
ttp: b267/782 bl:2.8483 bb:1.0921 rl:2.7515 rb:1.0622 dl:314-315 gd:1
ttp: b259/782 bl:2.8462 bb:1.1350 rl:2.7519 rb:1.0625 dl:305-306 gd:1
ttp: b250/782 bl:2.8552 bb:1.1346 rl:2.7523 rb:1.0628 dl:295-296 gd:1
ttp: b242/782 bl:2.8827 bb:1.1022 rl:2.7528 rb:1.0629 dl:287-288 gd:1
ttp: b236/782 bl:2.8366 bb:1.1025 rl:2.7531 rb:1.0631 dl:281-282 gd:1
ttp: b227/782 bl:2.7974 bb:1.0849 rl:2.7533 rb:1.0632 dl:272-273 gd:1
ttp: b219/782 bl:2.8830 bb:1.1249 rl:2.7537 rb:1.0634 dl:264-265 gd:1
ttp: b211/782 bl:2.8771 bb:1.1462 rl:2.7541 rb:1.0636 dl:256-257 gd:1
ttp: b202/782 bl:2.8453 bb:1.1247 rl:2.7544 rb:1.0638 dl:248-249 gd:1
ttp: b193/782 bl:2.8697 bb:1.1562 rl:2.7548 rb:1.0641 dl:240-241 gd:1
ttp: b186/782 bl:2.9192 bb:1.1663 rl:2.7553 rb:1.0644 dl:234-235 gd:1
ttp: b177/782 bl:2.9034 bb:1.1393 rl:2.7557 rb:1.0646 dl:226-227 gd:1
ttp: b169/782 bl:2.9029 bb:1.1599 rl:2.7562 rb:1.0649 dl:219-220 gd:1
ttp: b160/782 bl:2.8510 bb:1.1205 rl:2.7564 rb:1.0650 dl:212-212 gd:1
ttp: b154/782 bl:2.9715 bb:1.1502 rl:2.7570 rb:1.0653 dl:207-207 gd:1
ttp: b144/782 bl:2.8112 bb:1.1182 rl:2.7571 rb:1.0654 dl:199-200 gd:1
ttp: b137/782 bl:2.9252 bb:1.1788 rl:2.7575 rb:1.0657 dl:193-194 gd:1
ttp: b129/782 bl:2.9257 bb:1.1745 rl:2.7579 rb:1.0659 dl:187-187 gd:1
ttp: b121/782 bl:2.8358 bb:1.1235 rl:2.7581 rb:1.0661 dl:181-181 gd:1
ttp: b111/782 bl:2.9657 bb:1.1833 rl:2.7586 rb:1.0663 dl:173-174 gd:1
ttp: b103/782 bl:2.8619 bb:1.1077 rl:2.7588 rb:1.0664 dl:168-168 gd:1
ttp: b94/782 bl:2.9549 bb:1.1653 rl:2.7592 rb:1.0666 dl:160-161 gd:1
ttp: b86/782 bl:3.0197 bb:1.2568 rl:2.7597 rb:1.0669 dl:154-155 gd:1
ttp: b78/782 bl:2.8991 bb:1.1248 rl:2.7600 rb:1.0670 dl:148-149 gd:1
ttp: b70/782 bl:3.0414 bb:1.1557 rl:2.7605 rb:1.0672 dl:142-143 gd:1
ttp: b60/782 bl:3.0413 bb:1.2205 rl:2.7609 rb:1.0675 dl:134-135 gd:1
ttp: b52/782 bl:3.0562 bb:1.1958 rl:2.7614 rb:1.0677 dl:128-129 gd:1
ttp: b44/782 bl:3.1329 bb:1.2208 rl:2.7620 rb:1.0679 dl:122-122 gd:1
ttp: b34/782 bl:3.0651 bb:1.2408 rl:2.7624 rb:1.0681 dl:114-115 gd:1
ttp: b27/782 bl:3.0870 bb:1.2324 rl:2.7629 rb:1.0683 dl:107-108 gd:1
ttp: b19/782 bl:3.1333 bb:1.2237 rl:2.7633 rb:1.0685 dl:100-101 gd:1
ttp: b9/782 bl:3.1921 bb:1.2650 rl:2.7638 rb:1.0687 dl:87-89 gd:1
ttp: b1/782 bl:3.3554 bb:1.2453 rl:2.7642 rb:1.0689 dl:45-70 gd:1
quantized_ttt_phased val_loss:2.76041973 val_bpb:1.06864450 eval_time:353694ms
total_eval_time:353.7s
=== [Wed Apr 29 18:34:28 UTC 2026] Finished rank96_s42 seed=42 ===
