=== [Wed Apr 29 07:17:55 UTC 2026] Starting rank96 seed=1337 ===
W0429 07:17:56.277000 336997 torch/distributed/run.py:803] 
W0429 07:17:56.277000 336997 torch/distributed/run.py:803] *****************************************
W0429 07:17:56.277000 336997 torch/distributed/run.py:803] Setting OMP_NUM_THREADS environment variable for each process to be 1 in default, to avoid your system being overloaded, please further tune the variable for optimal performance in your application as needed. 
W0429 07:17:56.277000 336997 torch/distributed/run.py:803] *****************************************
Hyperparameters:
  adam_eps: 1e-08
  adam_wd: 0.02
  artifact_dir: 
  attn_clip_sigmas: 13.0
  beta1: 0.9
  beta2: 0.95
  compressor: brotli
  data_dir: data
  datasets_dir: data/datasets/fineweb10B_sp8192
  distributed: True
  ema_decay: 0.9965
  embed_bits: 7
  embed_clip_sigmas: 15.0
  embed_lr: 0.6
  embed_wd: 0.085
  enable_looping_at: 0.35
  eval_seq_len: 2048
  eval_stride: 64
  fused_ce_enabled: True
  global_ttt_batch_seqs: 32
  global_ttt_chunk_tokens: 32768
  global_ttt_epochs: 1
  global_ttt_grad_clip: 1.0
  global_ttt_lr: 0.001
  global_ttt_momentum: 0.9
  global_ttt_respect_doc_boundaries: True
  global_ttt_warmup_chunks: 0
  global_ttt_warmup_start_lr: 0.0
  gptq_calibration_batches: 16
  gptq_reserve_seconds: 0.5
  grad_accum_steps: 1
  grad_clip_norm: 0.3
  is_main_process: True
  iterations: 20000
  ln_scale: True
  local_rank: 0
  logfile: logs/6bab5b85-85f2-4c61-8249-7083b8406c63.txt
  logit_softcap: 30.0
  loop_end: 5
  loop_start: 3
  matrix_bits: 6
  matrix_clip_sigmas: 12.85
  matrix_lr: 0.026
  max_wallclock_seconds: 600.0
  min_lr: 0.1
  mlp_clip_sigmas: 12.0
  mlp_mult: 4.0
  model_dim: 512
  model_path: final_model.pt
  muon_backend_steps: 5
  muon_momentum: 0.97
  muon_momentum_warmup_start: 0.92
  muon_momentum_warmup_steps: 1500
  muon_row_normalize: True
  muon_wd: 0.095
  num_heads: 8
  num_kv_heads: 4
  num_layers: 11
  num_loops: 2
  parallel_final_lane: mean
  parallel_start_layer: 8
  phased_ttt_enabled: True
  phased_ttt_num_phases: 3
  phased_ttt_prefix_docs: 1500
  qk_gain_init: 5.0
  quantized_model_path: final_model.int6.ptz
  rank: 0
  rope_base: 10000.0
  rope_dims: 16
  rope_train_seq_len: 2048
  rope_yarn: False
  run_id: 6bab5b85-85f2-4c61-8249-7083b8406c63
  scalar_lr: 0.02
  seed: 1337
  skip_gates_enabled: True
  sliding_window_enabled: False
  tie_embeddings: True
  tied_embed_init_std: 0.005
  tied_embed_lr: 0.03
  tokenizer_path: tokenizers/fineweb_8192_bpe.model
  train_batch_tokens: 786432
  train_files: datasets/fineweb10B_sp8192/fineweb_train_*.bin
  train_log_every: 500
  train_seq_len: 2048
  ttt_batch_size: 64
  ttt_beta1: 0.0
  ttt_beta2: 0.999
  ttt_chunk_size: 48
  ttt_enabled: True
  ttt_eval_batches: 
  ttt_eval_seq_len: 2048
  ttt_grad_steps: 1
  ttt_k_lora: True
  ttt_lora_lr: 0.0001
  ttt_lora_rank: 96
  ttt_mlp_lora: True
  ttt_o_lora: True
  ttt_optimizer: adam
  ttt_weight_decay: 2.0
  val_batch_tokens: 524288
  val_doc_fraction: 1.0
  val_files: datasets/fineweb10B_sp8192/fineweb_val_*.bin
  val_loss_every: 0
  vocab_size: 8192
  warmdown_frac: 0.75
  warmup_steps: 20
  world_size: 8
  xsa_last_n: 11
train_shards: 128
val_tokens: 40540160
model_params:35989658
gptq:reserving 0s, effective=599500ms
warmup_cu_buckets:64,128,192,256 iters_each:3
warmup_step: 1/20
warmup_step: 2/20
warmup_step: 3/20
warmup_step: 4/20
warmup_step: 5/20
warmup_step: 6/20
warmup_step: 10/20
warmup_step: 20/20
loop_warmup:enabled encoder:[0, 1, 2, 3, 4, 5, 3, 4] decoder:[5, 3, 4, 5, 6, 7, 8, 9, 10]
loop_warmup_step: 1/20
loop_warmup_step: 2/20
loop_warmup_step: 3/20
loop_warmup_step: 4/20
loop_warmup_step: 5/20
loop_warmup_step: 6/20
loop_warmup_step: 10/20
loop_warmup_step: 20/20
1/20000 train_loss: 9.0070 train_time: 0.0m tok/s: 13098789
2/20000 train_loss: 12.2680 train_time: 0.0m tok/s: 11125710
3/20000 train_loss: 11.1893 train_time: 0.0m tok/s: 10195818
4/20000 train_loss: 9.5392 train_time: 0.0m tok/s: 9679734
5/20000 train_loss: 8.1708 train_time: 0.0m tok/s: 9386320
500/20000 train_loss: 3.2582 train_time: 0.8m tok/s: 8152009
1000/20000 train_loss: 3.1059 train_time: 1.6m tok/s: 8105501
1500/20000 train_loss: 2.9684 train_time: 2.4m tok/s: 8095032
2000/20000 train_loss: 2.9463 train_time: 3.2m tok/s: 8086755
layer_loop:enabled step:2158 frac:0.350 encoder:[0, 1, 2, 3, 4, 5, 3, 4] decoder:[5, 3, 4, 5, 6, 7, 8, 9, 10]
2500/20000 train_loss: 2.9380 train_time: 4.3m tok/s: 7599623
3000/20000 train_loss: 2.9447 train_time: 5.5m tok/s: 7147531
3500/20000 train_loss: 2.8999 train_time: 6.7m tok/s: 6859590
4000/20000 train_loss: 2.8424 train_time: 7.9m tok/s: 6658664
4500/20000 train_loss: 2.8548 train_time: 9.1m tok/s: 6510341
4893/20000 val_loss: 2.7929 val_bpb: 1.0812
stopping_early: wallclock_cap train_time: 599573ms step: 4893/20000
peak memory allocated: 41574 MiB reserved: 46878 MiB
ema:applying EMA weights
diagnostic pre-quantization post-ema val_loss:2.76623830 val_bpb:1.07086254 eval_time:8272ms
Serialized model: 135592891 bytes
Code size (uncompressed): 132822 bytes
Code size (compressed): 29760 bytes
GPTQ:collecting Hessians from calibration data...
GPTQ:collected 67 Hessians in 3.5s
Quantized weights:
  gptq (int6): blocks.attn.c_k.weight, blocks.attn.c_q.weight, blocks.attn.c_v.weight, blocks.attn.proj.weight, blocks.mlp.fc.weight, blocks.mlp.proj.weight
  gptq (int7): tok_emb.weight
  int8_per_row: blocks.attn.attn_gate_w
  passthrough (float16): blocks.attn.q_gain, blocks.attn_scale, blocks.mlp_scale, blocks.resid_mix, parallel_post_lambdas, parallel_resid_lambdas, skip_gates, skip_weights
Serialized model quantized+brotli: 15945083 bytes
Total submission size quantized+brotli: 15974843 bytes
diagnostic quantized val_loss:2.79209043 val_bpb:1.08087038 eval_time:9101ms
ttt_lora:warming up compile (random tokens, no val data)
ttt_lora:compile warmup done (156.3s)

beginning TTT eval timer
ttt_phased: total_docs:50000 prefix_docs:1500 suffix_docs:48500 num_phases:3 boundaries:[500, 1000, 1500]
ttp: b777/782 bl:2.7206 bb:1.0882 rl:2.7206 rb:1.0882 dl:7190-7938 gd:0
ttp: b772/782 bl:2.7583 bb:1.1033 rl:2.7358 rb:1.0942 dl:4937-5193 gd:0
ttpp: phase:1/3 pd:912 gd:500 t:212.2s
tttg: c1/77 lr:0.001000 t:0.3s
tttg: c2/77 lr:0.001000 t:0.4s
tttg: c3/77 lr:0.000998 t:0.5s
tttg: c4/77 lr:0.000996 t:0.6s
tttg: c5/77 lr:0.000993 t:0.6s
tttg: c6/77 lr:0.000989 t:0.7s
tttg: c7/77 lr:0.000985 t:0.8s
tttg: c8/77 lr:0.000979 t:0.9s
tttg: c9/77 lr:0.000973 t:0.9s
tttg: c10/77 lr:0.000966 t:1.0s
tttg: c11/77 lr:0.000958 t:1.1s
tttg: c12/77 lr:0.000949 t:1.2s
tttg: c13/77 lr:0.000940 t:1.2s
tttg: c14/77 lr:0.000930 t:1.3s
tttg: c15/77 lr:0.000919 t:1.4s
tttg: c16/77 lr:0.000907 t:1.4s
tttg: c17/77 lr:0.000895 t:1.5s
tttg: c18/77 lr:0.000882 t:1.6s
tttg: c19/77 lr:0.000868 t:1.7s
tttg: c20/77 lr:0.000854 t:1.7s
tttg: c21/77 lr:0.000839 t:1.8s
tttg: c22/77 lr:0.000823 t:1.9s
tttg: c23/77 lr:0.000807 t:2.0s
tttg: c24/77 lr:0.000791 t:2.0s
tttg: c25/77 lr:0.000773 t:2.1s
tttg: c26/77 lr:0.000756 t:2.2s
tttg: c27/77 lr:0.000738 t:2.2s
tttg: c28/77 lr:0.000720 t:2.3s
tttg: c29/77 lr:0.000701 t:2.4s
tttg: c30/77 lr:0.000682 t:2.5s
tttg: c31/77 lr:0.000662 t:2.5s
tttg: c32/77 lr:0.000643 t:2.6s
tttg: c33/77 lr:0.000623 t:2.7s
tttg: c34/77 lr:0.000603 t:2.8s
tttg: c35/77 lr:0.000582 t:2.8s
tttg: c36/77 lr:0.000562 t:2.9s
tttg: c37/77 lr:0.000541 t:3.0s
tttg: c38/77 lr:0.000521 t:3.1s
tttg: c39/77 lr:0.000500 t:3.1s
tttg: c40/77 lr:0.000479 t:3.2s
tttg: c41/77 lr:0.000459 t:3.3s
tttg: c42/77 lr:0.000438 t:3.4s
tttg: c43/77 lr:0.000418 t:3.4s
tttg: c44/77 lr:0.000397 t:3.5s
tttg: c45/77 lr:0.000377 t:3.6s
tttg: c46/77 lr:0.000357 t:3.6s
tttg: c47/77 lr:0.000338 t:3.7s
tttg: c48/77 lr:0.000318 t:3.8s
tttg: c49/77 lr:0.000299 t:3.9s
tttg: c50/77 lr:0.000280 t:3.9s
tttg: c51/77 lr:0.000262 t:4.0s
tttg: c52/77 lr:0.000244 t:4.1s
tttg: c53/77 lr:0.000227 t:4.2s
tttg: c54/77 lr:0.000209 t:4.2s
tttg: c55/77 lr:0.000193 t:4.3s
tttg: c56/77 lr:0.000177 t:4.4s
tttg: c57/77 lr:0.000161 t:4.4s
tttg: c58/77 lr:0.000146 t:4.5s
tttg: c59/77 lr:0.000132 t:4.6s
tttg: c60/77 lr:0.000118 t:4.7s
tttg: c61/77 lr:0.000105 t:4.7s
tttg: c62/77 lr:0.000093 t:4.8s
tttg: c63/77 lr:0.000081 t:4.9s
tttg: c64/77 lr:0.000070 t:5.0s
tttg: c65/77 lr:0.000060 t:5.0s
tttg: c66/77 lr:0.000051 t:5.1s
tttg: c67/77 lr:0.000042 t:5.2s
tttg: c68/77 lr:0.000034 t:5.3s
tttg: c69/77 lr:0.000027 t:5.3s
tttg: c70/77 lr:0.000021 t:5.4s
tttg: c71/77 lr:0.000015 t:5.5s
tttg: c72/77 lr:0.000011 t:5.6s
tttg: c73/77 lr:0.000007 t:5.6s
tttg: c74/77 lr:0.000004 t:5.7s
tttg: c75/77 lr:0.000002 t:5.8s
tttg: c76/77 lr:0.000000 t:5.8s
ttpr: phase:1/3 t:220.1s
ttp: b761/782 bl:2.7441 bb:1.0615 rl:2.7375 rb:1.0871 dl:3336-3430 gd:0
ttpp: phase:2/3 pd:1488 gd:1000 t:343.6s
tttg: c1/126 lr:0.001000 t:0.1s
tttg: c2/126 lr:0.001000 t:0.2s
tttg: c3/126 lr:0.000999 t:0.2s
tttg: c4/126 lr:0.000999 t:0.3s
tttg: c5/126 lr:0.000997 t:0.4s
tttg: c6/126 lr:0.000996 t:0.4s
tttg: c7/126 lr:0.000994 t:0.5s
tttg: c8/126 lr:0.000992 t:0.6s
tttg: c9/126 lr:0.000990 t:0.7s
tttg: c10/126 lr:0.000987 t:0.7s
tttg: c11/126 lr:0.000984 t:0.8s
tttg: c12/126 lr:0.000981 t:0.9s
tttg: c13/126 lr:0.000977 t:1.0s
tttg: c14/126 lr:0.000974 t:1.0s
tttg: c15/126 lr:0.000969 t:1.1s
tttg: c16/126 lr:0.000965 t:1.2s
tttg: c17/126 lr:0.000960 t:1.3s
tttg: c18/126 lr:0.000955 t:1.3s
tttg: c19/126 lr:0.000950 t:1.4s
tttg: c20/126 lr:0.000944 t:1.5s
tttg: c21/126 lr:0.000938 t:1.5s
tttg: c22/126 lr:0.000932 t:1.6s
tttg: c23/126 lr:0.000925 t:1.7s
tttg: c24/126 lr:0.000919 t:1.8s
tttg: c25/126 lr:0.000912 t:1.8s
tttg: c26/126 lr:0.000905 t:1.9s
tttg: c27/126 lr:0.000897 t:2.0s
tttg: c28/126 lr:0.000889 t:2.1s
tttg: c29/126 lr:0.000881 t:2.1s
tttg: c30/126 lr:0.000873 t:2.2s
tttg: c31/126 lr:0.000864 t:2.3s
tttg: c32/126 lr:0.000856 t:2.4s
tttg: c33/126 lr:0.000847 t:2.4s
tttg: c34/126 lr:0.000838 t:2.5s
tttg: c35/126 lr:0.000828 t:2.6s
tttg: c36/126 lr:0.000819 t:2.6s
tttg: c37/126 lr:0.000809 t:2.7s
tttg: c38/126 lr:0.000799 t:2.8s
tttg: c39/126 lr:0.000789 t:2.9s
tttg: c40/126 lr:0.000778 t:2.9s
tttg: c41/126 lr:0.000768 t:3.0s
tttg: c42/126 lr:0.000757 t:3.1s
tttg: c43/126 lr:0.000746 t:3.2s
tttg: c44/126 lr:0.000735 t:3.2s
tttg: c45/126 lr:0.000724 t:3.3s
tttg: c46/126 lr:0.000713 t:3.4s
tttg: c47/126 lr:0.000701 t:3.5s
tttg: c48/126 lr:0.000690 t:3.5s
tttg: c49/126 lr:0.000678 t:3.6s
tttg: c50/126 lr:0.000666 t:3.7s
tttg: c51/126 lr:0.000655 t:3.8s
tttg: c52/126 lr:0.000643 t:3.8s
tttg: c53/126 lr:0.000630 t:3.9s
tttg: c54/126 lr:0.000618 t:4.0s
tttg: c55/126 lr:0.000606 t:4.0s
tttg: c56/126 lr:0.000594 t:4.1s
tttg: c57/126 lr:0.000581 t:4.2s
tttg: c58/126 lr:0.000569 t:4.3s
tttg: c59/126 lr:0.000556 t:4.4s
tttg: c60/126 lr:0.000544 t:4.4s
tttg: c61/126 lr:0.000531 t:4.5s
tttg: c62/126 lr:0.000519 t:4.6s
tttg: c63/126 lr:0.000506 t:4.6s
tttg: c64/126 lr:0.000494 t:4.7s
tttg: c65/126 lr:0.000481 t:4.8s
tttg: c66/126 lr:0.000469 t:4.9s
tttg: c67/126 lr:0.000456 t:4.9s
tttg: c68/126 lr:0.000444 t:5.0s
tttg: c69/126 lr:0.000431 t:5.1s
tttg: c70/126 lr:0.000419 t:5.2s
tttg: c71/126 lr:0.000406 t:5.2s
tttg: c72/126 lr:0.000394 t:5.3s
tttg: c73/126 lr:0.000382 t:5.4s
tttg: c74/126 lr:0.000370 t:5.4s
tttg: c75/126 lr:0.000357 t:5.5s
tttg: c76/126 lr:0.000345 t:5.6s
tttg: c77/126 lr:0.000334 t:5.7s
tttg: c78/126 lr:0.000322 t:5.7s
tttg: c79/126 lr:0.000310 t:5.8s
tttg: c80/126 lr:0.000299 t:5.9s
tttg: c81/126 lr:0.000287 t:5.9s
tttg: c82/126 lr:0.000276 t:6.0s
tttg: c83/126 lr:0.000265 t:6.1s
tttg: c84/126 lr:0.000254 t:6.2s
tttg: c85/126 lr:0.000243 t:6.2s
tttg: c86/126 lr:0.000232 t:6.3s
tttg: c87/126 lr:0.000222 t:6.4s
tttg: c88/126 lr:0.000211 t:6.5s
tttg: c89/126 lr:0.000201 t:6.5s
tttg: c90/126 lr:0.000191 t:6.6s
tttg: c91/126 lr:0.000181 t:6.7s
tttg: c92/126 lr:0.000172 t:6.8s
tttg: c93/126 lr:0.000162 t:6.8s
tttg: c94/126 lr:0.000153 t:6.9s
tttg: c95/126 lr:0.000144 t:7.0s
tttg: c96/126 lr:0.000136 t:7.1s
tttg: c97/126 lr:0.000127 t:7.1s
tttg: c98/126 lr:0.000119 t:7.2s
tttg: c99/126 lr:0.000111 t:7.3s
tttg: c100/126 lr:0.000103 t:7.4s
tttg: c101/126 lr:0.000095 t:7.4s
tttg: c102/126 lr:0.000088 t:7.5s
tttg: c103/126 lr:0.000081 t:7.6s
tttg: c104/126 lr:0.000075 t:7.7s
tttg: c105/126 lr:0.000068 t:7.7s
tttg: c106/126 lr:0.000062 t:7.8s
tttg: c107/126 lr:0.000056 t:7.9s
tttg: c108/126 lr:0.000050 t:8.0s
tttg: c109/126 lr:0.000045 t:8.0s
tttg: c110/126 lr:0.000040 t:8.1s
tttg: c111/126 lr:0.000035 t:8.2s
tttg: c112/126 lr:0.000031 t:8.3s
tttg: c113/126 lr:0.000026 t:8.3s
tttg: c114/126 lr:0.000023 t:8.4s
tttg: c115/126 lr:0.000019 t:8.5s
tttg: c116/126 lr:0.000016 t:8.5s
tttg: c117/126 lr:0.000013 t:8.6s
tttg: c118/126 lr:0.000010 t:8.7s
tttg: c119/126 lr:0.000008 t:8.8s
tttg: c120/126 lr:0.000006 t:8.8s
tttg: c121/126 lr:0.000004 t:8.9s
tttg: c122/126 lr:0.000003 t:9.0s
tttg: c123/126 lr:0.000001 t:9.0s
tttg: c124/126 lr:0.000001 t:9.1s
tttg: c125/126 lr:0.000000 t:9.2s
ttpr: phase:2/3 t:354.9s
ttp: b753/782 bl:2.7423 bb:1.0460 rl:2.7383 rb:1.0807 dl:2795-2838 gd:0
ttpp: phase:3/3 pd:2000 gd:1500 t:364.7s
tttg: c1/170 lr:0.001000 t:0.1s
tttg: c2/170 lr:0.001000 t:0.1s
tttg: c3/170 lr:0.001000 t:0.2s
tttg: c4/170 lr:0.000999 t:0.3s
tttg: c5/170 lr:0.000999 t:0.4s
tttg: c6/170 lr:0.000998 t:0.4s
tttg: c7/170 lr:0.000997 t:0.5s
tttg: c8/170 lr:0.000996 t:0.6s
tttg: c9/170 lr:0.000994 t:0.7s
tttg: c10/170 lr:0.000993 t:0.7s
tttg: c11/170 lr:0.000991 t:0.8s
tttg: c12/170 lr:0.000990 t:0.9s
tttg: c13/170 lr:0.000988 t:1.0s
tttg: c14/170 lr:0.000985 t:1.0s
tttg: c15/170 lr:0.000983 t:1.1s
tttg: c16/170 lr:0.000981 t:1.2s
tttg: c17/170 lr:0.000978 t:1.3s
tttg: c18/170 lr:0.000975 t:1.3s
tttg: c19/170 lr:0.000972 t:1.4s
tttg: c20/170 lr:0.000969 t:1.5s
tttg: c21/170 lr:0.000966 t:1.6s
tttg: c22/170 lr:0.000962 t:1.6s
tttg: c23/170 lr:0.000959 t:1.7s
tttg: c24/170 lr:0.000955 t:1.8s
tttg: c25/170 lr:0.000951 t:1.9s
tttg: c26/170 lr:0.000947 t:1.9s
tttg: c27/170 lr:0.000943 t:2.0s
tttg: c28/170 lr:0.000938 t:2.1s
tttg: c29/170 lr:0.000934 t:2.2s
tttg: c30/170 lr:0.000929 t:2.2s
tttg: c31/170 lr:0.000924 t:2.3s
tttg: c32/170 lr:0.000919 t:2.4s
tttg: c33/170 lr:0.000914 t:2.4s
tttg: c34/170 lr:0.000909 t:2.5s
tttg: c35/170 lr:0.000903 t:2.6s
tttg: c36/170 lr:0.000898 t:2.7s
tttg: c37/170 lr:0.000892 t:2.8s
tttg: c38/170 lr:0.000886 t:2.8s
tttg: c39/170 lr:0.000880 t:2.9s
tttg: c40/170 lr:0.000874 t:3.0s
tttg: c41/170 lr:0.000868 t:3.0s
tttg: c42/170 lr:0.000862 t:3.1s
tttg: c43/170 lr:0.000855 t:3.2s
tttg: c44/170 lr:0.000849 t:3.3s
tttg: c45/170 lr:0.000842 t:3.3s
tttg: c46/170 lr:0.000835 t:3.4s
tttg: c47/170 lr:0.000828 t:3.5s
tttg: c48/170 lr:0.000821 t:3.6s
tttg: c49/170 lr:0.000814 t:3.6s
tttg: c50/170 lr:0.000807 t:3.7s
tttg: c51/170 lr:0.000799 t:3.8s
tttg: c52/170 lr:0.000792 t:3.9s
tttg: c53/170 lr:0.000784 t:4.0s
tttg: c54/170 lr:0.000776 t:4.0s
tttg: c55/170 lr:0.000769 t:4.1s
tttg: c56/170 lr:0.000761 t:4.2s
tttg: c57/170 lr:0.000753 t:4.2s
tttg: c58/170 lr:0.000745 t:4.3s
tttg: c59/170 lr:0.000736 t:4.4s
tttg: c60/170 lr:0.000728 t:4.5s
tttg: c61/170 lr:0.000720 t:4.5s
tttg: c62/170 lr:0.000712 t:4.6s
tttg: c63/170 lr:0.000703 t:4.7s
tttg: c64/170 lr:0.000695 t:4.8s
tttg: c65/170 lr:0.000686 t:4.8s
tttg: c66/170 lr:0.000677 t:4.9s
tttg: c67/170 lr:0.000669 t:5.0s
tttg: c68/170 lr:0.000660 t:5.0s
tttg: c69/170 lr:0.000651 t:5.1s
tttg: c70/170 lr:0.000642 t:5.2s
tttg: c71/170 lr:0.000633 t:5.3s
tttg: c72/170 lr:0.000624 t:5.3s
tttg: c73/170 lr:0.000615 t:5.4s
tttg: c74/170 lr:0.000606 t:5.5s
tttg: c75/170 lr:0.000597 t:5.6s
tttg: c76/170 lr:0.000588 t:5.6s
tttg: c77/170 lr:0.000579 t:5.7s
tttg: c78/170 lr:0.000569 t:5.8s
tttg: c79/170 lr:0.000560 t:5.8s
tttg: c80/170 lr:0.000551 t:5.9s
tttg: c81/170 lr:0.000542 t:6.0s
tttg: c82/170 lr:0.000533 t:6.1s
tttg: c83/170 lr:0.000523 t:6.2s
tttg: c84/170 lr:0.000514 t:6.2s
tttg: c85/170 lr:0.000505 t:6.3s
tttg: c86/170 lr:0.000495 t:6.4s
tttg: c87/170 lr:0.000486 t:6.5s
tttg: c88/170 lr:0.000477 t:6.5s
tttg: c89/170 lr:0.000467 t:6.6s
tttg: c90/170 lr:0.000458 t:6.7s
tttg: c91/170 lr:0.000449 t:6.8s
tttg: c92/170 lr:0.000440 t:6.8s
tttg: c93/170 lr:0.000431 t:6.9s
tttg: c94/170 lr:0.000421 t:7.0s
tttg: c95/170 lr:0.000412 t:7.1s
tttg: c96/170 lr:0.000403 t:7.2s
tttg: c97/170 lr:0.000394 t:7.2s
tttg: c98/170 lr:0.000385 t:7.3s
tttg: c99/170 lr:0.000376 t:7.4s
tttg: c100/170 lr:0.000367 t:7.4s
tttg: c101/170 lr:0.000358 t:7.5s
tttg: c102/170 lr:0.000349 t:7.6s
tttg: c103/170 lr:0.000340 t:7.7s
tttg: c104/170 lr:0.000331 t:7.8s
tttg: c105/170 lr:0.000323 t:7.8s
tttg: c106/170 lr:0.000314 t:7.9s
tttg: c107/170 lr:0.000305 t:8.0s
tttg: c108/170 lr:0.000297 t:8.0s
tttg: c109/170 lr:0.000288 t:8.1s
tttg: c110/170 lr:0.000280 t:8.2s
tttg: c111/170 lr:0.000272 t:8.3s
tttg: c112/170 lr:0.000264 t:8.3s
tttg: c113/170 lr:0.000255 t:8.4s
tttg: c114/170 lr:0.000247 t:8.5s
tttg: c115/170 lr:0.000239 t:8.6s
tttg: c116/170 lr:0.000231 t:8.6s
tttg: c117/170 lr:0.000224 t:8.7s
tttg: c118/170 lr:0.000216 t:8.8s
tttg: c119/170 lr:0.000208 t:8.9s
tttg: c120/170 lr:0.000201 t:8.9s
tttg: c121/170 lr:0.000193 t:9.0s
tttg: c122/170 lr:0.000186 t:9.1s
tttg: c123/170 lr:0.000179 t:9.2s
tttg: c124/170 lr:0.000172 t:9.2s
tttg: c125/170 lr:0.000165 t:9.3s
tttg: c126/170 lr:0.000158 t:9.4s
tttg: c127/170 lr:0.000151 t:9.5s
tttg: c128/170 lr:0.000145 t:9.5s
tttg: c129/170 lr:0.000138 t:9.6s
tttg: c130/170 lr:0.000132 t:9.7s
tttg: c131/170 lr:0.000126 t:9.7s
tttg: c132/170 lr:0.000120 t:9.8s
tttg: c133/170 lr:0.000114 t:9.9s
tttg: c134/170 lr:0.000108 t:10.0s
tttg: c135/170 lr:0.000102 t:10.1s
tttg: c136/170 lr:0.000097 t:10.1s
tttg: c137/170 lr:0.000091 t:10.2s
tttg: c138/170 lr:0.000086 t:10.3s
tttg: c139/170 lr:0.000081 t:10.4s
tttg: c140/170 lr:0.000076 t:10.4s
tttg: c141/170 lr:0.000071 t:10.5s
tttg: c142/170 lr:0.000066 t:10.6s
tttg: c143/170 lr:0.000062 t:10.7s
tttg: c144/170 lr:0.000057 t:10.7s
tttg: c145/170 lr:0.000053 t:10.8s
tttg: c146/170 lr:0.000049 t:10.9s
tttg: c147/170 lr:0.000045 t:10.9s
tttg: c148/170 lr:0.000041 t:11.0s
tttg: c149/170 lr:0.000038 t:11.1s
tttg: c150/170 lr:0.000034 t:11.2s
tttg: c151/170 lr:0.000031 t:11.2s
tttg: c152/170 lr:0.000028 t:11.3s
tttg: c153/170 lr:0.000025 t:11.4s
tttg: c154/170 lr:0.000022 t:11.4s
tttg: c155/170 lr:0.000019 t:11.5s
tttg: c156/170 lr:0.000017 t:11.6s
tttg: c157/170 lr:0.000015 t:11.7s
tttg: c158/170 lr:0.000012 t:11.7s
tttg: c159/170 lr:0.000010 t:11.8s
tttg: c160/170 lr:0.000009 t:11.9s
tttg: c161/170 lr:0.000007 t:12.0s
tttg: c162/170 lr:0.000006 t:12.0s
tttg: c163/170 lr:0.000004 t:12.1s
tttg: c164/170 lr:0.000003 t:12.2s
tttg: c165/170 lr:0.000002 t:12.3s
tttg: c166/170 lr:0.000001 t:12.3s
tttg: c167/170 lr:0.000001 t:12.4s
tttg: c168/170 lr:0.000000 t:12.5s
tttg: c169/170 lr:0.000000 t:12.5s
ttpr: phase:3/3 t:379.4s
ttp: b744/782 bl:2.6470 bb:1.0546 rl:2.7279 rb:1.0778 dl:2388-2419 gd:1
ttp: b741/782 bl:2.7954 bb:1.1004 rl:2.7345 rb:1.0800 dl:2286-2319 gd:1
ttp: b730/782 bl:2.7552 bb:1.0847 rl:2.7362 rb:1.0804 dl:1995-2016 gd:1
ttp: b726/782 bl:2.7900 bb:1.0618 rl:2.7399 rb:1.0790 dl:1915-1936 gd:1
ttp: b711/782 bl:2.7661 bb:1.0416 rl:2.7414 rb:1.0768 dl:1673-1683 gd:1
ttp: b706/782 bl:2.7078 bb:1.0409 rl:2.7397 rb:1.0749 dl:1617-1627 gd:1
ttp: b702/782 bl:2.7888 bb:1.0608 rl:2.7421 rb:1.0742 dl:1572-1581 gd:1
ttp: b693/782 bl:2.8032 bb:1.0997 rl:2.7448 rb:1.0753 dl:1485-1494 gd:1
ttp: b679/782 bl:2.8421 bb:1.0828 rl:2.7486 rb:1.0756 dl:1368-1374 gd:1
ttp: b674/782 bl:2.7752 bb:1.0531 rl:2.7495 rb:1.0747 dl:1334-1341 gd:1
ttp: b670/782 bl:2.8161 bb:1.0530 rl:2.7518 rb:1.0739 dl:1308-1315 gd:1
ttp: b658/782 bl:2.8014 bb:1.0723 rl:2.7534 rb:1.0739 dl:1234-1239 gd:1
ttp: b653/782 bl:2.7491 bb:1.0313 rl:2.7533 rb:1.0726 dl:1203-1209 gd:1
ttp: b640/782 bl:2.7746 bb:1.0798 rl:2.7539 rb:1.0728 dl:1134-1140 gd:1
ttp: b636/782 bl:2.7515 bb:1.0673 rl:2.7538 rb:1.0726 dl:1116-1120 gd:1
ttp: b627/782 bl:2.7255 bb:1.0317 rl:2.7531 rb:1.0716 dl:1073-1077 gd:1
ttp: b619/782 bl:2.7807 bb:1.0534 rl:2.7537 rb:1.0712 dl:1037-1041 gd:1
ttp: b611/782 bl:2.7450 bb:1.0626 rl:2.7536 rb:1.0710 dl:1004-1007 gd:1
ttp: b606/782 bl:2.8097 bb:1.0811 rl:2.7547 rb:1.0712 dl:982-986 gd:1
ttp: b597/782 bl:2.7645 bb:1.0380 rl:2.7549 rb:1.0705 dl:947-950 gd:1
ttp: b589/782 bl:2.7358 bb:1.0473 rl:2.7546 rb:1.0700 dl:921-924 gd:1
ttp: b579/782 bl:2.6336 bb:1.0037 rl:2.7524 rb:1.0688 dl:888-891 gd:1
ttp: b570/782 bl:2.7719 bb:1.0788 rl:2.7527 rb:1.0690 dl:858-862 gd:1
ttp: b565/782 bl:2.7613 bb:1.0581 rl:2.7529 rb:1.0688 dl:843-846 gd:1
ttp: b557/782 bl:2.7833 bb:1.0377 rl:2.7533 rb:1.0683 dl:818-821 gd:1
ttp: b545/782 bl:2.7752 bb:1.0494 rl:2.7537 rb:1.0680 dl:785-788 gd:1
ttp: b537/782 bl:2.6982 bb:1.0202 rl:2.7529 rb:1.0673 dl:764-767 gd:1
ttp: b533/782 bl:2.7639 bb:1.0323 rl:2.7530 rb:1.0668 dl:754-757 gd:1
ttp: b525/782 bl:2.7737 bb:1.0671 rl:2.7533 rb:1.0668 dl:735-737 gd:1
ttp: b518/782 bl:2.7222 bb:1.0485 rl:2.7529 rb:1.0666 dl:717-720 gd:1
ttp: b512/782 bl:2.7708 bb:1.0519 rl:2.7531 rb:1.0664 dl:703-705 gd:1
ttp: b504/782 bl:2.8554 bb:1.0941 rl:2.7544 rb:1.0667 dl:685-686 gd:1
ttp: b496/782 bl:2.8292 bb:1.0486 rl:2.7552 rb:1.0665 dl:666-668 gd:1
ttp: b485/782 bl:2.7828 bb:1.0473 rl:2.7555 rb:1.0663 dl:643-645 gd:1
ttp: b478/782 bl:2.7837 bb:1.0483 rl:2.7558 rb:1.0661 dl:628-630 gd:1
ttp: b468/782 bl:2.7742 bb:1.0531 rl:2.7560 rb:1.0660 dl:608-610 gd:1
ttp: b461/782 bl:2.7641 bb:1.0541 rl:2.7561 rb:1.0658 dl:595-597 gd:1
ttp: b453/782 bl:2.7461 bb:1.0538 rl:2.7560 rb:1.0657 dl:580-582 gd:1
ttp: b444/782 bl:2.6617 bb:1.0085 rl:2.7551 rb:1.0652 dl:564-566 gd:1
ttp: b436/782 bl:2.8370 bb:1.0643 rl:2.7559 rb:1.0652 dl:549-551 gd:1
ttp: b428/782 bl:2.8134 bb:1.0644 rl:2.7564 rb:1.0652 dl:535-537 gd:1
ttp: b420/782 bl:2.7717 bb:1.0556 rl:2.7565 rb:1.0651 dl:521-522 gd:1
ttp: b413/782 bl:2.6357 bb:0.9938 rl:2.7555 rb:1.0645 dl:510-511 gd:1
ttp: b405/782 bl:2.8125 bb:1.0630 rl:2.7559 rb:1.0645 dl:497-498 gd:1
ttp: b397/782 bl:2.8757 bb:1.0925 rl:2.7568 rb:1.0647 dl:484-486 gd:1
ttp: b388/782 bl:2.7643 bb:1.0606 rl:2.7569 rb:1.0647 dl:470-471 gd:1
ttp: b380/782 bl:2.8304 bb:1.0717 rl:2.7574 rb:1.0647 dl:459-460 gd:1
ttp: b372/782 bl:2.8260 bb:1.0654 rl:2.7579 rb:1.0647 dl:447-449 gd:1
ttp: b363/782 bl:2.7427 bb:1.0937 rl:2.7578 rb:1.0649 dl:434-436 gd:1
ttp: b355/782 bl:2.6968 bb:1.0626 rl:2.7574 rb:1.0649 dl:423-424 gd:1
ttp: b347/782 bl:2.8526 bb:1.0873 rl:2.7580 rb:1.0650 dl:413-414 gd:1
ttp: b339/782 bl:2.8131 bb:1.0682 rl:2.7583 rb:1.0651 dl:402-403 gd:1
ttp: b331/782 bl:2.7731 bb:1.0646 rl:2.7584 rb:1.0651 dl:392-393 gd:1
ttp: b323/782 bl:2.8058 bb:1.0437 rl:2.7587 rb:1.0649 dl:381-382 gd:1
ttp: b318/782 bl:2.8004 bb:1.0622 rl:2.7589 rb:1.0649 dl:374-376 gd:1
ttp: b310/782 bl:2.7760 bb:1.0754 rl:2.7590 rb:1.0650 dl:364-365 gd:1
ttp: b303/782 bl:2.7859 bb:1.0793 rl:2.7591 rb:1.0650 dl:355-357 gd:1
ttp: b295/782 bl:2.8268 bb:1.1145 rl:2.7595 rb:1.0653 dl:345-347 gd:1
ttp: b287/782 bl:2.8515 bb:1.1123 rl:2.7599 rb:1.0655 dl:336-337 gd:1
ttp: b279/782 bl:2.8452 bb:1.0875 rl:2.7603 rb:1.0656 dl:327-329 gd:1
ttp: b270/782 bl:2.7727 bb:1.0881 rl:2.7603 rb:1.0657 dl:318-319 gd:1
ttp: b262/782 bl:2.8508 bb:1.1132 rl:2.7607 rb:1.0659 dl:309-310 gd:1
ttp: b254/782 bl:2.8941 bb:1.1400 rl:2.7613 rb:1.0662 dl:299-300 gd:1
ttp: b245/782 bl:2.8671 bb:1.1010 rl:2.7617 rb:1.0664 dl:290-291 gd:1
ttp: b238/782 bl:2.8796 bb:1.1423 rl:2.7622 rb:1.0667 dl:283-284 gd:1
ttp: b229/782 bl:2.8831 bb:1.1341 rl:2.7627 rb:1.0669 dl:274-275 gd:1
ttp: b219/782 bl:2.8892 bb:1.1273 rl:2.7631 rb:1.0671 dl:264-265 gd:1
ttp: b211/782 bl:2.8773 bb:1.1463 rl:2.7635 rb:1.0674 dl:256-257 gd:1
ttp: b203/782 bl:2.7585 bb:1.0837 rl:2.7635 rb:1.0674 dl:249-250 gd:1
ttp: b195/782 bl:2.8394 bb:1.1114 rl:2.7637 rb:1.0676 dl:242-243 gd:1
ttp: b187/782 bl:2.8950 bb:1.1163 rl:2.7642 rb:1.0677 dl:235-236 gd:1
ttp: b178/782 bl:2.8503 bb:1.1368 rl:2.7644 rb:1.0680 dl:227-228 gd:1
ttp: b170/782 bl:2.9875 bb:1.1682 rl:2.7651 rb:1.0682 dl:220-221 gd:1
ttp: b162/782 bl:2.9475 bb:1.1436 rl:2.7656 rb:1.0685 dl:213-214 gd:1
ttp: b153/782 bl:3.0074 bb:1.1601 rl:2.7663 rb:1.0687 dl:206-207 gd:1
ttp: b146/782 bl:2.8881 bb:1.1465 rl:2.7666 rb:1.0689 dl:200-201 gd:1
ttp: b139/782 bl:2.9757 bb:1.1517 rl:2.7672 rb:1.0691 dl:195-195 gd:1
ttp: b132/782 bl:2.9362 bb:1.1300 rl:2.7676 rb:1.0693 dl:189-189 gd:1
ttp: b123/782 bl:2.9446 bb:1.1765 rl:2.7680 rb:1.0695 dl:182-183 gd:1
ttp: b115/782 bl:2.8627 bb:1.1552 rl:2.7682 rb:1.0697 dl:176-177 gd:1
ttp: b106/782 bl:2.9444 bb:1.1893 rl:2.7686 rb:1.0700 dl:170-171 gd:1
ttp: b99/782 bl:2.9810 bb:1.1852 rl:2.7691 rb:1.0702 dl:164-165 gd:1
ttp: b89/782 bl:3.0144 bb:1.2022 rl:2.7696 rb:1.0705 dl:157-158 gd:1
ttp: b82/782 bl:2.9677 bb:1.1946 rl:2.7700 rb:1.0707 dl:151-152 gd:1
ttp: b74/782 bl:3.1235 bb:1.2767 rl:2.7707 rb:1.0711 dl:145-146 gd:1
ttp: b64/782 bl:2.9802 bb:1.2353 rl:2.7710 rb:1.0714 dl:138-139 gd:1
ttp: b57/782 bl:3.0372 bb:1.2243 rl:2.7715 rb:1.0716 dl:132-133 gd:1
ttp: b48/782 bl:2.9975 bb:1.1719 rl:2.7719 rb:1.0718 dl:125-126 gd:1
ttp: b41/782 bl:3.1304 bb:1.2794 rl:2.7724 rb:1.0721 dl:119-120 gd:1
ttp: b33/782 bl:3.1028 bb:1.2147 rl:2.7729 rb:1.0723 dl:113-114 gd:1
ttp: b26/782 bl:3.0670 bb:1.2504 rl:2.7733 rb:1.0725 dl:107-107 gd:1
ttp: b17/782 bl:3.1272 bb:1.2395 rl:2.7738 rb:1.0727 dl:98-99 gd:1
ttp: b6/782 bl:3.2710 bb:1.2762 rl:2.7743 rb:1.0730 dl:82-84 gd:1
quantized_ttt_phased val_loss:2.76299147 val_bpb:1.06964010 eval_time:462213ms
total_eval_time:462.2s
=== [Wed Apr 29 07:42:37 UTC 2026] Finished rank96 seed=1337 ===
