[Sat Apr 11 15:18:44 UTC 2026] Starting FA3-native experiment: legal_ttt_ngram_order82_sgd1ep_center10_seed314_8gpu
Extra args: TTT_ENABLED=1 TTT_EPOCHS=1 TTT_LR=0.005 TTT_OPTIMIZER=sgd TTT_FREEZE_BLOCKS=0 TTT_SECOND_PASS_FRAC=0.0 TTT_LR_FLOOR_FRAC=0.0 SLOT_ENABLED=0 NGRAM_TTT_ENABLED=1 NGRAM_ORDER=82 NGRAM_BUCKETS=4194304 NGRAM_ALPHA_BASE=0.05 NGRAM_ALPHA_RANGE=0.55 NGRAM_ALPHA_CENTER=1.0 NGRAM_ALPHA_SLOPE=2.5 NGRAM_MIN_TOKENS=5000 NGRAM_FULL_C_FIX=1 EVAL_STRIDE=96 GPTQ_DAMP_FACTOR=0.005 GPTQ_CALIB_VAL=1 MTP_NUM_HEADS=2 MTP_LOSS_WEIGHT=0.1 QK_GAIN_INIT=4.0 SEED=314 TARGET_MB=15.16
torch: 2.9.1+cu128
FA3: OK
[Sat Apr 11 15:18:49 UTC 2026] GPU check:
0, 1 MiB, 0 %
1, 1 MiB, 0 %
2, 1 MiB, 0 %
3, 1 MiB, 0 %
4, 1 MiB, 0 %
5, 1 MiB, 0 %
6, 1 MiB, 0 %
7, 1 MiB, 0 %
W0411 15:18:50.826000 112 torch/distributed/run.py:803] 
W0411 15:18:50.826000 112 torch/distributed/run.py:803] *****************************************
W0411 15:18:50.826000 112 torch/distributed/run.py:803] Setting OMP_NUM_THREADS environment variable for each process to be 1 in default, to avoid your system being overloaded, please further tune the variable for optimal performance in your application as needed. 
W0411 15:18:50.826000 112 torch/distributed/run.py:803] *****************************************
logs/c42d5bf3-2423-4f12-87d9-67a0e51269e8.txt
val_bpb:enabled tokenizer_kind=sentencepiece tokenizer_path=/home/user/code/pgolf/parameter-golf/data/tokenizers/fineweb_1024_bpe.model
train_loader:dataset:fineweb10B_sp1024 train_shards:80
val_loader:shards pattern=/home/user/code/pgolf/parameter-golf/data/datasets/fineweb10B_sp1024/fineweb_val_*.bin tokens:62021632
model_params:28116060
mtp_num_heads:2 mtp_loss_weight:0.1 mtp_params:1048576
XSA:last_11 active_layers:[0, 1, 2, 3, 4, 5, 6, 7, 8, 9, 10]
world_size:8 grad_accum_steps:1
sdp_backends:cudnn=False flash=True mem_efficient=False math=False
attention_mode:gqa num_heads:8 num_kv_heads:4
tie_embeddings:True embed_lr:0.035 head_lr:0.0 matrix_lr:0.025 scalar_lr:0.025
train_batch_tokens:786432 train_seq_len:2048 iterations:20000 warmup_steps:20 max_wallclock_seconds:600.000
seed:314
warmup_step:1/20
warmup_step:2/20
warmup_step:3/20
warmup_step:4/20
warmup_step:5/20
warmup_step:6/20
warmup_step:7/20
warmup_step:8/20
warmup_step:9/20
warmup_step:10/20
warmup_step:11/20
warmup_step:12/20
warmup_step:13/20
warmup_step:14/20
warmup_step:15/20
warmup_step:16/20
warmup_step:17/20
warmup_step:18/20
warmup_step:19/20
warmup_step:20/20
step:0/20000 val_loss:6.9292 val_bpb:4.1038 train_time:0ms step_avg:0.02ms
step:1/20000 train_loss:7.6236 train_time:149ms step_avg:149.28ms
step:2/20000 train_loss:9.2573 train_time:185ms step_avg:92.49ms
step:3/20000 train_loss:8.0270 train_time:271ms step_avg:90.43ms
step:4/20000 train_loss:9.4448 train_time:359ms step_avg:89.66ms
step:5/20000 train_loss:9.7568 train_time:446ms step_avg:89.17ms
step:6/20000 train_loss:9.4378 train_time:534ms step_avg:88.96ms
step:7/20000 train_loss:8.7060 train_time:621ms step_avg:88.78ms
step:8/20000 train_loss:7.9278 train_time:709ms step_avg:88.65ms
step:9/20000 train_loss:7.4965 train_time:796ms step_avg:88.43ms
step:10/20000 train_loss:7.0352 train_time:884ms step_avg:88.38ms
step:500/20000 train_loss:3.0896 train_time:44887ms step_avg:89.77ms
step:1000/20000 train_loss:2.9501 train_time:90458ms step_avg:90.46ms
step:1500/20000 train_loss:2.8945 train_time:135974ms step_avg:90.65ms
step:2000/20000 train_loss:2.7381 train_time:181515ms step_avg:90.76ms
step:2500/20000 train_loss:2.8407 train_time:226978ms step_avg:90.79ms
step:3000/20000 train_loss:2.8330 train_time:272363ms step_avg:90.79ms
step:3500/20000 train_loss:2.8368 train_time:317689ms step_avg:90.77ms
step:4000/20000 train_loss:2.6335 train_time:363016ms step_avg:90.75ms
step:4000/20000 val_loss:2.0287 val_bpb:1.2015 train_time:363074ms step_avg:90.77ms
step:4500/20000 train_loss:2.7820 train_time:408269ms step_avg:90.73ms
step:5000/20000 train_loss:2.7620 train_time:453564ms step_avg:90.71ms
step:5500/20000 train_loss:2.6800 train_time:498828ms step_avg:90.70ms
swa:start step:5850
step:6000/20000 train_loss:2.6027 train_time:544539ms step_avg:90.76ms
late_qat:enabled step:6011 scale:0.1497
step:6500/20000 train_loss:2.7421 train_time:590447ms step_avg:90.84ms
step:6607/20000 val_loss:1.9207 val_bpb:1.1375 train_time:600085ms step_avg:90.83ms
stopping_early: wallclock_cap train_time:600085ms step:6607/20000
peak memory allocated: 23450 MiB reserved: 23706 MiB
ema:applying EMA weights
DIAGNOSTIC post_ema val_loss:1.9192 val_bpb:1.1367 eval_time:2077ms
export_excluding_mtp_params:1048576
Serialized model: 106289590 bytes
Code size: 136973 bytes
gptq:building non-banked model for Hessian collection...
gptq:using validation data for calibration (256 seqs x 2048 tokens)
gptq:generated 256 sequences in 0.0s
gptq:collecting hessians from calibration data...
gptq:collected hessians for 68 layers (val-data)
gptq:quantizing clip_range=31 (int6) damp=0.005
selective_prune: 4200733 ±1 candidates, unpruned=15.16MB target=15.16MB
selective_prune: full ±1 prune=14.13MB
selective_prune: pruning 274986/4200733 ±1 values (6.5%) to fit 15.16MB
Serialized model int6+lzma: 15706968 bytes
Total submission size int6+lzma: 15843941 bytes
final_int6_roundtrip val_loss:1.9260 val_bpb:1.1407 eval_time:23257ms
final_int6_roundtrip_exact val_loss:1.92603706 val_bpb:1.14070763
final_int6_sliding_window val_loss:1.8864 val_bpb:1.1172 stride:96 eval_time:72740ms
final_int6_sliding_window_exact val_loss:1.88639160 val_bpb:1.11722989
final_int8_zlib_roundtrip_exact val_loss:1.88639160 val_bpb:1.11722989
final_int6_sliding_window_s64 val_loss:1.8863 val_bpb:1.1172 stride:64 eval_time:87374ms
final_int6_sliding_window_s64_exact val_loss:1.88633598 val_bpb:1.11719738
final_int8_zlib_roundtrip_exact val_loss:1.88633598 val_bpb:1.11719738
ttt_sliding:start chunks=1893 chunk_tokens=32768 total_windows=969088 stride=64 ttt_lr=0.005 ttt_epochs=1 freeze_blocks=0
ttt_sliding:params unfrozen=27067484 frozen=0
ttt_sliding:start chunks=1893 chunk_tokens=32768 total_windows=969088 stride=64 ttt_lr=0.005 ttt_epochs=1 freeze_blocks=0
ttt_sliding:params unfrozen=27067484 frozen=0
ttt_sliding:start chunks=1893 chunk_tokens=32768 total_windows=969088 stride=64 ttt_lr=0.005 ttt_epochs=1 freeze_blocks=0
ttt_sliding:params unfrozen=27067484 frozen=0
ttt_sliding:start chunks=1893 chunk_tokens=32768 total_windows=969088 stride=64 ttt_lr=0.005 ttt_epochs=1 freeze_blocks=0
ttt_sliding:params unfrozen=27067484 frozen=0
ttt_sliding:start chunks=1893 chunk_tokens=32768 total_windows=969088 stride=64 ttt_lr=0.005 ttt_epochs=1 freeze_blocks=0
ttt_sliding:params unfrozen=27067484 frozen=0
ttt_ngram: order=82 buckets=4194304 mem=2718MB alpha=0.05+0.55*s(2.5*(H-1.0)) full_c_fix=True
ttt_sliding:start chunks=1893 chunk_tokens=32768 total_windows=969088 stride=64 ttt_lr=0.005 ttt_epochs=1 freeze_blocks=0
ttt_sliding:params unfrozen=27067484 frozen=0
ttt_ngram: order=82 buckets=4194304 mem=2718MB alpha=0.05+0.55*s(2.5*(H-1.0)) full_c_fix=True
ttt_ngram: order=82 buckets=4194304 mem=2718MB alpha=0.05+0.55*s(2.5*(H-1.0)) full_c_fix=True
ttt_sliding:start chunks=1893 chunk_tokens=32768 total_windows=969088 stride=64 ttt_lr=0.005 ttt_epochs=1 freeze_blocks=0
ttt_sliding:start chunks=1893 chunk_tokens=32768 total_windows=969088 stride=64 ttt_lr=0.005 ttt_epochs=1 freeze_blocks=0
ttt_sliding:params unfrozen=27067484 frozen=0
ttt_sliding:params unfrozen=27067484 frozen=0
ttt_ngram: order=82 buckets=4194304 mem=2718MB alpha=0.05+0.55*s(2.5*(H-1.0)) full_c_fix=True
ttt_ngram: order=82 buckets=4194304 mem=2718MB alpha=0.05+0.55*s(2.5*(H-1.0)) full_c_fix=True
ttt_ngram: order=82 buckets=4194304 mem=2718MB alpha=0.05+0.55*s(2.5*(H-1.0)) full_c_fix=True
ttt_ngram: order=82 buckets=4194304 mem=2718MB alpha=0.05+0.55*s(2.5*(H-1.0)) full_c_fix=True
ttt_ngram: order=82 buckets=4194304 mem=2718MB alpha=0.05+0.55*s(2.5*(H-1.0)) full_c_fix=True
  ttt_chunk [1/1893] bpb=1.153564 time=0.4s
  ttt_chunk [21/1893] bpb=1.165292 time=10.1s
  ttt_chunk [41/1893] bpb=1.010802 time=20.2s
  ttt_chunk [61/1893] bpb=0.862881 time=30.3s
  ttt_chunk [81/1893] bpb=0.754875 time=40.4s
  ttt_chunk [101/1893] bpb=0.684079 time=50.4s
  ttt_chunk [121/1893] bpb=0.632319 time=59.6s
  ttt_chunk [141/1893] bpb=0.597384 time=68.0s
  ttt_chunk [161/1893] bpb=0.569842 time=75.6s
  ttt_chunk [181/1893] bpb=0.548523 time=82.7s
  ttt_chunk [201/1893] bpb=0.531445 time=89.3s
  ttt_chunk [221/1893] bpb=0.514773 time=95.5s
  ttt_chunk [241/1893] bpb=0.500839 time=101.5s
  ttt_chunk [261/1893] bpb=0.487884 time=107.2s
  ttt_chunk [281/1893] bpb=0.477111 time=112.7s
  ttt_chunk [301/1893] bpb=0.467819 time=118.2s
  ttt_chunk [321/1893] bpb=0.459802 time=123.6s
  ttt_chunk [341/1893] bpb=0.451484 time=128.9s
  ttt_chunk [361/1893] bpb=0.445005 time=134.0s
  ttt_chunk [381/1893] bpb=0.438306 time=139.1s
  ttt_chunk [401/1893] bpb=0.431746 time=144.2s
  ttt_chunk [421/1893] bpb=0.425608 time=149.2s
  ttt_chunk [441/1893] bpb=0.420307 time=154.1s
  ttt_chunk [461/1893] bpb=0.415037 time=159.0s
  ttt_chunk [481/1893] bpb=0.410308 time=163.9s
  ttt_chunk [501/1893] bpb=0.405492 time=168.7s
  ttt_chunk [521/1893] bpb=0.400804 time=173.5s
  ttt_chunk [541/1893] bpb=0.397145 time=178.3s
  ttt_chunk [561/1893] bpb=0.393244 time=183.0s
  ttt_chunk [581/1893] bpb=0.389389 time=187.7s
  ttt_chunk [601/1893] bpb=0.385990 time=192.5s
  ttt_chunk [621/1893] bpb=0.382789 time=197.2s
  ttt_chunk [641/1893] bpb=0.379868 time=201.9s
  ttt_chunk [661/1893] bpb=0.376923 time=206.5s
  ttt_chunk [681/1893] bpb=0.374219 time=211.2s
  ttt_chunk [701/1893] bpb=0.371691 time=215.9s
  ttt_chunk [721/1893] bpb=0.369192 time=220.6s
  ttt_chunk [741/1893] bpb=0.366799 time=225.2s
  ttt_chunk [761/1893] bpb=0.364432 time=229.9s
  ttt_chunk [781/1893] bpb=0.362464 time=234.5s
  ttt_chunk [801/1893] bpb=0.360243 time=239.1s
  ttt_chunk [821/1893] bpb=0.358126 time=243.7s
  ttt_chunk [841/1893] bpb=0.356043 time=248.3s
  ttt_chunk [861/1893] bpb=0.354079 time=252.9s
  ttt_chunk [881/1893] bpb=0.352334 time=257.5s
  ttt_chunk [901/1893] bpb=0.350580 time=262.1s
  ttt_chunk [921/1893] bpb=0.348997 time=266.7s
  ttt_chunk [941/1893] bpb=0.347256 time=271.2s
  ttt_chunk [961/1893] bpb=0.345648 time=275.7s
  ttt_chunk [981/1893] bpb=0.344196 time=280.3s
  ttt_chunk [1001/1893] bpb=0.342628 time=284.8s
  ttt_chunk [1021/1893] bpb=0.341123 time=289.4s
  ttt_chunk [1041/1893] bpb=0.339559 time=293.9s
  ttt_chunk [1061/1893] bpb=0.338024 time=298.4s
  ttt_chunk [1081/1893] bpb=0.336820 time=302.9s
  ttt_chunk [1101/1893] bpb=0.335507 time=307.5s
  ttt_chunk [1121/1893] bpb=0.334062 time=312.0s
  ttt_chunk [1141/1893] bpb=0.332689 time=316.6s
  ttt_chunk [1161/1893] bpb=0.331316 time=321.2s
  ttt_chunk [1181/1893] bpb=0.329936 time=325.7s
  ttt_chunk [1201/1893] bpb=0.328730 time=330.2s
  ttt_chunk [1221/1893] bpb=0.327412 time=334.7s
  ttt_chunk [1241/1893] bpb=0.326067 time=339.2s
  ttt_chunk [1261/1893] bpb=0.324818 time=343.7s
  ttt_chunk [1281/1893] bpb=0.323609 time=348.2s
  ttt_chunk [1301/1893] bpb=0.322386 time=352.7s
  ttt_chunk [1321/1893] bpb=0.321195 time=357.2s
  ttt_chunk [1341/1893] bpb=0.320109 time=361.8s
  ttt_chunk [1361/1893] bpb=0.319136 time=366.2s
  ttt_chunk [1381/1893] bpb=0.318181 time=370.7s
  ttt_chunk [1401/1893] bpb=0.317195 time=375.1s
  ttt_chunk [1421/1893] bpb=0.316348 time=379.6s
  ttt_chunk [1441/1893] bpb=0.315497 time=384.1s
  ttt_chunk [1461/1893] bpb=0.314657 time=388.5s
  ttt_chunk [1481/1893] bpb=0.313852 time=393.0s
  ttt_chunk [1501/1893] bpb=0.313001 time=397.4s
  ttt_chunk [1521/1893] bpb=0.312155 time=402.0s
  ttt_chunk [1541/1893] bpb=0.311242 time=406.4s
  ttt_chunk [1561/1893] bpb=0.310508 time=410.9s
  ttt_chunk [1581/1893] bpb=0.309734 time=415.3s
  ttt_chunk [1601/1893] bpb=0.308970 time=419.7s
  ttt_chunk [1621/1893] bpb=0.308124 time=424.1s
  ttt_chunk [1641/1893] bpb=0.307388 time=428.6s
  ttt_chunk [1661/1893] bpb=0.306617 time=433.0s
  ttt_chunk [1681/1893] bpb=0.305973 time=437.4s
  ttt_chunk [1701/1893] bpb=0.305229 time=441.8s
  ttt_chunk [1721/1893] bpb=0.304475 time=446.3s
  ttt_chunk [1741/1893] bpb=0.303771 time=450.7s
  ttt_chunk [1761/1893] bpb=0.303065 time=455.1s
  ttt_chunk [1781/1893] bpb=0.302387 time=459.5s
  ttt_chunk [1801/1893] bpb=0.301634 time=464.0s
  ttt_chunk [1821/1893] bpb=0.300985 time=468.4s
  ttt_chunk [1841/1893] bpb=0.300224 time=472.8s
  ttt_chunk [1861/1893] bpb=0.299507 time=477.2s
  ttt_chunk [1881/1893] bpb=0.298821 time=481.6s
  ttt_chunk [1893/1893] bpb=0.298440 time=484.2s
ttt_sliding:done val_loss=0.502898 val_bpb=0.297845 elapsed=484.4s
ttt_sliding:done val_loss=0.502898 val_bpb=0.297845 elapsed=484.3sttt_sliding:done val_loss=0.502898 val_bpb=0.297845 elapsed=484.4s

ttt_sliding:done val_loss=0.502898 val_bpb=0.297845 elapsed=484.4s
ttt_sliding:done val_loss=0.502898 val_bpb=0.297845 elapsed=484.3s
ttt_sliding:done val_loss=0.502898 val_bpb=0.297845 elapsed=484.4s
ttt_sliding:done val_loss=0.502898 val_bpb=0.297845 elapsed=484.3s
ttt_sliding:done val_loss=0.502898 val_bpb=0.297845 elapsed=484.4s
legal_ttt val_loss:0.5029 val_bpb:0.2978 eval_time:484860ms
legal_ttt_exact val_loss:0.50289766 val_bpb:0.29784511
[Sat Apr 11 15:52:56 UTC 2026] Experiment legal_ttt_ngram_order82_sgd1ep_center10_seed314_8gpu complete
Final BPB: final_int6_sliding_window_exact val_loss:1.88639160 val_bpb:1.11722989
