=== [Wed Apr 29 20:34:16 UTC 2026] Starting chunk36 seed=1337 ===
W0429 20:34:17.776000 992240 torch/distributed/run.py:803] 
W0429 20:34:17.776000 992240 torch/distributed/run.py:803] *****************************************
W0429 20:34:17.776000 992240 torch/distributed/run.py:803] Setting OMP_NUM_THREADS environment variable for each process to be 1 in default, to avoid your system being overloaded, please further tune the variable for optimal performance in your application as needed. 
W0429 20:34:17.776000 992240 torch/distributed/run.py:803] *****************************************
Hyperparameters:
  adam_eps: 1e-08
  adam_wd: 0.02
  artifact_dir: 
  attn_clip_sigmas: 13.0
  beta1: 0.9
  beta2: 0.95
  compressor: brotli
  data_dir: data
  datasets_dir: data/datasets/fineweb10B_sp8192
  distributed: True
  ema_decay: 0.9965
  embed_bits: 7
  embed_clip_sigmas: 15.0
  embed_lr: 0.6
  embed_wd: 0.085
  enable_looping_at: 0.35
  eval_seq_len: 2048
  eval_stride: 64
  fused_ce_enabled: True
  global_ttt_batch_seqs: 32
  global_ttt_chunk_tokens: 32768
  global_ttt_epochs: 1
  global_ttt_grad_clip: 1.0
  global_ttt_lr: 0.001
  global_ttt_momentum: 0.9
  global_ttt_respect_doc_boundaries: True
  global_ttt_warmup_chunks: 0
  global_ttt_warmup_start_lr: 0.0
  gptq_calibration_batches: 16
  gptq_reserve_seconds: 0.5
  grad_accum_steps: 1
  grad_clip_norm: 0.3
  is_main_process: True
  iterations: 20000
  ln_scale: True
  local_rank: 0
  logfile: logs/ba86bc58-2892-4477-b8ea-ec50e01ab936.txt
  logit_softcap: 30.0
  loop_end: 5
  loop_start: 3
  matrix_bits: 6
  matrix_clip_sigmas: 12.85
  matrix_lr: 0.026
  max_wallclock_seconds: 600.0
  min_lr: 0.1
  mlp_clip_sigmas: 12.0
  mlp_mult: 4.0
  model_dim: 512
  model_path: final_model.pt
  muon_backend_steps: 5
  muon_momentum: 0.97
  muon_momentum_warmup_start: 0.92
  muon_momentum_warmup_steps: 1500
  muon_row_normalize: True
  muon_wd: 0.095
  num_heads: 8
  num_kv_heads: 4
  num_layers: 11
  num_loops: 2
  parallel_final_lane: mean
  parallel_start_layer: 8
  phased_ttt_enabled: True
  phased_ttt_num_phases: 3
  phased_ttt_prefix_docs: 1500
  qk_gain_init: 5.0
  quantized_model_path: final_model.int6.ptz
  rank: 0
  rope_base: 10000.0
  rope_dims: 16
  rope_train_seq_len: 2048
  rope_yarn: False
  run_id: ba86bc58-2892-4477-b8ea-ec50e01ab936
  scalar_lr: 0.02
  seed: 1337
  skip_gates_enabled: True
  sliding_window_enabled: False
  tie_embeddings: True
  tied_embed_init_std: 0.005
  tied_embed_lr: 0.03
  tokenizer_path: tokenizers/fineweb_8192_bpe.model
  train_batch_tokens: 786432
  train_files: datasets/fineweb10B_sp8192/fineweb_train_*.bin
  train_log_every: 500
  train_seq_len: 2048
  ttt_batch_size: 64
  ttt_beta1: 0.0
  ttt_beta2: 0.999
  ttt_chunk_size: 36
  ttt_enabled: True
  ttt_eval_batches: 
  ttt_eval_seq_len: 2048
  ttt_grad_steps: 1
  ttt_k_lora: True
  ttt_lora_lr: 0.0001
  ttt_lora_rank: 128
  ttt_mlp_lora: True
  ttt_o_lora: True
  ttt_optimizer: adam
  ttt_weight_decay: 2.0
  val_batch_tokens: 524288
  val_doc_fraction: 1.0
  val_files: datasets/fineweb10B_sp8192/fineweb_val_*.bin
  val_loss_every: 0
  vocab_size: 8192
  warmdown_frac: 0.75
  warmup_steps: 20
  world_size: 8
  xsa_last_n: 11
train_shards: 128
val_tokens: 40540160
model_params:35989658
gptq:reserving 0s, effective=599500ms
warmup_cu_buckets:64,128,192,256 iters_each:3
warmup_step: 1/20
warmup_step: 2/20
warmup_step: 3/20
warmup_step: 4/20
warmup_step: 5/20
warmup_step: 6/20
warmup_step: 10/20
warmup_step: 20/20
loop_warmup:enabled encoder:[0, 1, 2, 3, 4, 5, 3, 4] decoder:[5, 3, 4, 5, 6, 7, 8, 9, 10]
loop_warmup_step: 1/20
loop_warmup_step: 2/20
loop_warmup_step: 3/20
loop_warmup_step: 4/20
loop_warmup_step: 5/20
loop_warmup_step: 6/20
loop_warmup_step: 10/20
loop_warmup_step: 20/20
1/20000 train_loss: 9.0070 train_time: 0.0m tok/s: 13140421
2/20000 train_loss: 12.2677 train_time: 0.0m tok/s: 8034935
3/20000 train_loss: 11.1880 train_time: 0.0m tok/s: 8200946
4/20000 train_loss: 9.5392 train_time: 0.0m tok/s: 8231667
5/20000 train_loss: 8.1707 train_time: 0.0m tok/s: 8267336
500/20000 train_loss: 3.2602 train_time: 0.8m tok/s: 8144771
1000/20000 train_loss: 3.1081 train_time: 1.6m tok/s: 8100796
1500/20000 train_loss: 2.9657 train_time: 2.4m tok/s: 8090376
2000/20000 train_loss: 2.9472 train_time: 3.2m tok/s: 8087347
layer_loop:enabled step:2157 frac:0.350 encoder:[0, 1, 2, 3, 4, 5, 3, 4] decoder:[5, 3, 4, 5, 6, 7, 8, 9, 10]
2500/20000 train_loss: 2.9377 train_time: 4.3m tok/s: 7595543
3000/20000 train_loss: 2.9456 train_time: 5.5m tok/s: 7147068
3500/20000 train_loss: 2.9021 train_time: 6.7m tok/s: 6858889
4000/20000 train_loss: 2.8390 train_time: 7.9m tok/s: 6657505
4500/20000 train_loss: 2.8528 train_time: 9.1m tok/s: 6509132
4892/20000 val_loss: 2.7927 val_bpb: 1.0811
stopping_early: wallclock_cap train_time: 599476ms step: 4892/20000
peak memory allocated: 41574 MiB reserved: 46878 MiB
ema:applying EMA weights
diagnostic pre-quantization post-ema val_loss:2.76603636 val_bpb:1.07078436 eval_time:8089ms
Serialized model: 135592891 bytes
Code size (uncompressed): 132822 bytes
Code size (compressed): 29760 bytes
GPTQ:collecting Hessians from calibration data...
GPTQ:collected 67 Hessians in 3.5s
Quantized weights:
  gptq (int6): blocks.attn.c_k.weight, blocks.attn.c_q.weight, blocks.attn.c_v.weight, blocks.attn.proj.weight, blocks.mlp.fc.weight, blocks.mlp.proj.weight
  gptq (int7): tok_emb.weight
  int8_per_row: blocks.attn.attn_gate_w
  passthrough (float16): blocks.attn.q_gain, blocks.attn_scale, blocks.mlp_scale, blocks.resid_mix, parallel_post_lambdas, parallel_resid_lambdas, skip_gates, skip_weights
Serialized model quantized+brotli: 15947383 bytes
Total submission size quantized+brotli: 15977143 bytes
diagnostic quantized val_loss:2.79179422 val_bpb:1.08075571 eval_time:9150ms
ttt_lora:warming up compile (random tokens, no val data)
ttt_lora:compile warmup done (106.5s)

beginning TTT eval timer
ttt_phased: total_docs:50000 prefix_docs:1500 suffix_docs:48500 num_phases:3 boundaries:[500, 1000, 1500]
ttp: b780/782 bl:2.6102 bb:1.0709 rl:2.6102 rb:1.0709 dl:11071-14414 gd:0
ttpp: phase:1/3 pd:912 gd:500 t:199.0s
tttg: c1/77 lr:0.001000 t:0.3s
tttg: c2/77 lr:0.001000 t:0.4s
tttg: c3/77 lr:0.000998 t:0.5s
tttg: c4/77 lr:0.000996 t:0.6s
tttg: c5/77 lr:0.000993 t:0.7s
tttg: c6/77 lr:0.000989 t:0.7s
tttg: c7/77 lr:0.000985 t:0.8s
tttg: c8/77 lr:0.000979 t:0.9s
tttg: c9/77 lr:0.000973 t:1.0s
tttg: c10/77 lr:0.000966 t:1.0s
tttg: c11/77 lr:0.000958 t:1.1s
tttg: c12/77 lr:0.000949 t:1.2s
tttg: c13/77 lr:0.000940 t:1.3s
tttg: c14/77 lr:0.000930 t:1.3s
tttg: c15/77 lr:0.000919 t:1.4s
tttg: c16/77 lr:0.000907 t:1.5s
tttg: c17/77 lr:0.000895 t:1.6s
tttg: c18/77 lr:0.000882 t:1.6s
tttg: c19/77 lr:0.000868 t:1.7s
tttg: c20/77 lr:0.000854 t:1.8s
tttg: c21/77 lr:0.000839 t:1.9s
tttg: c22/77 lr:0.000823 t:1.9s
tttg: c23/77 lr:0.000807 t:2.0s
tttg: c24/77 lr:0.000791 t:2.1s
tttg: c25/77 lr:0.000773 t:2.2s
tttg: c26/77 lr:0.000756 t:2.2s
tttg: c27/77 lr:0.000738 t:2.3s
tttg: c28/77 lr:0.000720 t:2.4s
tttg: c29/77 lr:0.000701 t:2.5s
tttg: c30/77 lr:0.000682 t:2.5s
tttg: c31/77 lr:0.000662 t:2.6s
tttg: c32/77 lr:0.000643 t:2.7s
tttg: c33/77 lr:0.000623 t:2.8s
tttg: c34/77 lr:0.000603 t:2.8s
tttg: c35/77 lr:0.000582 t:2.9s
tttg: c36/77 lr:0.000562 t:3.0s
tttg: c37/77 lr:0.000541 t:3.1s
tttg: c38/77 lr:0.000521 t:3.2s
tttg: c39/77 lr:0.000500 t:3.2s
tttg: c40/77 lr:0.000479 t:3.3s
tttg: c41/77 lr:0.000459 t:3.4s
tttg: c42/77 lr:0.000438 t:3.5s
tttg: c43/77 lr:0.000418 t:3.6s
tttg: c44/77 lr:0.000397 t:3.6s
tttg: c45/77 lr:0.000377 t:3.7s
tttg: c46/77 lr:0.000357 t:3.8s
tttg: c47/77 lr:0.000338 t:3.8s
tttg: c48/77 lr:0.000318 t:3.9s
tttg: c49/77 lr:0.000299 t:4.0s
tttg: c50/77 lr:0.000280 t:4.1s
tttg: c51/77 lr:0.000262 t:4.1s
tttg: c52/77 lr:0.000244 t:4.2s
tttg: c53/77 lr:0.000227 t:4.3s
tttg: c54/77 lr:0.000209 t:4.4s
tttg: c55/77 lr:0.000193 t:4.5s
tttg: c56/77 lr:0.000177 t:4.5s
tttg: c57/77 lr:0.000161 t:4.6s
tttg: c58/77 lr:0.000146 t:4.7s
tttg: c59/77 lr:0.000132 t:4.8s
tttg: c60/77 lr:0.000118 t:4.8s
tttg: c61/77 lr:0.000105 t:4.9s
tttg: c62/77 lr:0.000093 t:5.0s
tttg: c63/77 lr:0.000081 t:5.1s
tttg: c64/77 lr:0.000070 t:5.1s
tttg: c65/77 lr:0.000060 t:5.2s
tttg: c66/77 lr:0.000051 t:5.3s
tttg: c67/77 lr:0.000042 t:5.4s
tttg: c68/77 lr:0.000034 t:5.5s
tttg: c69/77 lr:0.000027 t:5.5s
tttg: c70/77 lr:0.000021 t:5.6s
tttg: c71/77 lr:0.000015 t:5.7s
tttg: c72/77 lr:0.000011 t:5.7s
tttg: c73/77 lr:0.000007 t:5.8s
tttg: c74/77 lr:0.000004 t:5.9s
tttg: c75/77 lr:0.000002 t:6.0s
tttg: c76/77 lr:0.000000 t:6.1s
ttpr: phase:1/3 t:208.1s
ttp: b762/782 bl:2.8177 bb:1.0725 rl:2.6553 rb:1.0713 dl:3431-3533 gd:0
ttpp: phase:2/3 pd:1488 gd:1000 t:284.1s
tttg: c1/126 lr:0.001000 t:0.1s
tttg: c2/126 lr:0.001000 t:0.2s
tttg: c3/126 lr:0.000999 t:0.2s
tttg: c4/126 lr:0.000999 t:0.3s
tttg: c5/126 lr:0.000997 t:0.4s
tttg: c6/126 lr:0.000996 t:0.4s
tttg: c7/126 lr:0.000994 t:0.5s
tttg: c8/126 lr:0.000992 t:0.6s
tttg: c9/126 lr:0.000990 t:0.7s
tttg: c10/126 lr:0.000987 t:0.8s
tttg: c11/126 lr:0.000984 t:0.8s
tttg: c12/126 lr:0.000981 t:0.9s
tttg: c13/126 lr:0.000977 t:1.0s
tttg: c14/126 lr:0.000974 t:1.1s
tttg: c15/126 lr:0.000969 t:1.1s
tttg: c16/126 lr:0.000965 t:1.2s
tttg: c17/126 lr:0.000960 t:1.3s
tttg: c18/126 lr:0.000955 t:1.4s
tttg: c19/126 lr:0.000950 t:1.5s
tttg: c20/126 lr:0.000944 t:1.5s
tttg: c21/126 lr:0.000938 t:1.6s
tttg: c22/126 lr:0.000932 t:1.7s
tttg: c23/126 lr:0.000925 t:1.8s
tttg: c24/126 lr:0.000919 t:1.8s
tttg: c25/126 lr:0.000912 t:1.9s
tttg: c26/126 lr:0.000905 t:2.0s
tttg: c27/126 lr:0.000897 t:2.1s
tttg: c28/126 lr:0.000889 t:2.1s
tttg: c29/126 lr:0.000881 t:2.2s
tttg: c30/126 lr:0.000873 t:2.3s
tttg: c31/126 lr:0.000864 t:2.4s
tttg: c32/126 lr:0.000856 t:2.4s
tttg: c33/126 lr:0.000847 t:2.5s
tttg: c34/126 lr:0.000838 t:2.6s
tttg: c35/126 lr:0.000828 t:2.7s
tttg: c36/126 lr:0.000819 t:2.8s
tttg: c37/126 lr:0.000809 t:2.8s
tttg: c38/126 lr:0.000799 t:2.9s
tttg: c39/126 lr:0.000789 t:3.0s
tttg: c40/126 lr:0.000778 t:3.1s
tttg: c41/126 lr:0.000768 t:3.1s
tttg: c42/126 lr:0.000757 t:3.2s
tttg: c43/126 lr:0.000746 t:3.3s
tttg: c44/126 lr:0.000735 t:3.4s
tttg: c45/126 lr:0.000724 t:3.5s
tttg: c46/126 lr:0.000713 t:3.5s
tttg: c47/126 lr:0.000701 t:3.6s
tttg: c48/126 lr:0.000690 t:3.7s
tttg: c49/126 lr:0.000678 t:3.7s
tttg: c50/126 lr:0.000666 t:3.8s
tttg: c51/126 lr:0.000655 t:3.9s
tttg: c52/126 lr:0.000643 t:4.0s
tttg: c53/126 lr:0.000630 t:4.1s
tttg: c54/126 lr:0.000618 t:4.1s
tttg: c55/126 lr:0.000606 t:4.2s
tttg: c56/126 lr:0.000594 t:4.3s
tttg: c57/126 lr:0.000581 t:4.4s
tttg: c58/126 lr:0.000569 t:4.4s
tttg: c59/126 lr:0.000556 t:4.5s
tttg: c60/126 lr:0.000544 t:4.6s
tttg: c61/126 lr:0.000531 t:4.7s
tttg: c62/126 lr:0.000519 t:4.7s
tttg: c63/126 lr:0.000506 t:4.8s
tttg: c64/126 lr:0.000494 t:4.9s
tttg: c65/126 lr:0.000481 t:5.0s
tttg: c66/126 lr:0.000469 t:5.0s
tttg: c67/126 lr:0.000456 t:5.1s
tttg: c68/126 lr:0.000444 t:5.2s
tttg: c69/126 lr:0.000431 t:5.3s
tttg: c70/126 lr:0.000419 t:5.3s
tttg: c71/126 lr:0.000406 t:5.4s
tttg: c72/126 lr:0.000394 t:5.5s
tttg: c73/126 lr:0.000382 t:5.6s
tttg: c74/126 lr:0.000370 t:5.6s
tttg: c75/126 lr:0.000357 t:5.7s
tttg: c76/126 lr:0.000345 t:5.8s
tttg: c77/126 lr:0.000334 t:5.9s
tttg: c78/126 lr:0.000322 t:6.0s
tttg: c79/126 lr:0.000310 t:6.0s
tttg: c80/126 lr:0.000299 t:6.1s
tttg: c81/126 lr:0.000287 t:6.2s
tttg: c82/126 lr:0.000276 t:6.3s
tttg: c83/126 lr:0.000265 t:6.4s
tttg: c84/126 lr:0.000254 t:6.4s
tttg: c85/126 lr:0.000243 t:6.5s
tttg: c86/126 lr:0.000232 t:6.6s
tttg: c87/126 lr:0.000222 t:6.7s
tttg: c88/126 lr:0.000211 t:6.7s
tttg: c89/126 lr:0.000201 t:6.8s
tttg: c90/126 lr:0.000191 t:6.9s
tttg: c91/126 lr:0.000181 t:7.0s
tttg: c92/126 lr:0.000172 t:7.0s
tttg: c93/126 lr:0.000162 t:7.1s
tttg: c94/126 lr:0.000153 t:7.2s
tttg: c95/126 lr:0.000144 t:7.3s
tttg: c96/126 lr:0.000136 t:7.3s
tttg: c97/126 lr:0.000127 t:7.4s
tttg: c98/126 lr:0.000119 t:7.5s
tttg: c99/126 lr:0.000111 t:7.6s
tttg: c100/126 lr:0.000103 t:7.6s
tttg: c101/126 lr:0.000095 t:7.7s
tttg: c102/126 lr:0.000088 t:7.8s
tttg: c103/126 lr:0.000081 t:7.9s
tttg: c104/126 lr:0.000075 t:8.0s
tttg: c105/126 lr:0.000068 t:8.0s
tttg: c106/126 lr:0.000062 t:8.1s
tttg: c107/126 lr:0.000056 t:8.2s
tttg: c108/126 lr:0.000050 t:8.3s
tttg: c109/126 lr:0.000045 t:8.4s
tttg: c110/126 lr:0.000040 t:8.4s
tttg: c111/126 lr:0.000035 t:8.5s
tttg: c112/126 lr:0.000031 t:8.6s
tttg: c113/126 lr:0.000026 t:8.7s
tttg: c114/126 lr:0.000023 t:8.7s
tttg: c115/126 lr:0.000019 t:8.8s
tttg: c116/126 lr:0.000016 t:8.9s
tttg: c117/126 lr:0.000013 t:9.0s
tttg: c118/126 lr:0.000010 t:9.0s
tttg: c119/126 lr:0.000008 t:9.1s
tttg: c120/126 lr:0.000006 t:9.2s
tttg: c121/126 lr:0.000004 t:9.3s
tttg: c122/126 lr:0.000003 t:9.4s
tttg: c123/126 lr:0.000001 t:9.4s
tttg: c124/126 lr:0.000001 t:9.5s
tttg: c125/126 lr:0.000000 t:9.6s
ttpr: phase:2/3 t:296.6s
ttp: b758/782 bl:2.8683 bb:1.0822 rl:2.6903 rb:1.0732 dl:3108-3187 gd:0
ttpp: phase:3/3 pd:2000 gd:1500 t:311.7s
tttg: c1/170 lr:0.001000 t:0.1s
tttg: c2/170 lr:0.001000 t:0.2s
tttg: c3/170 lr:0.001000 t:0.2s
tttg: c4/170 lr:0.000999 t:0.3s
tttg: c5/170 lr:0.000999 t:0.4s
tttg: c6/170 lr:0.000998 t:0.4s
tttg: c7/170 lr:0.000997 t:0.5s
tttg: c8/170 lr:0.000996 t:0.6s
tttg: c9/170 lr:0.000994 t:0.7s
tttg: c10/170 lr:0.000993 t:0.7s
tttg: c11/170 lr:0.000991 t:0.8s
tttg: c12/170 lr:0.000990 t:0.9s
tttg: c13/170 lr:0.000988 t:1.0s
tttg: c14/170 lr:0.000985 t:1.1s
tttg: c15/170 lr:0.000983 t:1.1s
tttg: c16/170 lr:0.000981 t:1.2s
tttg: c17/170 lr:0.000978 t:1.3s
tttg: c18/170 lr:0.000975 t:1.4s
tttg: c19/170 lr:0.000972 t:1.4s
tttg: c20/170 lr:0.000969 t:1.5s
tttg: c21/170 lr:0.000966 t:1.6s
tttg: c22/170 lr:0.000962 t:1.7s
tttg: c23/170 lr:0.000959 t:1.7s
tttg: c24/170 lr:0.000955 t:1.8s
tttg: c25/170 lr:0.000951 t:1.9s
tttg: c26/170 lr:0.000947 t:2.0s
tttg: c27/170 lr:0.000943 t:2.0s
tttg: c28/170 lr:0.000938 t:2.1s
tttg: c29/170 lr:0.000934 t:2.2s
tttg: c30/170 lr:0.000929 t:2.3s
tttg: c31/170 lr:0.000924 t:2.3s
tttg: c32/170 lr:0.000919 t:2.4s
tttg: c33/170 lr:0.000914 t:2.5s
tttg: c34/170 lr:0.000909 t:2.6s
tttg: c35/170 lr:0.000903 t:2.7s
tttg: c36/170 lr:0.000898 t:2.7s
tttg: c37/170 lr:0.000892 t:2.8s
tttg: c38/170 lr:0.000886 t:2.9s
tttg: c39/170 lr:0.000880 t:3.0s
tttg: c40/170 lr:0.000874 t:3.0s
tttg: c41/170 lr:0.000868 t:3.1s
tttg: c42/170 lr:0.000862 t:3.2s
tttg: c43/170 lr:0.000855 t:3.3s
tttg: c44/170 lr:0.000849 t:3.3s
tttg: c45/170 lr:0.000842 t:3.4s
tttg: c46/170 lr:0.000835 t:3.5s
tttg: c47/170 lr:0.000828 t:3.6s
tttg: c48/170 lr:0.000821 t:3.7s
tttg: c49/170 lr:0.000814 t:3.7s
tttg: c50/170 lr:0.000807 t:3.8s
tttg: c51/170 lr:0.000799 t:3.9s
tttg: c52/170 lr:0.000792 t:3.9s
tttg: c53/170 lr:0.000784 t:4.0s
tttg: c54/170 lr:0.000776 t:4.1s
tttg: c55/170 lr:0.000769 t:4.2s
tttg: c56/170 lr:0.000761 t:4.3s
tttg: c57/170 lr:0.000753 t:4.3s
tttg: c58/170 lr:0.000745 t:4.4s
tttg: c59/170 lr:0.000736 t:4.5s
tttg: c60/170 lr:0.000728 t:4.6s
tttg: c61/170 lr:0.000720 t:4.6s
tttg: c62/170 lr:0.000712 t:4.7s
tttg: c63/170 lr:0.000703 t:4.8s
tttg: c64/170 lr:0.000695 t:4.9s
tttg: c65/170 lr:0.000686 t:5.0s
tttg: c66/170 lr:0.000677 t:5.0s
tttg: c67/170 lr:0.000669 t:5.1s
tttg: c68/170 lr:0.000660 t:5.2s
tttg: c69/170 lr:0.000651 t:5.2s
tttg: c70/170 lr:0.000642 t:5.3s
tttg: c71/170 lr:0.000633 t:5.4s
tttg: c72/170 lr:0.000624 t:5.5s
tttg: c73/170 lr:0.000615 t:5.5s
tttg: c74/170 lr:0.000606 t:5.6s
tttg: c75/170 lr:0.000597 t:5.7s
tttg: c76/170 lr:0.000588 t:5.8s
tttg: c77/170 lr:0.000579 t:5.9s
tttg: c78/170 lr:0.000569 t:5.9s
tttg: c79/170 lr:0.000560 t:6.0s
tttg: c80/170 lr:0.000551 t:6.1s
tttg: c81/170 lr:0.000542 t:6.2s
tttg: c82/170 lr:0.000533 t:6.2s
tttg: c83/170 lr:0.000523 t:6.3s
tttg: c84/170 lr:0.000514 t:6.4s
tttg: c85/170 lr:0.000505 t:6.5s
tttg: c86/170 lr:0.000495 t:6.6s
tttg: c87/170 lr:0.000486 t:6.6s
tttg: c88/170 lr:0.000477 t:6.7s
tttg: c89/170 lr:0.000467 t:6.8s
tttg: c90/170 lr:0.000458 t:6.9s
tttg: c91/170 lr:0.000449 t:6.9s
tttg: c92/170 lr:0.000440 t:7.0s
tttg: c93/170 lr:0.000431 t:7.1s
tttg: c94/170 lr:0.000421 t:7.2s
tttg: c95/170 lr:0.000412 t:7.2s
tttg: c96/170 lr:0.000403 t:7.3s
tttg: c97/170 lr:0.000394 t:7.4s
tttg: c98/170 lr:0.000385 t:7.5s
tttg: c99/170 lr:0.000376 t:7.5s
tttg: c100/170 lr:0.000367 t:7.6s
tttg: c101/170 lr:0.000358 t:7.7s
tttg: c102/170 lr:0.000349 t:7.8s
tttg: c103/170 lr:0.000340 t:7.8s
tttg: c104/170 lr:0.000331 t:7.9s
tttg: c105/170 lr:0.000323 t:8.0s
tttg: c106/170 lr:0.000314 t:8.1s
tttg: c107/170 lr:0.000305 t:8.1s
tttg: c108/170 lr:0.000297 t:8.2s
tttg: c109/170 lr:0.000288 t:8.3s
tttg: c110/170 lr:0.000280 t:8.4s
tttg: c111/170 lr:0.000272 t:8.4s
tttg: c112/170 lr:0.000264 t:8.5s
tttg: c113/170 lr:0.000255 t:8.6s
tttg: c114/170 lr:0.000247 t:8.7s
tttg: c115/170 lr:0.000239 t:8.7s
tttg: c116/170 lr:0.000231 t:8.8s
tttg: c117/170 lr:0.000224 t:8.9s
tttg: c118/170 lr:0.000216 t:9.0s
tttg: c119/170 lr:0.000208 t:9.0s
tttg: c120/170 lr:0.000201 t:9.1s
tttg: c121/170 lr:0.000193 t:9.2s
tttg: c122/170 lr:0.000186 t:9.3s
tttg: c123/170 lr:0.000179 t:9.3s
tttg: c124/170 lr:0.000172 t:9.4s
tttg: c125/170 lr:0.000165 t:9.5s
tttg: c126/170 lr:0.000158 t:9.6s
tttg: c127/170 lr:0.000151 t:9.7s
tttg: c128/170 lr:0.000145 t:9.7s
tttg: c129/170 lr:0.000138 t:9.8s
tttg: c130/170 lr:0.000132 t:9.9s
tttg: c131/170 lr:0.000126 t:10.0s
tttg: c132/170 lr:0.000120 t:10.0s
tttg: c133/170 lr:0.000114 t:10.1s
tttg: c134/170 lr:0.000108 t:10.2s
tttg: c135/170 lr:0.000102 t:10.3s
tttg: c136/170 lr:0.000097 t:10.3s
tttg: c137/170 lr:0.000091 t:10.4s
tttg: c138/170 lr:0.000086 t:10.5s
tttg: c139/170 lr:0.000081 t:10.6s
tttg: c140/170 lr:0.000076 t:10.7s
tttg: c141/170 lr:0.000071 t:10.7s
tttg: c142/170 lr:0.000066 t:10.8s
tttg: c143/170 lr:0.000062 t:10.9s
tttg: c144/170 lr:0.000057 t:11.0s
tttg: c145/170 lr:0.000053 t:11.0s
tttg: c146/170 lr:0.000049 t:11.1s
tttg: c147/170 lr:0.000045 t:11.2s
tttg: c148/170 lr:0.000041 t:11.3s
tttg: c149/170 lr:0.000038 t:11.4s
tttg: c150/170 lr:0.000034 t:11.4s
tttg: c151/170 lr:0.000031 t:11.5s
tttg: c152/170 lr:0.000028 t:11.6s
tttg: c153/170 lr:0.000025 t:11.7s
tttg: c154/170 lr:0.000022 t:11.7s
tttg: c155/170 lr:0.000019 t:11.8s
tttg: c156/170 lr:0.000017 t:11.9s
tttg: c157/170 lr:0.000015 t:12.0s
tttg: c158/170 lr:0.000012 t:12.0s
tttg: c159/170 lr:0.000010 t:12.1s
tttg: c160/170 lr:0.000009 t:12.2s
tttg: c161/170 lr:0.000007 t:12.3s
tttg: c162/170 lr:0.000006 t:12.3s
tttg: c163/170 lr:0.000004 t:12.4s
tttg: c164/170 lr:0.000003 t:12.5s
tttg: c165/170 lr:0.000002 t:12.6s
tttg: c166/170 lr:0.000001 t:12.6s
tttg: c167/170 lr:0.000001 t:12.7s
tttg: c168/170 lr:0.000000 t:12.8s
tttg: c169/170 lr:0.000000 t:12.9s
ttpr: phase:3/3 t:327.6s
ttp: b750/782 bl:2.8201 bb:1.0639 rl:2.7062 rb:1.0720 dl:2638-2688 gd:1
ttp: b736/782 bl:2.6658 bb:1.0391 rl:2.7026 rb:1.0690 dl:2140-2165 gd:1
ttp: b727/782 bl:2.7625 bb:1.0516 rl:2.7071 rb:1.0677 dl:1936-1960 gd:1
ttp: b723/782 bl:2.7720 bb:1.0575 rl:2.7114 rb:1.0670 dl:1861-1885 gd:1
ttp: b713/782 bl:2.8256 bb:1.0425 rl:2.7180 rb:1.0655 dl:1697-1711 gd:1
ttp: b709/782 bl:2.7751 bb:1.0544 rl:2.7211 rb:1.0648 dl:1649-1661 gd:1
ttp: b699/782 bl:2.8120 bb:1.0407 rl:2.7254 rb:1.0636 dl:1543-1552 gd:1
ttp: b691/782 bl:2.6899 bb:1.0386 rl:2.7238 rb:1.0626 dl:1467-1476 gd:1
ttp: b686/782 bl:2.7915 bb:1.0488 rl:2.7266 rb:1.0620 dl:1422-1432 gd:1
ttp: b678/782 bl:2.7689 bb:1.0423 rl:2.7281 rb:1.0612 dl:1361-1368 gd:1
ttp: b670/782 bl:2.8194 bb:1.0542 rl:2.7313 rb:1.0610 dl:1308-1315 gd:1
ttp: b661/782 bl:2.7144 bb:1.0177 rl:2.7307 rb:1.0596 dl:1251-1258 gd:1
ttp: b654/782 bl:2.7190 bb:1.0321 rl:2.7304 rb:1.0587 dl:1209-1215 gd:1
ttp: b646/782 bl:2.7592 bb:1.0684 rl:2.7312 rb:1.0590 dl:1166-1171 gd:1
ttp: b638/782 bl:2.8333 bb:1.0450 rl:2.7338 rb:1.0586 dl:1123-1129 gd:1
ttp: b630/782 bl:2.8173 bb:1.0550 rl:2.7359 rb:1.0585 dl:1087-1092 gd:1
ttp: b621/782 bl:2.8240 bb:1.0816 rl:2.7379 rb:1.0591 dl:1046-1050 gd:1
ttp: b609/782 bl:2.7757 bb:1.0537 rl:2.7388 rb:1.0589 dl:994-999 gd:1
ttp: b602/782 bl:2.7727 bb:1.0371 rl:2.7395 rb:1.0585 dl:966-971 gd:1
ttp: b598/782 bl:2.7891 bb:1.0623 rl:2.7404 rb:1.0586 dl:950-954 gd:1
ttp: b588/782 bl:2.7296 bb:1.0414 rl:2.7402 rb:1.0582 dl:917-921 gd:1
ttp: b581/782 bl:2.7144 bb:1.0126 rl:2.7398 rb:1.0574 dl:894-897 gd:1
ttp: b573/782 bl:2.9166 bb:1.0674 rl:2.7428 rb:1.0576 dl:868-871 gd:1
ttp: b562/782 bl:2.6951 bb:1.0186 rl:2.7420 rb:1.0569 dl:834-837 gd:1
ttp: b554/782 bl:2.7220 bb:1.0246 rl:2.7417 rb:1.0564 dl:809-812 gd:1
ttp: b546/782 bl:2.8175 bb:1.0698 rl:2.7428 rb:1.0566 dl:788-790 gd:1
ttp: b540/782 bl:2.6759 bb:1.0096 rl:2.7419 rb:1.0559 dl:771-774 gd:1
ttp: b533/782 bl:2.7591 bb:1.0305 rl:2.7421 rb:1.0556 dl:754-757 gd:1
ttp: b527/782 bl:2.7290 bb:1.0370 rl:2.7419 rb:1.0553 dl:739-742 gd:1
ttp: b519/782 bl:2.7261 bb:1.0338 rl:2.7417 rb:1.0550 dl:720-723 gd:1
ttp: b505/782 bl:2.7593 bb:1.0543 rl:2.7420 rb:1.0550 dl:686-688 gd:1
ttp: b497/782 bl:2.8221 bb:1.0760 rl:2.7429 rb:1.0553 dl:668-671 gd:1
ttp: b490/782 bl:2.8486 bb:1.0885 rl:2.7441 rb:1.0556 dl:653-655 gd:1
ttp: b482/782 bl:2.7414 bb:1.0759 rl:2.7440 rb:1.0559 dl:637-639 gd:1
ttp: b474/782 bl:2.7511 bb:1.0490 rl:2.7441 rb:1.0558 dl:620-622 gd:1
ttp: b466/782 bl:2.7935 bb:1.0620 rl:2.7446 rb:1.0558 dl:604-606 gd:1
ttp: b460/782 bl:2.7793 bb:1.0542 rl:2.7450 rb:1.0558 dl:593-595 gd:1
ttp: b453/782 bl:2.7528 bb:1.0564 rl:2.7450 rb:1.0558 dl:580-582 gd:1
ttp: b443/782 bl:2.7632 bb:1.0525 rl:2.7452 rb:1.0558 dl:562-564 gd:1
ttp: b435/782 bl:2.7211 bb:1.0478 rl:2.7450 rb:1.0557 dl:547-549 gd:1
ttp: b427/782 bl:2.7423 bb:1.0595 rl:2.7450 rb:1.0558 dl:533-535 gd:1
ttp: b410/782 bl:2.7691 bb:1.0514 rl:2.7452 rb:1.0557 dl:505-507 gd:1
ttp: b402/782 bl:2.7431 bb:1.0335 rl:2.7451 rb:1.0556 dl:492-493 gd:1
ttp: b394/782 bl:2.8807 bb:1.1110 rl:2.7461 rb:1.0560 dl:479-481 gd:1
ttp: b386/782 bl:2.7224 bb:1.0636 rl:2.7460 rb:1.0560 dl:467-468 gd:1
ttp: b378/782 bl:2.8096 bb:1.0932 rl:2.7464 rb:1.0563 dl:456-457 gd:1
ttp: b370/782 bl:2.6702 bb:1.0389 rl:2.7459 rb:1.0562 dl:444-446 gd:1
ttp: b363/782 bl:2.7359 bb:1.0910 rl:2.7458 rb:1.0564 dl:434-436 gd:1
ttp: b356/782 bl:2.6861 bb:1.0437 rl:2.7455 rb:1.0563 dl:424-426 gd:1
ttp: b348/782 bl:2.8009 bb:1.0644 rl:2.7458 rb:1.0564 dl:414-415 gd:1
ttp: b340/782 bl:2.8070 bb:1.0858 rl:2.7462 rb:1.0565 dl:403-404 gd:1
ttp: b332/782 bl:2.8162 bb:1.0935 rl:2.7466 rb:1.0567 dl:393-394 gd:1
ttp: b324/782 bl:2.7631 bb:1.0539 rl:2.7467 rb:1.0567 dl:382-384 gd:1
ttp: b316/782 bl:2.7675 bb:1.0883 rl:2.7468 rb:1.0569 dl:371-373 gd:1
ttp: b308/782 bl:2.7814 bb:1.0806 rl:2.7470 rb:1.0570 dl:362-363 gd:1
ttp: b300/782 bl:2.8443 bb:1.0841 rl:2.7475 rb:1.0572 dl:352-353 gd:1
ttp: b292/782 bl:2.7754 bb:1.0754 rl:2.7476 rb:1.0572 dl:342-343 gd:1
ttp: b284/782 bl:2.8777 bb:1.0849 rl:2.7482 rb:1.0574 dl:333-334 gd:1
ttp: b276/782 bl:2.8345 bb:1.0986 rl:2.7486 rb:1.0576 dl:324-325 gd:1
ttp: b272/782 bl:2.8477 bb:1.1047 rl:2.7491 rb:1.0578 dl:320-321 gd:1
ttp: b264/782 bl:2.8836 bb:1.1413 rl:2.7496 rb:1.0581 dl:311-312 gd:1
ttp: b256/782 bl:2.8761 bb:1.1274 rl:2.7502 rb:1.0584 dl:301-302 gd:1
ttp: b248/782 bl:2.8751 bb:1.0972 rl:2.7507 rb:1.0586 dl:293-294 gd:1
ttp: b240/782 bl:2.8997 bb:1.1509 rl:2.7513 rb:1.0589 dl:285-286 gd:1
ttp: b232/782 bl:2.9125 bb:1.1265 rl:2.7519 rb:1.0592 dl:277-278 gd:1
ttp: b224/782 bl:2.8126 bb:1.1048 rl:2.7521 rb:1.0594 dl:269-270 gd:1
ttp: b217/782 bl:2.8740 bb:1.1258 rl:2.7526 rb:1.0596 dl:262-263 gd:1
ttp: b210/782 bl:2.8495 bb:1.1214 rl:2.7529 rb:1.0598 dl:255-256 gd:1
ttp: b204/782 bl:2.8975 bb:1.1271 rl:2.7534 rb:1.0600 dl:250-251 gd:1
ttp: b198/782 bl:2.9693 bb:1.1484 rl:2.7541 rb:1.0603 dl:245-246 gd:1
ttp: b190/782 bl:2.8686 bb:1.0905 rl:2.7545 rb:1.0604 dl:237-238 gd:1
ttp: b184/782 bl:2.9051 bb:1.1536 rl:2.7550 rb:1.0607 dl:232-233 gd:1
ttp: b176/782 bl:2.8175 bb:1.1054 rl:2.7552 rb:1.0608 dl:225-226 gd:1
ttp: b168/782 bl:2.9109 bb:1.1408 rl:2.7556 rb:1.0611 dl:218-219 gd:1
ttp: b159/782 bl:2.9866 bb:1.1766 rl:2.7563 rb:1.0614 dl:211-212 gd:1
ttp: b152/782 bl:2.8772 bb:1.1226 rl:2.7566 rb:1.0616 dl:205-206 gd:1
ttp: b145/782 bl:2.8862 bb:1.1324 rl:2.7569 rb:1.0617 dl:200-200 gd:1
ttp: b136/782 bl:2.9478 bb:1.1760 rl:2.7574 rb:1.0620 dl:192-193 gd:1
ttp: b128/782 bl:2.8356 bb:1.0887 rl:2.7576 rb:1.0621 dl:186-187 gd:1
ttp: b120/782 bl:2.9691 bb:1.1666 rl:2.7581 rb:1.0623 dl:180-181 gd:1
ttp: b116/782 bl:3.0029 bb:1.1875 rl:2.7587 rb:1.0626 dl:177-178 gd:1
ttp: b109/782 bl:3.0617 bb:1.2065 rl:2.7594 rb:1.0629 dl:172-173 gd:1
ttp: b101/782 bl:2.9622 bb:1.1626 rl:2.7598 rb:1.0632 dl:166-167 gd:1
ttp: b92/782 bl:2.8814 bb:1.1654 rl:2.7601 rb:1.0634 dl:159-160 gd:1
ttp: b84/782 bl:3.0074 bb:1.2117 rl:2.7606 rb:1.0636 dl:153-154 gd:1
ttp: b76/782 bl:3.0468 bb:1.2224 rl:2.7611 rb:1.0639 dl:147-148 gd:1
ttp: b68/782 bl:3.0911 bb:1.2009 rl:2.7617 rb:1.0642 dl:141-142 gd:1
ttp: b61/782 bl:2.9212 bb:1.1420 rl:2.7620 rb:1.0643 dl:135-136 gd:1
ttp: b54/782 bl:3.0963 bb:1.2679 rl:2.7626 rb:1.0646 dl:130-130 gd:1
ttp: b45/782 bl:3.0776 bb:1.2312 rl:2.7631 rb:1.0649 dl:122-123 gd:1
ttp: b34/782 bl:3.0826 bb:1.2479 rl:2.7635 rb:1.0651 dl:114-115 gd:1
ttp: b28/782 bl:3.0117 bb:1.2127 rl:2.7639 rb:1.0653 dl:108-109 gd:1
ttp: b22/782 bl:3.1671 bb:1.2346 rl:2.7644 rb:1.0656 dl:103-104 gd:1
ttp: b15/782 bl:3.2449 bb:1.2414 rl:2.7650 rb:1.0658 dl:95-97 gd:1
ttp: b7/782 bl:3.1861 bb:1.2225 rl:2.7655 rb:1.0660 dl:84-86 gd:1
quantized_ttt_phased val_loss:2.76232388 val_bpb:1.06938166 eval_time:447847ms
total_eval_time:447.8s
=== [Wed Apr 29 20:57:51 UTC 2026] Finished chunk36 seed=1337 ===
