=== [Wed Apr 29 22:52:51 UTC 2026] Starting chunk36_s314 seed=314 ===
W0429 22:52:52.703000 1053072 torch/distributed/run.py:803] 
W0429 22:52:52.703000 1053072 torch/distributed/run.py:803] *****************************************
W0429 22:52:52.703000 1053072 torch/distributed/run.py:803] Setting OMP_NUM_THREADS environment variable for each process to be 1 in default, to avoid your system being overloaded, please further tune the variable for optimal performance in your application as needed. 
W0429 22:52:52.703000 1053072 torch/distributed/run.py:803] *****************************************
Hyperparameters:
  adam_eps: 1e-08
  adam_wd: 0.02
  artifact_dir: 
  attn_clip_sigmas: 13.0
  beta1: 0.9
  beta2: 0.95
  compressor: brotli
  data_dir: data
  datasets_dir: data/datasets/fineweb10B_sp8192
  distributed: True
  ema_decay: 0.9965
  embed_bits: 7
  embed_clip_sigmas: 15.0
  embed_lr: 0.6
  embed_wd: 0.085
  enable_looping_at: 0.35
  eval_seq_len: 2048
  eval_stride: 64
  fused_ce_enabled: True
  global_ttt_batch_seqs: 32
  global_ttt_chunk_tokens: 32768
  global_ttt_epochs: 1
  global_ttt_grad_clip: 1.0
  global_ttt_lr: 0.001
  global_ttt_momentum: 0.9
  global_ttt_respect_doc_boundaries: True
  global_ttt_warmup_chunks: 0
  global_ttt_warmup_start_lr: 0.0
  gptq_calibration_batches: 16
  gptq_reserve_seconds: 0.5
  grad_accum_steps: 1
  grad_clip_norm: 0.3
  is_main_process: True
  iterations: 20000
  ln_scale: True
  local_rank: 0
  logfile: logs/b7401f82-bb10-48f6-b0c6-bc154f87029b.txt
  logit_softcap: 30.0
  loop_end: 5
  loop_start: 3
  matrix_bits: 6
  matrix_clip_sigmas: 12.85
  matrix_lr: 0.026
  max_wallclock_seconds: 600.0
  min_lr: 0.1
  mlp_clip_sigmas: 12.0
  mlp_mult: 4.0
  model_dim: 512
  model_path: final_model.pt
  muon_backend_steps: 5
  muon_momentum: 0.97
  muon_momentum_warmup_start: 0.92
  muon_momentum_warmup_steps: 1500
  muon_row_normalize: True
  muon_wd: 0.095
  num_heads: 8
  num_kv_heads: 4
  num_layers: 11
  num_loops: 2
  parallel_final_lane: mean
  parallel_start_layer: 8
  phased_ttt_enabled: True
  phased_ttt_num_phases: 3
  phased_ttt_prefix_docs: 1500
  qk_gain_init: 5.0
  quantized_model_path: final_model.int6.ptz
  rank: 0
  rope_base: 10000.0
  rope_dims: 16
  rope_train_seq_len: 2048
  rope_yarn: False
  run_id: b7401f82-bb10-48f6-b0c6-bc154f87029b
  scalar_lr: 0.02
  seed: 314
  skip_gates_enabled: True
  sliding_window_enabled: False
  tie_embeddings: True
  tied_embed_init_std: 0.005
  tied_embed_lr: 0.03
  tokenizer_path: tokenizers/fineweb_8192_bpe.model
  train_batch_tokens: 786432
  train_files: datasets/fineweb10B_sp8192/fineweb_train_*.bin
  train_log_every: 500
  train_seq_len: 2048
  ttt_batch_size: 64
  ttt_beta1: 0.0
  ttt_beta2: 0.999
  ttt_chunk_size: 36
  ttt_enabled: True
  ttt_eval_batches: 
  ttt_eval_seq_len: 2048
  ttt_grad_steps: 1
  ttt_k_lora: True
  ttt_lora_lr: 0.0001
  ttt_lora_rank: 128
  ttt_mlp_lora: True
  ttt_o_lora: True
  ttt_optimizer: adam
  ttt_weight_decay: 2.0
  val_batch_tokens: 524288
  val_doc_fraction: 1.0
  val_files: datasets/fineweb10B_sp8192/fineweb_val_*.bin
  val_loss_every: 0
  vocab_size: 8192
  warmdown_frac: 0.75
  warmup_steps: 20
  world_size: 8
  xsa_last_n: 11
train_shards: 128
val_tokens: 40540160
model_params:35989658
gptq:reserving 0s, effective=599500ms
warmup_cu_buckets:64,128,192,256 iters_each:3
warmup_step: 1/20
warmup_step: 2/20
warmup_step: 3/20
warmup_step: 4/20
warmup_step: 5/20
warmup_step: 6/20
warmup_step: 10/20
warmup_step: 20/20
loop_warmup:enabled encoder:[0, 1, 2, 3, 4, 5, 3, 4] decoder:[5, 3, 4, 5, 6, 7, 8, 9, 10]
loop_warmup_step: 1/20
loop_warmup_step: 2/20
loop_warmup_step: 3/20
loop_warmup_step: 4/20
loop_warmup_step: 5/20
loop_warmup_step: 6/20
loop_warmup_step: 10/20
loop_warmup_step: 20/20
1/20000 train_loss: 9.0068 train_time: 0.0m tok/s: 13057647
2/20000 train_loss: 12.4129 train_time: 0.0m tok/s: 10181013
3/20000 train_loss: 11.2896 train_time: 0.0m tok/s: 9583088
4/20000 train_loss: 9.5431 train_time: 0.0m tok/s: 9234876
5/20000 train_loss: 8.1284 train_time: 0.0m tok/s: 9049007
500/20000 train_loss: 3.2707 train_time: 0.8m tok/s: 8154231
1000/20000 train_loss: 3.1085 train_time: 1.6m tok/s: 8106653
1500/20000 train_loss: 2.9827 train_time: 2.4m tok/s: 8095166
2000/20000 train_loss: 2.9555 train_time: 3.2m tok/s: 8091896
layer_loop:enabled step:2159 frac:0.350 encoder:[0, 1, 2, 3, 4, 5, 3, 4] decoder:[5, 3, 4, 5, 6, 7, 8, 9, 10]
2500/20000 train_loss: 2.9424 train_time: 4.3m tok/s: 7604316
3000/20000 train_loss: 2.9492 train_time: 5.5m tok/s: 7152714
3500/20000 train_loss: 2.9021 train_time: 6.7m tok/s: 6864109
4000/20000 train_loss: 2.8423 train_time: 7.9m tok/s: 6661976
4500/20000 train_loss: 2.8551 train_time: 9.1m tok/s: 6513235
4896/20000 val_loss: 2.7923 val_bpb: 1.0809
stopping_early: wallclock_cap train_time: 599670ms step: 4896/20000
peak memory allocated: 41574 MiB reserved: 46878 MiB
ema:applying EMA weights
diagnostic pre-quantization post-ema val_loss:2.76537556 val_bpb:1.07052855 eval_time:8059ms
Serialized model: 135592891 bytes
Code size (uncompressed): 132822 bytes
Code size (compressed): 29760 bytes
GPTQ:collecting Hessians from calibration data...
GPTQ:collected 67 Hessians in 3.5s
Quantized weights:
  gptq (int6): blocks.attn.c_k.weight, blocks.attn.c_q.weight, blocks.attn.c_v.weight, blocks.attn.proj.weight, blocks.mlp.fc.weight, blocks.mlp.proj.weight
  gptq (int7): tok_emb.weight
  int8_per_row: blocks.attn.attn_gate_w
  passthrough (float16): blocks.attn.q_gain, blocks.attn_scale, blocks.mlp_scale, blocks.resid_mix, parallel_post_lambdas, parallel_resid_lambdas, skip_gates, skip_weights
Serialized model quantized+brotli: 15944408 bytes
Total submission size quantized+brotli: 15974168 bytes
diagnostic quantized val_loss:2.79144073 val_bpb:1.08061887 eval_time:9066ms
ttt_lora:warming up compile (random tokens, no val data)
ttt_lora:compile warmup done (99.9s)

beginning TTT eval timer
ttt_phased: total_docs:50000 prefix_docs:1500 suffix_docs:48500 num_phases:3 boundaries:[500, 1000, 1500]
ttp: b775/782 bl:2.6816 bb:1.0616 rl:2.6816 rb:1.0616 dl:5853-6355 gd:0
ttp: b774/782 bl:2.7196 bb:1.0740 rl:2.7000 rb:1.0676 dl:5552-5852 gd:0
ttp: b769/782 bl:2.7613 bb:1.0928 rl:2.7166 rb:1.0744 dl:4307-4479 gd:0
ttpp: phase:1/3 pd:912 gd:500 t:198.8s
tttg: c1/77 lr:0.001000 t:0.3s
tttg: c2/77 lr:0.001000 t:0.4s
tttg: c3/77 lr:0.000998 t:0.5s
tttg: c4/77 lr:0.000996 t:0.6s
tttg: c5/77 lr:0.000993 t:0.6s
tttg: c6/77 lr:0.000989 t:0.7s
tttg: c7/77 lr:0.000985 t:0.8s
tttg: c8/77 lr:0.000979 t:0.9s
tttg: c9/77 lr:0.000973 t:0.9s
tttg: c10/77 lr:0.000966 t:1.0s
tttg: c11/77 lr:0.000958 t:1.1s
tttg: c12/77 lr:0.000949 t:1.2s
tttg: c13/77 lr:0.000940 t:1.3s
tttg: c14/77 lr:0.000930 t:1.3s
tttg: c15/77 lr:0.000919 t:1.4s
tttg: c16/77 lr:0.000907 t:1.5s
tttg: c17/77 lr:0.000895 t:1.6s
tttg: c18/77 lr:0.000882 t:1.6s
tttg: c19/77 lr:0.000868 t:1.7s
tttg: c20/77 lr:0.000854 t:1.8s
tttg: c21/77 lr:0.000839 t:1.9s
tttg: c22/77 lr:0.000823 t:1.9s
tttg: c23/77 lr:0.000807 t:2.0s
tttg: c24/77 lr:0.000791 t:2.1s
tttg: c25/77 lr:0.000773 t:2.2s
tttg: c26/77 lr:0.000756 t:2.2s
tttg: c27/77 lr:0.000738 t:2.3s
tttg: c28/77 lr:0.000720 t:2.4s
tttg: c29/77 lr:0.000701 t:2.5s
tttg: c30/77 lr:0.000682 t:2.5s
tttg: c31/77 lr:0.000662 t:2.6s
tttg: c32/77 lr:0.000643 t:2.7s
tttg: c33/77 lr:0.000623 t:2.8s
tttg: c34/77 lr:0.000603 t:2.8s
tttg: c35/77 lr:0.000582 t:2.9s
tttg: c36/77 lr:0.000562 t:3.0s
tttg: c37/77 lr:0.000541 t:3.1s
tttg: c38/77 lr:0.000521 t:3.1s
tttg: c39/77 lr:0.000500 t:3.2s
tttg: c40/77 lr:0.000479 t:3.3s
tttg: c41/77 lr:0.000459 t:3.4s
tttg: c42/77 lr:0.000438 t:3.4s
tttg: c43/77 lr:0.000418 t:3.5s
tttg: c44/77 lr:0.000397 t:3.6s
tttg: c45/77 lr:0.000377 t:3.7s
tttg: c46/77 lr:0.000357 t:3.8s
tttg: c47/77 lr:0.000338 t:3.8s
tttg: c48/77 lr:0.000318 t:3.9s
tttg: c49/77 lr:0.000299 t:4.0s
tttg: c50/77 lr:0.000280 t:4.1s
tttg: c51/77 lr:0.000262 t:4.1s
tttg: c52/77 lr:0.000244 t:4.2s
tttg: c53/77 lr:0.000227 t:4.3s
tttg: c54/77 lr:0.000209 t:4.4s
tttg: c55/77 lr:0.000193 t:4.4s
tttg: c56/77 lr:0.000177 t:4.5s
tttg: c57/77 lr:0.000161 t:4.6s
tttg: c58/77 lr:0.000146 t:4.7s
tttg: c59/77 lr:0.000132 t:4.7s
tttg: c60/77 lr:0.000118 t:4.8s
tttg: c61/77 lr:0.000105 t:4.9s
tttg: c62/77 lr:0.000093 t:5.0s
tttg: c63/77 lr:0.000081 t:5.1s
tttg: c64/77 lr:0.000070 t:5.1s
tttg: c65/77 lr:0.000060 t:5.2s
tttg: c66/77 lr:0.000051 t:5.3s
tttg: c67/77 lr:0.000042 t:5.4s
tttg: c68/77 lr:0.000034 t:5.4s
tttg: c69/77 lr:0.000027 t:5.5s
tttg: c70/77 lr:0.000021 t:5.6s
tttg: c71/77 lr:0.000015 t:5.6s
tttg: c72/77 lr:0.000011 t:5.7s
tttg: c73/77 lr:0.000007 t:5.8s
tttg: c74/77 lr:0.000004 t:5.9s
tttg: c75/77 lr:0.000002 t:5.9s
tttg: c76/77 lr:0.000000 t:6.0s
ttpr: phase:1/3 t:207.7s
ttp: b761/782 bl:2.7441 bb:1.0615 rl:2.7213 rb:1.0721 dl:3336-3430 gd:0
ttp: b759/782 bl:2.7184 bb:1.0972 rl:2.7209 rb:1.0756 dl:3188-3253 gd:0
ttpp: phase:2/3 pd:1488 gd:1000 t:284.0s
tttg: c1/126 lr:0.001000 t:0.1s
tttg: c2/126 lr:0.001000 t:0.2s
tttg: c3/126 lr:0.000999 t:0.2s
tttg: c4/126 lr:0.000999 t:0.3s
tttg: c5/126 lr:0.000997 t:0.4s
tttg: c6/126 lr:0.000996 t:0.5s
tttg: c7/126 lr:0.000994 t:0.5s
tttg: c8/126 lr:0.000992 t:0.6s
tttg: c9/126 lr:0.000990 t:0.7s
tttg: c10/126 lr:0.000987 t:0.8s
tttg: c11/126 lr:0.000984 t:0.8s
tttg: c12/126 lr:0.000981 t:0.9s
tttg: c13/126 lr:0.000977 t:1.0s
tttg: c14/126 lr:0.000974 t:1.1s
tttg: c15/126 lr:0.000969 t:1.2s
tttg: c16/126 lr:0.000965 t:1.2s
tttg: c17/126 lr:0.000960 t:1.3s
tttg: c18/126 lr:0.000955 t:1.4s
tttg: c19/126 lr:0.000950 t:1.4s
tttg: c20/126 lr:0.000944 t:1.5s
tttg: c21/126 lr:0.000938 t:1.6s
tttg: c22/126 lr:0.000932 t:1.7s
tttg: c23/126 lr:0.000925 t:1.7s
tttg: c24/126 lr:0.000919 t:1.8s
tttg: c25/126 lr:0.000912 t:1.9s
tttg: c26/126 lr:0.000905 t:2.0s
tttg: c27/126 lr:0.000897 t:2.0s
tttg: c28/126 lr:0.000889 t:2.1s
tttg: c29/126 lr:0.000881 t:2.2s
tttg: c30/126 lr:0.000873 t:2.3s
tttg: c31/126 lr:0.000864 t:2.4s
tttg: c32/126 lr:0.000856 t:2.4s
tttg: c33/126 lr:0.000847 t:2.5s
tttg: c34/126 lr:0.000838 t:2.6s
tttg: c35/126 lr:0.000828 t:2.7s
tttg: c36/126 lr:0.000819 t:2.7s
tttg: c37/126 lr:0.000809 t:2.8s
tttg: c38/126 lr:0.000799 t:2.9s
tttg: c39/126 lr:0.000789 t:3.0s
tttg: c40/126 lr:0.000778 t:3.0s
tttg: c41/126 lr:0.000768 t:3.1s
tttg: c42/126 lr:0.000757 t:3.2s
tttg: c43/126 lr:0.000746 t:3.3s
tttg: c44/126 lr:0.000735 t:3.3s
tttg: c45/126 lr:0.000724 t:3.4s
tttg: c46/126 lr:0.000713 t:3.5s
tttg: c47/126 lr:0.000701 t:3.6s
tttg: c48/126 lr:0.000690 t:3.6s
tttg: c49/126 lr:0.000678 t:3.7s
tttg: c50/126 lr:0.000666 t:3.8s
tttg: c51/126 lr:0.000655 t:3.9s
tttg: c52/126 lr:0.000643 t:3.9s
tttg: c53/126 lr:0.000630 t:4.0s
tttg: c54/126 lr:0.000618 t:4.1s
tttg: c55/126 lr:0.000606 t:4.2s
tttg: c56/126 lr:0.000594 t:4.2s
tttg: c57/126 lr:0.000581 t:4.3s
tttg: c58/126 lr:0.000569 t:4.4s
tttg: c59/126 lr:0.000556 t:4.5s
tttg: c60/126 lr:0.000544 t:4.5s
tttg: c61/126 lr:0.000531 t:4.6s
tttg: c62/126 lr:0.000519 t:4.7s
tttg: c63/126 lr:0.000506 t:4.8s
tttg: c64/126 lr:0.000494 t:4.9s
tttg: c65/126 lr:0.000481 t:4.9s
tttg: c66/126 lr:0.000469 t:5.0s
tttg: c67/126 lr:0.000456 t:5.1s
tttg: c68/126 lr:0.000444 t:5.2s
tttg: c69/126 lr:0.000431 t:5.2s
tttg: c70/126 lr:0.000419 t:5.3s
tttg: c71/126 lr:0.000406 t:5.4s
tttg: c72/126 lr:0.000394 t:5.5s
tttg: c73/126 lr:0.000382 t:5.6s
tttg: c74/126 lr:0.000370 t:5.6s
tttg: c75/126 lr:0.000357 t:5.7s
tttg: c76/126 lr:0.000345 t:5.8s
tttg: c77/126 lr:0.000334 t:5.8s
tttg: c78/126 lr:0.000322 t:5.9s
tttg: c79/126 lr:0.000310 t:6.0s
tttg: c80/126 lr:0.000299 t:6.1s
tttg: c81/126 lr:0.000287 t:6.1s
tttg: c82/126 lr:0.000276 t:6.2s
tttg: c83/126 lr:0.000265 t:6.3s
tttg: c84/126 lr:0.000254 t:6.4s
tttg: c85/126 lr:0.000243 t:6.5s
tttg: c86/126 lr:0.000232 t:6.5s
tttg: c87/126 lr:0.000222 t:6.6s
tttg: c88/126 lr:0.000211 t:6.7s
tttg: c89/126 lr:0.000201 t:6.8s
tttg: c90/126 lr:0.000191 t:6.8s
tttg: c91/126 lr:0.000181 t:6.9s
tttg: c92/126 lr:0.000172 t:7.0s
tttg: c93/126 lr:0.000162 t:7.1s
tttg: c94/126 lr:0.000153 t:7.1s
tttg: c95/126 lr:0.000144 t:7.2s
tttg: c96/126 lr:0.000136 t:7.3s
tttg: c97/126 lr:0.000127 t:7.4s
tttg: c98/126 lr:0.000119 t:7.4s
tttg: c99/126 lr:0.000111 t:7.5s
tttg: c100/126 lr:0.000103 t:7.6s
tttg: c101/126 lr:0.000095 t:7.6s
tttg: c102/126 lr:0.000088 t:7.7s
tttg: c103/126 lr:0.000081 t:7.8s
tttg: c104/126 lr:0.000075 t:7.9s
tttg: c105/126 lr:0.000068 t:8.0s
tttg: c106/126 lr:0.000062 t:8.0s
tttg: c107/126 lr:0.000056 t:8.1s
tttg: c108/126 lr:0.000050 t:8.2s
tttg: c109/126 lr:0.000045 t:8.3s
tttg: c110/126 lr:0.000040 t:8.3s
tttg: c111/126 lr:0.000035 t:8.4s
tttg: c112/126 lr:0.000031 t:8.5s
tttg: c113/126 lr:0.000026 t:8.6s
tttg: c114/126 lr:0.000023 t:8.6s
tttg: c115/126 lr:0.000019 t:8.7s
tttg: c116/126 lr:0.000016 t:8.8s
tttg: c117/126 lr:0.000013 t:8.9s
tttg: c118/126 lr:0.000010 t:8.9s
tttg: c119/126 lr:0.000008 t:9.0s
tttg: c120/126 lr:0.000006 t:9.1s
tttg: c121/126 lr:0.000004 t:9.2s
tttg: c122/126 lr:0.000003 t:9.2s
tttg: c123/126 lr:0.000001 t:9.3s
tttg: c124/126 lr:0.000001 t:9.4s
tttg: c125/126 lr:0.000000 t:9.5s
ttpr: phase:2/3 t:296.3s
ttp: b756/782 bl:2.7755 bb:1.0758 rl:2.7273 rb:1.0756 dl:2973-3032 gd:0
ttpp: phase:3/3 pd:2000 gd:1500 t:311.4s
tttg: c1/170 lr:0.001000 t:0.1s
tttg: c2/170 lr:0.001000 t:0.1s
tttg: c3/170 lr:0.001000 t:0.2s
tttg: c4/170 lr:0.000999 t:0.3s
tttg: c5/170 lr:0.000999 t:0.4s
tttg: c6/170 lr:0.000998 t:0.4s
tttg: c7/170 lr:0.000997 t:0.5s
tttg: c8/170 lr:0.000996 t:0.6s
tttg: c9/170 lr:0.000994 t:0.7s
tttg: c10/170 lr:0.000993 t:0.7s
tttg: c11/170 lr:0.000991 t:0.8s
tttg: c12/170 lr:0.000990 t:0.9s
tttg: c13/170 lr:0.000988 t:1.0s
tttg: c14/170 lr:0.000985 t:1.0s
tttg: c15/170 lr:0.000983 t:1.1s
tttg: c16/170 lr:0.000981 t:1.2s
tttg: c17/170 lr:0.000978 t:1.3s
tttg: c18/170 lr:0.000975 t:1.4s
tttg: c19/170 lr:0.000972 t:1.4s
tttg: c20/170 lr:0.000969 t:1.5s
tttg: c21/170 lr:0.000966 t:1.6s
tttg: c22/170 lr:0.000962 t:1.7s
tttg: c23/170 lr:0.000959 t:1.7s
tttg: c24/170 lr:0.000955 t:1.8s
tttg: c25/170 lr:0.000951 t:1.9s
tttg: c26/170 lr:0.000947 t:2.0s
tttg: c27/170 lr:0.000943 t:2.1s
tttg: c28/170 lr:0.000938 t:2.1s
tttg: c29/170 lr:0.000934 t:2.2s
tttg: c30/170 lr:0.000929 t:2.3s
tttg: c31/170 lr:0.000924 t:2.4s
tttg: c32/170 lr:0.000919 t:2.4s
tttg: c33/170 lr:0.000914 t:2.5s
tttg: c34/170 lr:0.000909 t:2.6s
tttg: c35/170 lr:0.000903 t:2.6s
tttg: c36/170 lr:0.000898 t:2.7s
tttg: c37/170 lr:0.000892 t:2.8s
tttg: c38/170 lr:0.000886 t:2.9s
tttg: c39/170 lr:0.000880 t:2.9s
tttg: c40/170 lr:0.000874 t:3.0s
tttg: c41/170 lr:0.000868 t:3.1s
tttg: c42/170 lr:0.000862 t:3.2s
tttg: c43/170 lr:0.000855 t:3.2s
tttg: c44/170 lr:0.000849 t:3.3s
tttg: c45/170 lr:0.000842 t:3.4s
tttg: c46/170 lr:0.000835 t:3.5s
tttg: c47/170 lr:0.000828 t:3.6s
tttg: c48/170 lr:0.000821 t:3.6s
tttg: c49/170 lr:0.000814 t:3.7s
tttg: c50/170 lr:0.000807 t:3.8s
tttg: c51/170 lr:0.000799 t:3.9s
tttg: c52/170 lr:0.000792 t:3.9s
tttg: c53/170 lr:0.000784 t:4.0s
tttg: c54/170 lr:0.000776 t:4.1s
tttg: c55/170 lr:0.000769 t:4.2s
tttg: c56/170 lr:0.000761 t:4.2s
tttg: c57/170 lr:0.000753 t:4.3s
tttg: c58/170 lr:0.000745 t:4.4s
tttg: c59/170 lr:0.000736 t:4.5s
tttg: c60/170 lr:0.000728 t:4.6s
tttg: c61/170 lr:0.000720 t:4.7s
tttg: c62/170 lr:0.000712 t:4.7s
tttg: c63/170 lr:0.000703 t:4.8s
tttg: c64/170 lr:0.000695 t:4.9s
tttg: c65/170 lr:0.000686 t:5.0s
tttg: c66/170 lr:0.000677 t:5.1s
tttg: c67/170 lr:0.000669 t:5.1s
tttg: c68/170 lr:0.000660 t:5.2s
tttg: c69/170 lr:0.000651 t:5.3s
tttg: c70/170 lr:0.000642 t:5.3s
tttg: c71/170 lr:0.000633 t:5.4s
tttg: c72/170 lr:0.000624 t:5.5s
tttg: c73/170 lr:0.000615 t:5.6s
tttg: c74/170 lr:0.000606 t:5.7s
tttg: c75/170 lr:0.000597 t:5.7s
tttg: c76/170 lr:0.000588 t:5.8s
tttg: c77/170 lr:0.000579 t:5.9s
tttg: c78/170 lr:0.000569 t:6.0s
tttg: c79/170 lr:0.000560 t:6.0s
tttg: c80/170 lr:0.000551 t:6.1s
tttg: c81/170 lr:0.000542 t:6.2s
tttg: c82/170 lr:0.000533 t:6.3s
tttg: c83/170 lr:0.000523 t:6.3s
tttg: c84/170 lr:0.000514 t:6.4s
tttg: c85/170 lr:0.000505 t:6.5s
tttg: c86/170 lr:0.000495 t:6.6s
tttg: c87/170 lr:0.000486 t:6.6s
tttg: c88/170 lr:0.000477 t:6.7s
tttg: c89/170 lr:0.000467 t:6.8s
tttg: c90/170 lr:0.000458 t:6.9s
tttg: c91/170 lr:0.000449 t:6.9s
tttg: c92/170 lr:0.000440 t:7.0s
tttg: c93/170 lr:0.000431 t:7.1s
tttg: c94/170 lr:0.000421 t:7.2s
tttg: c95/170 lr:0.000412 t:7.2s
tttg: c96/170 lr:0.000403 t:7.3s
tttg: c97/170 lr:0.000394 t:7.4s
tttg: c98/170 lr:0.000385 t:7.5s
tttg: c99/170 lr:0.000376 t:7.5s
tttg: c100/170 lr:0.000367 t:7.6s
tttg: c101/170 lr:0.000358 t:7.7s
tttg: c102/170 lr:0.000349 t:7.8s
tttg: c103/170 lr:0.000340 t:7.8s
tttg: c104/170 lr:0.000331 t:7.9s
tttg: c105/170 lr:0.000323 t:8.0s
tttg: c106/170 lr:0.000314 t:8.1s
tttg: c107/170 lr:0.000305 t:8.1s
tttg: c108/170 lr:0.000297 t:8.2s
tttg: c109/170 lr:0.000288 t:8.3s
tttg: c110/170 lr:0.000280 t:8.4s
tttg: c111/170 lr:0.000272 t:8.4s
tttg: c112/170 lr:0.000264 t:8.5s
tttg: c113/170 lr:0.000255 t:8.6s
tttg: c114/170 lr:0.000247 t:8.7s
tttg: c115/170 lr:0.000239 t:8.7s
tttg: c116/170 lr:0.000231 t:8.8s
tttg: c117/170 lr:0.000224 t:8.9s
tttg: c118/170 lr:0.000216 t:9.0s
tttg: c119/170 lr:0.000208 t:9.0s
tttg: c120/170 lr:0.000201 t:9.1s
tttg: c121/170 lr:0.000193 t:9.2s
tttg: c122/170 lr:0.000186 t:9.3s
tttg: c123/170 lr:0.000179 t:9.3s
tttg: c124/170 lr:0.000172 t:9.4s
tttg: c125/170 lr:0.000165 t:9.5s
tttg: c126/170 lr:0.000158 t:9.6s
tttg: c127/170 lr:0.000151 t:9.6s
tttg: c128/170 lr:0.000145 t:9.7s
tttg: c129/170 lr:0.000138 t:9.8s
tttg: c130/170 lr:0.000132 t:9.9s
tttg: c131/170 lr:0.000126 t:9.9s
tttg: c132/170 lr:0.000120 t:10.0s
tttg: c133/170 lr:0.000114 t:10.1s
tttg: c134/170 lr:0.000108 t:10.2s
tttg: c135/170 lr:0.000102 t:10.2s
tttg: c136/170 lr:0.000097 t:10.3s
tttg: c137/170 lr:0.000091 t:10.4s
tttg: c138/170 lr:0.000086 t:10.5s
tttg: c139/170 lr:0.000081 t:10.6s
tttg: c140/170 lr:0.000076 t:10.6s
tttg: c141/170 lr:0.000071 t:10.7s
tttg: c142/170 lr:0.000066 t:10.8s
tttg: c143/170 lr:0.000062 t:10.8s
tttg: c144/170 lr:0.000057 t:10.9s
tttg: c145/170 lr:0.000053 t:11.0s
tttg: c146/170 lr:0.000049 t:11.1s
tttg: c147/170 lr:0.000045 t:11.1s
tttg: c148/170 lr:0.000041 t:11.2s
tttg: c149/170 lr:0.000038 t:11.3s
tttg: c150/170 lr:0.000034 t:11.4s
tttg: c151/170 lr:0.000031 t:11.4s
tttg: c152/170 lr:0.000028 t:11.5s
tttg: c153/170 lr:0.000025 t:11.6s
tttg: c154/170 lr:0.000022 t:11.7s
tttg: c155/170 lr:0.000019 t:11.8s
tttg: c156/170 lr:0.000017 t:11.8s
tttg: c157/170 lr:0.000015 t:11.9s
tttg: c158/170 lr:0.000012 t:12.0s
tttg: c159/170 lr:0.000010 t:12.0s
tttg: c160/170 lr:0.000009 t:12.1s
tttg: c161/170 lr:0.000007 t:12.2s
tttg: c162/170 lr:0.000006 t:12.3s
tttg: c163/170 lr:0.000004 t:12.3s
tttg: c164/170 lr:0.000003 t:12.4s
tttg: c165/170 lr:0.000002 t:12.5s
tttg: c166/170 lr:0.000001 t:12.6s
tttg: c167/170 lr:0.000001 t:12.6s
tttg: c168/170 lr:0.000000 t:12.7s
tttg: c169/170 lr:0.000000 t:12.8s
ttpr: phase:3/3 t:327.0s
ttp: b749/782 bl:2.8235 bb:1.0863 rl:2.7361 rb:1.0766 dl:2580-2638 gd:1
ttp: b736/782 bl:2.6678 bb:1.0399 rl:2.7313 rb:1.0740 dl:2140-2165 gd:1
ttp: b728/782 bl:2.7499 bb:1.0650 rl:2.7324 rb:1.0735 dl:1960-1977 gd:1
ttp: b719/782 bl:2.6711 bb:1.0243 rl:2.7292 rb:1.0708 dl:1793-1816 gd:1
ttp: b712/782 bl:2.8206 bb:1.0738 rl:2.7335 rb:1.0710 dl:1684-1697 gd:1
ttp: b705/782 bl:2.7725 bb:1.0679 rl:2.7352 rb:1.0708 dl:1606-1617 gd:1
ttp: b697/782 bl:2.7520 bb:1.0368 rl:2.7358 rb:1.0695 dl:1522-1534 gd:1
ttp: b690/782 bl:2.8273 bb:1.0594 rl:2.7391 rb:1.0691 dl:1458-1467 gd:1
ttp: b682/782 bl:2.7919 bb:1.0665 rl:2.7409 rb:1.0690 dl:1393-1400 gd:1
ttp: b674/782 bl:2.7743 bb:1.0528 rl:2.7419 rb:1.0685 dl:1334-1341 gd:1
ttp: b666/782 bl:2.8101 bb:1.0562 rl:2.7438 rb:1.0681 dl:1282-1288 gd:1
ttp: b658/782 bl:2.7998 bb:1.0716 rl:2.7454 rb:1.0682 dl:1234-1239 gd:1
ttp: b650/782 bl:2.7802 bb:1.0705 rl:2.7462 rb:1.0683 dl:1188-1193 gd:1
ttp: b642/782 bl:2.7724 bb:1.0785 rl:2.7469 rb:1.0685 dl:1144-1150 gd:1
ttp: b634/782 bl:2.6922 bb:1.0393 rl:2.7456 rb:1.0679 dl:1105-1111 gd:1
ttp: b626/782 bl:2.8009 bb:1.0407 rl:2.7468 rb:1.0673 dl:1068-1073 gd:1
ttp: b618/782 bl:2.7240 bb:1.0443 rl:2.7463 rb:1.0668 dl:1031-1037 gd:1
ttp: b612/782 bl:2.8139 bb:1.0394 rl:2.7476 rb:1.0662 dl:1007-1012 gd:1
ttp: b601/782 bl:2.7499 bb:1.0568 rl:2.7477 rb:1.0661 dl:963-966 gd:1
ttp: b597/782 bl:2.7617 bb:1.0369 rl:2.7479 rb:1.0655 dl:947-950 gd:1
ttp: b588/782 bl:2.7285 bb:1.0409 rl:2.7476 rb:1.0651 dl:917-921 gd:1
ttp: b580/782 bl:2.7156 bb:1.0318 rl:2.7471 rb:1.0646 dl:891-894 gd:1
ttp: b572/782 bl:2.9287 bb:1.1146 rl:2.7499 rb:1.0653 dl:865-868 gd:1
ttp: b562/782 bl:2.6948 bb:1.0185 rl:2.7491 rb:1.0647 dl:834-837 gd:1
ttp: b554/782 bl:2.7238 bb:1.0253 rl:2.7487 rb:1.0641 dl:809-812 gd:1
ttp: b546/782 bl:2.8170 bb:1.0696 rl:2.7496 rb:1.0642 dl:788-790 gd:1
ttp: b540/782 bl:2.6797 bb:1.0110 rl:2.7487 rb:1.0635 dl:771-774 gd:1
ttp: b533/782 bl:2.7615 bb:1.0314 rl:2.7489 rb:1.0631 dl:754-757 gd:1
ttp: b527/782 bl:2.7268 bb:1.0362 rl:2.7486 rb:1.0627 dl:739-742 gd:1
ttp: b519/782 bl:2.7278 bb:1.0345 rl:2.7484 rb:1.0624 dl:720-723 gd:1
ttp: b507/782 bl:2.7455 bb:1.0364 rl:2.7483 rb:1.0621 dl:690-693 gd:1
ttp: b499/782 bl:2.7674 bb:1.0444 rl:2.7485 rb:1.0619 dl:673-675 gd:1
ttp: b492/782 bl:2.7897 bb:1.0491 rl:2.7490 rb:1.0618 dl:657-659 gd:1
ttp: b483/782 bl:2.7339 bb:1.0455 rl:2.7488 rb:1.0616 dl:639-641 gd:1
ttp: b476/782 bl:2.7451 bb:1.0484 rl:2.7488 rb:1.0615 dl:624-626 gd:1
ttp: b468/782 bl:2.7780 bb:1.0545 rl:2.7490 rb:1.0614 dl:608-610 gd:1
ttp: b464/782 bl:2.7073 bb:1.0729 rl:2.7487 rb:1.0615 dl:600-602 gd:1
ttp: b456/782 bl:2.8061 bb:1.0657 rl:2.7492 rb:1.0616 dl:586-587 gd:1
ttp: b447/782 bl:2.8198 bb:1.0843 rl:2.7498 rb:1.0618 dl:569-571 gd:1
ttp: b441/782 bl:2.6972 bb:1.0383 rl:2.7493 rb:1.0616 dl:559-560 gd:1
ttp: b434/782 bl:2.7122 bb:1.0364 rl:2.7490 rb:1.0614 dl:545-547 gd:1
ttp: b423/782 bl:2.7288 bb:1.0249 rl:2.7489 rb:1.0611 dl:526-528 gd:1
ttp: b415/782 bl:2.8418 bb:1.0797 rl:2.7496 rb:1.0612 dl:513-514 gd:1
ttp: b407/782 bl:2.7596 bb:1.0505 rl:2.7496 rb:1.0611 dl:500-501 gd:1
ttp: b400/782 bl:2.7844 bb:1.0621 rl:2.7499 rb:1.0612 dl:489-490 gd:1
ttp: b392/782 bl:2.7870 bb:1.0762 rl:2.7501 rb:1.0613 dl:476-478 gd:1
ttp: b383/782 bl:2.8234 bb:1.0813 rl:2.7506 rb:1.0614 dl:463-464 gd:1
ttp: b375/782 bl:2.7962 bb:1.1019 rl:2.7509 rb:1.0616 dl:452-453 gd:1
ttp: b367/782 bl:2.8185 bb:1.0586 rl:2.7513 rb:1.0616 dl:440-441 gd:1
ttp: b359/782 bl:2.7835 bb:1.0758 rl:2.7515 rb:1.0617 dl:429-430 gd:1
ttp: b353/782 bl:2.7842 bb:1.0910 rl:2.7517 rb:1.0619 dl:420-422 gd:1
ttp: b345/782 bl:2.8546 bb:1.1070 rl:2.7522 rb:1.0621 dl:410-412 gd:1
ttp: b336/782 bl:2.9397 bb:1.1617 rl:2.7532 rb:1.0626 dl:398-399 gd:1
ttp: b325/782 bl:2.8288 bb:1.0866 rl:2.7536 rb:1.0627 dl:384-385 gd:1
ttp: b317/782 bl:2.8615 bb:1.1062 rl:2.7541 rb:1.0630 dl:373-374 gd:1
ttp: b309/782 bl:2.8222 bb:1.1011 rl:2.7545 rb:1.0631 dl:363-364 gd:1
ttp: b301/782 bl:2.7716 bb:1.0778 rl:2.7545 rb:1.0632 dl:353-354 gd:1
ttp: b294/782 bl:2.8277 bb:1.0935 rl:2.7549 rb:1.0633 dl:345-345 gd:1
ttp: b287/782 bl:2.8566 bb:1.1143 rl:2.7553 rb:1.0636 dl:336-337 gd:1
ttp: b261/782 bl:2.8497 bb:1.1146 rl:2.7557 rb:1.0638 dl:308-309 gd:1
ttp: b253/782 bl:2.7354 bb:1.0742 rl:2.7556 rb:1.0638 dl:298-299 gd:1
ttp: b245/782 bl:2.8627 bb:1.0993 rl:2.7560 rb:1.0639 dl:290-291 gd:1
ttp: b237/782 bl:2.9056 bb:1.1424 rl:2.7566 rb:1.0642 dl:282-283 gd:1
ttp: b229/782 bl:2.8831 bb:1.1341 rl:2.7570 rb:1.0645 dl:274-275 gd:1
ttp: b221/782 bl:2.8288 bb:1.1353 rl:2.7572 rb:1.0647 dl:266-267 gd:1
ttp: b213/782 bl:2.9892 bb:1.1663 rl:2.7580 rb:1.0650 dl:258-259 gd:1
ttp: b205/782 bl:2.8360 bb:1.1065 rl:2.7582 rb:1.0651 dl:251-252 gd:1
ttp: b198/782 bl:2.9606 bb:1.1450 rl:2.7589 rb:1.0654 dl:245-246 gd:1
ttp: b191/782 bl:2.9318 bb:1.1449 rl:2.7594 rb:1.0656 dl:238-239 gd:1
ttp: b184/782 bl:2.8984 bb:1.1509 rl:2.7598 rb:1.0659 dl:232-233 gd:1
ttp: b177/782 bl:2.9098 bb:1.1418 rl:2.7602 rb:1.0661 dl:226-227 gd:1
ttp: b169/782 bl:2.9040 bb:1.1603 rl:2.7606 rb:1.0663 dl:219-220 gd:1
ttp: b162/782 bl:2.9482 bb:1.1439 rl:2.7611 rb:1.0665 dl:213-214 gd:1
ttp: b155/782 bl:2.8560 bb:1.1225 rl:2.7613 rb:1.0667 dl:207-208 gd:1
ttp: b148/782 bl:2.9738 bb:1.1558 rl:2.7619 rb:1.0669 dl:202-203 gd:1
ttp: b141/782 bl:2.8910 bb:1.1397 rl:2.7622 rb:1.0671 dl:196-197 gd:1
ttp: b133/782 bl:3.0186 bb:1.1924 rl:2.7628 rb:1.0673 dl:189-190 gd:1
ttp: b126/782 bl:2.9214 bb:1.1870 rl:2.7631 rb:1.0676 dl:185-185 gd:1
ttp: b116/782 bl:2.9855 bb:1.1806 rl:2.7636 rb:1.0678 dl:177-178 gd:1
ttp: b109/782 bl:3.0679 bb:1.2090 rl:2.7643 rb:1.0681 dl:172-173 gd:1
ttp: b103/782 bl:2.8741 bb:1.1124 rl:2.7645 rb:1.0682 dl:168-168 gd:1
ttp: b94/782 bl:2.9678 bb:1.1704 rl:2.7649 rb:1.0684 dl:160-161 gd:1
ttp: b86/782 bl:3.0212 bb:1.2574 rl:2.7654 rb:1.0687 dl:154-155 gd:1
ttp: b78/782 bl:2.9039 bb:1.1267 rl:2.7656 rb:1.0689 dl:148-149 gd:1
ttp: b70/782 bl:3.0471 bb:1.1579 rl:2.7661 rb:1.0690 dl:142-143 gd:1
ttp: b61/782 bl:2.9151 bb:1.1397 rl:2.7663 rb:1.0691 dl:135-136 gd:1
ttp: b54/782 bl:3.0825 bb:1.2622 rl:2.7668 rb:1.0694 dl:130-130 gd:1
ttp: b45/782 bl:3.0786 bb:1.2316 rl:2.7673 rb:1.0696 dl:122-123 gd:1
ttp: b37/782 bl:3.0648 bb:1.2032 rl:2.7677 rb:1.0698 dl:116-117 gd:1
ttp: b29/782 bl:3.0427 bb:1.2401 rl:2.7681 rb:1.0700 dl:109-110 gd:1
ttp: b23/782 bl:3.1324 bb:1.2485 rl:2.7685 rb:1.0702 dl:104-105 gd:1
ttp: b15/782 bl:3.2254 bb:1.2339 rl:2.7690 rb:1.0704 dl:95-97 gd:1
ttp: b7/782 bl:3.1917 bb:1.2247 rl:2.7695 rb:1.0706 dl:84-86 gd:1
quantized_ttt_phased val_loss:2.76193429 val_bpb:1.06923083 eval_time:454454ms
total_eval_time:454.5s
=== [Wed Apr 29 23:16:26 UTC 2026] Finished chunk36_s314 seed=314 ===
