=== [Wed Apr 29 22:29:19 UTC 2026] Starting chunk36_s42 seed=42 ===
W0429 22:29:20.266000 1033201 torch/distributed/run.py:803] 
W0429 22:29:20.266000 1033201 torch/distributed/run.py:803] *****************************************
W0429 22:29:20.266000 1033201 torch/distributed/run.py:803] Setting OMP_NUM_THREADS environment variable for each process to be 1 in default, to avoid your system being overloaded, please further tune the variable for optimal performance in your application as needed. 
W0429 22:29:20.266000 1033201 torch/distributed/run.py:803] *****************************************
Hyperparameters:
  adam_eps: 1e-08
  adam_wd: 0.02
  artifact_dir: 
  attn_clip_sigmas: 13.0
  beta1: 0.9
  beta2: 0.95
  compressor: brotli
  data_dir: data
  datasets_dir: data/datasets/fineweb10B_sp8192
  distributed: True
  ema_decay: 0.9965
  embed_bits: 7
  embed_clip_sigmas: 15.0
  embed_lr: 0.6
  embed_wd: 0.085
  enable_looping_at: 0.35
  eval_seq_len: 2048
  eval_stride: 64
  fused_ce_enabled: True
  global_ttt_batch_seqs: 32
  global_ttt_chunk_tokens: 32768
  global_ttt_epochs: 1
  global_ttt_grad_clip: 1.0
  global_ttt_lr: 0.001
  global_ttt_momentum: 0.9
  global_ttt_respect_doc_boundaries: True
  global_ttt_warmup_chunks: 0
  global_ttt_warmup_start_lr: 0.0
  gptq_calibration_batches: 16
  gptq_reserve_seconds: 0.5
  grad_accum_steps: 1
  grad_clip_norm: 0.3
  is_main_process: True
  iterations: 20000
  ln_scale: True
  local_rank: 0
  logfile: logs/54ab0206-0089-428a-a352-78feb6d87a98.txt
  logit_softcap: 30.0
  loop_end: 5
  loop_start: 3
  matrix_bits: 6
  matrix_clip_sigmas: 12.85
  matrix_lr: 0.026
  max_wallclock_seconds: 600.0
  min_lr: 0.1
  mlp_clip_sigmas: 12.0
  mlp_mult: 4.0
  model_dim: 512
  model_path: final_model.pt
  muon_backend_steps: 5
  muon_momentum: 0.97
  muon_momentum_warmup_start: 0.92
  muon_momentum_warmup_steps: 1500
  muon_row_normalize: True
  muon_wd: 0.095
  num_heads: 8
  num_kv_heads: 4
  num_layers: 11
  num_loops: 2
  parallel_final_lane: mean
  parallel_start_layer: 8
  phased_ttt_enabled: True
  phased_ttt_num_phases: 3
  phased_ttt_prefix_docs: 1500
  qk_gain_init: 5.0
  quantized_model_path: final_model.int6.ptz
  rank: 0
  rope_base: 10000.0
  rope_dims: 16
  rope_train_seq_len: 2048
  rope_yarn: False
  run_id: 54ab0206-0089-428a-a352-78feb6d87a98
  scalar_lr: 0.02
  seed: 42
  skip_gates_enabled: True
  sliding_window_enabled: False
  tie_embeddings: True
  tied_embed_init_std: 0.005
  tied_embed_lr: 0.03
  tokenizer_path: tokenizers/fineweb_8192_bpe.model
  train_batch_tokens: 786432
  train_files: datasets/fineweb10B_sp8192/fineweb_train_*.bin
  train_log_every: 500
  train_seq_len: 2048
  ttt_batch_size: 64
  ttt_beta1: 0.0
  ttt_beta2: 0.999
  ttt_chunk_size: 36
  ttt_enabled: True
  ttt_eval_batches: 
  ttt_eval_seq_len: 2048
  ttt_grad_steps: 1
  ttt_k_lora: True
  ttt_lora_lr: 0.0001
  ttt_lora_rank: 128
  ttt_mlp_lora: True
  ttt_o_lora: True
  ttt_optimizer: adam
  ttt_weight_decay: 2.0
  val_batch_tokens: 524288
  val_doc_fraction: 1.0
  val_files: datasets/fineweb10B_sp8192/fineweb_val_*.bin
  val_loss_every: 0
  vocab_size: 8192
  warmdown_frac: 0.75
  warmup_steps: 20
  world_size: 8
  xsa_last_n: 11
train_shards: 128
val_tokens: 40540160
model_params:35989658
gptq:reserving 0s, effective=599500ms
warmup_cu_buckets:64,128,192,256 iters_each:3
warmup_step: 1/20
warmup_step: 2/20
warmup_step: 3/20
warmup_step: 4/20
warmup_step: 5/20
warmup_step: 6/20
warmup_step: 10/20
warmup_step: 20/20
loop_warmup:enabled encoder:[0, 1, 2, 3, 4, 5, 3, 4] decoder:[5, 3, 4, 5, 6, 7, 8, 9, 10]
loop_warmup_step: 1/20
loop_warmup_step: 2/20
loop_warmup_step: 3/20
loop_warmup_step: 4/20
loop_warmup_step: 5/20
loop_warmup_step: 6/20
loop_warmup_step: 10/20
loop_warmup_step: 20/20
1/20000 train_loss: 9.0071 train_time: 0.0m tok/s: 13038757
2/20000 train_loss: 12.3086 train_time: 0.0m tok/s: 7314475
3/20000 train_loss: 11.2181 train_time: 0.0m tok/s: 7683916
4/20000 train_loss: 9.5482 train_time: 0.0m tok/s: 7833001
5/20000 train_loss: 8.1707 train_time: 0.0m tok/s: 7941547
500/20000 train_loss: 3.2546 train_time: 0.8m tok/s: 8140866
1000/20000 train_loss: 3.1098 train_time: 1.6m tok/s: 8101713
1500/20000 train_loss: 2.9702 train_time: 2.4m tok/s: 8089043
2000/20000 train_loss: 2.9489 train_time: 3.2m tok/s: 8084688
layer_loop:enabled step:2157 frac:0.350 encoder:[0, 1, 2, 3, 4, 5, 3, 4] decoder:[5, 3, 4, 5, 6, 7, 8, 9, 10]
2500/20000 train_loss: 2.9361 train_time: 4.3m tok/s: 7596102
3000/20000 train_loss: 2.9410 train_time: 5.5m tok/s: 7148021
3500/20000 train_loss: 2.8976 train_time: 6.7m tok/s: 6860929
4000/20000 train_loss: 2.8401 train_time: 7.9m tok/s: 6659210
4500/20000 train_loss: 2.8485 train_time: 9.1m tok/s: 6509861
4893/20000 val_loss: 2.7903 val_bpb: 1.0802
stopping_early: wallclock_cap train_time: 599554ms step: 4893/20000
peak memory allocated: 41574 MiB reserved: 46878 MiB
ema:applying EMA weights
diagnostic pre-quantization post-ema val_loss:2.76370629 val_bpb:1.06988235 eval_time:8235ms
Serialized model: 135592891 bytes
Code size (uncompressed): 132822 bytes
Code size (compressed): 29760 bytes
GPTQ:collecting Hessians from calibration data...
GPTQ:collected 67 Hessians in 3.5s
Quantized weights:
  gptq (int6): blocks.attn.c_k.weight, blocks.attn.c_q.weight, blocks.attn.c_v.weight, blocks.attn.proj.weight, blocks.mlp.fc.weight, blocks.mlp.proj.weight
  gptq (int7): tok_emb.weight
  int8_per_row: blocks.attn.attn_gate_w
  passthrough (float16): blocks.attn.q_gain, blocks.attn_scale, blocks.mlp_scale, blocks.resid_mix, parallel_post_lambdas, parallel_resid_lambdas, skip_gates, skip_weights
Serialized model quantized+brotli: 15945962 bytes
Total submission size quantized+brotli: 15975722 bytes
diagnostic quantized val_loss:2.78925100 val_bpb:1.07977118 eval_time:9157ms
ttt_lora:warming up compile (random tokens, no val data)
ttt_lora:compile warmup done (99.7s)

beginning TTT eval timer
ttt_phased: total_docs:50000 prefix_docs:1500 suffix_docs:48500 num_phases:3 boundaries:[500, 1000, 1500]
ttp: b778/782 bl:2.7776 bb:1.1112 rl:2.7776 rb:1.1112 dl:7961-8997 gd:0
ttp: b771/782 bl:2.7468 bb:1.0740 rl:2.7664 rb:1.0975 dl:4701-4937 gd:0
ttpp: phase:1/3 pd:912 gd:500 t:199.3s
tttg: c1/77 lr:0.001000 t:0.3s
tttg: c2/77 lr:0.001000 t:0.4s
tttg: c3/77 lr:0.000998 t:0.5s
tttg: c4/77 lr:0.000996 t:0.6s
tttg: c5/77 lr:0.000993 t:0.6s
tttg: c6/77 lr:0.000989 t:0.7s
tttg: c7/77 lr:0.000985 t:0.8s
tttg: c8/77 lr:0.000979 t:0.9s
tttg: c9/77 lr:0.000973 t:0.9s
tttg: c10/77 lr:0.000966 t:1.0s
tttg: c11/77 lr:0.000958 t:1.1s
tttg: c12/77 lr:0.000949 t:1.2s
tttg: c13/77 lr:0.000940 t:1.2s
tttg: c14/77 lr:0.000930 t:1.3s
tttg: c15/77 lr:0.000919 t:1.4s
tttg: c16/77 lr:0.000907 t:1.5s
tttg: c17/77 lr:0.000895 t:1.5s
tttg: c18/77 lr:0.000882 t:1.6s
tttg: c19/77 lr:0.000868 t:1.7s
tttg: c20/77 lr:0.000854 t:1.8s
tttg: c21/77 lr:0.000839 t:1.8s
tttg: c22/77 lr:0.000823 t:1.9s
tttg: c23/77 lr:0.000807 t:2.0s
tttg: c24/77 lr:0.000791 t:2.1s
tttg: c25/77 lr:0.000773 t:2.1s
tttg: c26/77 lr:0.000756 t:2.2s
tttg: c27/77 lr:0.000738 t:2.3s
tttg: c28/77 lr:0.000720 t:2.4s
tttg: c29/77 lr:0.000701 t:2.4s
tttg: c30/77 lr:0.000682 t:2.5s
tttg: c31/77 lr:0.000662 t:2.6s
tttg: c32/77 lr:0.000643 t:2.7s
tttg: c33/77 lr:0.000623 t:2.7s
tttg: c34/77 lr:0.000603 t:2.8s
tttg: c35/77 lr:0.000582 t:2.9s
tttg: c36/77 lr:0.000562 t:3.0s
tttg: c37/77 lr:0.000541 t:3.0s
tttg: c38/77 lr:0.000521 t:3.1s
tttg: c39/77 lr:0.000500 t:3.2s
tttg: c40/77 lr:0.000479 t:3.3s
tttg: c41/77 lr:0.000459 t:3.3s
tttg: c42/77 lr:0.000438 t:3.4s
tttg: c43/77 lr:0.000418 t:3.5s
tttg: c44/77 lr:0.000397 t:3.6s
tttg: c45/77 lr:0.000377 t:3.6s
tttg: c46/77 lr:0.000357 t:3.7s
tttg: c47/77 lr:0.000338 t:3.8s
tttg: c48/77 lr:0.000318 t:3.9s
tttg: c49/77 lr:0.000299 t:3.9s
tttg: c50/77 lr:0.000280 t:4.0s
tttg: c51/77 lr:0.000262 t:4.1s
tttg: c52/77 lr:0.000244 t:4.2s
tttg: c53/77 lr:0.000227 t:4.2s
tttg: c54/77 lr:0.000209 t:4.3s
tttg: c55/77 lr:0.000193 t:4.4s
tttg: c56/77 lr:0.000177 t:4.5s
tttg: c57/77 lr:0.000161 t:4.5s
tttg: c58/77 lr:0.000146 t:4.6s
tttg: c59/77 lr:0.000132 t:4.7s
tttg: c60/77 lr:0.000118 t:4.8s
tttg: c61/77 lr:0.000105 t:4.8s
tttg: c62/77 lr:0.000093 t:4.9s
tttg: c63/77 lr:0.000081 t:5.0s
tttg: c64/77 lr:0.000070 t:5.1s
tttg: c65/77 lr:0.000060 t:5.1s
tttg: c66/77 lr:0.000051 t:5.2s
tttg: c67/77 lr:0.000042 t:5.3s
tttg: c68/77 lr:0.000034 t:5.4s
tttg: c69/77 lr:0.000027 t:5.4s
tttg: c70/77 lr:0.000021 t:5.5s
tttg: c71/77 lr:0.000015 t:5.6s
tttg: c72/77 lr:0.000011 t:5.7s
tttg: c73/77 lr:0.000007 t:5.7s
tttg: c74/77 lr:0.000004 t:5.8s
tttg: c75/77 lr:0.000002 t:5.9s
tttg: c76/77 lr:0.000000 t:6.0s
ttpr: phase:1/3 t:208.1s
ttp: b762/782 bl:2.8158 bb:1.0718 rl:2.7767 rb:1.0920 dl:3431-3533 gd:0
ttpp: phase:2/3 pd:1488 gd:1000 t:283.7s
tttg: c1/126 lr:0.001000 t:0.1s
tttg: c2/126 lr:0.001000 t:0.2s
tttg: c3/126 lr:0.000999 t:0.2s
tttg: c4/126 lr:0.000999 t:0.3s
tttg: c5/126 lr:0.000997 t:0.4s
tttg: c6/126 lr:0.000996 t:0.4s
tttg: c7/126 lr:0.000994 t:0.5s
tttg: c8/126 lr:0.000992 t:0.6s
tttg: c9/126 lr:0.000990 t:0.7s
tttg: c10/126 lr:0.000987 t:0.7s
tttg: c11/126 lr:0.000984 t:0.8s
tttg: c12/126 lr:0.000981 t:0.9s
tttg: c13/126 lr:0.000977 t:1.0s
tttg: c14/126 lr:0.000974 t:1.1s
tttg: c15/126 lr:0.000969 t:1.1s
tttg: c16/126 lr:0.000965 t:1.2s
tttg: c17/126 lr:0.000960 t:1.3s
tttg: c18/126 lr:0.000955 t:1.3s
tttg: c19/126 lr:0.000950 t:1.4s
tttg: c20/126 lr:0.000944 t:1.5s
tttg: c21/126 lr:0.000938 t:1.6s
tttg: c22/126 lr:0.000932 t:1.6s
tttg: c23/126 lr:0.000925 t:1.7s
tttg: c24/126 lr:0.000919 t:1.8s
tttg: c25/126 lr:0.000912 t:1.9s
tttg: c26/126 lr:0.000905 t:1.9s
tttg: c27/126 lr:0.000897 t:2.0s
tttg: c28/126 lr:0.000889 t:2.1s
tttg: c29/126 lr:0.000881 t:2.2s
tttg: c30/126 lr:0.000873 t:2.2s
tttg: c31/126 lr:0.000864 t:2.3s
tttg: c32/126 lr:0.000856 t:2.4s
tttg: c33/126 lr:0.000847 t:2.5s
tttg: c34/126 lr:0.000838 t:2.5s
tttg: c35/126 lr:0.000828 t:2.6s
tttg: c36/126 lr:0.000819 t:2.7s
tttg: c37/126 lr:0.000809 t:2.8s
tttg: c38/126 lr:0.000799 t:2.9s
tttg: c39/126 lr:0.000789 t:2.9s
tttg: c40/126 lr:0.000778 t:3.0s
tttg: c41/126 lr:0.000768 t:3.1s
tttg: c42/126 lr:0.000757 t:3.2s
tttg: c43/126 lr:0.000746 t:3.2s
tttg: c44/126 lr:0.000735 t:3.3s
tttg: c45/126 lr:0.000724 t:3.4s
tttg: c46/126 lr:0.000713 t:3.5s
tttg: c47/126 lr:0.000701 t:3.5s
tttg: c48/126 lr:0.000690 t:3.6s
tttg: c49/126 lr:0.000678 t:3.7s
tttg: c50/126 lr:0.000666 t:3.8s
tttg: c51/126 lr:0.000655 t:3.8s
tttg: c52/126 lr:0.000643 t:3.9s
tttg: c53/126 lr:0.000630 t:4.0s
tttg: c54/126 lr:0.000618 t:4.1s
tttg: c55/126 lr:0.000606 t:4.1s
tttg: c56/126 lr:0.000594 t:4.2s
tttg: c57/126 lr:0.000581 t:4.3s
tttg: c58/126 lr:0.000569 t:4.4s
tttg: c59/126 lr:0.000556 t:4.4s
tttg: c60/126 lr:0.000544 t:4.5s
tttg: c61/126 lr:0.000531 t:4.6s
tttg: c62/126 lr:0.000519 t:4.7s
tttg: c63/126 lr:0.000506 t:4.7s
tttg: c64/126 lr:0.000494 t:4.8s
tttg: c65/126 lr:0.000481 t:4.9s
tttg: c66/126 lr:0.000469 t:5.0s
tttg: c67/126 lr:0.000456 t:5.0s
tttg: c68/126 lr:0.000444 t:5.1s
tttg: c69/126 lr:0.000431 t:5.2s
tttg: c70/126 lr:0.000419 t:5.3s
tttg: c71/126 lr:0.000406 t:5.3s
tttg: c72/126 lr:0.000394 t:5.4s
tttg: c73/126 lr:0.000382 t:5.5s
tttg: c74/126 lr:0.000370 t:5.6s
tttg: c75/126 lr:0.000357 t:5.7s
tttg: c76/126 lr:0.000345 t:5.7s
tttg: c77/126 lr:0.000334 t:5.8s
tttg: c78/126 lr:0.000322 t:5.9s
tttg: c79/126 lr:0.000310 t:6.0s
tttg: c80/126 lr:0.000299 t:6.0s
tttg: c81/126 lr:0.000287 t:6.1s
tttg: c82/126 lr:0.000276 t:6.2s
tttg: c83/126 lr:0.000265 t:6.3s
tttg: c84/126 lr:0.000254 t:6.3s
tttg: c85/126 lr:0.000243 t:6.4s
tttg: c86/126 lr:0.000232 t:6.5s
tttg: c87/126 lr:0.000222 t:6.6s
tttg: c88/126 lr:0.000211 t:6.6s
tttg: c89/126 lr:0.000201 t:6.7s
tttg: c90/126 lr:0.000191 t:6.8s
tttg: c91/126 lr:0.000181 t:6.8s
tttg: c92/126 lr:0.000172 t:6.9s
tttg: c93/126 lr:0.000162 t:7.0s
tttg: c94/126 lr:0.000153 t:7.1s
tttg: c95/126 lr:0.000144 t:7.1s
tttg: c96/126 lr:0.000136 t:7.2s
tttg: c97/126 lr:0.000127 t:7.3s
tttg: c98/126 lr:0.000119 t:7.4s
tttg: c99/126 lr:0.000111 t:7.4s
tttg: c100/126 lr:0.000103 t:7.5s
tttg: c101/126 lr:0.000095 t:7.6s
tttg: c102/126 lr:0.000088 t:7.7s
tttg: c103/126 lr:0.000081 t:7.7s
tttg: c104/126 lr:0.000075 t:7.8s
tttg: c105/126 lr:0.000068 t:7.9s
tttg: c106/126 lr:0.000062 t:8.0s
tttg: c107/126 lr:0.000056 t:8.0s
tttg: c108/126 lr:0.000050 t:8.1s
tttg: c109/126 lr:0.000045 t:8.2s
tttg: c110/126 lr:0.000040 t:8.3s
tttg: c111/126 lr:0.000035 t:8.3s
tttg: c112/126 lr:0.000031 t:8.4s
tttg: c113/126 lr:0.000026 t:8.5s
tttg: c114/126 lr:0.000023 t:8.6s
tttg: c115/126 lr:0.000019 t:8.6s
tttg: c116/126 lr:0.000016 t:8.7s
tttg: c117/126 lr:0.000013 t:8.8s
tttg: c118/126 lr:0.000010 t:8.9s
tttg: c119/126 lr:0.000008 t:8.9s
tttg: c120/126 lr:0.000006 t:9.0s
tttg: c121/126 lr:0.000004 t:9.1s
tttg: c122/126 lr:0.000003 t:9.2s
tttg: c123/126 lr:0.000001 t:9.2s
tttg: c124/126 lr:0.000001 t:9.3s
tttg: c125/126 lr:0.000000 t:9.4s
ttpr: phase:2/3 t:296.0s
ttp: b754/782 bl:2.6790 bb:1.0512 rl:2.7624 rb:1.0860 dl:2839-2899 gd:0
ttpp: phase:3/3 pd:2000 gd:1500 t:309.5s
tttg: c1/170 lr:0.001000 t:0.1s
tttg: c2/170 lr:0.001000 t:0.1s
tttg: c3/170 lr:0.001000 t:0.2s
tttg: c4/170 lr:0.000999 t:0.3s
tttg: c5/170 lr:0.000999 t:0.4s
tttg: c6/170 lr:0.000998 t:0.4s
tttg: c7/170 lr:0.000997 t:0.5s
tttg: c8/170 lr:0.000996 t:0.6s
tttg: c9/170 lr:0.000994 t:0.7s
tttg: c10/170 lr:0.000993 t:0.8s
tttg: c11/170 lr:0.000991 t:0.8s
tttg: c12/170 lr:0.000990 t:0.9s
tttg: c13/170 lr:0.000988 t:1.0s
tttg: c14/170 lr:0.000985 t:1.0s
tttg: c15/170 lr:0.000983 t:1.1s
tttg: c16/170 lr:0.000981 t:1.2s
tttg: c17/170 lr:0.000978 t:1.3s
tttg: c18/170 lr:0.000975 t:1.3s
tttg: c19/170 lr:0.000972 t:1.4s
tttg: c20/170 lr:0.000969 t:1.5s
tttg: c21/170 lr:0.000966 t:1.6s
tttg: c22/170 lr:0.000962 t:1.6s
tttg: c23/170 lr:0.000959 t:1.7s
tttg: c24/170 lr:0.000955 t:1.8s
tttg: c25/170 lr:0.000951 t:1.9s
tttg: c26/170 lr:0.000947 t:1.9s
tttg: c27/170 lr:0.000943 t:2.0s
tttg: c28/170 lr:0.000938 t:2.1s
tttg: c29/170 lr:0.000934 t:2.2s
tttg: c30/170 lr:0.000929 t:2.2s
tttg: c31/170 lr:0.000924 t:2.3s
tttg: c32/170 lr:0.000919 t:2.4s
tttg: c33/170 lr:0.000914 t:2.5s
tttg: c34/170 lr:0.000909 t:2.5s
tttg: c35/170 lr:0.000903 t:2.6s
tttg: c36/170 lr:0.000898 t:2.7s
tttg: c37/170 lr:0.000892 t:2.7s
tttg: c38/170 lr:0.000886 t:2.8s
tttg: c39/170 lr:0.000880 t:2.9s
tttg: c40/170 lr:0.000874 t:3.0s
tttg: c41/170 lr:0.000868 t:3.0s
tttg: c42/170 lr:0.000862 t:3.1s
tttg: c43/170 lr:0.000855 t:3.2s
tttg: c44/170 lr:0.000849 t:3.3s
tttg: c45/170 lr:0.000842 t:3.3s
tttg: c46/170 lr:0.000835 t:3.4s
tttg: c47/170 lr:0.000828 t:3.5s
tttg: c48/170 lr:0.000821 t:3.6s
tttg: c49/170 lr:0.000814 t:3.6s
tttg: c50/170 lr:0.000807 t:3.7s
tttg: c51/170 lr:0.000799 t:3.8s
tttg: c52/170 lr:0.000792 t:3.9s
tttg: c53/170 lr:0.000784 t:3.9s
tttg: c54/170 lr:0.000776 t:4.0s
tttg: c55/170 lr:0.000769 t:4.1s
tttg: c56/170 lr:0.000761 t:4.2s
tttg: c57/170 lr:0.000753 t:4.2s
tttg: c58/170 lr:0.000745 t:4.3s
tttg: c59/170 lr:0.000736 t:4.4s
tttg: c60/170 lr:0.000728 t:4.5s
tttg: c61/170 lr:0.000720 t:4.5s
tttg: c62/170 lr:0.000712 t:4.6s
tttg: c63/170 lr:0.000703 t:4.7s
tttg: c64/170 lr:0.000695 t:4.8s
tttg: c65/170 lr:0.000686 t:4.8s
tttg: c66/170 lr:0.000677 t:4.9s
tttg: c67/170 lr:0.000669 t:5.0s
tttg: c68/170 lr:0.000660 t:5.1s
tttg: c69/170 lr:0.000651 t:5.1s
tttg: c70/170 lr:0.000642 t:5.2s
tttg: c71/170 lr:0.000633 t:5.3s
tttg: c72/170 lr:0.000624 t:5.4s
tttg: c73/170 lr:0.000615 t:5.4s
tttg: c74/170 lr:0.000606 t:5.5s
tttg: c75/170 lr:0.000597 t:5.6s
tttg: c76/170 lr:0.000588 t:5.7s
tttg: c77/170 lr:0.000579 t:5.7s
tttg: c78/170 lr:0.000569 t:5.8s
tttg: c79/170 lr:0.000560 t:5.9s
tttg: c80/170 lr:0.000551 t:6.0s
tttg: c81/170 lr:0.000542 t:6.0s
tttg: c82/170 lr:0.000533 t:6.1s
tttg: c83/170 lr:0.000523 t:6.2s
tttg: c84/170 lr:0.000514 t:6.2s
tttg: c85/170 lr:0.000505 t:6.3s
tttg: c86/170 lr:0.000495 t:6.4s
tttg: c87/170 lr:0.000486 t:6.5s
tttg: c88/170 lr:0.000477 t:6.5s
tttg: c89/170 lr:0.000467 t:6.6s
tttg: c90/170 lr:0.000458 t:6.7s
tttg: c91/170 lr:0.000449 t:6.8s
tttg: c92/170 lr:0.000440 t:6.8s
tttg: c93/170 lr:0.000431 t:6.9s
tttg: c94/170 lr:0.000421 t:7.0s
tttg: c95/170 lr:0.000412 t:7.1s
tttg: c96/170 lr:0.000403 t:7.1s
tttg: c97/170 lr:0.000394 t:7.2s
tttg: c98/170 lr:0.000385 t:7.3s
tttg: c99/170 lr:0.000376 t:7.4s
tttg: c100/170 lr:0.000367 t:7.4s
tttg: c101/170 lr:0.000358 t:7.5s
tttg: c102/170 lr:0.000349 t:7.6s
tttg: c103/170 lr:0.000340 t:7.7s
tttg: c104/170 lr:0.000331 t:7.7s
tttg: c105/170 lr:0.000323 t:7.8s
tttg: c106/170 lr:0.000314 t:7.9s
tttg: c107/170 lr:0.000305 t:7.9s
tttg: c108/170 lr:0.000297 t:8.0s
tttg: c109/170 lr:0.000288 t:8.1s
tttg: c110/170 lr:0.000280 t:8.2s
tttg: c111/170 lr:0.000272 t:8.2s
tttg: c112/170 lr:0.000264 t:8.3s
tttg: c113/170 lr:0.000255 t:8.4s
tttg: c114/170 lr:0.000247 t:8.5s
tttg: c115/170 lr:0.000239 t:8.5s
tttg: c116/170 lr:0.000231 t:8.6s
tttg: c117/170 lr:0.000224 t:8.7s
tttg: c118/170 lr:0.000216 t:8.8s
tttg: c119/170 lr:0.000208 t:8.8s
tttg: c120/170 lr:0.000201 t:8.9s
tttg: c121/170 lr:0.000193 t:9.0s
tttg: c122/170 lr:0.000186 t:9.1s
tttg: c123/170 lr:0.000179 t:9.1s
tttg: c124/170 lr:0.000172 t:9.2s
tttg: c125/170 lr:0.000165 t:9.3s
tttg: c126/170 lr:0.000158 t:9.4s
tttg: c127/170 lr:0.000151 t:9.4s
tttg: c128/170 lr:0.000145 t:9.5s
tttg: c129/170 lr:0.000138 t:9.6s
tttg: c130/170 lr:0.000132 t:9.6s
tttg: c131/170 lr:0.000126 t:9.7s
tttg: c132/170 lr:0.000120 t:9.8s
tttg: c133/170 lr:0.000114 t:9.9s
tttg: c134/170 lr:0.000108 t:10.0s
tttg: c135/170 lr:0.000102 t:10.0s
tttg: c136/170 lr:0.000097 t:10.1s
tttg: c137/170 lr:0.000091 t:10.2s
tttg: c138/170 lr:0.000086 t:10.2s
tttg: c139/170 lr:0.000081 t:10.3s
tttg: c140/170 lr:0.000076 t:10.4s
tttg: c141/170 lr:0.000071 t:10.5s
tttg: c142/170 lr:0.000066 t:10.6s
tttg: c143/170 lr:0.000062 t:10.6s
tttg: c144/170 lr:0.000057 t:10.7s
tttg: c145/170 lr:0.000053 t:10.8s
tttg: c146/170 lr:0.000049 t:10.8s
tttg: c147/170 lr:0.000045 t:10.9s
tttg: c148/170 lr:0.000041 t:11.0s
tttg: c149/170 lr:0.000038 t:11.1s
tttg: c150/170 lr:0.000034 t:11.1s
tttg: c151/170 lr:0.000031 t:11.2s
tttg: c152/170 lr:0.000028 t:11.3s
tttg: c153/170 lr:0.000025 t:11.4s
tttg: c154/170 lr:0.000022 t:11.4s
tttg: c155/170 lr:0.000019 t:11.5s
tttg: c156/170 lr:0.000017 t:11.6s
tttg: c157/170 lr:0.000015 t:11.7s
tttg: c158/170 lr:0.000012 t:11.7s
tttg: c159/170 lr:0.000010 t:11.8s
tttg: c160/170 lr:0.000009 t:11.9s
tttg: c161/170 lr:0.000007 t:12.0s
tttg: c162/170 lr:0.000006 t:12.0s
tttg: c163/170 lr:0.000004 t:12.1s
tttg: c164/170 lr:0.000003 t:12.2s
tttg: c165/170 lr:0.000002 t:12.3s
tttg: c166/170 lr:0.000001 t:12.3s
tttg: c167/170 lr:0.000001 t:12.4s
tttg: c168/170 lr:0.000000 t:12.5s
tttg: c169/170 lr:0.000000 t:12.6s
ttpr: phase:3/3 t:324.9s
ttp: b743/782 bl:2.7019 bb:1.0402 rl:2.7559 rb:1.0810 dl:2355-2388 gd:1
ttp: b742/782 bl:2.7752 bb:1.0630 rl:2.7578 rb:1.0792 dl:2319-2353 gd:1
ttp: b732/782 bl:2.8071 bb:1.0925 rl:2.7616 rb:1.0802 dl:2041-2062 gd:1
ttp: b725/782 bl:2.7467 bb:1.0647 rl:2.7606 rb:1.0792 dl:1900-1915 gd:1
ttp: b711/782 bl:2.7607 bb:1.0396 rl:2.7606 rb:1.0769 dl:1673-1683 gd:1
ttp: b704/782 bl:2.7302 bb:1.0182 rl:2.7591 rb:1.0738 dl:1595-1606 gd:1
ttp: b695/782 bl:2.7705 bb:1.0741 rl:2.7596 rb:1.0738 dl:1504-1513 gd:1
ttp: b689/782 bl:2.7664 bb:1.0584 rl:2.7599 rb:1.0731 dl:1450-1458 gd:1
ttp: b681/782 bl:2.8013 bb:1.0636 rl:2.7615 rb:1.0728 dl:1383-1393 gd:1
ttp: b673/782 bl:2.7971 bb:1.0504 rl:2.7627 rb:1.0719 dl:1327-1334 gd:1
ttp: b664/782 bl:2.6846 bb:1.0350 rl:2.7602 rb:1.0707 dl:1270-1275 gd:1
ttp: b656/782 bl:2.7353 bb:1.0326 rl:2.7594 rb:1.0695 dl:1220-1227 gd:1
ttp: b648/782 bl:2.7372 bb:1.0376 rl:2.7588 rb:1.0686 dl:1177-1182 gd:1
ttp: b640/782 bl:2.7706 bb:1.0783 rl:2.7591 rb:1.0688 dl:1134-1140 gd:1
ttp: b632/782 bl:2.7259 bb:1.0239 rl:2.7582 rb:1.0676 dl:1096-1101 gd:1
ttp: b624/782 bl:2.7746 bb:1.0676 rl:2.7586 rb:1.0676 dl:1060-1064 gd:1
ttp: b616/782 bl:2.8337 bb:1.0806 rl:2.7603 rb:1.0679 dl:1024-1027 gd:1
ttp: b608/782 bl:2.7185 bb:1.0260 rl:2.7594 rb:1.0670 dl:990-994 gd:1
ttp: b600/782 bl:2.7760 bb:1.0538 rl:2.7598 rb:1.0667 dl:958-963 gd:1
ttp: b594/782 bl:2.8890 bb:1.0972 rl:2.7623 rb:1.0673 dl:937-940 gd:1
ttp: b584/782 bl:2.7459 bb:1.0317 rl:2.7620 rb:1.0667 dl:904-907 gd:1
ttp: b576/782 bl:2.7684 bb:1.0426 rl:2.7621 rb:1.0662 dl:877-880 gd:1
ttp: b569/782 bl:2.7493 bb:1.0504 rl:2.7619 rb:1.0660 dl:855-858 gd:1
ttp: b565/782 bl:2.7572 bb:1.0565 rl:2.7618 rb:1.0658 dl:843-846 gd:1
ttp: b557/782 bl:2.7811 bb:1.0370 rl:2.7621 rb:1.0653 dl:818-821 gd:1
ttp: b549/782 bl:2.7449 bb:1.0561 rl:2.7618 rb:1.0652 dl:795-798 gd:1
ttp: b539/782 bl:2.7129 bb:1.0387 rl:2.7611 rb:1.0648 dl:769-771 gd:1
ttp: b531/782 bl:2.7567 bb:1.0456 rl:2.7611 rb:1.0646 dl:750-752 gd:1
ttp: b524/782 bl:2.8016 bb:1.0470 rl:2.7616 rb:1.0643 dl:732-735 gd:1
ttp: b516/782 bl:2.8482 bb:1.0723 rl:2.7627 rb:1.0644 dl:713-715 gd:1
ttp: b509/782 bl:2.7367 bb:1.0650 rl:2.7624 rb:1.0644 dl:695-698 gd:1
ttp: b499/782 bl:2.7683 bb:1.0447 rl:2.7625 rb:1.0642 dl:673-675 gd:1
ttp: b492/782 bl:2.7894 bb:1.0490 rl:2.7628 rb:1.0640 dl:657-659 gd:1
ttp: b483/782 bl:2.7308 bb:1.0443 rl:2.7624 rb:1.0638 dl:639-641 gd:1
ttp: b475/782 bl:2.7145 bb:1.0177 rl:2.7619 rb:1.0633 dl:622-623 gd:1
ttp: b467/782 bl:2.7775 bb:1.0493 rl:2.7621 rb:1.0632 dl:606-608 gd:1
ttp: b461/782 bl:2.7593 bb:1.0523 rl:2.7621 rb:1.0631 dl:595-597 gd:1
ttp: b453/782 bl:2.7493 bb:1.0550 rl:2.7619 rb:1.0630 dl:580-582 gd:1
ttp: b444/782 bl:2.6589 bb:1.0074 rl:2.7610 rb:1.0625 dl:564-566 gd:1
ttp: b435/782 bl:2.7161 bb:1.0458 rl:2.7606 rb:1.0623 dl:547-549 gd:1
ttp: b427/782 bl:2.7415 bb:1.0592 rl:2.7604 rb:1.0623 dl:533-535 gd:1
ttp: b421/782 bl:2.7756 bb:1.0470 rl:2.7606 rb:1.0622 dl:523-524 gd:1
ttp: b413/782 bl:2.6302 bb:0.9917 rl:2.7595 rb:1.0616 dl:510-511 gd:1
ttp: b405/782 bl:2.8150 bb:1.0640 rl:2.7600 rb:1.0616 dl:497-498 gd:1
ttp: b397/782 bl:2.8773 bb:1.0931 rl:2.7608 rb:1.0618 dl:484-486 gd:1
ttp: b389/782 bl:2.7711 bb:1.0555 rl:2.7609 rb:1.0618 dl:471-473 gd:1
ttp: b380/782 bl:2.8268 bb:1.0704 rl:2.7614 rb:1.0619 dl:459-460 gd:1
ttp: b372/782 bl:2.8168 bb:1.0619 rl:2.7617 rb:1.0619 dl:447-449 gd:1
ttp: b364/782 bl:2.7198 bb:1.0609 rl:2.7615 rb:1.0619 dl:436-437 gd:1
ttp: b356/782 bl:2.6812 bb:1.0418 rl:2.7610 rb:1.0617 dl:424-426 gd:1
ttp: b349/782 bl:2.9025 bb:1.1029 rl:2.7618 rb:1.0620 dl:415-417 gd:1
ttp: b342/782 bl:2.8482 bb:1.0958 rl:2.7623 rb:1.0622 dl:406-407 gd:1
ttp: b335/782 bl:2.7093 bb:1.0859 rl:2.7620 rb:1.0623 dl:396-398 gd:1
ttp: b326/782 bl:2.8414 bb:1.1230 rl:2.7625 rb:1.0626 dl:385-387 gd:1
ttp: b318/782 bl:2.8075 bb:1.0649 rl:2.7627 rb:1.0627 dl:374-376 gd:1
ttp: b310/782 bl:2.7744 bb:1.0748 rl:2.7628 rb:1.0627 dl:364-365 gd:1
ttp: b302/782 bl:2.8135 bb:1.0912 rl:2.7630 rb:1.0629 dl:354-355 gd:1
ttp: b293/782 bl:2.7475 bb:1.0614 rl:2.7630 rb:1.0629 dl:343-345 gd:1
ttp: b286/782 bl:2.8713 bb:1.0907 rl:2.7635 rb:1.0630 dl:335-336 gd:1
ttp: b278/782 bl:2.8763 bb:1.1341 rl:2.7640 rb:1.0633 dl:326-327 gd:1
ttp: b270/782 bl:2.7667 bb:1.0858 rl:2.7640 rb:1.0634 dl:318-319 gd:1
ttp: b262/782 bl:2.8447 bb:1.1108 rl:2.7644 rb:1.0636 dl:309-310 gd:1
ttp: b254/782 bl:2.8871 bb:1.1372 rl:2.7649 rb:1.0639 dl:299-300 gd:1
ttp: b246/782 bl:2.8778 bb:1.1272 rl:2.7653 rb:1.0642 dl:291-292 gd:1
ttp: b238/782 bl:2.8816 bb:1.1431 rl:2.7658 rb:1.0645 dl:283-284 gd:1
ttp: b230/782 bl:2.9030 bb:1.1109 rl:2.7663 rb:1.0646 dl:275-276 gd:1
ttp: b222/782 bl:2.8493 bb:1.1070 rl:2.7666 rb:1.0648 dl:267-268 gd:1
ttp: b215/782 bl:2.8370 bb:1.1384 rl:2.7669 rb:1.0650 dl:260-261 gd:1
ttp: b189/782 bl:2.9430 bb:1.1944 rl:2.7674 rb:1.0654 dl:237-237 gd:1
ttp: b181/782 bl:2.8611 bb:1.1497 rl:2.7677 rb:1.0657 dl:230-230 gd:1
ttp: b172/782 bl:2.9864 bb:1.1745 rl:2.7684 rb:1.0660 dl:222-223 gd:1
ttp: b164/782 bl:2.9624 bb:1.1456 rl:2.7689 rb:1.0662 dl:215-216 gd:1
ttp: b156/782 bl:2.8820 bb:1.1051 rl:2.7692 rb:1.0663 dl:208-209 gd:1
ttp: b148/782 bl:2.9601 bb:1.1505 rl:2.7698 rb:1.0666 dl:202-203 gd:1
ttp: b140/782 bl:2.9446 bb:1.1627 rl:2.7702 rb:1.0668 dl:195-196 gd:1
ttp: b131/782 bl:3.0339 bb:1.2059 rl:2.7709 rb:1.0672 dl:188-189 gd:1
ttp: b124/782 bl:2.8568 bb:1.1428 rl:2.7711 rb:1.0673 dl:183-184 gd:1
ttp: b117/782 bl:2.8398 bb:1.1382 rl:2.7712 rb:1.0675 dl:178-178 gd:1
ttp: b108/782 bl:2.8582 bb:1.0977 rl:2.7714 rb:1.0676 dl:171-172 gd:1
ttp: b101/782 bl:2.9465 bb:1.1565 rl:2.7718 rb:1.0678 dl:166-167 gd:1
ttp: b94/782 bl:2.9741 bb:1.1729 rl:2.7723 rb:1.0680 dl:160-161 gd:1
ttp: b86/782 bl:3.0152 bb:1.2549 rl:2.7728 rb:1.0683 dl:154-155 gd:1
ttp: b78/782 bl:2.8904 bb:1.1214 rl:2.7730 rb:1.0684 dl:148-149 gd:1
ttp: b70/782 bl:3.0597 bb:1.1627 rl:2.7735 rb:1.0686 dl:142-143 gd:1
ttp: b62/782 bl:2.9715 bb:1.2020 rl:2.7739 rb:1.0688 dl:136-137 gd:1
ttp: b54/782 bl:3.0787 bb:1.2606 rl:2.7744 rb:1.0691 dl:130-130 gd:1
ttp: b45/782 bl:3.0702 bb:1.2283 rl:2.7749 rb:1.0694 dl:122-123 gd:1
ttp: b37/782 bl:3.0629 bb:1.2025 rl:2.7753 rb:1.0696 dl:116-117 gd:1
ttp: b30/782 bl:3.1110 bb:1.2462 rl:2.7758 rb:1.0698 dl:110-111 gd:1
ttp: b22/782 bl:3.1504 bb:1.2281 rl:2.7763 rb:1.0700 dl:103-104 gd:1
ttp: b14/782 bl:3.1115 bb:1.2237 rl:2.7767 rb:1.0702 dl:94-95 gd:1
ttp: b6/782 bl:3.2701 bb:1.2758 rl:2.7772 rb:1.0704 dl:82-84 gd:1
quantized_ttt_phased val_loss:2.75973212 val_bpb:1.06837831 eval_time:452806ms
total_eval_time:452.8s
=== [Wed Apr 29 22:52:51 UTC 2026] Finished chunk36_s42 seed=42 ===
